Copyright 1986-2022 Xilinx, Inc. All Rights Reserved. Copyright 2022-2023 Advanced Micro Devices, Inc. All Rights Reserved.
---------------------------------------------------------------------------------------------------------------------------------------------
| Tool Version : Vivado v.2023.2 (lin64) Build 4029153 Fri Oct 13 20:13:54 MDT 2023
| Date         : Sat May  4 12:20:28 2024
| Host         : kd-laptop running 64-bit Ubuntu 22.04.4 LTS
| Command      : report_timing_summary -file ./report/Filter2d_accel_timing_synth.rpt
| Design       : bd_0_wrapper
| Device       : 7z020-clg484
| Speed File   : -2  PRODUCTION 1.12 2019-11-22
| Design State : Synthesized
---------------------------------------------------------------------------------------------------------------------------------------------

Timing Summary Report

------------------------------------------------------------------------------------------------
| Timer Settings
| --------------
------------------------------------------------------------------------------------------------

  Enable Multi Corner Analysis               :  Yes
  Enable Pessimism Removal                   :  Yes
  Pessimism Removal Resolution               :  Nearest Common Node
  Enable Input Delay Default Clock           :  No
  Enable Preset / Clear Arcs                 :  No
  Disable Flight Delays                      :  No
  Ignore I/O Paths                           :  No
  Timing Early Launch at Borrowing Latches   :  No
  Borrow Time for Max Delay Exceptions       :  Yes
  Merge Timing Exceptions                    :  Yes
  Inter-SLR Compensation                     :  Conservative

  Corner  Analyze    Analyze    
  Name    Max Paths  Min Paths  
  ------  ---------  ---------  
  Slow    Yes        Yes        
  Fast    Yes        Yes        


------------------------------------------------------------------------------------------------
| Report Methodology
| ------------------
------------------------------------------------------------------------------------------------

No report available as report_methodology has not been run prior. Run report_methodology on the current design for the summary of methodology violations.



check_timing report

Table of Contents
-----------------
1. checking no_clock (0)
2. checking constant_clock (0)
3. checking pulse_width_clock (0)
4. checking unconstrained_internal_endpoints (0)
5. checking no_input_delay (221)
6. checking no_output_delay (494)
7. checking multiple_clock (0)
8. checking generated_clocks (0)
9. checking loops (0)
10. checking partial_input_delay (0)
11. checking partial_output_delay (0)
12. checking latch_loops (0)

1. checking no_clock (0)
------------------------
 There are 0 register/latch pins with no clock.


2. checking constant_clock (0)
------------------------------
 There are 0 register/latch pins with constant_clock.


3. checking pulse_width_clock (0)
---------------------------------
 There are 0 register/latch pins which need pulse_width check


4. checking unconstrained_internal_endpoints (0)
------------------------------------------------
 There are 0 pins that are not constrained for maximum delay.

 There are 0 pins that are not constrained for maximum delay due to constant clock.


5. checking no_input_delay (221)
--------------------------------
 There are 221 input ports with no input delay specified. (HIGH)

 There are 0 input ports with no input delay but user has a false path constraint.


6. checking no_output_delay (494)
---------------------------------
 There are 494 ports with no output delay specified. (HIGH)

 There are 0 ports with no output delay but user has a false path constraint

 There are 0 ports with no output delay but with a timing clock defined on it or propagating through it


7. checking multiple_clock (0)
------------------------------
 There are 0 register/latch pins with multiple clocks.


8. checking generated_clocks (0)
--------------------------------
 There are 0 generated clocks that are not connected to a clock source.


9. checking loops (0)
---------------------
 There are 0 combinational loops in the design.


10. checking partial_input_delay (0)
------------------------------------
 There are 0 input ports with partial input delay specified.


11. checking partial_output_delay (0)
-------------------------------------
 There are 0 ports with partial output delay specified.


12. checking latch_loops (0)
----------------------------
 There are 0 combinational latch loops in the design through latch input



------------------------------------------------------------------------------------------------
| Design Timing Summary
| ---------------------
------------------------------------------------------------------------------------------------

    WNS(ns)      TNS(ns)  TNS Failing Endpoints  TNS Total Endpoints      WHS(ns)      THS(ns)  THS Failing Endpoints  THS Total Endpoints     WPWS(ns)     TPWS(ns)  TPWS Failing Endpoints  TPWS Total Endpoints  
    -------      -------  ---------------------  -------------------      -------      -------  ---------------------  -------------------     --------     --------  ----------------------  --------------------  
     -2.394    -1580.240                   2665                21586        0.199        0.000                      0                21586        0.028        0.000                       0                 10258  


Timing constraints are not met.


------------------------------------------------------------------------------------------------
| Clock Summary
| -------------
------------------------------------------------------------------------------------------------

Clock   Waveform(ns)         Period(ns)      Frequency(MHz)
-----   ------------         ----------      --------------
ap_clk  {0.000 1.650}        3.300           303.030         


------------------------------------------------------------------------------------------------
| Intra Clock Table
| -----------------
------------------------------------------------------------------------------------------------

Clock             WNS(ns)      TNS(ns)  TNS Failing Endpoints  TNS Total Endpoints      WHS(ns)      THS(ns)  THS Failing Endpoints  THS Total Endpoints     WPWS(ns)     TPWS(ns)  TPWS Failing Endpoints  TPWS Total Endpoints  
-----             -------      -------  ---------------------  -------------------      -------      -------  ---------------------  -------------------     --------     --------  ----------------------  --------------------  
ap_clk             -2.394    -1580.240                   2665                21586        0.199        0.000                      0                21586        0.028        0.000                       0                 10258  


------------------------------------------------------------------------------------------------
| Inter Clock Table
| -----------------
------------------------------------------------------------------------------------------------

From Clock    To Clock          WNS(ns)      TNS(ns)  TNS Failing Endpoints  TNS Total Endpoints      WHS(ns)      THS(ns)  THS Failing Endpoints  THS Total Endpoints  
----------    --------          -------      -------  ---------------------  -------------------      -------      -------  ---------------------  -------------------  


------------------------------------------------------------------------------------------------
| Other Path Groups Table
| -----------------------
------------------------------------------------------------------------------------------------

Path Group    From Clock    To Clock          WNS(ns)      TNS(ns)  TNS Failing Endpoints  TNS Total Endpoints      WHS(ns)      THS(ns)  THS Failing Endpoints  THS Total Endpoints  
----------    ----------    --------          -------      -------  ---------------------  -------------------      -------      -------  ---------------------  -------------------  


------------------------------------------------------------------------------------------------
| Timing Details
| --------------
------------------------------------------------------------------------------------------------


---------------------------------------------------------------------------------------------------
From Clock:  ap_clk
  To Clock:  ap_clk

Setup :         2665  Failing Endpoints,  Worst Slack       -2.394ns,  Total Violation    -1580.240ns
Hold  :            0  Failing Endpoints,  Worst Slack        0.199ns,  Total Violation        0.000ns
PW    :            0  Failing Endpoints,  Worst Slack        0.028ns,  Total Violation        0.000ns
---------------------------------------------------------------------------------------------------


Max Delay Paths
--------------------------------------------------------------------------------------
Slack (VIOLATED) :        -2.394ns  (required time - arrival time)
  Source:                 bd_0_i/hls_inst/inst/gmem3_m_axi_U/store_unit/bus_wide_gen.len_cnt_reg[28]/C
                            (rising edge-triggered cell FDRE clocked by ap_clk  {rise@0.000ns fall@1.650ns period=3.300ns})
  Destination:            bd_0_i/hls_inst/inst/gmem3_m_axi_U/store_unit/bus_wide_gen.len_cnt_reg[0]/R
                            (rising edge-triggered cell FDRE clocked by ap_clk  {rise@0.000ns fall@1.650ns period=3.300ns})
  Path Group:             ap_clk
  Path Type:              Setup (Max at Slow Process Corner)
  Requirement:            3.300ns  (ap_clk rise@3.300ns - ap_clk rise@0.000ns)
  Data Path Delay:        5.196ns  (logic 1.295ns (24.923%)  route 3.901ns (75.077%))
  Logic Levels:           7  (LUT4=1 LUT5=2 LUT6=4)
  Clock Path Skew:        -0.039ns (DCD - SCD + CPR)
    Destination Clock Delay (DCD):    0.748ns = ( 4.048 - 3.300 ) 
    Source Clock Delay      (SCD):    0.787ns
    Clock Pessimism Removal (CPR):    0.000ns
  Clock Uncertainty:      0.035ns  ((TSJ^2 + TIJ^2)^1/2 + DJ) / 2 + PE
    Total System Jitter     (TSJ):    0.071ns
    Total Input Jitter      (TIJ):    0.000ns
    Discrete Jitter          (DJ):    0.000ns
    Phase Error              (PE):    0.000ns

    Location             Delay type                Incr(ns)  Path(ns)    Netlist Resource(s)
  -------------------------------------------------------------------    -------------------
                         (clock ap_clk rise edge)     0.000     0.000 r  
                                                      0.000     0.000 r  ap_clk (IN)
                         net (fo=10257, unset)        0.787     0.787    bd_0_i/hls_inst/inst/gmem3_m_axi_U/store_unit/ap_clk
                         FDRE                                         r  bd_0_i/hls_inst/inst/gmem3_m_axi_U/store_unit/bus_wide_gen.len_cnt_reg[28]/C
  -------------------------------------------------------------------    -------------------
                         FDRE (Prop_fdre_C_Q)         0.433     1.220 r  bd_0_i/hls_inst/inst/gmem3_m_axi_U/store_unit/bus_wide_gen.len_cnt_reg[28]/Q
                         net (fo=3, unplaced)         0.797     2.017    bd_0_i/hls_inst/inst/gmem3_m_axi_U/store_unit/bus_wide_gen.wreq_offset/U_fifo_srl/bus_wide_gen.len_cnt_reg[28]
                         LUT6 (Prop_lut6_I0_O)        0.232     2.249 r  bd_0_i/hls_inst/inst/gmem3_m_axi_U/store_unit/bus_wide_gen.wreq_offset/U_fifo_srl/bus_wide_gen.pad_oh_reg[3]_i_9__0/O
                         net (fo=1, unplaced)         0.347     2.596    bd_0_i/hls_inst/inst/gmem3_m_axi_U/store_unit/bus_wide_gen.wreq_offset/U_fifo_srl/bus_wide_gen.pad_oh_reg[3]_i_9__0_n_3
                         LUT6 (Prop_lut6_I5_O)        0.105     2.701 r  bd_0_i/hls_inst/inst/gmem3_m_axi_U/store_unit/bus_wide_gen.wreq_offset/U_fifo_srl/bus_wide_gen.pad_oh_reg[3]_i_6__0/O
                         net (fo=1, unplaced)         0.347     3.048    bd_0_i/hls_inst/inst/gmem3_m_axi_U/store_unit/bus_wide_gen.wreq_offset/U_fifo_srl/bus_wide_gen.pad_oh_reg[3]_i_6__0_n_3
                         LUT6 (Prop_lut6_I5_O)        0.105     3.153 f  bd_0_i/hls_inst/inst/gmem3_m_axi_U/store_unit/bus_wide_gen.wreq_offset/U_fifo_srl/bus_wide_gen.pad_oh_reg[3]_i_3__0/O
                         net (fo=15, unplaced)        0.400     3.553    bd_0_i/hls_inst/inst/gmem3_m_axi_U/store_unit/bus_wide_gen.wreq_offset/U_fifo_srl/p_56_in
                         LUT4 (Prop_lut4_I2_O)        0.105     3.658 r  bd_0_i/hls_inst/inst/gmem3_m_axi_U/store_unit/bus_wide_gen.wreq_offset/U_fifo_srl/dout[33]_i_7/O
                         net (fo=2, unplaced)         0.593     4.251    bd_0_i/hls_inst/inst/gmem3_m_axi_U/store_unit/bus_wide_gen.wreq_offset/U_fifo_srl/dout[33]_i_7_n_3
                         LUT5 (Prop_lut5_I0_O)        0.105     4.356 r  bd_0_i/hls_inst/inst/gmem3_m_axi_U/store_unit/bus_wide_gen.wreq_offset/U_fifo_srl/bus_wide_gen.len_cnt[0]_i_6__0/O
                         net (fo=1, unplaced)         0.328     4.684    bd_0_i/hls_inst/inst/gmem3_m_axi_U/store_unit/bus_wide_gen.wreq_offset/U_fifo_srl/bus_wide_gen.len_cnt[0]_i_6__0_n_3
                         LUT6 (Prop_lut6_I0_O)        0.105     4.789 r  bd_0_i/hls_inst/inst/gmem3_m_axi_U/store_unit/bus_wide_gen.wreq_offset/U_fifo_srl/bus_wide_gen.len_cnt[0]_i_4__0/O
                         net (fo=5, unplaced)         0.375     5.164    bd_0_i/hls_inst/inst/gmem3_m_axi_U/store_unit/bus_wide_gen.wreq_offset/U_fifo_srl/dout_reg[31]_0
                         LUT5 (Prop_lut5_I1_O)        0.105     5.269 r  bd_0_i/hls_inst/inst/gmem3_m_axi_U/store_unit/bus_wide_gen.wreq_offset/U_fifo_srl/bus_wide_gen.len_cnt[0]_i_1__0/O
                         net (fo=30, unplaced)        0.714     5.983    bd_0_i/hls_inst/inst/gmem3_m_axi_U/store_unit/bus_wide_gen.wreq_offset_n_29
                         FDRE                                         r  bd_0_i/hls_inst/inst/gmem3_m_axi_U/store_unit/bus_wide_gen.len_cnt_reg[0]/R
  -------------------------------------------------------------------    -------------------

                         (clock ap_clk rise edge)     3.300     3.300 r  
                                                      0.000     3.300 r  ap_clk (IN)
                         net (fo=10257, unset)        0.748     4.048    bd_0_i/hls_inst/inst/gmem3_m_axi_U/store_unit/ap_clk
                         FDRE                                         r  bd_0_i/hls_inst/inst/gmem3_m_axi_U/store_unit/bus_wide_gen.len_cnt_reg[0]/C
                         clock pessimism              0.000     4.048    
                         clock uncertainty           -0.035     4.012    
                         FDRE (Setup_fdre_C_R)       -0.423     3.589    bd_0_i/hls_inst/inst/gmem3_m_axi_U/store_unit/bus_wide_gen.len_cnt_reg[0]
  -------------------------------------------------------------------
                         required time                          3.589    
                         arrival time                          -5.983    
  -------------------------------------------------------------------
                         slack                                 -2.394    





Min Delay Paths
--------------------------------------------------------------------------------------
Slack (MET) :             0.199ns  (arrival time - required time)
  Source:                 bd_0_i/hls_inst/inst/gmem3_m_axi_U/store_unit/fifo_wreq/U_fifo_srl/dout_reg[76]/C
                            (rising edge-triggered cell FDRE clocked by ap_clk  {rise@0.000ns fall@1.650ns period=3.300ns})
  Destination:            bd_0_i/hls_inst/inst/gmem3_m_axi_U/store_unit/fifo_wrsp/U_fifo_srl/mem_reg[14][0]_srl15/D
                            (rising edge-triggered cell SRL16E clocked by ap_clk  {rise@0.000ns fall@1.650ns period=3.300ns})
  Path Group:             ap_clk
  Path Type:              Hold (Min at Fast Process Corner)
  Requirement:            0.000ns  (ap_clk rise@0.000ns - ap_clk rise@0.000ns)
  Data Path Delay:        0.284ns  (logic 0.148ns (52.135%)  route 0.136ns (47.865%))
  Logic Levels:           0  
  Clock Path Skew:        0.021ns (DCD - SCD - CPR)
    Destination Clock Delay (DCD):    0.411ns
    Source Clock Delay      (SCD):    0.390ns
    Clock Pessimism Removal (CPR):    -0.000ns

    Location             Delay type                Incr(ns)  Path(ns)    Netlist Resource(s)
  -------------------------------------------------------------------    -------------------
                         (clock ap_clk rise edge)     0.000     0.000 r  
                                                      0.000     0.000 r  ap_clk (IN)
                         net (fo=10257, unset)        0.390     0.390    bd_0_i/hls_inst/inst/gmem3_m_axi_U/store_unit/fifo_wreq/U_fifo_srl/ap_clk
                         FDRE                                         r  bd_0_i/hls_inst/inst/gmem3_m_axi_U/store_unit/fifo_wreq/U_fifo_srl/dout_reg[76]/C
  -------------------------------------------------------------------    -------------------
                         FDRE (Prop_fdre_C_Q)         0.148     0.538 r  bd_0_i/hls_inst/inst/gmem3_m_axi_U/store_unit/fifo_wreq/U_fifo_srl/dout_reg[76]/Q
                         net (fo=3, unplaced)         0.136     0.674    bd_0_i/hls_inst/inst/gmem3_m_axi_U/store_unit/fifo_wrsp/U_fifo_srl/dout_reg[0]_1[0]
                         SRL16E                                       r  bd_0_i/hls_inst/inst/gmem3_m_axi_U/store_unit/fifo_wrsp/U_fifo_srl/mem_reg[14][0]_srl15/D
  -------------------------------------------------------------------    -------------------

                         (clock ap_clk rise edge)     0.000     0.000 r  
                                                      0.000     0.000 r  ap_clk (IN)
                         net (fo=10257, unset)        0.411     0.411    bd_0_i/hls_inst/inst/gmem3_m_axi_U/store_unit/fifo_wrsp/U_fifo_srl/ap_clk
                         SRL16E                                       r  bd_0_i/hls_inst/inst/gmem3_m_axi_U/store_unit/fifo_wrsp/U_fifo_srl/mem_reg[14][0]_srl15/CLK
                         clock pessimism              0.000     0.411    
                         SRL16E (Hold_srl16e_CLK_D)
                                                      0.064     0.475    bd_0_i/hls_inst/inst/gmem3_m_axi_U/store_unit/fifo_wrsp/U_fifo_srl/mem_reg[14][0]_srl15
  -------------------------------------------------------------------
                         required time                         -0.475    
                         arrival time                           0.674    
  -------------------------------------------------------------------
                         slack                                  0.199    





Pulse Width Checks
--------------------------------------------------------------------------------------
Clock Name:         ap_clk
Waveform(ns):       { 0.000 1.650 }
Period(ns):         3.300
Sources:            { ap_clk }

Check Type        Corner  Lib Pin      Reference Pin  Required(ns)  Actual(ns)  Slack(ns)  Location  Pin
Min Period        n/a     DSP48E1/CLK  n/a            3.272         3.300       0.028                bd_0_i/hls_inst/inst/Array2xfMat_8_0_128_128_1_2_U0/grp_Axi2Mat_fu_84/AxiStream2Mat_U0/AxiStream2MatStream_2_U0/mul_32s_32s_32_5_1_U39/buff0_reg/CLK
Low Pulse Width   Slow    SRL16E/CLK   n/a            0.854         1.650       0.796                bd_0_i/hls_inst/inst/fifo_burst/U_fifo_srl/mem_reg[14][0]_srl15/CLK
High Pulse Width  Slow    SRL16E/CLK   n/a            0.854         1.650       0.796                bd_0_i/hls_inst/inst/fifo_burst/U_fifo_srl/mem_reg[14][0]_srl15/CLK



