Copyright 1986-2022 Xilinx, Inc. All Rights Reserved. Copyright 2022-2023 Advanced Micro Devices, Inc. All Rights Reserved.
---------------------------------------------------------------------------------------------------------------------------------------------
| Tool Version : Vivado v.2023.2 (lin64) Build 4029153 Fri Oct 13 20:13:54 MDT 2023
| Date         : Sat May  4 12:20:17 2024
| Host         : kd-laptop running 64-bit Ubuntu 22.04.4 LTS
| Command      : report_utilization -hierarchical -hierarchical_depth 10 -file ./report/Filter2d_accel_utilization_hierarchical_synth.rpt
| Design       : bd_0_wrapper
| Device       : xc7z020clg484-2
| Speed File   : -2
| Design State : Synthesized
---------------------------------------------------------------------------------------------------------------------------------------------

Utilization Design Information

Table of Contents
-----------------
1. Utilization by Hierarchy

1. Utilization by Hierarchy
---------------------------

+----------------------------------------------------------------------------------------+------------------------------------------------------------------------------------------+------------+------------+---------+------+------+--------+--------+------------+
|                                        Instance                                        |                                          Module                                          | Total LUTs | Logic LUTs | LUTRAMs | SRLs |  FFs | RAMB36 | RAMB18 | DSP Blocks |
+----------------------------------------------------------------------------------------+------------------------------------------------------------------------------------------+------------+------------+---------+------+------+--------+--------+------------+
| bd_0_wrapper                                                                           |                                                                                    (top) |       6798 |       5678 |       0 | 1120 | 9107 |      0 |      8 |         15 |
|   bd_0_i                                                                               |                                                                                     bd_0 |       6798 |       5678 |       0 | 1120 | 9107 |      0 |      8 |         15 |
|     hls_inst                                                                           |                                                                          bd_0_hls_inst_0 |       6798 |       5678 |       0 | 1120 | 9107 |      0 |      8 |         15 |
|       (hls_inst)                                                                       |                                                                          bd_0_hls_inst_0 |          0 |          0 |       0 |    0 |    0 |      0 |      0 |          0 |
|       inst                                                                             |                                                           bd_0_hls_inst_0_Filter2d_accel |       6798 |       5678 |       0 | 1120 | 9107 |      0 |      8 |         15 |
|         (inst)                                                                         |                                                           bd_0_hls_inst_0_Filter2d_accel |          3 |          0 |       0 |    3 |    9 |      0 |      0 |          0 |
|         Array2xfMat_8_0_128_128_1_2_U0                                                 |                             bd_0_hls_inst_0_Filter2d_accel_Array2xfMat_8_0_128_128_1_2_s |        668 |        603 |       0 |   65 |  921 |      0 |      0 |          4 |
|           (Array2xfMat_8_0_128_128_1_2_U0)                                             |                             bd_0_hls_inst_0_Filter2d_accel_Array2xfMat_8_0_128_128_1_2_s |         27 |         27 |       0 |    0 |    6 |      0 |      0 |          0 |
|           grp_Axi2Mat_fu_84                                                            |                                                   bd_0_hls_inst_0_Filter2d_accel_Axi2Mat |        641 |        576 |       0 |   65 |  915 |      0 |      0 |          4 |
|             Axi2AxiStream_U0                                                           |                                             bd_0_hls_inst_0_Filter2d_accel_Axi2AxiStream |         62 |         62 |       0 |    0 |   43 |      0 |      0 |          1 |
|               (Axi2AxiStream_U0)                                                       |                                             bd_0_hls_inst_0_Filter2d_accel_Axi2AxiStream |         23 |         23 |       0 |    0 |   15 |      0 |      0 |          1 |
|               grp_Axi2AxiStream_Pipeline_VITIS_LOOP_1021_1_fu_108                      |                  bd_0_hls_inst_0_Filter2d_accel_Axi2AxiStream_Pipeline_VITIS_LOOP_1021_1 |         39 |         39 |       0 |    0 |   28 |      0 |      0 |          0 |
|                 (grp_Axi2AxiStream_Pipeline_VITIS_LOOP_1021_1_fu_108)                  |                  bd_0_hls_inst_0_Filter2d_accel_Axi2AxiStream_Pipeline_VITIS_LOOP_1021_1 |          2 |          2 |       0 |    0 |   26 |      0 |      0 |          0 |
|                 flow_control_loop_pipe_sequential_init_U                               |                 bd_0_hls_inst_0_Filter2d_accel_flow_control_loop_pipe_sequential_init_47 |         37 |         37 |       0 |    0 |    2 |      0 |      0 |          0 |
|             AxiStream2Mat_U0                                                           |                                             bd_0_hls_inst_0_Filter2d_accel_AxiStream2Mat |        497 |        432 |       0 |   65 |  709 |      0 |      0 |          3 |
|               (AxiStream2Mat_U0)                                                       |                                             bd_0_hls_inst_0_Filter2d_accel_AxiStream2Mat |          0 |          0 |       0 |    0 |    2 |      0 |      0 |          0 |
|               AxiStream2MatStream_2_U0                                                 |                                   bd_0_hls_inst_0_Filter2d_accel_AxiStream2MatStream_2_s |        415 |        414 |       0 |    1 |  688 |      0 |      0 |          3 |
|                 (AxiStream2MatStream_2_U0)                                             |                                   bd_0_hls_inst_0_Filter2d_accel_AxiStream2MatStream_2_s |         37 |         37 |       0 |    0 |  124 |      0 |      0 |          0 |
|                 grp_AxiStream2MatStream_2_Pipeline_MMIterInLoopRow_fu_58               |            bd_0_hls_inst_0_Filter2d_accel_AxiStream2MatStream_2_Pipeline_MMIterInLoopRow |        377 |        376 |       0 |    1 |  530 |      0 |      0 |          0 |
|                   (grp_AxiStream2MatStream_2_Pipeline_MMIterInLoopRow_fu_58)           |            bd_0_hls_inst_0_Filter2d_accel_AxiStream2MatStream_2_Pipeline_MMIterInLoopRow |        325 |        324 |       0 |    1 |  498 |      0 |      0 |          0 |
|                   flow_control_loop_pipe_sequential_init_U                             |                 bd_0_hls_inst_0_Filter2d_accel_flow_control_loop_pipe_sequential_init_45 |         18 |         18 |       0 |    0 |    2 |      0 |      0 |          0 |
|                   lshr_8ns_3ns_8_2_1_U25                                               |                                        bd_0_hls_inst_0_Filter2d_accel_lshr_8ns_3ns_8_2_1 |         11 |         11 |       0 |    0 |   10 |      0 |      0 |          0 |
|                   lshr_8ns_3ns_8_2_1_U27                                               |                                     bd_0_hls_inst_0_Filter2d_accel_lshr_8ns_3ns_8_2_1_46 |         12 |         12 |       0 |    0 |   10 |      0 |      0 |          0 |
|                   shl_8ns_3ns_8_2_1_U26                                                |                                         bd_0_hls_inst_0_Filter2d_accel_shl_8ns_3ns_8_2_1 |         11 |         11 |       0 |    0 |   10 |      0 |      0 |          0 |
|                 mul_32s_32s_32_5_1_U39                                                 |                                        bd_0_hls_inst_0_Filter2d_accel_mul_32s_32s_32_5_1 |          1 |          1 |       0 |    0 |   34 |      0 |      0 |          3 |
|               cols_c_U                                                                 |                                             bd_0_hls_inst_0_Filter2d_accel_fifo_w32_d3_S |         37 |          5 |       0 |   32 |    5 |      0 |      0 |          0 |
|                 (cols_c_U)                                                             |                                             bd_0_hls_inst_0_Filter2d_accel_fifo_w32_d3_S |          3 |          3 |       0 |    0 |    5 |      0 |      0 |          0 |
|                 U_Filter2d_accel_fifo_w32_d3_S_ShiftReg                                |                                 bd_0_hls_inst_0_Filter2d_accel_fifo_w32_d3_S_ShiftReg_44 |         34 |          2 |       0 |   32 |    0 |      0 |      0 |          0 |
|               last_blk_pxl_width_U0                                                    |                                        bd_0_hls_inst_0_Filter2d_accel_last_blk_pxl_width |          2 |          2 |       0 |    0 |    2 |      0 |      0 |          0 |
|               last_blk_width_channel_U                                                 |                                              bd_0_hls_inst_0_Filter2d_accel_fifo_w4_d2_S |          4 |          4 |       0 |    0 |    7 |      0 |      0 |          0 |
|                 (last_blk_width_channel_U)                                             |                                              bd_0_hls_inst_0_Filter2d_accel_fifo_w4_d2_S |          4 |          4 |       0 |    0 |    5 |      0 |      0 |          0 |
|                 U_Filter2d_accel_fifo_w4_d2_S_ShiftReg                                 |                                     bd_0_hls_inst_0_Filter2d_accel_fifo_w4_d2_S_ShiftReg |          0 |          0 |       0 |    0 |    2 |      0 |      0 |          0 |
|               rows_c_U                                                                 |                                          bd_0_hls_inst_0_Filter2d_accel_fifo_w32_d3_S_43 |         39 |          7 |       0 |   32 |    5 |      0 |      0 |          0 |
|                 (rows_c_U)                                                             |                                          bd_0_hls_inst_0_Filter2d_accel_fifo_w32_d3_S_43 |          4 |          4 |       0 |    0 |    5 |      0 |      0 |          0 |
|                 U_Filter2d_accel_fifo_w32_d3_S_ShiftReg                                |                                    bd_0_hls_inst_0_Filter2d_accel_fifo_w32_d3_S_ShiftReg |         35 |          3 |       0 |   32 |    0 |      0 |      0 |          0 |
|             cols_c_U                                                                   |                                             bd_0_hls_inst_0_Filter2d_accel_fifo_w32_d2_S |         35 |         35 |       0 |    0 |   69 |      0 |      0 |          0 |
|               (cols_c_U)                                                               |                                             bd_0_hls_inst_0_Filter2d_accel_fifo_w32_d2_S |          3 |          3 |       0 |    0 |    5 |      0 |      0 |          0 |
|               U_Filter2d_accel_fifo_w32_d2_S_ShiftReg                                  |                                 bd_0_hls_inst_0_Filter2d_accel_fifo_w32_d2_S_ShiftReg_42 |         32 |         32 |       0 |    0 |   64 |      0 |      0 |          0 |
|             ldata_U                                                                    |                                              bd_0_hls_inst_0_Filter2d_accel_fifo_w8_d2_S |          9 |          9 |       0 |    0 |   21 |      0 |      0 |          0 |
|               (ldata_U)                                                                |                                              bd_0_hls_inst_0_Filter2d_accel_fifo_w8_d2_S |          1 |          1 |       0 |    0 |    5 |      0 |      0 |          0 |
|               U_Filter2d_accel_fifo_w8_d2_S_ShiftReg                                   |                                     bd_0_hls_inst_0_Filter2d_accel_fifo_w8_d2_S_ShiftReg |          8 |          8 |       0 |    0 |   16 |      0 |      0 |          0 |
|             rows_c_U                                                                   |                                          bd_0_hls_inst_0_Filter2d_accel_fifo_w32_d2_S_41 |         35 |         35 |       0 |    0 |   69 |      0 |      0 |          0 |
|               (rows_c_U)                                                               |                                          bd_0_hls_inst_0_Filter2d_accel_fifo_w32_d2_S_41 |          3 |          3 |       0 |    0 |    5 |      0 |      0 |          0 |
|               U_Filter2d_accel_fifo_w32_d2_S_ShiftReg                                  |                                    bd_0_hls_inst_0_Filter2d_accel_fifo_w32_d2_S_ShiftReg |         32 |         32 |       0 |    0 |   64 |      0 |      0 |          0 |
|             start_for_AxiStream2Mat_U0_U                                               |                                bd_0_hls_inst_0_Filter2d_accel_start_for_AxiStream2Mat_U0 |          3 |          3 |       0 |    0 |    4 |      0 |      0 |          0 |
|         Block_entry1_proc_U0                                                           |                                         bd_0_hls_inst_0_Filter2d_accel_Block_entry1_proc |         70 |         70 |       0 |    0 |   65 |      0 |      0 |          0 |
|         control_r_s_axi_U                                                              |                                           bd_0_hls_inst_0_Filter2d_accel_control_r_s_axi |        468 |        468 |       0 |    0 |  299 |      0 |      0 |          0 |
|         control_s_axi_U                                                                |                                             bd_0_hls_inst_0_Filter2d_accel_control_s_axi |        110 |        110 |       0 |    0 |  127 |      0 |      0 |          0 |
|         conv_out_c11_U                                                                 |                                             bd_0_hls_inst_0_Filter2d_accel_fifo_w64_d5_S |         77 |         13 |       0 |   64 |    6 |      0 |      0 |          0 |
|           (conv_out_c11_U)                                                             |                                             bd_0_hls_inst_0_Filter2d_accel_fifo_w64_d5_S |         10 |         10 |       0 |    0 |    6 |      0 |      0 |          0 |
|           U_Filter2d_accel_fifo_w64_d5_S_ShiftReg                                      |                                    bd_0_hls_inst_0_Filter2d_accel_fifo_w64_d5_S_ShiftReg |         67 |          3 |       0 |   64 |    0 |      0 |      0 |          0 |
|         conv_out_c_U                                                                   |                                             bd_0_hls_inst_0_Filter2d_accel_fifo_w64_d2_S |         70 |         70 |       0 |    0 |  125 |      0 |      0 |          0 |
|           (conv_out_c_U)                                                               |                                             bd_0_hls_inst_0_Filter2d_accel_fifo_w64_d2_S |          6 |          6 |       0 |    0 |    5 |      0 |      0 |          0 |
|           U_Filter2d_accel_fifo_w64_d2_S_ShiftReg                                      |                                    bd_0_hls_inst_0_Filter2d_accel_fifo_w64_d2_S_ShiftReg |         64 |         64 |       0 |    0 |  120 |      0 |      0 |          0 |
|         filter2D_0_3_3_0_0_128_128_1_2_2_U0                                            |                        bd_0_hls_inst_0_Filter2d_accel_filter2D_0_3_3_0_0_128_128_1_2_2_s |        654 |        539 |       0 |  115 | 1406 |      0 |      3 |          9 |
|           (filter2D_0_3_3_0_0_128_128_1_2_2_U0)                                        |                        bd_0_hls_inst_0_Filter2d_accel_filter2D_0_3_3_0_0_128_128_1_2_2_s |          7 |          7 |       0 |    0 |   46 |      0 |      0 |          0 |
|           grp_filter2D_Pipeline_VITIS_LOOP_834_1_VITIS_LOOP_835_2_fu_129               |       bd_0_hls_inst_0_Filter2d_accel_filter2D_Pipeline_VITIS_LOOP_834_1_VITIS_LOOP_835_2 |         33 |         33 |       0 |    0 |  161 |      0 |      0 |          0 |
|             (grp_filter2D_Pipeline_VITIS_LOOP_834_1_VITIS_LOOP_835_2_fu_129)           |       bd_0_hls_inst_0_Filter2d_accel_filter2D_Pipeline_VITIS_LOOP_834_1_VITIS_LOOP_835_2 |         10 |         10 |       0 |    0 |  159 |      0 |      0 |          0 |
|             flow_control_loop_pipe_sequential_init_U                                   |                 bd_0_hls_inst_0_Filter2d_accel_flow_control_loop_pipe_sequential_init_40 |         23 |         23 |       0 |    0 |    2 |      0 |      0 |          0 |
|           grp_xFFilter2Dkernel_0_0_128_128_0_0_1_2_2_1_1_128_3_3_1_s_fu_145            |    bd_0_hls_inst_0_Filter2d_accel_xFFilter2Dkernel_0_0_128_128_0_0_1_2_2_1_1_128_3_3_1_s |        614 |        499 |       0 |  115 | 1199 |      0 |      3 |          9 |
|             (grp_xFFilter2Dkernel_0_0_128_128_0_0_1_2_2_1_1_128_3_3_1_s_fu_145)        |    bd_0_hls_inst_0_Filter2d_accel_xFFilter2Dkernel_0_0_128_128_0_0_1_2_2_1_1_128_3_3_1_s |        169 |        169 |       0 |    0 |  240 |      0 |      0 |          0 |
|             grp_xFFilter2Dkernel_Pipeline_COL_LOOP_fu_196                              |                        bd_0_hls_inst_0_Filter2d_accel_xFFilter2Dkernel_Pipeline_COL_LOOP |        445 |        330 |       0 |  115 |  959 |      0 |      3 |          9 |
|               (grp_xFFilter2Dkernel_Pipeline_COL_LOOP_fu_196)                          |                        bd_0_hls_inst_0_Filter2d_accel_xFFilter2Dkernel_Pipeline_COL_LOOP |         54 |         25 |       0 |   29 |  276 |      0 |      0 |          0 |
|               flow_control_loop_pipe_sequential_init_U                                 |                 bd_0_hls_inst_0_Filter2d_accel_flow_control_loop_pipe_sequential_init_29 |         92 |         92 |       0 |    0 |    2 |      0 |      0 |          0 |
|               grp_xFApplyFilter2D_0_0_3_3_1_s_fu_377                                   |                               bd_0_hls_inst_0_Filter2d_accel_xFApplyFilter2D_0_0_3_3_1_s |        245 |        159 |       0 |   86 |  681 |      0 |      0 |          9 |
|                 (grp_xFApplyFilter2D_0_0_3_3_1_s_fu_377)                               |                               bd_0_hls_inst_0_Filter2d_accel_xFApplyFilter2D_0_0_3_3_1_s |        157 |         77 |       0 |   80 |  490 |      0 |      0 |          0 |
|                 ashr_32s_8ns_32_7_0_U83                                                |                                       bd_0_hls_inst_0_Filter2d_accel_ashr_32s_8ns_32_7_0 |         86 |         80 |       0 |    6 |  191 |      0 |      0 |          0 |
|                 mac_muladd_16s_8ns_24s_25_4_0_U84                                      |                             bd_0_hls_inst_0_Filter2d_accel_mac_muladd_16s_8ns_24s_25_4_0 |          0 |          0 |       0 |    0 |    0 |      0 |      0 |          1 |
|                   Filter2d_accel_mac_muladd_16s_8ns_24s_25_4_0_DSP48_0_U               |                  bd_0_hls_inst_0_Filter2d_accel_mac_muladd_16s_8ns_24s_25_4_0_DSP48_0_39 |          0 |          0 |       0 |    0 |    0 |      0 |      0 |          1 |
|                 mac_muladd_16s_8ns_24s_25_4_0_U85                                      |                          bd_0_hls_inst_0_Filter2d_accel_mac_muladd_16s_8ns_24s_25_4_0_34 |          0 |          0 |       0 |    0 |    0 |      0 |      0 |          1 |
|                   Filter2d_accel_mac_muladd_16s_8ns_24s_25_4_0_DSP48_0_U               |                  bd_0_hls_inst_0_Filter2d_accel_mac_muladd_16s_8ns_24s_25_4_0_DSP48_0_38 |          0 |          0 |       0 |    0 |    0 |      0 |      0 |          1 |
|                 mac_muladd_16s_8ns_24s_25_4_0_U86                                      |                          bd_0_hls_inst_0_Filter2d_accel_mac_muladd_16s_8ns_24s_25_4_0_35 |          0 |          0 |       0 |    0 |    0 |      0 |      0 |          1 |
|                   Filter2d_accel_mac_muladd_16s_8ns_24s_25_4_0_DSP48_0_U               |                     bd_0_hls_inst_0_Filter2d_accel_mac_muladd_16s_8ns_24s_25_4_0_DSP48_0 |          0 |          0 |       0 |    0 |    0 |      0 |      0 |          1 |
|                 mac_muladd_16s_8ns_25s_26_4_0_U87                                      |                             bd_0_hls_inst_0_Filter2d_accel_mac_muladd_16s_8ns_25s_26_4_0 |          0 |          0 |       0 |    0 |    0 |      0 |      0 |          1 |
|                   Filter2d_accel_mac_muladd_16s_8ns_25s_26_4_0_DSP48_1_U               |                     bd_0_hls_inst_0_Filter2d_accel_mac_muladd_16s_8ns_25s_26_4_0_DSP48_1 |          0 |          0 |       0 |    0 |    0 |      0 |      0 |          1 |
|                 mac_muladd_16s_8ns_26s_27_4_0_U88                                      |                             bd_0_hls_inst_0_Filter2d_accel_mac_muladd_16s_8ns_26s_27_4_0 |          1 |          1 |       0 |    0 |    0 |      0 |      0 |          1 |
|                   Filter2d_accel_mac_muladd_16s_8ns_26s_27_4_0_DSP48_2_U               |                     bd_0_hls_inst_0_Filter2d_accel_mac_muladd_16s_8ns_26s_27_4_0_DSP48_2 |          1 |          1 |       0 |    0 |    0 |      0 |      0 |          1 |
|                 mac_muladd_16s_8ns_27s_28_4_0_U89                                      |                             bd_0_hls_inst_0_Filter2d_accel_mac_muladd_16s_8ns_27s_28_4_0 |          2 |          2 |       0 |    0 |    0 |      0 |      0 |          1 |
|                   Filter2d_accel_mac_muladd_16s_8ns_27s_28_4_0_DSP48_3_U               |                     bd_0_hls_inst_0_Filter2d_accel_mac_muladd_16s_8ns_27s_28_4_0_DSP48_3 |          2 |          2 |       0 |    0 |    0 |      0 |      0 |          1 |
|                 mul_16s_8ns_24_4_0_U80                                                 |                                        bd_0_hls_inst_0_Filter2d_accel_mul_16s_8ns_24_4_0 |          0 |          0 |       0 |    0 |    0 |      0 |      0 |          1 |
|                 mul_16s_8ns_24_4_0_U81                                                 |                                     bd_0_hls_inst_0_Filter2d_accel_mul_16s_8ns_24_4_0_36 |          0 |          0 |       0 |    0 |    0 |      0 |      0 |          1 |
|                 mul_16s_8ns_24_4_0_U82                                                 |                                     bd_0_hls_inst_0_Filter2d_accel_mul_16s_8ns_24_4_0_37 |          1 |          1 |       0 |    0 |    0 |      0 |      0 |          1 |
|               k_buf_1_U                                                                |    bd_0_hls_inst_0_Filter2d_accel_xFFilter2Dkernel_Pipeline_COL_LOOP_k_buf_RAM_AUTO_2R1W |          8 |          8 |       0 |    0 |    0 |      0 |      1 |          0 |
|               k_buf_2_U                                                                | bd_0_hls_inst_0_Filter2d_accel_xFFilter2Dkernel_Pipeline_COL_LOOP_k_buf_RAM_AUTO_2R1W_30 |         20 |         20 |       0 |    0 |    0 |      0 |      1 |          0 |
|               k_buf_U                                                                  | bd_0_hls_inst_0_Filter2d_accel_xFFilter2Dkernel_Pipeline_COL_LOOP_k_buf_RAM_AUTO_2R1W_31 |          2 |          2 |       0 |    0 |    0 |      0 |      1 |          0 |
|               sparsemux_7_2_8_1_1_U115                                                 |                                       bd_0_hls_inst_0_Filter2d_accel_sparsemux_7_2_8_1_1 |          8 |          8 |       0 |    0 |    0 |      0 |      0 |          0 |
|               sparsemux_7_2_8_1_1_U116                                                 |                                    bd_0_hls_inst_0_Filter2d_accel_sparsemux_7_2_8_1_1_32 |          8 |          8 |       0 |    0 |    0 |      0 |      0 |          0 |
|               sparsemux_7_2_8_1_1_U117                                                 |                                    bd_0_hls_inst_0_Filter2d_accel_sparsemux_7_2_8_1_1_33 |          8 |          8 |       0 |    0 |    0 |      0 |      0 |          0 |
|         gmem0_m_axi_U                                                                  |                                               bd_0_hls_inst_0_Filter2d_accel_gmem0_m_axi |        661 |        578 |       0 |   83 |  854 |      0 |      1 |          0 |
|           bus_read                                                                     |                                          bd_0_hls_inst_0_Filter2d_accel_gmem0_m_axi_read |        413 |        413 |       0 |    0 |  592 |      0 |      0 |          0 |
|             fifo_burst                                                                 |                          bd_0_hls_inst_0_Filter2d_accel_gmem0_m_axi_fifo__parameterized2 |         20 |         20 |       0 |    0 |   13 |      0 |      0 |          0 |
|               (fifo_burst)                                                             |                          bd_0_hls_inst_0_Filter2d_accel_gmem0_m_axi_fifo__parameterized2 |         18 |         18 |       0 |    0 |   12 |      0 |      0 |          0 |
|               U_fifo_srl                                                               |                           bd_0_hls_inst_0_Filter2d_accel_gmem0_m_axi_srl__parameterized1 |          2 |          2 |       0 |    0 |    1 |      0 |      0 |          0 |
|             fifo_rctl                                                                  |                       bd_0_hls_inst_0_Filter2d_accel_gmem0_m_axi_fifo__parameterized2_28 |         11 |         11 |       0 |    0 |    8 |      0 |      0 |          0 |
|             rreq_burst_conv                                                            |                               bd_0_hls_inst_0_Filter2d_accel_gmem0_m_axi_burst_converter |        342 |        342 |       0 |    0 |  500 |      0 |      0 |          0 |
|               (rreq_burst_conv)                                                        |                               bd_0_hls_inst_0_Filter2d_accel_gmem0_m_axi_burst_converter |        176 |        176 |       0 |    0 |  335 |      0 |      0 |          0 |
|               rs_req                                                                   |                                     bd_0_hls_inst_0_Filter2d_accel_gmem0_m_axi_reg_slice |        166 |        166 |       0 |    0 |  165 |      0 |      0 |          0 |
|             rs_rdata                                                                   |                     bd_0_hls_inst_0_Filter2d_accel_gmem0_m_axi_reg_slice__parameterized2 |         40 |         40 |       0 |    0 |   71 |      0 |      0 |          0 |
|           bus_write                                                                    |                                         bd_0_hls_inst_0_Filter2d_accel_gmem0_m_axi_write |          2 |          2 |       0 |    0 |    3 |      0 |      0 |          0 |
|             rs_resp                                                                    |                     bd_0_hls_inst_0_Filter2d_accel_gmem0_m_axi_reg_slice__parameterized1 |          2 |          2 |       0 |    0 |    3 |      0 |      0 |          0 |
|           load_unit                                                                    |                                          bd_0_hls_inst_0_Filter2d_accel_gmem0_m_axi_load |        246 |        163 |       0 |   83 |  259 |      0 |      1 |          0 |
|             (load_unit)                                                                |                                          bd_0_hls_inst_0_Filter2d_accel_gmem0_m_axi_load |          0 |          0 |       0 |    0 |  118 |      0 |      0 |          0 |
|             buff_rdata                                                                 |                          bd_0_hls_inst_0_Filter2d_accel_gmem0_m_axi_fifo__parameterized5 |         67 |         67 |       0 |    0 |   36 |      0 |      1 |          0 |
|               (buff_rdata)                                                             |                          bd_0_hls_inst_0_Filter2d_accel_gmem0_m_axi_fifo__parameterized5 |         33 |         33 |       0 |    0 |   28 |      0 |      0 |          0 |
|               U_fifo_mem                                                               |                           bd_0_hls_inst_0_Filter2d_accel_gmem0_m_axi_mem__parameterized0 |         34 |         34 |       0 |    0 |    8 |      0 |      1 |          0 |
|             bus_wide_gen.rreq_offset                                                   |                          bd_0_hls_inst_0_Filter2d_accel_gmem0_m_axi_fifo__parameterized4 |         67 |         63 |       0 |    4 |   16 |      0 |      0 |          0 |
|               (bus_wide_gen.rreq_offset)                                               |                          bd_0_hls_inst_0_Filter2d_accel_gmem0_m_axi_fifo__parameterized4 |          8 |          8 |       0 |    0 |   12 |      0 |      0 |          0 |
|               U_fifo_srl                                                               |                           bd_0_hls_inst_0_Filter2d_accel_gmem0_m_axi_srl__parameterized3 |         59 |         55 |       0 |    4 |    4 |      0 |      0 |          0 |
|             fifo_rreq                                                                  |                          bd_0_hls_inst_0_Filter2d_accel_gmem0_m_axi_fifo__parameterized0 |        112 |         33 |       0 |   79 |   89 |      0 |      0 |          0 |
|               (fifo_rreq)                                                              |                          bd_0_hls_inst_0_Filter2d_accel_gmem0_m_axi_fifo__parameterized0 |         13 |         13 |       0 |    0 |   10 |      0 |      0 |          0 |
|               U_fifo_srl                                                               |                           bd_0_hls_inst_0_Filter2d_accel_gmem0_m_axi_srl__parameterized0 |         99 |         20 |       0 |   79 |   79 |      0 |      0 |          0 |
|         gmem1_m_axi_U                                                                  |                                               bd_0_hls_inst_0_Filter2d_accel_gmem1_m_axi |        583 |        516 |       0 |   67 |  798 |      0 |      1 |          0 |
|           bus_read                                                                     |                                          bd_0_hls_inst_0_Filter2d_accel_gmem1_m_axi_read |        400 |        400 |       0 |    0 |  566 |      0 |      0 |          0 |
|             fifo_burst                                                                 |                          bd_0_hls_inst_0_Filter2d_accel_gmem1_m_axi_fifo__parameterized2 |         19 |         19 |       0 |    0 |   13 |      0 |      0 |          0 |
|               (fifo_burst)                                                             |                          bd_0_hls_inst_0_Filter2d_accel_gmem1_m_axi_fifo__parameterized2 |         18 |         18 |       0 |    0 |   12 |      0 |      0 |          0 |
|               U_fifo_srl                                                               |                           bd_0_hls_inst_0_Filter2d_accel_gmem1_m_axi_srl__parameterized1 |          1 |          1 |       0 |    0 |    1 |      0 |      0 |          0 |
|             fifo_rctl                                                                  |                       bd_0_hls_inst_0_Filter2d_accel_gmem1_m_axi_fifo__parameterized2_27 |         11 |         11 |       0 |    0 |    8 |      0 |      0 |          0 |
|             rreq_burst_conv                                                            |                               bd_0_hls_inst_0_Filter2d_accel_gmem1_m_axi_burst_converter |        330 |        330 |       0 |    0 |  474 |      0 |      0 |          0 |
|               (rreq_burst_conv)                                                        |                               bd_0_hls_inst_0_Filter2d_accel_gmem1_m_axi_burst_converter |        183 |        183 |       0 |    0 |  335 |      0 |      0 |          0 |
|               rs_req                                                                   |                                     bd_0_hls_inst_0_Filter2d_accel_gmem1_m_axi_reg_slice |        147 |        147 |       0 |    0 |  139 |      0 |      0 |          0 |
|             rs_rdata                                                                   |                     bd_0_hls_inst_0_Filter2d_accel_gmem1_m_axi_reg_slice__parameterized2 |         40 |         40 |       0 |    0 |   71 |      0 |      0 |          0 |
|           bus_write                                                                    |                                         bd_0_hls_inst_0_Filter2d_accel_gmem1_m_axi_write |          2 |          2 |       0 |    0 |    3 |      0 |      0 |          0 |
|             rs_resp                                                                    |                     bd_0_hls_inst_0_Filter2d_accel_gmem1_m_axi_reg_slice__parameterized1 |          2 |          2 |       0 |    0 |    3 |      0 |      0 |          0 |
|           load_unit                                                                    |                                          bd_0_hls_inst_0_Filter2d_accel_gmem1_m_axi_load |        181 |        114 |       0 |   67 |  229 |      0 |      1 |          0 |
|             (load_unit)                                                                |                                          bd_0_hls_inst_0_Filter2d_accel_gmem1_m_axi_load |          1 |          1 |       0 |    0 |  104 |      0 |      0 |          0 |
|             buff_rdata                                                                 |                          bd_0_hls_inst_0_Filter2d_accel_gmem1_m_axi_fifo__parameterized5 |         48 |         48 |       0 |    0 |   36 |      0 |      1 |          0 |
|               (buff_rdata)                                                             |                          bd_0_hls_inst_0_Filter2d_accel_gmem1_m_axi_fifo__parameterized5 |         32 |         32 |       0 |    0 |   28 |      0 |      0 |          0 |
|               U_fifo_mem                                                               |                           bd_0_hls_inst_0_Filter2d_accel_gmem1_m_axi_mem__parameterized0 |         16 |         16 |       0 |    0 |    8 |      0 |      1 |          0 |
|             bus_wide_gen.rreq_offset                                                   |                          bd_0_hls_inst_0_Filter2d_accel_gmem1_m_axi_fifo__parameterized4 |         49 |         47 |       0 |    2 |   14 |      0 |      0 |          0 |
|               (bus_wide_gen.rreq_offset)                                               |                          bd_0_hls_inst_0_Filter2d_accel_gmem1_m_axi_fifo__parameterized4 |          7 |          7 |       0 |    0 |   12 |      0 |      0 |          0 |
|               U_fifo_srl                                                               |                           bd_0_hls_inst_0_Filter2d_accel_gmem1_m_axi_srl__parameterized3 |         42 |         40 |       0 |    2 |    2 |      0 |      0 |          0 |
|             fifo_rreq                                                                  |                          bd_0_hls_inst_0_Filter2d_accel_gmem1_m_axi_fifo__parameterized0 |         83 |         18 |       0 |   65 |   75 |      0 |      0 |          0 |
|               (fifo_rreq)                                                              |                          bd_0_hls_inst_0_Filter2d_accel_gmem1_m_axi_fifo__parameterized0 |         13 |         13 |       0 |    0 |   10 |      0 |      0 |          0 |
|               U_fifo_srl                                                               |                           bd_0_hls_inst_0_Filter2d_accel_gmem1_m_axi_srl__parameterized0 |         70 |          5 |       0 |   65 |   65 |      0 |      0 |          0 |
|         gmem2_m_axi_U                                                                  |                                               bd_0_hls_inst_0_Filter2d_accel_gmem2_m_axi |       1515 |       1224 |       0 |  291 | 1980 |      0 |      2 |          0 |
|           bus_read                                                                     |                                          bd_0_hls_inst_0_Filter2d_accel_gmem2_m_axi_read |        399 |        399 |       0 |    0 |  564 |      0 |      0 |          0 |
|             fifo_burst                                                                 |                       bd_0_hls_inst_0_Filter2d_accel_gmem2_m_axi_fifo__parameterized2_22 |         17 |         17 |       0 |    0 |   13 |      0 |      0 |          0 |
|               (fifo_burst)                                                             |                       bd_0_hls_inst_0_Filter2d_accel_gmem2_m_axi_fifo__parameterized2_22 |         16 |         16 |       0 |    0 |   12 |      0 |      0 |          0 |
|               U_fifo_srl                                                               |                        bd_0_hls_inst_0_Filter2d_accel_gmem2_m_axi_srl__parameterized1_26 |          1 |          1 |       0 |    0 |    1 |      0 |      0 |          0 |
|             fifo_rctl                                                                  |                       bd_0_hls_inst_0_Filter2d_accel_gmem2_m_axi_fifo__parameterized2_23 |         11 |         11 |       0 |    0 |    8 |      0 |      0 |          0 |
|             rreq_burst_conv                                                            |                            bd_0_hls_inst_0_Filter2d_accel_gmem2_m_axi_burst_converter_24 |        330 |        330 |       0 |    0 |  472 |      0 |      0 |          0 |
|               (rreq_burst_conv)                                                        |                            bd_0_hls_inst_0_Filter2d_accel_gmem2_m_axi_burst_converter_24 |        181 |        181 |       0 |    0 |  335 |      0 |      0 |          0 |
|               rs_req                                                                   |                                  bd_0_hls_inst_0_Filter2d_accel_gmem2_m_axi_reg_slice_25 |        149 |        149 |       0 |    0 |  137 |      0 |      0 |          0 |
|             rs_rdata                                                                   |                     bd_0_hls_inst_0_Filter2d_accel_gmem2_m_axi_reg_slice__parameterized2 |         41 |         41 |       0 |    0 |   71 |      0 |      0 |          0 |
|           bus_write                                                                    |                                         bd_0_hls_inst_0_Filter2d_accel_gmem2_m_axi_write |        625 |        517 |       0 |  108 |  850 |      0 |      0 |          0 |
|             (bus_write)                                                                |                                         bd_0_hls_inst_0_Filter2d_accel_gmem2_m_axi_write |          6 |          6 |       0 |    0 |   46 |      0 |      0 |          0 |
|             fifo_burst                                                                 |                          bd_0_hls_inst_0_Filter2d_accel_gmem2_m_axi_fifo__parameterized6 |         24 |         20 |       0 |    4 |   16 |      0 |      0 |          0 |
|               (fifo_burst)                                                             |                          bd_0_hls_inst_0_Filter2d_accel_gmem2_m_axi_fifo__parameterized6 |         11 |         11 |       0 |    0 |   12 |      0 |      0 |          0 |
|               U_fifo_srl                                                               |                           bd_0_hls_inst_0_Filter2d_accel_gmem2_m_axi_srl__parameterized4 |         13 |          9 |       0 |    4 |    4 |      0 |      0 |          0 |
|             fifo_resp                                                                  |                       bd_0_hls_inst_0_Filter2d_accel_gmem2_m_axi_fifo__parameterized2_20 |         18 |         17 |       0 |    1 |   13 |      0 |      0 |          0 |
|               (fifo_resp)                                                              |                       bd_0_hls_inst_0_Filter2d_accel_gmem2_m_axi_fifo__parameterized2_20 |         15 |         15 |       0 |    0 |   12 |      0 |      0 |          0 |
|               U_fifo_srl                                                               |                        bd_0_hls_inst_0_Filter2d_accel_gmem2_m_axi_srl__parameterized1_21 |          3 |          2 |       0 |    1 |    1 |      0 |      0 |          0 |
|             rs_resp                                                                    |                     bd_0_hls_inst_0_Filter2d_accel_gmem2_m_axi_reg_slice__parameterized1 |          5 |          5 |       0 |    0 |    5 |      0 |      0 |          0 |
|             wreq_burst_conv                                                            |                               bd_0_hls_inst_0_Filter2d_accel_gmem2_m_axi_burst_converter |        346 |        346 |       0 |    0 |  500 |      0 |      0 |          0 |
|               (wreq_burst_conv)                                                        |                               bd_0_hls_inst_0_Filter2d_accel_gmem2_m_axi_burst_converter |        182 |        182 |       0 |    0 |  335 |      0 |      0 |          0 |
|               rs_req                                                                   |                                     bd_0_hls_inst_0_Filter2d_accel_gmem2_m_axi_reg_slice |        164 |        164 |       0 |    0 |  165 |      0 |      0 |          0 |
|             wreq_throttle                                                              |                                      bd_0_hls_inst_0_Filter2d_accel_gmem2_m_axi_throttle |        226 |        123 |       0 |  103 |  270 |      0 |      0 |          0 |
|               (wreq_throttle)                                                          |                                      bd_0_hls_inst_0_Filter2d_accel_gmem2_m_axi_throttle |          1 |          1 |       0 |    0 |    6 |      0 |      0 |          0 |
|               data_fifo                                                                |                          bd_0_hls_inst_0_Filter2d_accel_gmem2_m_axi_fifo__parameterized8 |         67 |         30 |       0 |   37 |   49 |      0 |      0 |          0 |
|                 (data_fifo)                                                            |                          bd_0_hls_inst_0_Filter2d_accel_gmem2_m_axi_fifo__parameterized8 |         18 |         18 |       0 |    0 |   12 |      0 |      0 |          0 |
|                 U_fifo_srl                                                             |                           bd_0_hls_inst_0_Filter2d_accel_gmem2_m_axi_srl__parameterized6 |         49 |         12 |       0 |   37 |   37 |      0 |      0 |          0 |
|               req_fifo                                                                 |                          bd_0_hls_inst_0_Filter2d_accel_gmem2_m_axi_fifo__parameterized7 |         85 |         19 |       0 |   66 |   78 |      0 |      0 |          0 |
|                 (req_fifo)                                                             |                          bd_0_hls_inst_0_Filter2d_accel_gmem2_m_axi_fifo__parameterized7 |         16 |         16 |       0 |    0 |   12 |      0 |      0 |          0 |
|                 U_fifo_srl                                                             |                           bd_0_hls_inst_0_Filter2d_accel_gmem2_m_axi_srl__parameterized5 |         69 |          3 |       0 |   66 |   66 |      0 |      0 |          0 |
|               rs_req                                                                   |                     bd_0_hls_inst_0_Filter2d_accel_gmem2_m_axi_reg_slice__parameterized0 |         73 |         73 |       0 |    0 |  137 |      0 |      0 |          0 |
|           load_unit                                                                    |                                          bd_0_hls_inst_0_Filter2d_accel_gmem2_m_axi_load |        220 |        151 |       0 |   69 |  231 |      0 |      1 |          0 |
|             (load_unit)                                                                |                                          bd_0_hls_inst_0_Filter2d_accel_gmem2_m_axi_load |          1 |          1 |       0 |    0 |  104 |      0 |      0 |          0 |
|             buff_rdata                                                                 |                          bd_0_hls_inst_0_Filter2d_accel_gmem2_m_axi_fifo__parameterized5 |         53 |         53 |       0 |    0 |   36 |      0 |      1 |          0 |
|               (buff_rdata)                                                             |                          bd_0_hls_inst_0_Filter2d_accel_gmem2_m_axi_fifo__parameterized5 |         38 |         38 |       0 |    0 |   28 |      0 |      0 |          0 |
|               U_fifo_mem                                                               |                           bd_0_hls_inst_0_Filter2d_accel_gmem2_m_axi_mem__parameterized0 |         15 |         15 |       0 |    0 |    8 |      0 |      1 |          0 |
|             bus_wide_gen.rreq_offset                                                   |                          bd_0_hls_inst_0_Filter2d_accel_gmem2_m_axi_fifo__parameterized4 |         86 |         82 |       0 |    4 |   16 |      0 |      0 |          0 |
|               (bus_wide_gen.rreq_offset)                                               |                          bd_0_hls_inst_0_Filter2d_accel_gmem2_m_axi_fifo__parameterized4 |          7 |          7 |       0 |    0 |   12 |      0 |      0 |          0 |
|               U_fifo_srl                                                               |                           bd_0_hls_inst_0_Filter2d_accel_gmem2_m_axi_srl__parameterized3 |         79 |         75 |       0 |    4 |    4 |      0 |      0 |          0 |
|             fifo_rreq                                                                  |                       bd_0_hls_inst_0_Filter2d_accel_gmem2_m_axi_fifo__parameterized0_18 |         80 |         15 |       0 |   65 |   75 |      0 |      0 |          0 |
|               (fifo_rreq)                                                              |                       bd_0_hls_inst_0_Filter2d_accel_gmem2_m_axi_fifo__parameterized0_18 |         13 |         13 |       0 |    0 |   10 |      0 |      0 |          0 |
|               U_fifo_srl                                                               |                        bd_0_hls_inst_0_Filter2d_accel_gmem2_m_axi_srl__parameterized0_19 |         67 |          2 |       0 |   65 |   65 |      0 |      0 |          0 |
|           store_unit                                                                   |                                         bd_0_hls_inst_0_Filter2d_accel_gmem2_m_axi_store |        271 |        157 |       0 |  114 |  335 |      0 |      1 |          0 |
|             (store_unit)                                                               |                                         bd_0_hls_inst_0_Filter2d_accel_gmem2_m_axi_store |          3 |          3 |       0 |    0 |  152 |      0 |      0 |          0 |
|             buff_wdata                                                                 |                          bd_0_hls_inst_0_Filter2d_accel_gmem2_m_axi_fifo__parameterized1 |         34 |         34 |       0 |    0 |   28 |      0 |      1 |          0 |
|               (buff_wdata)                                                             |                          bd_0_hls_inst_0_Filter2d_accel_gmem2_m_axi_fifo__parameterized1 |         26 |         26 |       0 |    0 |   22 |      0 |      0 |          0 |
|               U_fifo_mem                                                               |                                           bd_0_hls_inst_0_Filter2d_accel_gmem2_m_axi_mem |          8 |          8 |       0 |    0 |    6 |      0 |      1 |          0 |
|             bus_wide_gen.wreq_offset                                                   |                                          bd_0_hls_inst_0_Filter2d_accel_gmem2_m_axi_fifo |         92 |         58 |       0 |   34 |   46 |      0 |      0 |          0 |
|               (bus_wide_gen.wreq_offset)                                               |                                          bd_0_hls_inst_0_Filter2d_accel_gmem2_m_axi_fifo |          7 |          7 |       0 |    0 |   12 |      0 |      0 |          0 |
|               U_fifo_srl                                                               |                                           bd_0_hls_inst_0_Filter2d_accel_gmem2_m_axi_srl |         85 |         51 |       0 |   34 |   34 |      0 |      0 |          0 |
|             fifo_wreq                                                                  |                          bd_0_hls_inst_0_Filter2d_accel_gmem2_m_axi_fifo__parameterized0 |        113 |         34 |       0 |   79 |   89 |      0 |      0 |          0 |
|               (fifo_wreq)                                                              |                          bd_0_hls_inst_0_Filter2d_accel_gmem2_m_axi_fifo__parameterized0 |         13 |         13 |       0 |    0 |   10 |      0 |      0 |          0 |
|               U_fifo_srl                                                               |                           bd_0_hls_inst_0_Filter2d_accel_gmem2_m_axi_srl__parameterized0 |        100 |         21 |       0 |   79 |   79 |      0 |      0 |          0 |
|             fifo_wrsp                                                                  |                          bd_0_hls_inst_0_Filter2d_accel_gmem2_m_axi_fifo__parameterized2 |         19 |         18 |       0 |    1 |   13 |      0 |      0 |          0 |
|               (fifo_wrsp)                                                              |                          bd_0_hls_inst_0_Filter2d_accel_gmem2_m_axi_fifo__parameterized2 |          4 |          4 |       0 |    0 |   12 |      0 |      0 |          0 |
|               U_fifo_srl                                                               |                           bd_0_hls_inst_0_Filter2d_accel_gmem2_m_axi_srl__parameterized1 |         15 |         14 |       0 |    1 |    1 |      0 |      0 |          0 |
|             user_resp                                                                  |                          bd_0_hls_inst_0_Filter2d_accel_gmem2_m_axi_fifo__parameterized3 |         10 |         10 |       0 |    0 |    7 |      0 |      0 |          0 |
|         gmem3_m_axi_U                                                                  |                                               bd_0_hls_inst_0_Filter2d_accel_gmem3_m_axi |        879 |        671 |       0 |  208 | 1146 |      0 |      1 |          0 |
|           bus_read                                                                     |                                          bd_0_hls_inst_0_Filter2d_accel_gmem3_m_axi_read |          4 |          4 |       0 |    0 |    5 |      0 |      0 |          0 |
|             rs_rdata                                                                   |                     bd_0_hls_inst_0_Filter2d_accel_gmem3_m_axi_reg_slice__parameterized2 |          4 |          4 |       0 |    0 |    5 |      0 |      0 |          0 |
|           bus_write                                                                    |                                         bd_0_hls_inst_0_Filter2d_accel_gmem3_m_axi_write |        610 |        502 |       0 |  108 |  822 |      0 |      0 |          0 |
|             (bus_write)                                                                |                                         bd_0_hls_inst_0_Filter2d_accel_gmem3_m_axi_write |          6 |          6 |       0 |    0 |   46 |      0 |      0 |          0 |
|             fifo_burst                                                                 |                          bd_0_hls_inst_0_Filter2d_accel_gmem3_m_axi_fifo__parameterized6 |         25 |         21 |       0 |    4 |   16 |      0 |      0 |          0 |
|               (fifo_burst)                                                             |                          bd_0_hls_inst_0_Filter2d_accel_gmem3_m_axi_fifo__parameterized6 |         12 |         12 |       0 |    0 |   12 |      0 |      0 |          0 |
|               U_fifo_srl                                                               |                           bd_0_hls_inst_0_Filter2d_accel_gmem3_m_axi_srl__parameterized4 |         13 |          9 |       0 |    4 |    4 |      0 |      0 |          0 |
|             fifo_resp                                                                  |                       bd_0_hls_inst_0_Filter2d_accel_gmem3_m_axi_fifo__parameterized2_16 |         18 |         17 |       0 |    1 |   13 |      0 |      0 |          0 |
|               (fifo_resp)                                                              |                       bd_0_hls_inst_0_Filter2d_accel_gmem3_m_axi_fifo__parameterized2_16 |         15 |         15 |       0 |    0 |   12 |      0 |      0 |          0 |
|               U_fifo_srl                                                               |                        bd_0_hls_inst_0_Filter2d_accel_gmem3_m_axi_srl__parameterized1_17 |          3 |          2 |       0 |    1 |    1 |      0 |      0 |          0 |
|             rs_resp                                                                    |                     bd_0_hls_inst_0_Filter2d_accel_gmem3_m_axi_reg_slice__parameterized1 |          5 |          5 |       0 |    0 |    5 |      0 |      0 |          0 |
|             wreq_burst_conv                                                            |                               bd_0_hls_inst_0_Filter2d_accel_gmem3_m_axi_burst_converter |        332 |        332 |       0 |    0 |  472 |      0 |      0 |          0 |
|               (wreq_burst_conv)                                                        |                               bd_0_hls_inst_0_Filter2d_accel_gmem3_m_axi_burst_converter |        183 |        183 |       0 |    0 |  335 |      0 |      0 |          0 |
|               rs_req                                                                   |                                     bd_0_hls_inst_0_Filter2d_accel_gmem3_m_axi_reg_slice |        149 |        149 |       0 |    0 |  137 |      0 |      0 |          0 |
|             wreq_throttle                                                              |                                      bd_0_hls_inst_0_Filter2d_accel_gmem3_m_axi_throttle |        224 |        121 |       0 |  103 |  270 |      0 |      0 |          0 |
|               (wreq_throttle)                                                          |                                      bd_0_hls_inst_0_Filter2d_accel_gmem3_m_axi_throttle |          1 |          1 |       0 |    0 |    6 |      0 |      0 |          0 |
|               data_fifo                                                                |                          bd_0_hls_inst_0_Filter2d_accel_gmem3_m_axi_fifo__parameterized8 |         66 |         29 |       0 |   37 |   49 |      0 |      0 |          0 |
|                 (data_fifo)                                                            |                          bd_0_hls_inst_0_Filter2d_accel_gmem3_m_axi_fifo__parameterized8 |         18 |         18 |       0 |    0 |   12 |      0 |      0 |          0 |
|                 U_fifo_srl                                                             |                           bd_0_hls_inst_0_Filter2d_accel_gmem3_m_axi_srl__parameterized6 |         48 |         11 |       0 |   37 |   37 |      0 |      0 |          0 |
|               req_fifo                                                                 |                          bd_0_hls_inst_0_Filter2d_accel_gmem3_m_axi_fifo__parameterized7 |         84 |         18 |       0 |   66 |   78 |      0 |      0 |          0 |
|                 (req_fifo)                                                             |                          bd_0_hls_inst_0_Filter2d_accel_gmem3_m_axi_fifo__parameterized7 |         16 |         16 |       0 |    0 |   12 |      0 |      0 |          0 |
|                 U_fifo_srl                                                             |                           bd_0_hls_inst_0_Filter2d_accel_gmem3_m_axi_srl__parameterized5 |         68 |          2 |       0 |   66 |   66 |      0 |      0 |          0 |
|               rs_req                                                                   |                     bd_0_hls_inst_0_Filter2d_accel_gmem3_m_axi_reg_slice__parameterized0 |         73 |         73 |       0 |    0 |  137 |      0 |      0 |          0 |
|           load_unit                                                                    |                                          bd_0_hls_inst_0_Filter2d_accel_gmem3_m_axi_load |         24 |         24 |       0 |    0 |   15 |      0 |      0 |          0 |
|             (load_unit)                                                                |                                          bd_0_hls_inst_0_Filter2d_accel_gmem3_m_axi_load |          1 |          1 |       0 |    0 |    3 |      0 |      0 |          0 |
|             buff_rdata                                                                 |                          bd_0_hls_inst_0_Filter2d_accel_gmem3_m_axi_fifo__parameterized5 |         23 |         23 |       0 |    0 |   12 |      0 |      0 |          0 |
|           store_unit                                                                   |                                         bd_0_hls_inst_0_Filter2d_accel_gmem3_m_axi_store |        241 |        141 |       0 |  100 |  304 |      0 |      1 |          0 |
|             (store_unit)                                                               |                                         bd_0_hls_inst_0_Filter2d_accel_gmem3_m_axi_store |          3 |          3 |       0 |    0 |  138 |      0 |      0 |          0 |
|             buff_wdata                                                                 |                          bd_0_hls_inst_0_Filter2d_accel_gmem3_m_axi_fifo__parameterized1 |         30 |         30 |       0 |    0 |   28 |      0 |      1 |          0 |
|               (buff_wdata)                                                             |                          bd_0_hls_inst_0_Filter2d_accel_gmem3_m_axi_fifo__parameterized1 |         21 |         21 |       0 |    0 |   22 |      0 |      0 |          0 |
|               U_fifo_mem                                                               |                                           bd_0_hls_inst_0_Filter2d_accel_gmem3_m_axi_mem |          9 |          9 |       0 |    0 |    6 |      0 |      1 |          0 |
|             bus_wide_gen.wreq_offset                                                   |                                          bd_0_hls_inst_0_Filter2d_accel_gmem3_m_axi_fifo |         98 |         64 |       0 |   34 |   46 |      0 |      0 |          0 |
|               (bus_wide_gen.wreq_offset)                                               |                                          bd_0_hls_inst_0_Filter2d_accel_gmem3_m_axi_fifo |          6 |          6 |       0 |    0 |   12 |      0 |      0 |          0 |
|               U_fifo_srl                                                               |                                           bd_0_hls_inst_0_Filter2d_accel_gmem3_m_axi_srl |         92 |         58 |       0 |   34 |   34 |      0 |      0 |          0 |
|             fifo_wreq                                                                  |                          bd_0_hls_inst_0_Filter2d_accel_gmem3_m_axi_fifo__parameterized0 |         81 |         16 |       0 |   65 |   73 |      0 |      0 |          0 |
|               (fifo_wreq)                                                              |                          bd_0_hls_inst_0_Filter2d_accel_gmem3_m_axi_fifo__parameterized0 |         12 |         12 |       0 |    0 |    8 |      0 |      0 |          0 |
|               U_fifo_srl                                                               |                           bd_0_hls_inst_0_Filter2d_accel_gmem3_m_axi_srl__parameterized0 |         69 |          4 |       0 |   65 |   65 |      0 |      0 |          0 |
|             fifo_wrsp                                                                  |                          bd_0_hls_inst_0_Filter2d_accel_gmem3_m_axi_fifo__parameterized2 |         19 |         18 |       0 |    1 |   13 |      0 |      0 |          0 |
|               (fifo_wrsp)                                                              |                          bd_0_hls_inst_0_Filter2d_accel_gmem3_m_axi_fifo__parameterized2 |          4 |          4 |       0 |    0 |   12 |      0 |      0 |          0 |
|               U_fifo_srl                                                               |                           bd_0_hls_inst_0_Filter2d_accel_gmem3_m_axi_srl__parameterized1 |         15 |         14 |       0 |    1 |    1 |      0 |      0 |          0 |
|             user_resp                                                                  |                          bd_0_hls_inst_0_Filter2d_accel_gmem3_m_axi_fifo__parameterized3 |         10 |         10 |       0 |    0 |    6 |      0 |      0 |          0 |
|         imgInput_cols_c13_channel_U                                                    |                                           bd_0_hls_inst_0_Filter2d_accel_fifo_w32_d2_S_x |         45 |         45 |       0 |    0 |   69 |      0 |      0 |          0 |
|           (imgInput_cols_c13_channel_U)                                                |                                           bd_0_hls_inst_0_Filter2d_accel_fifo_w32_d2_S_x |         10 |         10 |       0 |    0 |    5 |      0 |      0 |          0 |
|           U_Filter2d_accel_fifo_w32_d2_S_x_ShiftReg                                    |                               bd_0_hls_inst_0_Filter2d_accel_fifo_w32_d2_S_x_ShiftReg_15 |         35 |         35 |       0 |    0 |   64 |      0 |      0 |          0 |
|         imgInput_cols_c_U                                                              |                                         bd_0_hls_inst_0_Filter2d_accel_fifo_w32_d2_S_x_0 |         21 |         21 |       0 |    0 |   37 |      0 |      0 |          0 |
|           (imgInput_cols_c_U)                                                          |                                         bd_0_hls_inst_0_Filter2d_accel_fifo_w32_d2_S_x_0 |          5 |          5 |       0 |    0 |    5 |      0 |      0 |          0 |
|           U_Filter2d_accel_fifo_w32_d2_S_x_ShiftReg                                    |                               bd_0_hls_inst_0_Filter2d_accel_fifo_w32_d2_S_x_ShiftReg_14 |         16 |         16 |       0 |    0 |   32 |      0 |      0 |          0 |
|         imgInput_data_U                                                                |                                           bd_0_hls_inst_0_Filter2d_accel_fifo_w8_d2_S_x0 |         12 |         12 |       0 |    0 |   21 |      0 |      0 |          0 |
|           (imgInput_data_U)                                                            |                                           bd_0_hls_inst_0_Filter2d_accel_fifo_w8_d2_S_x0 |          4 |          4 |       0 |    0 |    5 |      0 |      0 |          0 |
|           U_Filter2d_accel_fifo_w8_d2_S_x0_ShiftReg                                    |                               bd_0_hls_inst_0_Filter2d_accel_fifo_w8_d2_S_x0_ShiftReg_13 |          8 |          8 |       0 |    0 |   16 |      0 |      0 |          0 |
|         imgInput_rows_c12_channel_U                                                    |                                         bd_0_hls_inst_0_Filter2d_accel_fifo_w32_d2_S_x_1 |         38 |         38 |       0 |    0 |   69 |      0 |      0 |          0 |
|           (imgInput_rows_c12_channel_U)                                                |                                         bd_0_hls_inst_0_Filter2d_accel_fifo_w32_d2_S_x_1 |          6 |          6 |       0 |    0 |    5 |      0 |      0 |          0 |
|           U_Filter2d_accel_fifo_w32_d2_S_x_ShiftReg                                    |                               bd_0_hls_inst_0_Filter2d_accel_fifo_w32_d2_S_x_ShiftReg_12 |         32 |         32 |       0 |    0 |   64 |      0 |      0 |          0 |
|         imgInput_rows_c_U                                                              |                                         bd_0_hls_inst_0_Filter2d_accel_fifo_w32_d2_S_x_2 |         21 |         21 |       0 |    0 |   37 |      0 |      0 |          0 |
|           (imgInput_rows_c_U)                                                          |                                         bd_0_hls_inst_0_Filter2d_accel_fifo_w32_d2_S_x_2 |          5 |          5 |       0 |    0 |    5 |      0 |      0 |          0 |
|           U_Filter2d_accel_fifo_w32_d2_S_x_ShiftReg                                    |                                  bd_0_hls_inst_0_Filter2d_accel_fifo_w32_d2_S_x_ShiftReg |         16 |         16 |       0 |    0 |   32 |      0 |      0 |          0 |
|         imgOutput_cols_channel_U                                                       |                                             bd_0_hls_inst_0_Filter2d_accel_fifo_w32_d4_S |         41 |          9 |       0 |   32 |    5 |      0 |      0 |          0 |
|           (imgOutput_cols_channel_U)                                                   |                                             bd_0_hls_inst_0_Filter2d_accel_fifo_w32_d4_S |          6 |          6 |       0 |    0 |    5 |      0 |      0 |          0 |
|           U_Filter2d_accel_fifo_w32_d4_S_ShiftReg                                      |                                 bd_0_hls_inst_0_Filter2d_accel_fifo_w32_d4_S_ShiftReg_11 |         35 |          3 |       0 |   32 |    0 |      0 |      0 |          0 |
|         imgOutput_data_U                                                               |                                         bd_0_hls_inst_0_Filter2d_accel_fifo_w8_d2_S_x0_3 |         13 |         13 |       0 |    0 |   21 |      0 |      0 |          0 |
|           (imgOutput_data_U)                                                           |                                         bd_0_hls_inst_0_Filter2d_accel_fifo_w8_d2_S_x0_3 |          5 |          5 |       0 |    0 |    5 |      0 |      0 |          0 |
|           U_Filter2d_accel_fifo_w8_d2_S_x0_ShiftReg                                    |                                  bd_0_hls_inst_0_Filter2d_accel_fifo_w8_d2_S_x0_ShiftReg |          8 |          8 |       0 |    0 |   16 |      0 |      0 |          0 |
|         imgOutput_rows_channel_U                                                       |                                           bd_0_hls_inst_0_Filter2d_accel_fifo_w32_d4_S_4 |         26 |         10 |       0 |   16 |    5 |      0 |      0 |          0 |
|           (imgOutput_rows_channel_U)                                                   |                                           bd_0_hls_inst_0_Filter2d_accel_fifo_w32_d4_S_4 |          7 |          7 |       0 |    0 |    5 |      0 |      0 |          0 |
|           U_Filter2d_accel_fifo_w32_d4_S_ShiftReg                                      |                                    bd_0_hls_inst_0_Filter2d_accel_fifo_w32_d4_S_ShiftReg |         19 |          3 |       0 |   16 |    0 |      0 |      0 |          0 |
|         maxpool_out_c_U                                                                |                                             bd_0_hls_inst_0_Filter2d_accel_fifo_w64_d6_S |         77 |         13 |       0 |   64 |    6 |      0 |      0 |          0 |
|           (maxpool_out_c_U)                                                            |                                             bd_0_hls_inst_0_Filter2d_accel_fifo_w64_d6_S |         10 |         10 |       0 |    0 |    6 |      0 |      0 |          0 |
|           U_Filter2d_accel_fifo_w64_d6_S_ShiftReg                                      |                                    bd_0_hls_inst_0_Filter2d_accel_fifo_w64_d6_S_ShiftReg |         67 |          3 |       0 |   64 |    0 |      0 |      0 |          0 |
|         pool_gpt_U0                                                                    |                                                  bd_0_hls_inst_0_Filter2d_accel_pool_gpt |        232 |        232 |       0 |    0 |  489 |      0 |      0 |          0 |
|           (pool_gpt_U0)                                                                |                                                  bd_0_hls_inst_0_Filter2d_accel_pool_gpt |         73 |         73 |       0 |    0 |  139 |      0 |      0 |          0 |
|           grp_pool_gpt_Pipeline_VITIS_LOOP_9_1_VITIS_LOOP_10_2_fu_66                   |          bd_0_hls_inst_0_Filter2d_accel_pool_gpt_Pipeline_VITIS_LOOP_9_1_VITIS_LOOP_10_2 |        159 |        159 |       0 |    0 |  350 |      0 |      0 |          0 |
|             (grp_pool_gpt_Pipeline_VITIS_LOOP_9_1_VITIS_LOOP_10_2_fu_66)               |          bd_0_hls_inst_0_Filter2d_accel_pool_gpt_Pipeline_VITIS_LOOP_9_1_VITIS_LOOP_10_2 |        100 |        100 |       0 |    0 |  250 |      0 |      0 |          0 |
|             add_64ns_64ns_64_2_1_U237                                                  |                                      bd_0_hls_inst_0_Filter2d_accel_add_64ns_64ns_64_2_1 |         15 |         15 |       0 |    0 |   65 |      0 |      0 |          0 |
|               (add_64ns_64ns_64_2_1_U237)                                              |                                      bd_0_hls_inst_0_Filter2d_accel_add_64ns_64ns_64_2_1 |          3 |          3 |       0 |    0 |   65 |      0 |      0 |          0 |
|               u1                                                                       |                        bd_0_hls_inst_0_Filter2d_accel_add_64ns_64ns_64_2_1_comb_adder_10 |         12 |         12 |       0 |    0 |    0 |      0 |      0 |          0 |
|             add_64ns_64ns_64_2_1_U238                                                  |                                    bd_0_hls_inst_0_Filter2d_accel_add_64ns_64ns_64_2_1_8 |         13 |         13 |       0 |    0 |   33 |      0 |      0 |          0 |
|               (add_64ns_64ns_64_2_1_U238)                                              |                                    bd_0_hls_inst_0_Filter2d_accel_add_64ns_64ns_64_2_1_8 |          0 |          0 |       0 |    0 |   33 |      0 |      0 |          0 |
|               u1                                                                       |                           bd_0_hls_inst_0_Filter2d_accel_add_64ns_64ns_64_2_1_comb_adder |         13 |         13 |       0 |    0 |    0 |      0 |      0 |          0 |
|             flow_control_loop_pipe_sequential_init_U                                   |                  bd_0_hls_inst_0_Filter2d_accel_flow_control_loop_pipe_sequential_init_9 |         31 |         31 |       0 |    0 |    2 |      0 |      0 |          0 |
|         xfMat2Array_8_0_128_128_1_2_1_U0                                               |                           bd_0_hls_inst_0_Filter2d_accel_xfMat2Array_8_0_128_128_1_2_1_s |        514 |        402 |       0 |  112 |  612 |      0 |      0 |          2 |
|           (xfMat2Array_8_0_128_128_1_2_1_U0)                                           |                           bd_0_hls_inst_0_Filter2d_accel_xfMat2Array_8_0_128_128_1_2_1_s |          3 |          3 |       0 |    0 |   30 |      0 |      0 |          0 |
|           grp_Mat2Axi_fu_74                                                            |                                                   bd_0_hls_inst_0_Filter2d_accel_Mat2Axi |        511 |        399 |       0 |  112 |  582 |      0 |      0 |          2 |
|             (grp_Mat2Axi_fu_74)                                                        |                                                   bd_0_hls_inst_0_Filter2d_accel_Mat2Axi |          0 |          0 |       0 |    0 |    3 |      0 |      0 |          0 |
|             AxiStream2Axi_U0                                                           |                                             bd_0_hls_inst_0_Filter2d_accel_AxiStream2Axi |         92 |         92 |       0 |    0 |  118 |      0 |      0 |          0 |
|               (AxiStream2Axi_U0)                                                       |                                             bd_0_hls_inst_0_Filter2d_accel_AxiStream2Axi |         48 |         48 |       0 |    0 |   75 |      0 |      0 |          0 |
|               grp_AxiStream2Axi_Pipeline_MMIterOutLoop2_fu_67                          |                     bd_0_hls_inst_0_Filter2d_accel_AxiStream2Axi_Pipeline_MMIterOutLoop2 |         44 |         44 |       0 |    0 |   43 |      0 |      0 |          0 |
|                 (grp_AxiStream2Axi_Pipeline_MMIterOutLoop2_fu_67)                      |                     bd_0_hls_inst_0_Filter2d_accel_AxiStream2Axi_Pipeline_MMIterOutLoop2 |         10 |         10 |       0 |    0 |   41 |      0 |      0 |          0 |
|                 flow_control_loop_pipe_sequential_init_U                               |                  bd_0_hls_inst_0_Filter2d_accel_flow_control_loop_pipe_sequential_init_7 |         34 |         34 |       0 |    0 |    2 |      0 |      0 |          0 |
|             Mat2AxiStream_U0                                                           |                                             bd_0_hls_inst_0_Filter2d_accel_Mat2AxiStream |        253 |        205 |       0 |   48 |  328 |      0 |      0 |          1 |
|               (Mat2AxiStream_U0)                                                       |                                             bd_0_hls_inst_0_Filter2d_accel_Mat2AxiStream |          0 |          0 |       0 |    0 |    2 |      0 |      0 |          0 |
|               MatStream2AxiStream_2_U0                                                 |                                   bd_0_hls_inst_0_Filter2d_accel_MatStream2AxiStream_2_s |        168 |        168 |       0 |    0 |  307 |      0 |      0 |          1 |
|                 (MatStream2AxiStream_2_U0)                                             |                                   bd_0_hls_inst_0_Filter2d_accel_MatStream2AxiStream_2_s |         35 |         35 |       0 |    0 |  105 |      0 |      0 |          0 |
|                 grp_MatStream2AxiStream_2_Pipeline_MMIterOutRow_MMIterOutCol_fu_79     |  bd_0_hls_inst_0_Filter2d_accel_MatStream2AxiStream_2_Pipeline_MMIterOutRow_MMIterOutCol |        133 |        133 |       0 |    0 |  202 |      0 |      0 |          0 |
|                   (grp_MatStream2AxiStream_2_Pipeline_MMIterOutRow_MMIterOutCol_fu_79) |  bd_0_hls_inst_0_Filter2d_accel_MatStream2AxiStream_2_Pipeline_MMIterOutRow_MMIterOutCol |        118 |        118 |       0 |    0 |  183 |      0 |      0 |          0 |
|                   flow_control_loop_pipe_sequential_init_U                             |                    bd_0_hls_inst_0_Filter2d_accel_flow_control_loop_pipe_sequential_init |         10 |         10 |       0 |    0 |    2 |      0 |      0 |          0 |
|                   lshr_8ns_8ns_8_2_1_U188                                              |                                        bd_0_hls_inst_0_Filter2d_accel_lshr_8ns_8ns_8_2_1 |          1 |          1 |       0 |    0 |    9 |      0 |      0 |          0 |
|                   shl_8ns_4ns_8_2_1_U186                                               |                                         bd_0_hls_inst_0_Filter2d_accel_shl_8ns_4ns_8_2_1 |          4 |          4 |       0 |    0 |    8 |      0 |      0 |          0 |
|                 mul_16ns_16ns_32_4_1_U200                                              |                                      bd_0_hls_inst_0_Filter2d_accel_mul_16ns_16ns_32_4_1 |          0 |          0 |       0 |    0 |    0 |      0 |      0 |          1 |
|               cols_c_U                                                                 |                                           bd_0_hls_inst_0_Filter2d_accel_fifo_w32_d3_S_x |         44 |         12 |       0 |   32 |    5 |      0 |      0 |          0 |
|                 (cols_c_U)                                                             |                                           bd_0_hls_inst_0_Filter2d_accel_fifo_w32_d3_S_x |          9 |          9 |       0 |    0 |    5 |      0 |      0 |          0 |
|                 U_Filter2d_accel_fifo_w32_d3_S_x_ShiftReg                              |                                  bd_0_hls_inst_0_Filter2d_accel_fifo_w32_d3_S_x_ShiftReg |         35 |          3 |       0 |   32 |    0 |      0 |      0 |          0 |
|               last_blk_pxl_width_1_U0                                                  |                                      bd_0_hls_inst_0_Filter2d_accel_last_blk_pxl_width_1 |          6 |          6 |       0 |    0 |    2 |      0 |      0 |          0 |
|               last_blk_width_channel_U                                                 |                                            bd_0_hls_inst_0_Filter2d_accel_fifo_w4_d2_S_x |          6 |          6 |       0 |    0 |    7 |      0 |      0 |          0 |
|                 (last_blk_width_channel_U)                                             |                                            bd_0_hls_inst_0_Filter2d_accel_fifo_w4_d2_S_x |          5 |          5 |       0 |    0 |    5 |      0 |      0 |          0 |
|                 U_Filter2d_accel_fifo_w4_d2_S_x_ShiftReg                               |                                   bd_0_hls_inst_0_Filter2d_accel_fifo_w4_d2_S_x_ShiftReg |          1 |          1 |       0 |    0 |    2 |      0 |      0 |          0 |
|               rows_c_U                                                                 |                                             bd_0_hls_inst_0_Filter2d_accel_fifo_w16_d3_S |         29 |         13 |       0 |   16 |    5 |      0 |      0 |          0 |
|                 (rows_c_U)                                                             |                                             bd_0_hls_inst_0_Filter2d_accel_fifo_w16_d3_S |         10 |         10 |       0 |    0 |    5 |      0 |      0 |          0 |
|                 U_Filter2d_accel_fifo_w16_d3_S_ShiftReg                                |                                    bd_0_hls_inst_0_Filter2d_accel_fifo_w16_d3_S_ShiftReg |         19 |          3 |       0 |   16 |    0 |      0 |      0 |          0 |
|             Mat2Axi_Block_entry24_proc_U0                                              |                                bd_0_hls_inst_0_Filter2d_accel_Mat2Axi_Block_entry24_proc |          1 |          1 |       0 |    0 |   16 |      0 |      0 |          0 |
|             addrbound_U0                                                               |                                                 bd_0_hls_inst_0_Filter2d_accel_addrbound |         17 |         17 |       0 |    0 |   21 |      0 |      0 |          1 |
|             axibound_U                                                                 |                                             bd_0_hls_inst_0_Filter2d_accel_fifo_w15_d2_S |         38 |         38 |       0 |    0 |   35 |      0 |      0 |          0 |
|               (axibound_U)                                                             |                                             bd_0_hls_inst_0_Filter2d_accel_fifo_w15_d2_S |          8 |          8 |       0 |    0 |    5 |      0 |      0 |          0 |
|               U_Filter2d_accel_fifo_w15_d2_S_ShiftReg                                  |                                  bd_0_hls_inst_0_Filter2d_accel_fifo_w15_d2_S_ShiftReg_6 |         30 |         30 |       0 |    0 |   30 |      0 |      0 |          0 |
|             dout_c_U                                                                   |                                             bd_0_hls_inst_0_Filter2d_accel_fifo_w64_d4_S |         75 |         11 |       0 |   64 |    5 |      0 |      0 |          0 |
|               (dout_c_U)                                                               |                                             bd_0_hls_inst_0_Filter2d_accel_fifo_w64_d4_S |          8 |          8 |       0 |    0 |    5 |      0 |      0 |          0 |
|               U_Filter2d_accel_fifo_w64_d4_S_ShiftReg                                  |                                    bd_0_hls_inst_0_Filter2d_accel_fifo_w64_d4_S_ShiftReg |         67 |          3 |       0 |   64 |    0 |      0 |      0 |          0 |
|             ldata_U                                                                    |                                            bd_0_hls_inst_0_Filter2d_accel_fifo_w8_d2_S_x |         13 |         13 |       0 |    0 |   21 |      0 |      0 |          0 |
|               (ldata_U)                                                                |                                            bd_0_hls_inst_0_Filter2d_accel_fifo_w8_d2_S_x |          5 |          5 |       0 |    0 |    5 |      0 |      0 |          0 |
|               U_Filter2d_accel_fifo_w8_d2_S_x_ShiftReg                                 |                                   bd_0_hls_inst_0_Filter2d_accel_fifo_w8_d2_S_x_ShiftReg |          8 |          8 |       0 |    0 |   16 |      0 |      0 |          0 |
|             p_channel_U                                                                |                                           bd_0_hls_inst_0_Filter2d_accel_fifo_w15_d2_S_5 |         22 |         22 |       0 |    0 |   35 |      0 |      0 |          0 |
|               (p_channel_U)                                                            |                                           bd_0_hls_inst_0_Filter2d_accel_fifo_w15_d2_S_5 |          6 |          6 |       0 |    0 |    5 |      0 |      0 |          0 |
|               U_Filter2d_accel_fifo_w15_d2_S_ShiftReg                                  |                                    bd_0_hls_inst_0_Filter2d_accel_fifo_w15_d2_S_ShiftReg |         16 |         16 |       0 |    0 |   30 |      0 |      0 |          0 |
+----------------------------------------------------------------------------------------+------------------------------------------------------------------------------------------+------------+------------+---------+------+------+--------+--------+------------+


