Copyright 1986-2022 Xilinx, Inc. All Rights Reserved. Copyright 2022-2023 Advanced Micro Devices, Inc. All Rights Reserved.
---------------------------------------------------------------------------------------------------------------------------------------------
| Tool Version : Vivado v.2023.2 (lin64) Build 4029153 Fri Oct 13 20:13:54 MDT 2023
| Date         : Sat May  4 12:20:30 2024
| Host         : kd-laptop running 64-bit Ubuntu 22.04.4 LTS
| Command      : report_design_analysis -file ./report/Filter2d_accel_design_analysis_synth.rpt
| Design       : bd_0_wrapper
| Device       : xc7z020
| Design State : Synthesized
---------------------------------------------------------------------------------------------------------------------------------------------

Report Design Analysis

Table of Contents
-----------------
1. Setup Path Characteristics 1-1
2. Logic Level Distribution
3. Placer Final Level Congestion Reporting
4. SLR Net Crossing Reporting

1. Setup Path Characteristics 1-1
---------------------------------

+---------------------------+------------------------------------------------------------------------------------+
|      Characteristics      |                                       Path #1                                      |
+---------------------------+------------------------------------------------------------------------------------+
| Requirement               | 3.300                                                                              |
| Path Delay                | 5.196                                                                              |
| Logic Delay               | 1.295(25%)                                                                         |
| Net Delay                 | 3.901(75%)                                                                         |
| Clock Skew                | -0.039                                                                             |
| Slack                     | -2.394                                                                             |
| Clock Uncertainty         | 0.035                                                                              |
| Clock Relationship        | Safely Timed                                                                       |
| Clock Delay Group         | Same Clock                                                                         |
| Logic Levels              | 7                                                                                  |
| Routes                    | NA                                                                                 |
| Logical Path              | FDRE/C-(3)-LUT6-(1)-LUT6-(1)-LUT6-(15)-LUT4-(2)-LUT5-(1)-LUT6-(5)-LUT5-(30)-FDRE/R |
| Start Point Clock         | ap_clk                                                                             |
| End Point Clock           | ap_clk                                                                             |
| DSP Block                 | None                                                                               |
| RAM Registers             | None-None                                                                          |
| IO Crossings              | 0                                                                                  |
| Config Crossings          | 0                                                                                  |
| SLR Crossings             | 0                                                                                  |
| PBlocks                   | 0                                                                                  |
| High Fanout               | 30                                                                                 |
| Dont Touch                | 0                                                                                  |
| Mark Debug                | 0                                                                                  |
| Start Point Pin Primitive | FDRE/C                                                                             |
| End Point Pin Primitive   | FDRE/R                                                                             |
| Start Point Pin           | bus_wide_gen.len_cnt_reg[28]/C                                                     |
| End Point Pin             | bus_wide_gen.len_cnt_reg[0]/R                                                      |
+---------------------------+------------------------------------------------------------------------------------+
* Bounding box calculated as % of dimensions for the target device (308, 299)


2. Logic Level Distribution
---------------------------

+-----------------+-------------+---+----+----+-----+-----+-----+---+
| End Point Clock | Requirement | 2 |  3 |  4 |  5  |  6  |  7  | 8 |
+-----------------+-------------+---+----+----+-----+-----+-----+---+
| ap_clk          | 3.300ns     | 1 | 60 | 44 | 603 | 102 | 189 | 1 |
+-----------------+-------------+---+----+----+-----+-----+-----+---+
* Columns represent the logic levels per end point clock
** Distribution is for top worst 1000 paths


3. Placer Final Level Congestion Reporting
------------------------------------------

+-----------+------+-------+------------+--------+---------------+---------------+-----+--------+------+------+------+-----+-------+-----+------------+
| Direction | Type | Level | Congestion | Window | Combined LUTs | Avg LUT Input | LUT | LUTRAM | Flop | MUXF | RAMB | DSP | CARRY | SRL | Cell Names |
+-----------+------+-------+------------+--------+---------------+---------------+-----+--------+------+------+------+-----+-------+-----+------------+
* The design has not been placed, hence congestion data is not available. The command report_design_analysis -congestion should be run only after place_design has completed.


4. SLR Net Crossing Reporting
-----------------------------

+------------+-----------------------------+
| Cell Names | Number of Nets crossing SLR |
+------------+-----------------------------+
* The current part is not an SSI device


