

================================================================
== Vitis HLS Report for 'AxiStream2Axi'
================================================================
* Date:           Sat May  4 12:09:37 2024

* Version:        2023.2 (Build 4023990 on Oct 11 2023)
* Project:        customconv_ked.prj
* Solution:       sol1 (Vivado IP Flow Target)
* Product family: zynq
* Target device:  xc7z020-clg484-2


================================================================
== Performance Estimates
================================================================
+ Timing: 
    * Summary: 
    +--------+---------+----------+------------+
    |  Clock |  Target | Estimated| Uncertainty|
    +--------+---------+----------+------------+
    |ap_clk  |  3.30 ns|  2.835 ns|     0.89 ns|
    +--------+---------+----------+------------+

+ Latency: 
    * Summary: 
    +---------+---------+-----------+-----------+-----+-------+---------+
    |  Latency (cycles) |   Latency (absolute)  |   Interval  | Pipeline|
    |   min   |   max   |    min    |    max    | min |  max  |   Type  |
    +---------+---------+-----------+-----------+-----+-------+---------+
    |       12|    16395|  39.600 ns|  54.103 us|   12|  16395|       no|
    +---------+---------+-----------+-----------+-----+-------+---------+

    + Detail: 
        * Instance: 
        +-------------------------------------------------+---------------------------------------+---------+---------+-----------+-----------+-----+-------+---------+
        |                                                 |                                       |  Latency (cycles) |   Latency (absolute)  |   Interval  | Pipeline|
        |                     Instance                    |                 Module                |   min   |   max   |    min    |    max    | min |  max  |   Type  |
        +-------------------------------------------------+---------------------------------------+---------+---------+-----------+-----------+-----+-------+---------+
        |grp_AxiStream2Axi_Pipeline_MMIterOutLoop2_fu_67  |AxiStream2Axi_Pipeline_MMIterOutLoop2  |        4|    16387|  13.200 ns|  54.077 us|    4|  16387|       no|
        +-------------------------------------------------+---------------------------------------+---------+---------+-----------+-----------+-----+-------+---------+

        * Loop: 
        N/A



================================================================
== Utilization Estimates
================================================================
* Summary: 
+-----------------+---------+-----+--------+-------+-----+
|       Name      | BRAM_18K| DSP |   FF   |  LUT  | URAM|
+-----------------+---------+-----+--------+-------+-----+
|DSP              |        -|    -|       -|      -|    -|
|Expression       |        -|    -|       0|      1|    -|
|FIFO             |        -|    -|       -|      -|    -|
|Instance         |        -|    -|      43|     92|    -|
|Memory           |        -|    -|       -|      -|    -|
|Multiplexer      |        -|    -|       -|    228|    -|
|Register         |        -|    -|      75|      -|    -|
+-----------------+---------+-----+--------+-------+-----+
|Total            |        0|    0|     118|    321|    0|
+-----------------+---------+-----+--------+-------+-----+
|Available        |      280|  220|  106400|  53200|    0|
+-----------------+---------+-----+--------+-------+-----+
|Utilization (%)  |        0|    0|      ~0|     ~0|    0|
+-----------------+---------+-----+--------+-------+-----+

+ Detail: 
    * Instance: 
    +-------------------------------------------------+---------------------------------------+---------+----+----+----+-----+
    |                     Instance                    |                 Module                | BRAM_18K| DSP| FF | LUT| URAM|
    +-------------------------------------------------+---------------------------------------+---------+----+----+----+-----+
    |grp_AxiStream2Axi_Pipeline_MMIterOutLoop2_fu_67  |AxiStream2Axi_Pipeline_MMIterOutLoop2  |        0|   0|  43|  92|    0|
    +-------------------------------------------------+---------------------------------------+---------+----+----+----+-----+
    |Total                                            |                                       |        0|   0|  43|  92|    0|
    +-------------------------------------------------+---------------------------------------+---------+----+----+----+-----+

    * DSP: 
    N/A

    * Memory: 
    N/A

    * FIFO: 
    N/A

    * Expression: 
    +-----------------+----------+----+---+----+------------+------------+
    |  Variable Name  | Operation| DSP| FF| LUT| Bitwidth P0| Bitwidth P1|
    +-----------------+----------+----+---+----+------------+------------+
    |ap_block_state1  |        or|   0|  0|   1|           1|           1|
    +-----------------+----------+----+---+----+------------+------------+
    |Total            |          |   0|  0|   1|           1|           1|
    +-----------------+----------+----+---+----+------------+------------+

    * Multiplexer: 
    +----------------------+----+-----------+-----+-----------+
    |         Name         | LUT| Input Size| Bits| Total Bits|
    +----------------------+----+-----------+-----+-----------+
    |ap_NS_fsm             |  41|         10|    1|         10|
    |ap_done               |   9|          2|    1|          2|
    |dout_blk_n            |   9|          2|    1|          2|
    |gmem2_blk_n_AW        |   9|          2|    1|          2|
    |gmem2_blk_n_B         |   9|          2|    1|          2|
    |ldata_read            |   9|          2|    1|          2|
    |m_axi_gmem2_AWADDR    |  13|          3|   64|        192|
    |m_axi_gmem2_AWBURST   |   9|          2|    2|          4|
    |m_axi_gmem2_AWCACHE   |   9|          2|    4|          8|
    |m_axi_gmem2_AWID      |   9|          2|    1|          2|
    |m_axi_gmem2_AWLEN     |  13|          3|   32|         96|
    |m_axi_gmem2_AWLOCK    |   9|          2|    2|          4|
    |m_axi_gmem2_AWPROT    |   9|          2|    3|          6|
    |m_axi_gmem2_AWQOS     |   9|          2|    4|          8|
    |m_axi_gmem2_AWREGION  |   9|          2|    4|          8|
    |m_axi_gmem2_AWSIZE    |   9|          2|    3|          6|
    |m_axi_gmem2_AWUSER    |   9|          2|    1|          2|
    |m_axi_gmem2_AWVALID   |  13|          3|    1|          3|
    |m_axi_gmem2_BREADY    |  13|          3|    1|          3|
    |m_axi_gmem2_WVALID    |   9|          2|    1|          2|
    +----------------------+----+-----------+-----+-----------+
    |Total                 | 228|         52|  129|        364|
    +----------------------+----+-----------+-----+-----------+

    * Register: 
    +--------------------------------------------------------------+----+----+-----+-----------+
    |                             Name                             | FF | LUT| Bits| Const Bits|
    +--------------------------------------------------------------+----+----+-----+-----------+
    |ap_CS_fsm                                                     |   9|   0|    9|          0|
    |ap_done_reg                                                   |   1|   0|    1|          0|
    |dout_1_reg_93                                                 |  64|   0|   64|          0|
    |grp_AxiStream2Axi_Pipeline_MMIterOutLoop2_fu_67_ap_start_reg  |   1|   0|    1|          0|
    +--------------------------------------------------------------+----+----+-----+-----------+
    |Total                                                         |  75|   0|   75|          0|
    +--------------------------------------------------------------+----+----+-----+-----------+



================================================================
== Interface
================================================================
* Summary: 
+----------------------+-----+-----+------------+----------------+--------------+
|       RTL Ports      | Dir | Bits|  Protocol  |  Source Object |    C Type    |
+----------------------+-----+-----+------------+----------------+--------------+
|ap_clk                |   in|    1|  ap_ctrl_hs|   AxiStream2Axi|  return value|
|ap_rst                |   in|    1|  ap_ctrl_hs|   AxiStream2Axi|  return value|
|ap_start              |   in|    1|  ap_ctrl_hs|   AxiStream2Axi|  return value|
|ap_done               |  out|    1|  ap_ctrl_hs|   AxiStream2Axi|  return value|
|ap_continue           |   in|    1|  ap_ctrl_hs|   AxiStream2Axi|  return value|
|ap_idle               |  out|    1|  ap_ctrl_hs|   AxiStream2Axi|  return value|
|ap_ready              |  out|    1|  ap_ctrl_hs|   AxiStream2Axi|  return value|
|ldata_dout            |   in|    8|     ap_fifo|           ldata|       pointer|
|ldata_num_data_valid  |   in|    3|     ap_fifo|           ldata|       pointer|
|ldata_fifo_cap        |   in|    3|     ap_fifo|           ldata|       pointer|
|ldata_empty_n         |   in|    1|     ap_fifo|           ldata|       pointer|
|ldata_read            |  out|    1|     ap_fifo|           ldata|       pointer|
|m_axi_gmem2_AWVALID   |  out|    1|       m_axi|           gmem2|       pointer|
|m_axi_gmem2_AWREADY   |   in|    1|       m_axi|           gmem2|       pointer|
|m_axi_gmem2_AWADDR    |  out|   64|       m_axi|           gmem2|       pointer|
|m_axi_gmem2_AWID      |  out|    1|       m_axi|           gmem2|       pointer|
|m_axi_gmem2_AWLEN     |  out|   32|       m_axi|           gmem2|       pointer|
|m_axi_gmem2_AWSIZE    |  out|    3|       m_axi|           gmem2|       pointer|
|m_axi_gmem2_AWBURST   |  out|    2|       m_axi|           gmem2|       pointer|
|m_axi_gmem2_AWLOCK    |  out|    2|       m_axi|           gmem2|       pointer|
|m_axi_gmem2_AWCACHE   |  out|    4|       m_axi|           gmem2|       pointer|
|m_axi_gmem2_AWPROT    |  out|    3|       m_axi|           gmem2|       pointer|
|m_axi_gmem2_AWQOS     |  out|    4|       m_axi|           gmem2|       pointer|
|m_axi_gmem2_AWREGION  |  out|    4|       m_axi|           gmem2|       pointer|
|m_axi_gmem2_AWUSER    |  out|    1|       m_axi|           gmem2|       pointer|
|m_axi_gmem2_WVALID    |  out|    1|       m_axi|           gmem2|       pointer|
|m_axi_gmem2_WREADY    |   in|    1|       m_axi|           gmem2|       pointer|
|m_axi_gmem2_WDATA     |  out|    8|       m_axi|           gmem2|       pointer|
|m_axi_gmem2_WSTRB     |  out|    1|       m_axi|           gmem2|       pointer|
|m_axi_gmem2_WLAST     |  out|    1|       m_axi|           gmem2|       pointer|
|m_axi_gmem2_WID       |  out|    1|       m_axi|           gmem2|       pointer|
|m_axi_gmem2_WUSER     |  out|    1|       m_axi|           gmem2|       pointer|
|m_axi_gmem2_ARVALID   |  out|    1|       m_axi|           gmem2|       pointer|
|m_axi_gmem2_ARREADY   |   in|    1|       m_axi|           gmem2|       pointer|
|m_axi_gmem2_ARADDR    |  out|   64|       m_axi|           gmem2|       pointer|
|m_axi_gmem2_ARID      |  out|    1|       m_axi|           gmem2|       pointer|
|m_axi_gmem2_ARLEN     |  out|   32|       m_axi|           gmem2|       pointer|
|m_axi_gmem2_ARSIZE    |  out|    3|       m_axi|           gmem2|       pointer|
|m_axi_gmem2_ARBURST   |  out|    2|       m_axi|           gmem2|       pointer|
|m_axi_gmem2_ARLOCK    |  out|    2|       m_axi|           gmem2|       pointer|
|m_axi_gmem2_ARCACHE   |  out|    4|       m_axi|           gmem2|       pointer|
|m_axi_gmem2_ARPROT    |  out|    3|       m_axi|           gmem2|       pointer|
|m_axi_gmem2_ARQOS     |  out|    4|       m_axi|           gmem2|       pointer|
|m_axi_gmem2_ARREGION  |  out|    4|       m_axi|           gmem2|       pointer|
|m_axi_gmem2_ARUSER    |  out|    1|       m_axi|           gmem2|       pointer|
|m_axi_gmem2_RVALID    |   in|    1|       m_axi|           gmem2|       pointer|
|m_axi_gmem2_RREADY    |  out|    1|       m_axi|           gmem2|       pointer|
|m_axi_gmem2_RDATA     |   in|    8|       m_axi|           gmem2|       pointer|
|m_axi_gmem2_RLAST     |   in|    1|       m_axi|           gmem2|       pointer|
|m_axi_gmem2_RID       |   in|    1|       m_axi|           gmem2|       pointer|
|m_axi_gmem2_RFIFONUM  |   in|   11|       m_axi|           gmem2|       pointer|
|m_axi_gmem2_RUSER     |   in|    1|       m_axi|           gmem2|       pointer|
|m_axi_gmem2_RRESP     |   in|    2|       m_axi|           gmem2|       pointer|
|m_axi_gmem2_BVALID    |   in|    1|       m_axi|           gmem2|       pointer|
|m_axi_gmem2_BREADY    |  out|    1|       m_axi|           gmem2|       pointer|
|m_axi_gmem2_BRESP     |   in|    2|       m_axi|           gmem2|       pointer|
|m_axi_gmem2_BID       |   in|    1|       m_axi|           gmem2|       pointer|
|m_axi_gmem2_BUSER     |   in|    1|       m_axi|           gmem2|       pointer|
|dout_dout             |   in|   64|     ap_fifo|            dout|       pointer|
|dout_num_data_valid   |   in|    3|     ap_fifo|            dout|       pointer|
|dout_fifo_cap         |   in|    3|     ap_fifo|            dout|       pointer|
|dout_empty_n          |   in|    1|     ap_fifo|            dout|       pointer|
|dout_read             |  out|    1|     ap_fifo|            dout|       pointer|
|addrbound_read        |   in|   15|     ap_none|  addrbound_read|        scalar|
+----------------------+-----+-----+------------+----------------+--------------+

