

================================================================
== Vitis HLS Report for 'AxiStream2MatStream_2_Pipeline_MMIterInLoopRow'
================================================================
* Date:           Sat May  4 12:09:35 2024

* Version:        2023.2 (Build 4023990 on Oct 11 2023)
* Project:        customconv_ked.prj
* Solution:       sol1 (Vivado IP Flow Target)
* Product family: zynq
* Target device:  xc7z020-clg484-2


================================================================
== Performance Estimates
================================================================
+ Timing: 
    * Summary: 
    +--------+---------+----------+------------+
    |  Clock |  Target | Estimated| Uncertainty|
    +--------+---------+----------+------------+
    |ap_clk  |  3.30 ns|  2.104 ns|     0.89 ns|
    +--------+---------+----------+------------+

+ Latency: 
    * Summary: 
    +---------+---------+-----------+----------+-----+-------+---------+
    |  Latency (cycles) |  Latency (absolute)  |   Interval  | Pipeline|
    |   min   |   max   |    min    |    max   | min |  max  |   Type  |
    +---------+---------+-----------+----------+-----+-------+---------+
    |       11|    32777|  36.300 ns|  0.108 ms|   11|  32777|       no|
    +---------+---------+-----------+----------+-----+-------+---------+

    + Detail: 
        * Instance: 
        N/A

        * Loop: 
        +-------------------+---------+---------+----------+-----------+-----------+-----------+----------+
        |                   |  Latency (cycles) | Iteration|  Initiation Interval  |    Trip   |          |
        |     Loop Name     |   min   |   max   |  Latency |  achieved |   target  |   Count   | Pipelined|
        +-------------------+---------+---------+----------+-----------+-----------+-----------+----------+
        |- MMIterInLoopRow  |        9|    32775|        10|          2|          1|  1 ~ 16384|       yes|
        +-------------------+---------+---------+----------+-----------+-----------+-----------+----------+



================================================================
== Utilization Estimates
================================================================
* Summary: 
+-----------------+---------+-----+--------+-------+-----+
|       Name      | BRAM_18K| DSP |   FF   |  LUT  | URAM|
+-----------------+---------+-----+--------+-------+-----+
|DSP              |        -|    -|       -|      -|    -|
|Expression       |        -|    -|     200|    736|    -|
|FIFO             |        -|    -|       -|      -|    -|
|Instance         |        -|    -|     120|     63|    -|
|Memory           |        -|    -|       -|      -|    -|
|Multiplexer      |        -|    -|       -|    156|    -|
|Register         |        -|    -|     892|    160|    -|
+-----------------+---------+-----+--------+-------+-----+
|Total            |        0|    0|    1212|   1115|    0|
+-----------------+---------+-----+--------+-------+-----+
|Available        |      280|  220|  106400|  53200|    0|
+-----------------+---------+-----+--------+-------+-----+
|Utilization (%)  |        0|    0|       1|      2|    0|
+-----------------+---------+-----+--------+-------+-----+

+ Detail: 
    * Instance: 
    +------------------------+--------------------+---------+----+----+----+-----+
    |        Instance        |       Module       | BRAM_18K| DSP| FF | LUT| URAM|
    +------------------------+--------------------+---------+----+----+----+-----+
    |lshr_8ns_3ns_8_2_1_U25  |lshr_8ns_3ns_8_2_1  |        0|   0|  40|  21|    0|
    |lshr_8ns_3ns_8_2_1_U27  |lshr_8ns_3ns_8_2_1  |        0|   0|  40|  21|    0|
    |shl_8ns_3ns_8_2_1_U26   |shl_8ns_3ns_8_2_1   |        0|   0|  40|  21|    0|
    +------------------------+--------------------+---------+----+----+----+-----+
    |Total                   |                    |        0|   0| 120|  63|    0|
    +------------------------+--------------------+---------+----+----+----+-----+

    * DSP: 
    N/A

    * Memory: 
    N/A

    * FIFO: 
    N/A

    * Expression: 
    +-----------------------------------+----------+----+----+----+------------+------------+
    |           Variable Name           | Operation| DSP| FF | LUT| Bitwidth P0| Bitwidth P1|
    +-----------------------------------+----------+----+----+----+------------+------------+
    |add_ln1054_fu_203_p2               |         +|   0|   0|  31|          31|           1|
    |add_ln1071_fu_305_p2               |         +|   0|   0|   7|           5|           2|
    |add_ln1074_fu_284_p2               |         +|   0|   0|   7|           5|           3|
    |add_ln1086_fu_224_p2               |         +|   0|   0|  32|          32|           1|
    |rem_2_fu_321_p2                    |         +|   0|   0|  32|          32|          32|
    |rem_3_fu_289_p2                    |         -|   0|   0|  32|          32|          32|
    |sub_ln1067_fu_299_p2               |         -|   0|   0|   4|           1|           3|
    |sub_ln1071_fu_315_p2               |         -|   0|   0|   4|           3|           3|
    |sub_ln1074_1_fu_345_p2             |         -|   0|   0|  32|           4|          32|
    |sub_ln1074_2_fu_407_p2             |         -|   0|   0|   4|           3|           3|
    |sub_ln1074_3_fu_411_p2             |         -|   0|   0|   4|           3|           3|
    |sub_ln1074_fu_340_p2               |         -|   0|   0|  32|          32|          32|
    |sub_ln1082_fu_214_p2               |         -|   0|   0|   4|           1|           3|
    |and_ln1071_1_fu_525_p2             |       and|   0|   0|   8|           8|           8|
    |and_ln1071_2_fu_563_p2             |       and|   0|   0|   8|           8|           8|
    |and_ln1071_3_fu_569_p2             |       and|   0|   0|   8|           8|           8|
    |and_ln1071_fu_415_p2               |       and|   0|   0|   8|           8|           8|
    |ap_block_state11_pp0_stage0_iter5  |       and|   0|   0|   1|           1|           1|
    |ap_block_state5_pp0_stage0_iter2   |       and|   0|   0|   1|           1|           1|
    |ap_condition_302                   |       and|   0|   0|   1|           1|           1|
    |ap_condition_721                   |       and|   0|   0|   1|           1|           1|
    |ap_condition_724                   |       and|   0|   0|   1|           1|           1|
    |ap_predicate_op79_read_state5      |       and|   0|   0|   1|           1|           1|
    |imgInput_data_din                  |       and|   0|   0|   8|           8|           8|
    |localbuffer_5_fu_580_p2            |       and|   0|   0|   8|           8|           8|
    |bLast_width_fu_209_p2              |      icmp|   0|   0|  32|          32|          32|
    |icmp_ln1054_fu_198_p2              |      icmp|   0|   0|  32|          32|          32|
    |icmp_ln1065_fu_278_p2              |      icmp|   0|   0|  32|          32|          32|
    |icmp_ln1066_fu_362_p2              |      icmp|   0|   0|  32|          32|           1|
    |icmp_ln1071_fu_394_p2              |      icmp|   0|   0|  32|          32|          32|
    |icmp_ln1074_fu_403_p2              |      icmp|   0|   0|  32|          32|          32|
    |icmp_ln1084_fu_219_p2              |      icmp|   0|   0|  32|          32|          32|
    |lshr_ln1071_1_fu_460_p2            |      lshr|   0|  40|  21|           2|           8|
    |lshr_ln1071_fu_388_p2              |      lshr|   0|  40|  21|           2|           8|
    |lshr_ln1074_1_fu_511_p2            |      lshr|   0|  40|  21|           2|           8|
    |lshr_ln1082_fu_245_p2              |      lshr|   0|  40|  21|           2|           8|
    |ap_block_pp0_stage0_01001          |        or|   0|   0|   1|           1|           1|
    |localbuffer_4_fu_574_p2            |        or|   0|   0|   8|           8|           8|
    |j_4_fu_251_p3                      |    select|   0|   0|  32|           1|           1|
    |localbuffer_3_fu_537_p3            |    select|   0|   0|   8|           1|           1|
    |ptr_width_minus_fu_236_p3          |    select|   0|   0|   5|           1|           5|
    |select_ln1059_fu_584_p3            |    select|   0|   0|   8|           1|           8|
    |select_ln1071_1_fu_429_p3          |    select|   0|   0|   3|           1|           3|
    |select_ln1071_2_fu_434_p3          |    select|   0|   0|   3|           1|           3|
    |select_ln1071_3_fu_552_p3          |    select|   0|   0|   8|           1|           8|
    |select_ln1071_fu_424_p3            |    select|   0|   0|   3|           1|           3|
    |select_ln1074_1_fu_484_p3          |    select|   0|   0|   3|           1|           3|
    |select_ln1074_2_fu_489_p3          |    select|   0|   0|   8|           1|           8|
    |select_ln1074_3_fu_495_p3          |    select|   0|   0|   3|           1|           3|
    |select_ln1074_fu_330_p3            |    select|   0|   0|   5|           1|           5|
    |xf_bits_per_clock_fu_230_p3        |    select|   0|   0|   5|           1|           4|
    |shl_ln1071_1_fu_454_p2             |       shl|   0|  40|  21|           2|           8|
    |ap_enable_pp0                      |       xor|   0|   0|   2|           1|           2|
    |xor_ln1071_1_fu_419_p2             |       xor|   0|   0|   3|           3|           2|
    |xor_ln1071_2_fu_440_p2             |       xor|   0|   0|   3|           3|           2|
    |xor_ln1071_3_fu_558_p2             |       xor|   0|   0|   8|           2|           8|
    |xor_ln1071_fu_379_p2               |       xor|   0|   0|   3|           3|           2|
    |xor_ln1074_1_fu_501_p2             |       xor|   0|   0|   3|           3|           2|
    |xor_ln1074_fu_479_p2               |       xor|   0|   0|   3|           3|           2|
    +-----------------------------------+----------+----+----+----+------------+------------+
    |Total                              |          |   0| 200| 736|         512|         521|
    +-----------------------------------+----------+----+----+----+------------+------------+

    * Multiplexer: 
    +--------------------------------------------+----+-----------+-----+-----------+
    |                    Name                    | LUT| Input Size| Bits| Total Bits|
    +--------------------------------------------+----+-----------+-----+-----------+
    |ap_NS_fsm                                   |  13|          3|    1|          3|
    |ap_done_int                                 |   9|          2|    1|          2|
    |ap_enable_reg_pp0_iter0                     |   9|          2|    1|          2|
    |ap_enable_reg_pp0_iter2                     |   9|          2|    1|          2|
    |ap_enable_reg_pp0_iter5                     |   9|          2|    1|          2|
    |ap_loop_exit_ready_pp0_iter1_reg            |   9|          2|    1|          2|
    |ap_loop_exit_ready_pp0_iter2_reg            |   9|          2|    1|          2|
    |ap_loop_exit_ready_pp0_iter3_reg            |   9|          2|    1|          2|
    |ap_loop_exit_ready_pp0_iter4_reg            |   9|          2|    1|          2|
    |ap_phi_reg_pp0_iter5_localbuffer_1_reg_155  |  13|          3|    8|         24|
    |i_fu_88                                     |   9|          2|   31|         62|
    |imgInput_data_blk_n                         |   9|          2|    1|          2|
    |j_fu_92                                     |   9|          2|   32|         64|
    |ldata_blk_n                                 |   9|          2|    1|          2|
    |rem_fu_84                                   |  13|          3|   32|         96|
    |val_fu_96                                   |   9|          2|    8|         16|
    +--------------------------------------------+----+-----------+-----+-----------+
    |Total                                       | 156|         35|  122|        285|
    +--------------------------------------------+----+-----------+-----+-----------+

    * Register: 
    +--------------------------------------------+----+----+-----+-----------+
    |                    Name                    | FF | LUT| Bits| Const Bits|
    +--------------------------------------------+----+----+-----+-----------+
    |add_ln1054_reg_665                          |  31|   0|   31|          0|
    |add_ln1071_reg_744                          |   5|   0|    5|          0|
    |add_ln1074_reg_721                          |   5|   0|    5|          0|
    |add_ln1086_reg_688                          |  32|   0|   32|          0|
    |and_ln1071_1_reg_887                        |   8|   0|    8|          0|
    |and_ln1071_reg_847                          |   8|   0|    8|          0|
    |ap_CS_fsm                                   |   2|   0|    2|          0|
    |ap_done_reg                                 |   1|   0|    1|          0|
    |ap_enable_reg_pp0_iter0_reg                 |   1|   0|    1|          0|
    |ap_enable_reg_pp0_iter1                     |   1|   0|    1|          0|
    |ap_enable_reg_pp0_iter2                     |   1|   0|    1|          0|
    |ap_enable_reg_pp0_iter3                     |   1|   0|    1|          0|
    |ap_enable_reg_pp0_iter4                     |   1|   0|    1|          0|
    |ap_enable_reg_pp0_iter5                     |   1|   0|    1|          0|
    |ap_loop_exit_ready_pp0_iter1_reg            |   1|   0|    1|          0|
    |ap_loop_exit_ready_pp0_iter2_reg            |   1|   0|    1|          0|
    |ap_loop_exit_ready_pp0_iter3_reg            |   1|   0|    1|          0|
    |ap_loop_exit_ready_pp0_iter4_reg            |   1|   0|    1|          0|
    |ap_phi_reg_pp0_iter1_localbuffer_1_reg_155  |   8|   0|    8|          0|
    |ap_phi_reg_pp0_iter2_localbuffer_1_reg_155  |   8|   0|    8|          0|
    |ap_phi_reg_pp0_iter3_localbuffer_1_reg_155  |   8|   0|    8|          0|
    |ap_phi_reg_pp0_iter4_localbuffer_1_reg_155  |   8|   0|    8|          0|
    |ap_phi_reg_pp0_iter5_localbuffer_1_reg_155  |   8|   0|    8|          0|
    |bLast_width_reg_670                         |   1|   0|    1|          0|
    |i_fu_88                                     |  31|   0|   31|          0|
    |icmp_ln1054_reg_661                         |   1|   0|    1|          0|
    |icmp_ln1065_reg_717                         |   1|   0|    1|          0|
    |icmp_ln1066_reg_796                         |   1|   0|    1|          0|
    |icmp_ln1066_reg_796_pp0_iter3_reg           |   1|   0|    1|          0|
    |icmp_ln1071_reg_817                         |   1|   0|    1|          0|
    |icmp_ln1071_reg_817_pp0_iter3_reg           |   1|   0|    1|          0|
    |icmp_ln1074_reg_825                         |   1|   0|    1|          0|
    |icmp_ln1084_reg_684                         |   1|   0|    1|          0|
    |j_fu_92                                     |  32|   0|   32|          0|
    |last_blk_width_cast3_cast_reg_656           |   4|   0|    5|          1|
    |localbuffer_4_reg_909                       |   8|   0|    8|          0|
    |localbuffer_reg_842                         |   8|   0|    8|          0|
    |localbuffer_reg_842_pp0_iter3_reg           |   8|   0|    8|          0|
    |lshr_ln1071_1_reg_862                       |   8|   0|    8|          0|
    |lshr_ln1071_reg_812                         |   8|   0|    8|          0|
    |lshr_ln1074_1_reg_877                       |   8|   0|    8|          0|
    |lshr_ln1074_1_reg_877_pp0_iter4_reg         |   8|   0|    8|          0|
    |lshr_ln1074_reg_904                         |   8|   0|    8|          0|
    |lshr_ln1082_reg_704                         |   8|   0|    8|          0|
    |ptr_width_minus_reg_699                     |   5|   0|    5|          0|
    |rem_1_reg_709                               |  32|   0|   32|          0|
    |rem_2_reg_760                               |  32|   0|   32|          0|
    |rem_3_reg_726                               |  32|   0|   32|          0|
    |rem_fu_84                                   |  32|   0|   32|          0|
    |select_ln1071_2_reg_852                     |   3|   0|    3|          0|
    |select_ln1074_2_reg_867                     |   8|   0|    8|          0|
    |select_ln1074_3_reg_872                     |   3|   0|    3|          0|
    |shl_ln1071_1_reg_857                        |   8|   0|    8|          0|
    |shl_ln1071_reg_898                          |   8|   0|    8|          0|
    |sub_ln1067_reg_739                          |   3|   0|    3|          0|
    |sub_ln1071_reg_755                          |   3|   0|    3|          0|
    |sub_ln1074_1_reg_777                        |  32|   0|   32|          0|
    |sub_ln1074_2_reg_832                        |   3|   0|    3|          0|
    |sub_ln1074_3_reg_837                        |   3|   0|    3|          0|
    |sub_ln1074_reg_772                          |  32|   0|   32|          0|
    |sub_ln1082_reg_679                          |   3|   0|    3|          0|
    |trunc_ln1067_reg_731                        |   3|   0|    3|          0|
    |trunc_ln1071_reg_749                        |   3|   0|    3|          0|
    |trunc_ln1074_1_reg_790                      |   3|   0|    3|          0|
    |trunc_ln1074_reg_782                        |   3|   0|    3|          0|
    |val_2_reg_806                               |   8|   0|    8|          0|
    |val_fu_96                                   |   8|   0|    8|          0|
    |val_load_reg_765                            |   8|   0|    8|          0|
    |xf_bits_per_clock_reg_693                   |   4|   0|    4|          0|
    |bLast_width_reg_670                         |  64|  32|    1|          0|
    |icmp_ln1054_reg_661                         |  64|  32|    1|          0|
    |icmp_ln1065_reg_717                         |  64|  32|    1|          0|
    |icmp_ln1084_reg_684                         |  64|  32|    1|          0|
    |lshr_ln1082_reg_704                         |  64|  32|    8|          0|
    +--------------------------------------------+----+----+-----+-----------+
    |Total                                       | 892| 160|  585|          1|
    +--------------------------------------------+----+----+-----+-----------+



================================================================
== Interface
================================================================
* Summary: 
+------------------------------+-----+-----+------------+-------------------------------------------------+--------------+
|           RTL Ports          | Dir | Bits|  Protocol  |                  Source Object                  |    C Type    |
+------------------------------+-----+-----+------------+-------------------------------------------------+--------------+
|ap_clk                        |   in|    1|  ap_ctrl_hs|  AxiStream2MatStream<2>_Pipeline_MMIterInLoopRow|  return value|
|ap_rst                        |   in|    1|  ap_ctrl_hs|  AxiStream2MatStream<2>_Pipeline_MMIterInLoopRow|  return value|
|ap_start                      |   in|    1|  ap_ctrl_hs|  AxiStream2MatStream<2>_Pipeline_MMIterInLoopRow|  return value|
|ap_done                       |  out|    1|  ap_ctrl_hs|  AxiStream2MatStream<2>_Pipeline_MMIterInLoopRow|  return value|
|ap_idle                       |  out|    1|  ap_ctrl_hs|  AxiStream2MatStream<2>_Pipeline_MMIterInLoopRow|  return value|
|ap_ready                      |  out|    1|  ap_ctrl_hs|  AxiStream2MatStream<2>_Pipeline_MMIterInLoopRow|  return value|
|bound                         |   in|   32|     ap_none|                                            bound|        scalar|
|empty                         |   in|    3|     ap_none|                                            empty|        scalar|
|cols_bound_per_npc_load       |   in|   32|     ap_none|                          cols_bound_per_npc_load|        scalar|
|ldata_dout                    |   in|    8|     ap_fifo|                                            ldata|       pointer|
|ldata_num_data_valid          |   in|    3|     ap_fifo|                                            ldata|       pointer|
|ldata_fifo_cap                |   in|    3|     ap_fifo|                                            ldata|       pointer|
|ldata_empty_n                 |   in|    1|     ap_fifo|                                            ldata|       pointer|
|ldata_read                    |  out|    1|     ap_fifo|                                            ldata|       pointer|
|sub                           |   in|   32|     ap_none|                                              sub|        scalar|
|last_blk_width_load           |   in|    4|     ap_none|                              last_blk_width_load|        scalar|
|sub3                          |   in|    5|     ap_none|                                             sub3|        scalar|
|last_blk_width_cast3          |   in|    4|     ap_none|                             last_blk_width_cast3|        scalar|
|imgInput_data_din             |  out|    8|     ap_fifo|                                    imgInput_data|       pointer|
|imgInput_data_num_data_valid  |   in|    3|     ap_fifo|                                    imgInput_data|       pointer|
|imgInput_data_fifo_cap        |   in|    3|     ap_fifo|                                    imgInput_data|       pointer|
|imgInput_data_full_n          |   in|    1|     ap_fifo|                                    imgInput_data|       pointer|
|imgInput_data_write           |  out|    1|     ap_fifo|                                    imgInput_data|       pointer|
+------------------------------+-----+-----+------------+-------------------------------------------------+--------------+

