

================================================================
== Vitis HLS Report for 'AxiStream2Axi_Pipeline_MMIterOutLoop2'
================================================================
* Date:           Sat May  4 12:09:37 2024

* Version:        2023.2 (Build 4023990 on Oct 11 2023)
* Project:        customconv_ked.prj
* Solution:       sol1 (Vivado IP Flow Target)
* Product family: zynq
* Target device:  xc7z020-clg484-2


================================================================
== Performance Estimates
================================================================
+ Timing: 
    * Summary: 
    +--------+---------+----------+------------+
    |  Clock |  Target | Estimated| Uncertainty|
    +--------+---------+----------+------------+
    |ap_clk  |  3.30 ns|  2.835 ns|     0.89 ns|
    +--------+---------+----------+------------+

+ Latency: 
    * Summary: 
    +---------+---------+-----------+-----------+-----+-------+---------+
    |  Latency (cycles) |   Latency (absolute)  |   Interval  | Pipeline|
    |   min   |   max   |    min    |    max    | min |  max  |   Type  |
    +---------+---------+-----------+-----------+-----+-------+---------+
    |        4|    16387|  13.200 ns|  54.077 us|    4|  16387|       no|
    +---------+---------+-----------+-----------+-----+-------+---------+

    + Detail: 
        * Instance: 
        N/A

        * Loop: 
        +------------------+---------+---------+----------+-----------+-----------+-----------+----------+
        |                  |  Latency (cycles) | Iteration|  Initiation Interval  |    Trip   |          |
        |     Loop Name    |   min   |   max   |  Latency |  achieved |   target  |   Count   | Pipelined|
        +------------------+---------+---------+----------+-----------+-----------+-----------+----------+
        |- MMIterOutLoop2  |        2|    16385|         3|          1|          1|  1 ~ 16384|       yes|
        +------------------+---------+---------+----------+-----------+-----------+-----------+----------+



================================================================
== Utilization Estimates
================================================================
* Summary: 
+-----------------+---------+-----+--------+-------+-----+
|       Name      | BRAM_18K| DSP |   FF   |  LUT  | URAM|
+-----------------+---------+-----+--------+-------+-----+
|DSP              |        -|    -|       -|      -|    -|
|Expression       |        -|    -|       0|     34|    -|
|FIFO             |        -|    -|       -|      -|    -|
|Instance         |        -|    -|       -|      -|    -|
|Memory           |        -|    -|       -|      -|    -|
|Multiplexer      |        -|    -|       -|     58|    -|
|Register         |        -|    -|      43|      -|    -|
+-----------------+---------+-----+--------+-------+-----+
|Total            |        0|    0|      43|     92|    0|
+-----------------+---------+-----+--------+-------+-----+
|Available        |      280|  220|  106400|  53200|    0|
+-----------------+---------+-----+--------+-------+-----+
|Utilization (%)  |        0|    0|      ~0|     ~0|    0|
+-----------------+---------+-----+--------+-------+-----+

+ Detail: 
    * Instance: 
    N/A

    * DSP: 
    N/A

    * Memory: 
    N/A

    * FIFO: 
    N/A

    * Expression: 
    +---------------------------+----------+----+---+----+------------+------------+
    |       Variable Name       | Operation| DSP| FF| LUT| Bitwidth P0| Bitwidth P1|
    +---------------------------+----------+----+---+----+------------+------------+
    |add_ln1379_fu_102_p2       |         +|   0|  0|  15|          15|           1|
    |ap_block_pp0_stage0_01001  |       and|   0|  0|   1|           1|           1|
    |icmp_ln1379_fu_96_p2       |      icmp|   0|  0|  15|          15|          15|
    |ap_block_pp0_stage0_11001  |        or|   0|  0|   1|           1|           1|
    |ap_enable_pp0              |       xor|   0|  0|   2|           1|           2|
    +---------------------------+----------+----+---+----+------------+------------+
    |Total                      |          |   0|  0|  34|          33|          20|
    +---------------------------+----------+----+---+----+------------+------------+

    * Multiplexer: 
    +-------------------------+----+-----------+-----+-----------+
    |           Name          | LUT| Input Size| Bits| Total Bits|
    +-------------------------+----+-----------+-----+-----------+
    |ap_done_int              |   9|          2|    1|          2|
    |ap_enable_reg_pp0_iter1  |   9|          2|    1|          2|
    |ap_sig_allocacmp_i_3     |  13|          3|   15|         45|
    |gmem2_blk_n_W            |   9|          2|    1|          2|
    |i_fu_58                  |   9|          2|   15|         30|
    |ldata_blk_n              |   9|          2|    1|          2|
    +-------------------------+----+-----------+-----+-----------+
    |Total                    |  58|         13|   34|         83|
    +-------------------------+----+-----------+-----+-----------+

    * Register: 
    +----------------------------------+----+----+-----+-----------+
    |               Name               | FF | LUT| Bits| Const Bits|
    +----------------------------------+----+----+-----+-----------+
    |add_ln1379_reg_129                |  15|   0|   15|          0|
    |ap_CS_fsm                         |   1|   0|    1|          0|
    |ap_done_reg                       |   1|   0|    1|          0|
    |ap_enable_reg_pp0_iter1           |   1|   0|    1|          0|
    |ap_enable_reg_pp0_iter2           |   1|   0|    1|          0|
    |ap_loop_exit_ready_pp0_iter1_reg  |   1|   0|    1|          0|
    |i_fu_58                           |  15|   0|   15|          0|
    |ldata_read_reg_139                |   8|   0|    8|          0|
    +----------------------------------+----+----+-----+-----------+
    |Total                             |  43|   0|   43|          0|
    +----------------------------------+----+----+-----+-----------+



================================================================
== Interface
================================================================
* Summary: 
+----------------------+-----+-----+------------+---------------------------------------+--------------+
|       RTL Ports      | Dir | Bits|  Protocol  |             Source Object             |    C Type    |
+----------------------+-----+-----+------------+---------------------------------------+--------------+
|ap_clk                |   in|    1|  ap_ctrl_hs|  AxiStream2Axi_Pipeline_MMIterOutLoop2|  return value|
|ap_rst                |   in|    1|  ap_ctrl_hs|  AxiStream2Axi_Pipeline_MMIterOutLoop2|  return value|
|ap_start              |   in|    1|  ap_ctrl_hs|  AxiStream2Axi_Pipeline_MMIterOutLoop2|  return value|
|ap_done               |  out|    1|  ap_ctrl_hs|  AxiStream2Axi_Pipeline_MMIterOutLoop2|  return value|
|ap_idle               |  out|    1|  ap_ctrl_hs|  AxiStream2Axi_Pipeline_MMIterOutLoop2|  return value|
|ap_ready              |  out|    1|  ap_ctrl_hs|  AxiStream2Axi_Pipeline_MMIterOutLoop2|  return value|
|ldata_dout            |   in|    8|     ap_fifo|                                  ldata|       pointer|
|ldata_num_data_valid  |   in|    3|     ap_fifo|                                  ldata|       pointer|
|ldata_fifo_cap        |   in|    3|     ap_fifo|                                  ldata|       pointer|
|ldata_empty_n         |   in|    1|     ap_fifo|                                  ldata|       pointer|
|ldata_read            |  out|    1|     ap_fifo|                                  ldata|       pointer|
|m_axi_gmem2_AWVALID   |  out|    1|       m_axi|                                  gmem2|       pointer|
|m_axi_gmem2_AWREADY   |   in|    1|       m_axi|                                  gmem2|       pointer|
|m_axi_gmem2_AWADDR    |  out|   64|       m_axi|                                  gmem2|       pointer|
|m_axi_gmem2_AWID      |  out|    1|       m_axi|                                  gmem2|       pointer|
|m_axi_gmem2_AWLEN     |  out|   32|       m_axi|                                  gmem2|       pointer|
|m_axi_gmem2_AWSIZE    |  out|    3|       m_axi|                                  gmem2|       pointer|
|m_axi_gmem2_AWBURST   |  out|    2|       m_axi|                                  gmem2|       pointer|
|m_axi_gmem2_AWLOCK    |  out|    2|       m_axi|                                  gmem2|       pointer|
|m_axi_gmem2_AWCACHE   |  out|    4|       m_axi|                                  gmem2|       pointer|
|m_axi_gmem2_AWPROT    |  out|    3|       m_axi|                                  gmem2|       pointer|
|m_axi_gmem2_AWQOS     |  out|    4|       m_axi|                                  gmem2|       pointer|
|m_axi_gmem2_AWREGION  |  out|    4|       m_axi|                                  gmem2|       pointer|
|m_axi_gmem2_AWUSER    |  out|    1|       m_axi|                                  gmem2|       pointer|
|m_axi_gmem2_WVALID    |  out|    1|       m_axi|                                  gmem2|       pointer|
|m_axi_gmem2_WREADY    |   in|    1|       m_axi|                                  gmem2|       pointer|
|m_axi_gmem2_WDATA     |  out|    8|       m_axi|                                  gmem2|       pointer|
|m_axi_gmem2_WSTRB     |  out|    1|       m_axi|                                  gmem2|       pointer|
|m_axi_gmem2_WLAST     |  out|    1|       m_axi|                                  gmem2|       pointer|
|m_axi_gmem2_WID       |  out|    1|       m_axi|                                  gmem2|       pointer|
|m_axi_gmem2_WUSER     |  out|    1|       m_axi|                                  gmem2|       pointer|
|m_axi_gmem2_ARVALID   |  out|    1|       m_axi|                                  gmem2|       pointer|
|m_axi_gmem2_ARREADY   |   in|    1|       m_axi|                                  gmem2|       pointer|
|m_axi_gmem2_ARADDR    |  out|   64|       m_axi|                                  gmem2|       pointer|
|m_axi_gmem2_ARID      |  out|    1|       m_axi|                                  gmem2|       pointer|
|m_axi_gmem2_ARLEN     |  out|   32|       m_axi|                                  gmem2|       pointer|
|m_axi_gmem2_ARSIZE    |  out|    3|       m_axi|                                  gmem2|       pointer|
|m_axi_gmem2_ARBURST   |  out|    2|       m_axi|                                  gmem2|       pointer|
|m_axi_gmem2_ARLOCK    |  out|    2|       m_axi|                                  gmem2|       pointer|
|m_axi_gmem2_ARCACHE   |  out|    4|       m_axi|                                  gmem2|       pointer|
|m_axi_gmem2_ARPROT    |  out|    3|       m_axi|                                  gmem2|       pointer|
|m_axi_gmem2_ARQOS     |  out|    4|       m_axi|                                  gmem2|       pointer|
|m_axi_gmem2_ARREGION  |  out|    4|       m_axi|                                  gmem2|       pointer|
|m_axi_gmem2_ARUSER    |  out|    1|       m_axi|                                  gmem2|       pointer|
|m_axi_gmem2_RVALID    |   in|    1|       m_axi|                                  gmem2|       pointer|
|m_axi_gmem2_RREADY    |  out|    1|       m_axi|                                  gmem2|       pointer|
|m_axi_gmem2_RDATA     |   in|    8|       m_axi|                                  gmem2|       pointer|
|m_axi_gmem2_RLAST     |   in|    1|       m_axi|                                  gmem2|       pointer|
|m_axi_gmem2_RID       |   in|    1|       m_axi|                                  gmem2|       pointer|
|m_axi_gmem2_RFIFONUM  |   in|   11|       m_axi|                                  gmem2|       pointer|
|m_axi_gmem2_RUSER     |   in|    1|       m_axi|                                  gmem2|       pointer|
|m_axi_gmem2_RRESP     |   in|    2|       m_axi|                                  gmem2|       pointer|
|m_axi_gmem2_BVALID    |   in|    1|       m_axi|                                  gmem2|       pointer|
|m_axi_gmem2_BREADY    |  out|    1|       m_axi|                                  gmem2|       pointer|
|m_axi_gmem2_BRESP     |   in|    2|       m_axi|                                  gmem2|       pointer|
|m_axi_gmem2_BID       |   in|    1|       m_axi|                                  gmem2|       pointer|
|m_axi_gmem2_BUSER     |   in|    1|       m_axi|                                  gmem2|       pointer|
|addrbound_read        |   in|   15|     ap_none|                         addrbound_read|        scalar|
|dout_1                |   in|   64|     ap_none|                                 dout_1|        scalar|
+----------------------+-----+-----+------------+---------------------------------------+--------------+

