

================================================================
== Vitis HLS Report for 'entry_proc7'
================================================================
* Date:           Sat May  4 12:09:34 2024

* Version:        2023.2 (Build 4023990 on Oct 11 2023)
* Project:        customconv_ked.prj
* Solution:       sol1 (Vivado IP Flow Target)
* Product family: zynq
* Target device:  xc7z020-clg484-2


================================================================
== Performance Estimates
================================================================
+ Timing: 
    * Summary: 
    +--------+---------+----------+------------+
    |  Clock |  Target | Estimated| Uncertainty|
    +--------+---------+----------+------------+
    |ap_clk  |  3.30 ns|  1.204 ns|     0.89 ns|
    +--------+---------+----------+------------+

+ Latency: 
    * Summary: 
    +---------+---------+----------+----------+-----+-----+---------+
    |  Latency (cycles) |  Latency (absolute) |  Interval | Pipeline|
    |   min   |   max   |    min   |    max   | min | max |   Type  |
    +---------+---------+----------+----------+-----+-----+---------+
    |        0|        0|      0 ns|      0 ns|    0|    0|       no|
    +---------+---------+----------+----------+-----+-----+---------+

    + Detail: 
        * Instance: 
        N/A

        * Loop: 
        N/A



================================================================
== Utilization Estimates
================================================================
* Summary: 
+-----------------+---------+-----+--------+-------+-----+
|       Name      | BRAM_18K| DSP |   FF   |  LUT  | URAM|
+-----------------+---------+-----+--------+-------+-----+
|DSP              |        -|    -|       -|      -|    -|
|Expression       |        -|    -|       0|      1|    -|
|FIFO             |        -|    -|       -|      -|    -|
|Instance         |        -|    -|       -|      -|    -|
|Memory           |        -|    -|       -|      -|    -|
|Multiplexer      |        -|    -|       -|     27|    -|
|Register         |        -|    -|       2|      -|    -|
+-----------------+---------+-----+--------+-------+-----+
|Total            |        0|    0|       2|     28|    0|
+-----------------+---------+-----+--------+-------+-----+
|Available        |      280|  220|  106400|  53200|    0|
+-----------------+---------+-----+--------+-------+-----+
|Utilization (%)  |        0|    0|      ~0|     ~0|    0|
+-----------------+---------+-----+--------+-------+-----+

+ Detail: 
    * Instance: 
    N/A

    * DSP: 
    N/A

    * Memory: 
    N/A

    * FIFO: 
    N/A

    * Expression: 
    +-----------------+----------+----+---+----+------------+------------+
    |  Variable Name  | Operation| DSP| FF| LUT| Bitwidth P0| Bitwidth P1|
    +-----------------+----------+----+---+----+------------+------------+
    |ap_block_state1  |        or|   0|  0|   1|           1|           1|
    +-----------------+----------+----+---+----+------------+------------+
    |Total            |          |   0|  0|   1|           1|           1|
    +-----------------+----------+----+---+----+------------+------------+

    * Multiplexer: 
    +---------------------+----+-----------+-----+-----------+
    |         Name        | LUT| Input Size| Bits| Total Bits|
    +---------------------+----+-----------+-----+-----------+
    |ap_done              |   9|          2|    1|          2|
    |conv_out_c11_blk_n   |   9|          2|    1|          2|
    |maxpool_out_c_blk_n  |   9|          2|    1|          2|
    +---------------------+----+-----------+-----+-----------+
    |Total                |  27|          6|    3|          6|
    +---------------------+----+-----------+-----+-----------+

    * Register: 
    +-------------+---+----+-----+-----------+
    |     Name    | FF| LUT| Bits| Const Bits|
    +-------------+---+----+-----+-----------+
    |ap_CS_fsm    |  1|   0|    1|          0|
    |ap_done_reg  |  1|   0|    1|          0|
    +-------------+---+----+-----+-----------+
    |Total        |  2|   0|    2|          0|
    +-------------+---+----+-----+-----------+



================================================================
== Interface
================================================================
* Summary: 
+------------------------------+-----+-----+------------+---------------+--------------+
|           RTL Ports          | Dir | Bits|  Protocol  | Source Object |    C Type    |
+------------------------------+-----+-----+------------+---------------+--------------+
|ap_clk                        |   in|    1|  ap_ctrl_hs|    entry_proc7|  return value|
|ap_rst                        |   in|    1|  ap_ctrl_hs|    entry_proc7|  return value|
|ap_start                      |   in|    1|  ap_ctrl_hs|    entry_proc7|  return value|
|ap_done                       |  out|    1|  ap_ctrl_hs|    entry_proc7|  return value|
|ap_continue                   |   in|    1|  ap_ctrl_hs|    entry_proc7|  return value|
|ap_idle                       |  out|    1|  ap_ctrl_hs|    entry_proc7|  return value|
|ap_ready                      |  out|    1|  ap_ctrl_hs|    entry_proc7|  return value|
|conv_out                      |   in|   64|     ap_none|       conv_out|        scalar|
|conv_out_c11_din              |  out|   64|     ap_fifo|   conv_out_c11|       pointer|
|conv_out_c11_num_data_valid   |   in|    4|     ap_fifo|   conv_out_c11|       pointer|
|conv_out_c11_fifo_cap         |   in|    4|     ap_fifo|   conv_out_c11|       pointer|
|conv_out_c11_full_n           |   in|    1|     ap_fifo|   conv_out_c11|       pointer|
|conv_out_c11_write            |  out|    1|     ap_fifo|   conv_out_c11|       pointer|
|maxpool_out                   |   in|   64|     ap_none|    maxpool_out|        scalar|
|maxpool_out_c_din             |  out|   64|     ap_fifo|  maxpool_out_c|       pointer|
|maxpool_out_c_num_data_valid  |   in|    4|     ap_fifo|  maxpool_out_c|       pointer|
|maxpool_out_c_fifo_cap        |   in|    4|     ap_fifo|  maxpool_out_c|       pointer|
|maxpool_out_c_full_n          |   in|    1|     ap_fifo|  maxpool_out_c|       pointer|
|maxpool_out_c_write           |  out|    1|     ap_fifo|  maxpool_out_c|       pointer|
+------------------------------+-----+-----+------------+---------------+--------------+

