

================================================================
== Vitis HLS Report for 'filter2D_0_3_3_0_0_128_128_1_2_2_s'
================================================================
* Date:           Sat May  4 12:09:36 2024

* Version:        2023.2 (Build 4023990 on Oct 11 2023)
* Project:        customconv_ked.prj
* Solution:       sol1 (Vivado IP Flow Target)
* Product family: zynq
* Target device:  xc7z020-clg484-2


================================================================
== Performance Estimates
================================================================
+ Timing: 
    * Summary: 
    +--------+---------+----------+------------+
    |  Clock |  Target | Estimated| Uncertainty|
    +--------+---------+----------+------------+
    |ap_clk  |  3.30 ns|  3.635 ns|     0.89 ns|
    +--------+---------+----------+------------+

+ Latency: 
    * Summary: 
    +---------+------------+----------+------------+-----+------------+---------+
    |   Latency (cycles)   |   Latency (absolute)  |     Interval     | Pipeline|
    |   min   |     max    |    min   |     max    | min |     max    |   Type  |
    +---------+------------+----------+------------+-----+------------+---------+
    |      203|  4297523363|  0.738 us|  15.619 sec|  203|  4297523363|       no|
    +---------+------------+----------+------------+-----+------------+---------+

    + Detail: 
        * Instance: 
        +-------------------------------------------------------------------+--------------------------------------------------------+---------+------------+-----------+------------+-----+------------+---------+
        |                                                                   |                                                        |   Latency (cycles)   |   Latency (absolute)   |     Interval     | Pipeline|
        |                              Instance                             |                         Module                         |   min   |     max    |    min    |     max    | min |     max    |   Type  |
        +-------------------------------------------------------------------+--------------------------------------------------------+---------+------------+-----------+------------+-----+------------+---------+
        |grp_filter2D_Pipeline_VITIS_LOOP_834_1_VITIS_LOOP_835_2_fu_129     |filter2D_Pipeline_VITIS_LOOP_834_1_VITIS_LOOP_835_2     |       11|          11|  39.523 ns|   39.523 ns|   11|          11|       no|
        |grp_xFFilter2Dkernel_0_0_128_128_0_0_1_2_2_1_1_128_3_3_1_s_fu_145  |xFFilter2Dkernel_0_0_128_128_0_0_1_2_2_1_1_128_3_3_1_s  |      181|  4297523341|   0.658 us|  15.619 sec|  181|  4297523341|       no|
        +-------------------------------------------------------------------+--------------------------------------------------------+---------+------------+-----------+------------+-----+------------+---------+

        * Loop: 
        N/A



================================================================
== Utilization Estimates
================================================================
* Summary: 
+-----------------+---------+-----+--------+-------+-----+
|       Name      | BRAM_18K| DSP |   FF   |  LUT  | URAM|
+-----------------+---------+-----+--------+-------+-----+
|DSP              |        -|    -|       -|      -|    -|
|Expression       |        -|    -|       0|      2|    -|
|FIFO             |        -|    -|       -|      -|    -|
|Instance         |        3|    9|    3241|   1801|    0|
|Memory           |        -|    -|       -|      -|    -|
|Multiplexer      |        -|    -|       -|    236|    -|
|Register         |        -|    -|     110|      -|    -|
+-----------------+---------+-----+--------+-------+-----+
|Total            |        3|    9|    3351|   2039|    0|
+-----------------+---------+-----+--------+-------+-----+
|Available        |      280|  220|  106400|  53200|    0|
+-----------------+---------+-----+--------+-------+-----+
|Utilization (%)  |        1|    4|       3|      3|    0|
+-----------------+---------+-----+--------+-------+-----+

+ Detail: 
    * Instance: 
    +-------------------------------------------------------------------+--------------------------------------------------------+---------+----+------+------+-----+
    |                              Instance                             |                         Module                         | BRAM_18K| DSP|  FF  |  LUT | URAM|
    +-------------------------------------------------------------------+--------------------------------------------------------+---------+----+------+------+-----+
    |grp_filter2D_Pipeline_VITIS_LOOP_834_1_VITIS_LOOP_835_2_fu_129     |filter2D_Pipeline_VITIS_LOOP_834_1_VITIS_LOOP_835_2     |        0|   0|   161|   117|    0|
    |grp_xFFilter2Dkernel_0_0_128_128_0_0_1_2_2_1_1_128_3_3_1_s_fu_145  |xFFilter2Dkernel_0_0_128_128_0_0_1_2_2_1_1_128_3_3_1_s  |        3|   9|  3080|  1684|    0|
    +-------------------------------------------------------------------+--------------------------------------------------------+---------+----+------+------+-----+
    |Total                                                              |                                                        |        3|   9|  3241|  1801|    0|
    +-------------------------------------------------------------------+--------------------------------------------------------+---------+----+------+------+-----+

    * DSP: 
    N/A

    * Memory: 
    N/A

    * FIFO: 
    N/A

    * Expression: 
    +------------------+----------+----+---+----+------------+------------+
    |   Variable Name  | Operation| DSP| FF| LUT| Bitwidth P0| Bitwidth P1|
    +------------------+----------+----+---+----+------------+------------+
    |ap_block_state1   |        or|   0|  0|   1|           1|           1|
    |ap_block_state10  |        or|   0|  0|   1|           1|           1|
    +------------------+----------+----+---+----+------------+------------+
    |Total             |          |   0|  0|   2|           2|           2|
    +------------------+----------+----+---+----+------------+------------+

    * Multiplexer: 
    +----------------------+----+-----------+-----+-----------+
    |         Name         | LUT| Input Size| Bits| Total Bits|
    +----------------------+----+-----------+-----+-----------+
    |ap_NS_fsm             |  53|         13|    1|         13|
    |ap_done               |   9|          2|    1|          2|
    |gmem1_blk_n_AR        |   9|          2|    1|          2|
    |imgInput_data_read    |   9|          2|    1|          2|
    |imgOutput_data_write  |   9|          2|    1|          2|
    |m_axi_gmem1_ARADDR    |  13|          3|   64|        192|
    |m_axi_gmem1_ARBURST   |   9|          2|    2|          4|
    |m_axi_gmem1_ARCACHE   |   9|          2|    4|          8|
    |m_axi_gmem1_ARID      |   9|          2|    1|          2|
    |m_axi_gmem1_ARLEN     |  13|          3|   32|         96|
    |m_axi_gmem1_ARLOCK    |   9|          2|    2|          4|
    |m_axi_gmem1_ARPROT    |   9|          2|    3|          6|
    |m_axi_gmem1_ARQOS     |   9|          2|    4|          8|
    |m_axi_gmem1_ARREGION  |   9|          2|    4|          8|
    |m_axi_gmem1_ARSIZE    |   9|          2|    3|          6|
    |m_axi_gmem1_ARUSER    |   9|          2|    1|          2|
    |m_axi_gmem1_ARVALID   |  13|          3|    1|          3|
    |m_axi_gmem1_RREADY    |   9|          2|    1|          2|
    |p_src_mat_cols_blk_n  |   9|          2|    1|          2|
    |p_src_mat_rows_blk_n  |   9|          2|    1|          2|
    +----------------------+----+-----------+-----+-----------+
    |Total                 | 236|         54|  129|        366|
    +----------------------+----+-----------+-----+-----------+

    * Register: 
    +--------------------------------------------------------------------------------+----+----+-----+-----------+
    |                                      Name                                      | FF | LUT| Bits| Const Bits|
    +--------------------------------------------------------------------------------+----+----+-----+-----------+
    |ap_CS_fsm                                                                       |  12|   0|   12|          0|
    |ap_done_reg                                                                     |   1|   0|    1|          0|
    |grp_filter2D_Pipeline_VITIS_LOOP_834_1_VITIS_LOOP_835_2_fu_129_ap_start_reg     |   1|   0|    1|          0|
    |grp_xFFilter2Dkernel_0_0_128_128_0_0_1_2_2_1_1_128_3_3_1_s_fu_145_ap_start_reg  |   1|   0|    1|          0|
    |img_height_reg_300                                                              |  16|   0|   16|          0|
    |img_width_reg_295                                                               |  16|   0|   16|          0|
    |trunc_ln_reg_285                                                                |  63|   0|   63|          0|
    +--------------------------------------------------------------------------------+----+----+-----+-----------+
    |Total                                                                           | 110|   0|  110|          0|
    +--------------------------------------------------------------------------------+----+----+-----+-----------+



================================================================
== Interface
================================================================
* Summary: 
+-------------------------------+-----+-----+------------+--------------------------------------------+--------------+
|           RTL Ports           | Dir | Bits|  Protocol  |                Source Object               |    C Type    |
+-------------------------------+-----+-----+------------+--------------------------------------------+--------------+
|ap_clk                         |   in|    1|  ap_ctrl_hs|  filter2D<0, 3, 3, 0, 0, 128, 128, 1, 2, 2>|  return value|
|ap_rst                         |   in|    1|  ap_ctrl_hs|  filter2D<0, 3, 3, 0, 0, 128, 128, 1, 2, 2>|  return value|
|ap_start                       |   in|    1|  ap_ctrl_hs|  filter2D<0, 3, 3, 0, 0, 128, 128, 1, 2, 2>|  return value|
|ap_done                        |  out|    1|  ap_ctrl_hs|  filter2D<0, 3, 3, 0, 0, 128, 128, 1, 2, 2>|  return value|
|ap_continue                    |   in|    1|  ap_ctrl_hs|  filter2D<0, 3, 3, 0, 0, 128, 128, 1, 2, 2>|  return value|
|ap_idle                        |  out|    1|  ap_ctrl_hs|  filter2D<0, 3, 3, 0, 0, 128, 128, 1, 2, 2>|  return value|
|ap_ready                       |  out|    1|  ap_ctrl_hs|  filter2D<0, 3, 3, 0, 0, 128, 128, 1, 2, 2>|  return value|
|p_src_mat_rows_dout            |   in|   32|     ap_fifo|                              p_src_mat_rows|       pointer|
|p_src_mat_rows_num_data_valid  |   in|    3|     ap_fifo|                              p_src_mat_rows|       pointer|
|p_src_mat_rows_fifo_cap        |   in|    3|     ap_fifo|                              p_src_mat_rows|       pointer|
|p_src_mat_rows_empty_n         |   in|    1|     ap_fifo|                              p_src_mat_rows|       pointer|
|p_src_mat_rows_read            |  out|    1|     ap_fifo|                              p_src_mat_rows|       pointer|
|p_src_mat_cols_dout            |   in|   32|     ap_fifo|                              p_src_mat_cols|       pointer|
|p_src_mat_cols_num_data_valid  |   in|    3|     ap_fifo|                              p_src_mat_cols|       pointer|
|p_src_mat_cols_fifo_cap        |   in|    3|     ap_fifo|                              p_src_mat_cols|       pointer|
|p_src_mat_cols_empty_n         |   in|    1|     ap_fifo|                              p_src_mat_cols|       pointer|
|p_src_mat_cols_read            |  out|    1|     ap_fifo|                              p_src_mat_cols|       pointer|
|imgInput_data_dout             |   in|    8|     ap_fifo|                               imgInput_data|       pointer|
|imgInput_data_num_data_valid   |   in|    3|     ap_fifo|                               imgInput_data|       pointer|
|imgInput_data_fifo_cap         |   in|    3|     ap_fifo|                               imgInput_data|       pointer|
|imgInput_data_empty_n          |   in|    1|     ap_fifo|                               imgInput_data|       pointer|
|imgInput_data_read             |  out|    1|     ap_fifo|                               imgInput_data|       pointer|
|imgOutput_data_din             |  out|    8|     ap_fifo|                              imgOutput_data|       pointer|
|imgOutput_data_num_data_valid  |   in|    3|     ap_fifo|                              imgOutput_data|       pointer|
|imgOutput_data_fifo_cap        |   in|    3|     ap_fifo|                              imgOutput_data|       pointer|
|imgOutput_data_full_n          |   in|    1|     ap_fifo|                              imgOutput_data|       pointer|
|imgOutput_data_write           |  out|    1|     ap_fifo|                              imgOutput_data|       pointer|
|m_axi_gmem1_AWVALID            |  out|    1|       m_axi|                                       gmem1|       pointer|
|m_axi_gmem1_AWREADY            |   in|    1|       m_axi|                                       gmem1|       pointer|
|m_axi_gmem1_AWADDR             |  out|   64|       m_axi|                                       gmem1|       pointer|
|m_axi_gmem1_AWID               |  out|    1|       m_axi|                                       gmem1|       pointer|
|m_axi_gmem1_AWLEN              |  out|   32|       m_axi|                                       gmem1|       pointer|
|m_axi_gmem1_AWSIZE             |  out|    3|       m_axi|                                       gmem1|       pointer|
|m_axi_gmem1_AWBURST            |  out|    2|       m_axi|                                       gmem1|       pointer|
|m_axi_gmem1_AWLOCK             |  out|    2|       m_axi|                                       gmem1|       pointer|
|m_axi_gmem1_AWCACHE            |  out|    4|       m_axi|                                       gmem1|       pointer|
|m_axi_gmem1_AWPROT             |  out|    3|       m_axi|                                       gmem1|       pointer|
|m_axi_gmem1_AWQOS              |  out|    4|       m_axi|                                       gmem1|       pointer|
|m_axi_gmem1_AWREGION           |  out|    4|       m_axi|                                       gmem1|       pointer|
|m_axi_gmem1_AWUSER             |  out|    1|       m_axi|                                       gmem1|       pointer|
|m_axi_gmem1_WVALID             |  out|    1|       m_axi|                                       gmem1|       pointer|
|m_axi_gmem1_WREADY             |   in|    1|       m_axi|                                       gmem1|       pointer|
|m_axi_gmem1_WDATA              |  out|   16|       m_axi|                                       gmem1|       pointer|
|m_axi_gmem1_WSTRB              |  out|    2|       m_axi|                                       gmem1|       pointer|
|m_axi_gmem1_WLAST              |  out|    1|       m_axi|                                       gmem1|       pointer|
|m_axi_gmem1_WID                |  out|    1|       m_axi|                                       gmem1|       pointer|
|m_axi_gmem1_WUSER              |  out|    1|       m_axi|                                       gmem1|       pointer|
|m_axi_gmem1_ARVALID            |  out|    1|       m_axi|                                       gmem1|       pointer|
|m_axi_gmem1_ARREADY            |   in|    1|       m_axi|                                       gmem1|       pointer|
|m_axi_gmem1_ARADDR             |  out|   64|       m_axi|                                       gmem1|       pointer|
|m_axi_gmem1_ARID               |  out|    1|       m_axi|                                       gmem1|       pointer|
|m_axi_gmem1_ARLEN              |  out|   32|       m_axi|                                       gmem1|       pointer|
|m_axi_gmem1_ARSIZE             |  out|    3|       m_axi|                                       gmem1|       pointer|
|m_axi_gmem1_ARBURST            |  out|    2|       m_axi|                                       gmem1|       pointer|
|m_axi_gmem1_ARLOCK             |  out|    2|       m_axi|                                       gmem1|       pointer|
|m_axi_gmem1_ARCACHE            |  out|    4|       m_axi|                                       gmem1|       pointer|
|m_axi_gmem1_ARPROT             |  out|    3|       m_axi|                                       gmem1|       pointer|
|m_axi_gmem1_ARQOS              |  out|    4|       m_axi|                                       gmem1|       pointer|
|m_axi_gmem1_ARREGION           |  out|    4|       m_axi|                                       gmem1|       pointer|
|m_axi_gmem1_ARUSER             |  out|    1|       m_axi|                                       gmem1|       pointer|
|m_axi_gmem1_RVALID             |   in|    1|       m_axi|                                       gmem1|       pointer|
|m_axi_gmem1_RREADY             |  out|    1|       m_axi|                                       gmem1|       pointer|
|m_axi_gmem1_RDATA              |   in|   16|       m_axi|                                       gmem1|       pointer|
|m_axi_gmem1_RLAST              |   in|    1|       m_axi|                                       gmem1|       pointer|
|m_axi_gmem1_RID                |   in|    1|       m_axi|                                       gmem1|       pointer|
|m_axi_gmem1_RFIFONUM           |   in|   10|       m_axi|                                       gmem1|       pointer|
|m_axi_gmem1_RUSER              |   in|    1|       m_axi|                                       gmem1|       pointer|
|m_axi_gmem1_RRESP              |   in|    2|       m_axi|                                       gmem1|       pointer|
|m_axi_gmem1_BVALID             |   in|    1|       m_axi|                                       gmem1|       pointer|
|m_axi_gmem1_BREADY             |  out|    1|       m_axi|                                       gmem1|       pointer|
|m_axi_gmem1_BRESP              |   in|    2|       m_axi|                                       gmem1|       pointer|
|m_axi_gmem1_BID                |   in|    1|       m_axi|                                       gmem1|       pointer|
|m_axi_gmem1_BUSER              |   in|    1|       m_axi|                                       gmem1|       pointer|
|filter                         |   in|   64|     ap_none|                                      filter|        scalar|
|p_shift                        |   in|    8|     ap_none|                                     p_shift|        scalar|
+-------------------------------+-----+-----+------------+--------------------------------------------+--------------+

