

================================================================
== Vitis HLS Report for 'Filter2d_accel'
================================================================
* Date:           Sat May  4 12:09:38 2024

* Version:        2023.2 (Build 4023990 on Oct 11 2023)
* Project:        customconv_ked.prj
* Solution:       sol1 (Vivado IP Flow Target)
* Product family: zynq
* Target device:  xc7z020-clg484-2


================================================================
== Performance Estimates
================================================================
+ Timing: 
    * Summary: 
    +--------+---------+----------+------------+
    |  Clock |  Target | Estimated| Uncertainty|
    +--------+---------+----------+------------+
    |ap_clk  |  3.30 ns|  4.133 ns|     0.89 ns|
    +--------+---------+----------+------------+

+ Latency: 
    * Summary: 
    +---------+------------+-----------+------------+-------+------------+----------+
    |   Latency (cycles)   |   Latency (absolute)   |      Interval      | Pipeline |
    |   min   |     max    |    min    |     max    |  min  |     max    |   Type   |
    +---------+------------+-----------+------------+-------+------------+----------+
    |    16468|  4297523366|  68.054 us|  17.760 sec|  16407|  4297523364|  dataflow|
    +---------+------------+-----------+------------+-------+------------+----------+

    + Detail: 
        * Instance: 
        +-------------------------------------+------------------------------------+---------+------------+-----------+------------+-------+------------+---------+
        |                                     |                                    |   Latency (cycles)   |   Latency (absolute)   |      Interval      | Pipeline|
        |               Instance              |               Module               |   min   |     max    |    min    |     max    |  min  |     max    |   Type  |
        +-------------------------------------+------------------------------------+---------+------------+-----------+------------+-------+------------+---------+
        |entry_proc7_U0                       |entry_proc7                         |        0|           0|       0 ns|        0 ns|      0|           0|       no|
        |Block_entry1_proc_U0                 |Block_entry1_proc                   |        0|           0|       0 ns|        0 ns|      0|           0|       no|
        |Array2xfMat_8_0_128_128_1_2_U0       |Array2xfMat_8_0_128_128_1_2_s       |       25|       32791|   0.103 us|    0.136 ms|     25|       32791|       no|
        |filter2D_0_3_3_0_0_128_128_1_2_2_U0  |filter2D_0_3_3_0_0_128_128_1_2_2_s  |      203|  4297523363|   0.738 us|  15.619 sec|    203|  4297523363|       no|
        |xfMat2Array_8_0_128_128_1_2_1_U0     |xfMat2Array_8_0_128_128_1_2_1_s     |       22|       32783|  72.600 ns|    0.108 ms|     22|       32783|       no|
        |pool_gpt_U0                          |pool_gpt                            |    16406|       16406|  56.141 us|   56.141 us|  16406|       16406|       no|
        +-------------------------------------+------------------------------------+---------+------------+-----------+------------+-------+------------+---------+

        * Loop: 
        N/A



================================================================
== Utilization Estimates
================================================================
* Summary: 
+-----------------+---------+-----+--------+-------+-----+
|       Name      | BRAM_18K| DSP |   FF   |  LUT  | URAM|
+-----------------+---------+-----+--------+-------+-----+
|DSP              |        -|    -|       -|      -|    -|
|Expression       |        -|    -|       0|     23|    -|
|FIFO             |        -|    -|    1089|    746|    -|
|Instance         |       11|   15|   12079|  10810|    0|
|Memory           |        -|    -|       -|      -|    -|
|Multiplexer      |        -|    -|       -|     81|    -|
|Register         |        -|    -|       9|      -|    -|
+-----------------+---------+-----+--------+-------+-----+
|Total            |       11|   15|   13177|  11660|    0|
+-----------------+---------+-----+--------+-------+-----+
|Available        |      280|  220|  106400|  53200|    0|
+-----------------+---------+-----+--------+-------+-----+
|Utilization (%)  |        3|    6|      12|     21|    0|
+-----------------+---------+-----+--------+-------+-----+

+ Detail: 
    * Instance: 
    +-------------------------------------+------------------------------------+---------+----+------+------+-----+
    |               Instance              |               Module               | BRAM_18K| DSP|  FF  |  LUT | URAM|
    +-------------------------------------+------------------------------------+---------+----+------+------+-----+
    |Array2xfMat_8_0_128_128_1_2_U0       |Array2xfMat_8_0_128_128_1_2_s       |        0|   4|  2079|  2133|    0|
    |Block_entry1_proc_U0                 |Block_entry1_proc                   |        0|   0|   130|    46|    0|
    |control_r_s_axi_U                    |control_r_s_axi                     |        0|   0|   310|   552|    0|
    |control_s_axi_U                      |control_s_axi                       |        0|   0|   126|   184|    0|
    |entry_proc7_U0                       |entry_proc7                         |        0|   0|     2|    28|    0|
    |filter2D_0_3_3_0_0_128_128_1_2_2_U0  |filter2D_0_3_3_0_0_128_128_1_2_2_s  |        3|   9|  3351|  2039|    0|
    |gmem0_m_axi_U                        |gmem0_m_axi                         |        2|   0|   866|   854|    0|
    |gmem1_m_axi_U                        |gmem1_m_axi                         |        2|   0|   855|   831|    0|
    |gmem2_m_axi_U                        |gmem2_m_axi                         |        2|   0|   866|   854|    0|
    |gmem3_m_axi_U                        |gmem3_m_axi                         |        2|   0|   866|   854|    0|
    |pool_gpt_U0                          |pool_gpt                            |        0|   0|  1050|   726|    0|
    |xfMat2Array_8_0_128_128_1_2_1_U0     |xfMat2Array_8_0_128_128_1_2_1_s     |        0|   2|  1578|  1709|    0|
    +-------------------------------------+------------------------------------+---------+----+------+------+-----+
    |Total                                |                                    |       11|  15| 12079| 10810|    0|
    +-------------------------------------+------------------------------------+---------+----+------+------+-----+

    * DSP: 
    N/A

    * Memory: 
    N/A

    * FIFO: 
    +-----------------------------+---------+----+----+-----+------+-----+---------+
    |             Name            | BRAM_18K| FF | LUT| URAM| Depth| Bits| Size:D*B|
    +-----------------------------+---------+----+----+-----+------+-----+---------+
    |conv_out_c11_U               |        0|  99|   0|    -|     5|   64|      320|
    |conv_out_c_U                 |        0|  99|   0|    -|     2|   64|      128|
    |imgInput_cols_c13_channel_U  |        0|  99|   0|    -|     2|   32|       64|
    |imgInput_cols_c_U            |        0|  99|   0|    -|     2|   32|       64|
    |imgInput_data_U              |        0|  99|   0|    -|     2|    8|       16|
    |imgInput_rows_c12_channel_U  |        0|  99|   0|    -|     2|   32|       64|
    |imgInput_rows_c_U            |        0|  99|   0|    -|     2|   32|       64|
    |imgOutput_cols_channel_U     |        0|  99|   0|    -|     4|   32|      128|
    |imgOutput_data_U             |        0|  99|   0|    -|     2|    8|       16|
    |imgOutput_rows_channel_U     |        0|  99|   0|    -|     4|   32|      128|
    |maxpool_out_c_U              |        0|  99|   0|    -|     6|   64|      384|
    +-----------------------------+---------+----+----+-----+------+-----+---------+
    |Total                        |        0|1089|   0|    0|    33|  400|     1376|
    +-----------------------------+---------+----+----+-----+------+-----+---------+

    * Expression: 
    +------------------------------------------------------+----------+----+---+----+------------+------------+
    |                     Variable Name                    | Operation| DSP| FF| LUT| Bitwidth P0| Bitwidth P1|
    +------------------------------------------------------+----------+----+---+----+------------+------------+
    |Array2xfMat_8_0_128_128_1_2_U0_ap_start               |       and|   0|  0|   1|           1|           1|
    |Block_entry1_proc_U0_ap_continue                      |       and|   0|  0|   1|           1|           1|
    |Block_entry1_proc_U0_ap_start                         |       and|   0|  0|   1|           1|           1|
    |ap_channel_done_imgInput_cols_c13_channel             |       and|   0|  0|   1|           1|           1|
    |ap_channel_done_imgInput_rows_c12_channel             |       and|   0|  0|   1|           1|           1|
    |ap_channel_done_imgOutput_cols_channel                |       and|   0|  0|   1|           1|           1|
    |ap_channel_done_imgOutput_rows_channel                |       and|   0|  0|   1|           1|           1|
    |ap_idle                                               |       and|   0|  0|   1|           1|           1|
    |ap_sync_done                                          |       and|   0|  0|   1|           1|           1|
    |ap_sync_ready                                         |       and|   0|  0|   1|           1|           1|
    |entry_proc7_U0_ap_start                               |       and|   0|  0|   1|           1|           1|
    |filter2D_0_3_3_0_0_128_128_1_2_2_U0_ap_start          |       and|   0|  0|   1|           1|           1|
    |pool_gpt_U0_ap_start                                  |       and|   0|  0|   1|           1|           1|
    |xfMat2Array_8_0_128_128_1_2_1_U0_ap_start             |       and|   0|  0|   1|           1|           1|
    |ap_sync_Array2xfMat_8_0_128_128_1_2_U0_ap_ready       |        or|   0|  0|   1|           1|           1|
    |ap_sync_Block_entry1_proc_U0_ap_ready                 |        or|   0|  0|   1|           1|           1|
    |ap_sync_channel_write_imgInput_cols_c13_channel       |        or|   0|  0|   1|           1|           1|
    |ap_sync_channel_write_imgInput_rows_c12_channel       |        or|   0|  0|   1|           1|           1|
    |ap_sync_channel_write_imgOutput_cols_channel          |        or|   0|  0|   1|           1|           1|
    |ap_sync_channel_write_imgOutput_rows_channel          |        or|   0|  0|   1|           1|           1|
    |ap_sync_entry_proc7_U0_ap_ready                       |        or|   0|  0|   1|           1|           1|
    |ap_sync_filter2D_0_3_3_0_0_128_128_1_2_2_U0_ap_ready  |        or|   0|  0|   1|           1|           1|
    |ap_sync_pool_gpt_U0_ap_ready                          |        or|   0|  0|   1|           1|           1|
    +------------------------------------------------------+----------+----+---+----+------------+------------+
    |Total                                                 |          |   0|  0|  23|          23|          23|
    +------------------------------------------------------+----------+----+---+----+------------+------------+

    * Multiplexer: 
    +----------------------------------------------------------+----+-----------+-----+-----------+
    |                           Name                           | LUT| Input Size| Bits| Total Bits|
    +----------------------------------------------------------+----+-----------+-----+-----------+
    |ap_sync_reg_Array2xfMat_8_0_128_128_1_2_U0_ap_ready       |   9|          2|    1|          2|
    |ap_sync_reg_Block_entry1_proc_U0_ap_ready                 |   9|          2|    1|          2|
    |ap_sync_reg_channel_write_imgInput_cols_c13_channel       |   9|          2|    1|          2|
    |ap_sync_reg_channel_write_imgInput_rows_c12_channel       |   9|          2|    1|          2|
    |ap_sync_reg_channel_write_imgOutput_cols_channel          |   9|          2|    1|          2|
    |ap_sync_reg_channel_write_imgOutput_rows_channel          |   9|          2|    1|          2|
    |ap_sync_reg_entry_proc7_U0_ap_ready                       |   9|          2|    1|          2|
    |ap_sync_reg_filter2D_0_3_3_0_0_128_128_1_2_2_U0_ap_ready  |   9|          2|    1|          2|
    |ap_sync_reg_pool_gpt_U0_ap_ready                          |   9|          2|    1|          2|
    +----------------------------------------------------------+----+-----------+-----+-----------+
    |Total                                                     |  81|         18|    9|         18|
    +----------------------------------------------------------+----+-----------+-----+-----------+

    * Register: 
    +----------------------------------------------------------+---+----+-----+-----------+
    |                           Name                           | FF| LUT| Bits| Const Bits|
    +----------------------------------------------------------+---+----+-----+-----------+
    |ap_sync_reg_Array2xfMat_8_0_128_128_1_2_U0_ap_ready       |  1|   0|    1|          0|
    |ap_sync_reg_Block_entry1_proc_U0_ap_ready                 |  1|   0|    1|          0|
    |ap_sync_reg_channel_write_imgInput_cols_c13_channel       |  1|   0|    1|          0|
    |ap_sync_reg_channel_write_imgInput_rows_c12_channel       |  1|   0|    1|          0|
    |ap_sync_reg_channel_write_imgOutput_cols_channel          |  1|   0|    1|          0|
    |ap_sync_reg_channel_write_imgOutput_rows_channel          |  1|   0|    1|          0|
    |ap_sync_reg_entry_proc7_U0_ap_ready                       |  1|   0|    1|          0|
    |ap_sync_reg_filter2D_0_3_3_0_0_128_128_1_2_2_U0_ap_ready  |  1|   0|    1|          0|
    |ap_sync_reg_pool_gpt_U0_ap_ready                          |  1|   0|    1|          0|
    +----------------------------------------------------------+---+----+-----+-----------+
    |Total                                                     |  9|   0|    9|          0|
    +----------------------------------------------------------+---+----+-----+-----------+



================================================================
== Interface
================================================================
* Summary: 
+-------------------------+-----+-----+------------+----------------+--------------+
|        RTL Ports        | Dir | Bits|  Protocol  |  Source Object |    C Type    |
+-------------------------+-----+-----+------------+----------------+--------------+
|s_axi_control_AWVALID    |   in|    1|       s_axi|         control|        scalar|
|s_axi_control_AWREADY    |  out|    1|       s_axi|         control|        scalar|
|s_axi_control_AWADDR     |   in|    6|       s_axi|         control|        scalar|
|s_axi_control_WVALID     |   in|    1|       s_axi|         control|        scalar|
|s_axi_control_WREADY     |  out|    1|       s_axi|         control|        scalar|
|s_axi_control_WDATA      |   in|   32|       s_axi|         control|        scalar|
|s_axi_control_WSTRB      |   in|    4|       s_axi|         control|        scalar|
|s_axi_control_ARVALID    |   in|    1|       s_axi|         control|        scalar|
|s_axi_control_ARREADY    |  out|    1|       s_axi|         control|        scalar|
|s_axi_control_ARADDR     |   in|    6|       s_axi|         control|        scalar|
|s_axi_control_RVALID     |  out|    1|       s_axi|         control|        scalar|
|s_axi_control_RREADY     |   in|    1|       s_axi|         control|        scalar|
|s_axi_control_RDATA      |  out|   32|       s_axi|         control|        scalar|
|s_axi_control_RRESP      |  out|    2|       s_axi|         control|        scalar|
|s_axi_control_BVALID     |  out|    1|       s_axi|         control|        scalar|
|s_axi_control_BREADY     |   in|    1|       s_axi|         control|        scalar|
|s_axi_control_BRESP      |  out|    2|       s_axi|         control|        scalar|
|s_axi_control_r_AWVALID  |   in|    1|       s_axi|       control_r|        scalar|
|s_axi_control_r_AWREADY  |  out|    1|       s_axi|       control_r|        scalar|
|s_axi_control_r_AWADDR   |   in|    6|       s_axi|       control_r|        scalar|
|s_axi_control_r_WVALID   |   in|    1|       s_axi|       control_r|        scalar|
|s_axi_control_r_WREADY   |  out|    1|       s_axi|       control_r|        scalar|
|s_axi_control_r_WDATA    |   in|   32|       s_axi|       control_r|        scalar|
|s_axi_control_r_WSTRB    |   in|    4|       s_axi|       control_r|        scalar|
|s_axi_control_r_ARVALID  |   in|    1|       s_axi|       control_r|        scalar|
|s_axi_control_r_ARREADY  |  out|    1|       s_axi|       control_r|        scalar|
|s_axi_control_r_ARADDR   |   in|    6|       s_axi|       control_r|        scalar|
|s_axi_control_r_RVALID   |  out|    1|       s_axi|       control_r|        scalar|
|s_axi_control_r_RREADY   |   in|    1|       s_axi|       control_r|        scalar|
|s_axi_control_r_RDATA    |  out|   32|       s_axi|       control_r|        scalar|
|s_axi_control_r_RRESP    |  out|    2|       s_axi|       control_r|        scalar|
|s_axi_control_r_BVALID   |  out|    1|       s_axi|       control_r|        scalar|
|s_axi_control_r_BREADY   |   in|    1|       s_axi|       control_r|        scalar|
|s_axi_control_r_BRESP    |  out|    2|       s_axi|       control_r|        scalar|
|ap_clk                   |   in|    1|  ap_ctrl_hs|  Filter2d_accel|  return value|
|ap_rst_n                 |   in|    1|  ap_ctrl_hs|  Filter2d_accel|  return value|
|interrupt                |  out|    1|  ap_ctrl_hs|  Filter2d_accel|  return value|
|m_axi_gmem0_AWVALID      |  out|    1|       m_axi|           gmem0|       pointer|
|m_axi_gmem0_AWREADY      |   in|    1|       m_axi|           gmem0|       pointer|
|m_axi_gmem0_AWADDR       |  out|   64|       m_axi|           gmem0|       pointer|
|m_axi_gmem0_AWID         |  out|    1|       m_axi|           gmem0|       pointer|
|m_axi_gmem0_AWLEN        |  out|    8|       m_axi|           gmem0|       pointer|
|m_axi_gmem0_AWSIZE       |  out|    3|       m_axi|           gmem0|       pointer|
|m_axi_gmem0_AWBURST      |  out|    2|       m_axi|           gmem0|       pointer|
|m_axi_gmem0_AWLOCK       |  out|    2|       m_axi|           gmem0|       pointer|
|m_axi_gmem0_AWCACHE      |  out|    4|       m_axi|           gmem0|       pointer|
|m_axi_gmem0_AWPROT       |  out|    3|       m_axi|           gmem0|       pointer|
|m_axi_gmem0_AWQOS        |  out|    4|       m_axi|           gmem0|       pointer|
|m_axi_gmem0_AWREGION     |  out|    4|       m_axi|           gmem0|       pointer|
|m_axi_gmem0_AWUSER       |  out|    1|       m_axi|           gmem0|       pointer|
|m_axi_gmem0_WVALID       |  out|    1|       m_axi|           gmem0|       pointer|
|m_axi_gmem0_WREADY       |   in|    1|       m_axi|           gmem0|       pointer|
|m_axi_gmem0_WDATA        |  out|   32|       m_axi|           gmem0|       pointer|
|m_axi_gmem0_WSTRB        |  out|    4|       m_axi|           gmem0|       pointer|
|m_axi_gmem0_WLAST        |  out|    1|       m_axi|           gmem0|       pointer|
|m_axi_gmem0_WID          |  out|    1|       m_axi|           gmem0|       pointer|
|m_axi_gmem0_WUSER        |  out|    1|       m_axi|           gmem0|       pointer|
|m_axi_gmem0_ARVALID      |  out|    1|       m_axi|           gmem0|       pointer|
|m_axi_gmem0_ARREADY      |   in|    1|       m_axi|           gmem0|       pointer|
|m_axi_gmem0_ARADDR       |  out|   64|       m_axi|           gmem0|       pointer|
|m_axi_gmem0_ARID         |  out|    1|       m_axi|           gmem0|       pointer|
|m_axi_gmem0_ARLEN        |  out|    8|       m_axi|           gmem0|       pointer|
|m_axi_gmem0_ARSIZE       |  out|    3|       m_axi|           gmem0|       pointer|
|m_axi_gmem0_ARBURST      |  out|    2|       m_axi|           gmem0|       pointer|
|m_axi_gmem0_ARLOCK       |  out|    2|       m_axi|           gmem0|       pointer|
|m_axi_gmem0_ARCACHE      |  out|    4|       m_axi|           gmem0|       pointer|
|m_axi_gmem0_ARPROT       |  out|    3|       m_axi|           gmem0|       pointer|
|m_axi_gmem0_ARQOS        |  out|    4|       m_axi|           gmem0|       pointer|
|m_axi_gmem0_ARREGION     |  out|    4|       m_axi|           gmem0|       pointer|
|m_axi_gmem0_ARUSER       |  out|    1|       m_axi|           gmem0|       pointer|
|m_axi_gmem0_RVALID       |   in|    1|       m_axi|           gmem0|       pointer|
|m_axi_gmem0_RREADY       |  out|    1|       m_axi|           gmem0|       pointer|
|m_axi_gmem0_RDATA        |   in|   32|       m_axi|           gmem0|       pointer|
|m_axi_gmem0_RLAST        |   in|    1|       m_axi|           gmem0|       pointer|
|m_axi_gmem0_RID          |   in|    1|       m_axi|           gmem0|       pointer|
|m_axi_gmem0_RUSER        |   in|    1|       m_axi|           gmem0|       pointer|
|m_axi_gmem0_RRESP        |   in|    2|       m_axi|           gmem0|       pointer|
|m_axi_gmem0_BVALID       |   in|    1|       m_axi|           gmem0|       pointer|
|m_axi_gmem0_BREADY       |  out|    1|       m_axi|           gmem0|       pointer|
|m_axi_gmem0_BRESP        |   in|    2|       m_axi|           gmem0|       pointer|
|m_axi_gmem0_BID          |   in|    1|       m_axi|           gmem0|       pointer|
|m_axi_gmem0_BUSER        |   in|    1|       m_axi|           gmem0|       pointer|
|m_axi_gmem1_AWVALID      |  out|    1|       m_axi|           gmem1|       pointer|
|m_axi_gmem1_AWREADY      |   in|    1|       m_axi|           gmem1|       pointer|
|m_axi_gmem1_AWADDR       |  out|   64|       m_axi|           gmem1|       pointer|
|m_axi_gmem1_AWID         |  out|    1|       m_axi|           gmem1|       pointer|
|m_axi_gmem1_AWLEN        |  out|    8|       m_axi|           gmem1|       pointer|
|m_axi_gmem1_AWSIZE       |  out|    3|       m_axi|           gmem1|       pointer|
|m_axi_gmem1_AWBURST      |  out|    2|       m_axi|           gmem1|       pointer|
|m_axi_gmem1_AWLOCK       |  out|    2|       m_axi|           gmem1|       pointer|
|m_axi_gmem1_AWCACHE      |  out|    4|       m_axi|           gmem1|       pointer|
|m_axi_gmem1_AWPROT       |  out|    3|       m_axi|           gmem1|       pointer|
|m_axi_gmem1_AWQOS        |  out|    4|       m_axi|           gmem1|       pointer|
|m_axi_gmem1_AWREGION     |  out|    4|       m_axi|           gmem1|       pointer|
|m_axi_gmem1_AWUSER       |  out|    1|       m_axi|           gmem1|       pointer|
|m_axi_gmem1_WVALID       |  out|    1|       m_axi|           gmem1|       pointer|
|m_axi_gmem1_WREADY       |   in|    1|       m_axi|           gmem1|       pointer|
|m_axi_gmem1_WDATA        |  out|   32|       m_axi|           gmem1|       pointer|
|m_axi_gmem1_WSTRB        |  out|    4|       m_axi|           gmem1|       pointer|
|m_axi_gmem1_WLAST        |  out|    1|       m_axi|           gmem1|       pointer|
|m_axi_gmem1_WID          |  out|    1|       m_axi|           gmem1|       pointer|
|m_axi_gmem1_WUSER        |  out|    1|       m_axi|           gmem1|       pointer|
|m_axi_gmem1_ARVALID      |  out|    1|       m_axi|           gmem1|       pointer|
|m_axi_gmem1_ARREADY      |   in|    1|       m_axi|           gmem1|       pointer|
|m_axi_gmem1_ARADDR       |  out|   64|       m_axi|           gmem1|       pointer|
|m_axi_gmem1_ARID         |  out|    1|       m_axi|           gmem1|       pointer|
|m_axi_gmem1_ARLEN        |  out|    8|       m_axi|           gmem1|       pointer|
|m_axi_gmem1_ARSIZE       |  out|    3|       m_axi|           gmem1|       pointer|
|m_axi_gmem1_ARBURST      |  out|    2|       m_axi|           gmem1|       pointer|
|m_axi_gmem1_ARLOCK       |  out|    2|       m_axi|           gmem1|       pointer|
|m_axi_gmem1_ARCACHE      |  out|    4|       m_axi|           gmem1|       pointer|
|m_axi_gmem1_ARPROT       |  out|    3|       m_axi|           gmem1|       pointer|
|m_axi_gmem1_ARQOS        |  out|    4|       m_axi|           gmem1|       pointer|
|m_axi_gmem1_ARREGION     |  out|    4|       m_axi|           gmem1|       pointer|
|m_axi_gmem1_ARUSER       |  out|    1|       m_axi|           gmem1|       pointer|
|m_axi_gmem1_RVALID       |   in|    1|       m_axi|           gmem1|       pointer|
|m_axi_gmem1_RREADY       |  out|    1|       m_axi|           gmem1|       pointer|
|m_axi_gmem1_RDATA        |   in|   32|       m_axi|           gmem1|       pointer|
|m_axi_gmem1_RLAST        |   in|    1|       m_axi|           gmem1|       pointer|
|m_axi_gmem1_RID          |   in|    1|       m_axi|           gmem1|       pointer|
|m_axi_gmem1_RUSER        |   in|    1|       m_axi|           gmem1|       pointer|
|m_axi_gmem1_RRESP        |   in|    2|       m_axi|           gmem1|       pointer|
|m_axi_gmem1_BVALID       |   in|    1|       m_axi|           gmem1|       pointer|
|m_axi_gmem1_BREADY       |  out|    1|       m_axi|           gmem1|       pointer|
|m_axi_gmem1_BRESP        |   in|    2|       m_axi|           gmem1|       pointer|
|m_axi_gmem1_BID          |   in|    1|       m_axi|           gmem1|       pointer|
|m_axi_gmem1_BUSER        |   in|    1|       m_axi|           gmem1|       pointer|
|m_axi_gmem2_AWVALID      |  out|    1|       m_axi|           gmem2|       pointer|
|m_axi_gmem2_AWREADY      |   in|    1|       m_axi|           gmem2|       pointer|
|m_axi_gmem2_AWADDR       |  out|   64|       m_axi|           gmem2|       pointer|
|m_axi_gmem2_AWID         |  out|    1|       m_axi|           gmem2|       pointer|
|m_axi_gmem2_AWLEN        |  out|    8|       m_axi|           gmem2|       pointer|
|m_axi_gmem2_AWSIZE       |  out|    3|       m_axi|           gmem2|       pointer|
|m_axi_gmem2_AWBURST      |  out|    2|       m_axi|           gmem2|       pointer|
|m_axi_gmem2_AWLOCK       |  out|    2|       m_axi|           gmem2|       pointer|
|m_axi_gmem2_AWCACHE      |  out|    4|       m_axi|           gmem2|       pointer|
|m_axi_gmem2_AWPROT       |  out|    3|       m_axi|           gmem2|       pointer|
|m_axi_gmem2_AWQOS        |  out|    4|       m_axi|           gmem2|       pointer|
|m_axi_gmem2_AWREGION     |  out|    4|       m_axi|           gmem2|       pointer|
|m_axi_gmem2_AWUSER       |  out|    1|       m_axi|           gmem2|       pointer|
|m_axi_gmem2_WVALID       |  out|    1|       m_axi|           gmem2|       pointer|
|m_axi_gmem2_WREADY       |   in|    1|       m_axi|           gmem2|       pointer|
|m_axi_gmem2_WDATA        |  out|   32|       m_axi|           gmem2|       pointer|
|m_axi_gmem2_WSTRB        |  out|    4|       m_axi|           gmem2|       pointer|
|m_axi_gmem2_WLAST        |  out|    1|       m_axi|           gmem2|       pointer|
|m_axi_gmem2_WID          |  out|    1|       m_axi|           gmem2|       pointer|
|m_axi_gmem2_WUSER        |  out|    1|       m_axi|           gmem2|       pointer|
|m_axi_gmem2_ARVALID      |  out|    1|       m_axi|           gmem2|       pointer|
|m_axi_gmem2_ARREADY      |   in|    1|       m_axi|           gmem2|       pointer|
|m_axi_gmem2_ARADDR       |  out|   64|       m_axi|           gmem2|       pointer|
|m_axi_gmem2_ARID         |  out|    1|       m_axi|           gmem2|       pointer|
|m_axi_gmem2_ARLEN        |  out|    8|       m_axi|           gmem2|       pointer|
|m_axi_gmem2_ARSIZE       |  out|    3|       m_axi|           gmem2|       pointer|
|m_axi_gmem2_ARBURST      |  out|    2|       m_axi|           gmem2|       pointer|
|m_axi_gmem2_ARLOCK       |  out|    2|       m_axi|           gmem2|       pointer|
|m_axi_gmem2_ARCACHE      |  out|    4|       m_axi|           gmem2|       pointer|
|m_axi_gmem2_ARPROT       |  out|    3|       m_axi|           gmem2|       pointer|
|m_axi_gmem2_ARQOS        |  out|    4|       m_axi|           gmem2|       pointer|
|m_axi_gmem2_ARREGION     |  out|    4|       m_axi|           gmem2|       pointer|
|m_axi_gmem2_ARUSER       |  out|    1|       m_axi|           gmem2|       pointer|
|m_axi_gmem2_RVALID       |   in|    1|       m_axi|           gmem2|       pointer|
|m_axi_gmem2_RREADY       |  out|    1|       m_axi|           gmem2|       pointer|
|m_axi_gmem2_RDATA        |   in|   32|       m_axi|           gmem2|       pointer|
|m_axi_gmem2_RLAST        |   in|    1|       m_axi|           gmem2|       pointer|
|m_axi_gmem2_RID          |   in|    1|       m_axi|           gmem2|       pointer|
|m_axi_gmem2_RUSER        |   in|    1|       m_axi|           gmem2|       pointer|
|m_axi_gmem2_RRESP        |   in|    2|       m_axi|           gmem2|       pointer|
|m_axi_gmem2_BVALID       |   in|    1|       m_axi|           gmem2|       pointer|
|m_axi_gmem2_BREADY       |  out|    1|       m_axi|           gmem2|       pointer|
|m_axi_gmem2_BRESP        |   in|    2|       m_axi|           gmem2|       pointer|
|m_axi_gmem2_BID          |   in|    1|       m_axi|           gmem2|       pointer|
|m_axi_gmem2_BUSER        |   in|    1|       m_axi|           gmem2|       pointer|
|m_axi_gmem3_AWVALID      |  out|    1|       m_axi|           gmem3|       pointer|
|m_axi_gmem3_AWREADY      |   in|    1|       m_axi|           gmem3|       pointer|
|m_axi_gmem3_AWADDR       |  out|   64|       m_axi|           gmem3|       pointer|
|m_axi_gmem3_AWID         |  out|    1|       m_axi|           gmem3|       pointer|
|m_axi_gmem3_AWLEN        |  out|    8|       m_axi|           gmem3|       pointer|
|m_axi_gmem3_AWSIZE       |  out|    3|       m_axi|           gmem3|       pointer|
|m_axi_gmem3_AWBURST      |  out|    2|       m_axi|           gmem3|       pointer|
|m_axi_gmem3_AWLOCK       |  out|    2|       m_axi|           gmem3|       pointer|
|m_axi_gmem3_AWCACHE      |  out|    4|       m_axi|           gmem3|       pointer|
|m_axi_gmem3_AWPROT       |  out|    3|       m_axi|           gmem3|       pointer|
|m_axi_gmem3_AWQOS        |  out|    4|       m_axi|           gmem3|       pointer|
|m_axi_gmem3_AWREGION     |  out|    4|       m_axi|           gmem3|       pointer|
|m_axi_gmem3_AWUSER       |  out|    1|       m_axi|           gmem3|       pointer|
|m_axi_gmem3_WVALID       |  out|    1|       m_axi|           gmem3|       pointer|
|m_axi_gmem3_WREADY       |   in|    1|       m_axi|           gmem3|       pointer|
|m_axi_gmem3_WDATA        |  out|   32|       m_axi|           gmem3|       pointer|
|m_axi_gmem3_WSTRB        |  out|    4|       m_axi|           gmem3|       pointer|
|m_axi_gmem3_WLAST        |  out|    1|       m_axi|           gmem3|       pointer|
|m_axi_gmem3_WID          |  out|    1|       m_axi|           gmem3|       pointer|
|m_axi_gmem3_WUSER        |  out|    1|       m_axi|           gmem3|       pointer|
|m_axi_gmem3_ARVALID      |  out|    1|       m_axi|           gmem3|       pointer|
|m_axi_gmem3_ARREADY      |   in|    1|       m_axi|           gmem3|       pointer|
|m_axi_gmem3_ARADDR       |  out|   64|       m_axi|           gmem3|       pointer|
|m_axi_gmem3_ARID         |  out|    1|       m_axi|           gmem3|       pointer|
|m_axi_gmem3_ARLEN        |  out|    8|       m_axi|           gmem3|       pointer|
|m_axi_gmem3_ARSIZE       |  out|    3|       m_axi|           gmem3|       pointer|
|m_axi_gmem3_ARBURST      |  out|    2|       m_axi|           gmem3|       pointer|
|m_axi_gmem3_ARLOCK       |  out|    2|       m_axi|           gmem3|       pointer|
|m_axi_gmem3_ARCACHE      |  out|    4|       m_axi|           gmem3|       pointer|
|m_axi_gmem3_ARPROT       |  out|    3|       m_axi|           gmem3|       pointer|
|m_axi_gmem3_ARQOS        |  out|    4|       m_axi|           gmem3|       pointer|
|m_axi_gmem3_ARREGION     |  out|    4|       m_axi|           gmem3|       pointer|
|m_axi_gmem3_ARUSER       |  out|    1|       m_axi|           gmem3|       pointer|
|m_axi_gmem3_RVALID       |   in|    1|       m_axi|           gmem3|       pointer|
|m_axi_gmem3_RREADY       |  out|    1|       m_axi|           gmem3|       pointer|
|m_axi_gmem3_RDATA        |   in|   32|       m_axi|           gmem3|       pointer|
|m_axi_gmem3_RLAST        |   in|    1|       m_axi|           gmem3|       pointer|
|m_axi_gmem3_RID          |   in|    1|       m_axi|           gmem3|       pointer|
|m_axi_gmem3_RUSER        |   in|    1|       m_axi|           gmem3|       pointer|
|m_axi_gmem3_RRESP        |   in|    2|       m_axi|           gmem3|       pointer|
|m_axi_gmem3_BVALID       |   in|    1|       m_axi|           gmem3|       pointer|
|m_axi_gmem3_BREADY       |  out|    1|       m_axi|           gmem3|       pointer|
|m_axi_gmem3_BRESP        |   in|    2|       m_axi|           gmem3|       pointer|
|m_axi_gmem3_BID          |   in|    1|       m_axi|           gmem3|       pointer|
|m_axi_gmem3_BUSER        |   in|    1|       m_axi|           gmem3|       pointer|
+-------------------------+-----+-----+------------+----------------+--------------+

