

================================================================
== Vitis HLS Report for 'MatStream2AxiStream_2_Pipeline_MMIterOutRow_MMIterOutCol'
================================================================
* Date:           Sat May  4 12:09:37 2024

* Version:        2023.2 (Build 4023990 on Oct 11 2023)
* Project:        customconv_ked.prj
* Solution:       sol1 (Vivado IP Flow Target)
* Product family: zynq
* Target device:  xc7z020-clg484-2


================================================================
== Performance Estimates
================================================================
+ Timing: 
    * Summary: 
    +--------+---------+----------+------------+
    |  Clock |  Target | Estimated| Uncertainty|
    +--------+---------+----------+------------+
    |ap_clk  |  3.30 ns|  2.295 ns|     0.89 ns|
    +--------+---------+----------+------------+

+ Latency: 
    * Summary: 
    +---------+---------+-----------+----------+-----+-------+---------+
    |  Latency (cycles) |  Latency (absolute)  |   Interval  | Pipeline|
    |   min   |   max   |    min    |    max   | min |  max  |   Type  |
    +---------+---------+-----------+----------+-----+-------+---------+
    |        9|    32775|  29.700 ns|  0.108 ms|    9|  32775|       no|
    +---------+---------+-----------+----------+-----+-------+---------+

    + Detail: 
        * Instance: 
        N/A

        * Loop: 
        +-----------------------------+---------+---------+----------+-----------+-----------+-----------+----------+
        |                             |  Latency (cycles) | Iteration|  Initiation Interval  |    Trip   |          |
        |          Loop Name          |   min   |   max   |  Latency |  achieved |   target  |   Count   | Pipelined|
        +-----------------------------+---------+---------+----------+-----------+-----------+-----------+----------+
        |- MMIterOutRow_MMIterOutCol  |        7|    32773|         8|          2|          1|  1 ~ 16384|       yes|
        +-----------------------------+---------+---------+----------+-----------+-----------+-----------+----------+



================================================================
== Utilization Estimates
================================================================
* Summary: 
+-----------------+---------+-----+--------+-------+-----+
|       Name      | BRAM_18K| DSP |   FF   |  LUT  | URAM|
+-----------------+---------+-----+--------+-------+-----+
|DSP              |        -|    -|       -|      -|    -|
|Expression       |        -|    -|       0|    240|    -|
|FIFO             |        -|    -|       -|      -|    -|
|Instance         |        -|    -|     120|     63|    -|
|Memory           |        -|    -|       -|      -|    -|
|Multiplexer      |        -|    -|       -|    169|    -|
|Register         |        -|    -|     286|     32|    -|
+-----------------+---------+-----+--------+-------+-----+
|Total            |        0|    0|     406|    504|    0|
+-----------------+---------+-----+--------+-------+-----+
|Available        |      280|  220|  106400|  53200|    0|
+-----------------+---------+-----+--------+-------+-----+
|Utilization (%)  |        0|    0|      ~0|     ~0|    0|
+-----------------+---------+-----+--------+-------+-----+

+ Detail: 
    * Instance: 
    +-------------------------+--------------------+---------+----+----+----+-----+
    |         Instance        |       Module       | BRAM_18K| DSP| FF | LUT| URAM|
    +-------------------------+--------------------+---------+----+----+----+-----+
    |lshr_8ns_8ns_8_2_1_U188  |lshr_8ns_8ns_8_2_1  |        0|   0|  40|  21|    0|
    |shl_8ns_3ns_8_2_1_U187   |shl_8ns_3ns_8_2_1   |        0|   0|  40|  21|    0|
    |shl_8ns_4ns_8_2_1_U186   |shl_8ns_4ns_8_2_1   |        0|   0|  40|  21|    0|
    +-------------------------+--------------------+---------+----+----+----+-----+
    |Total                    |                    |        0|   0| 120|  63|    0|
    +-------------------------+--------------------+---------+----+----+----+-----+

    * DSP: 
    N/A

    * Memory: 
    N/A

    * FIFO: 
    N/A

    * Expression: 
    +----------------------------------+----------+----+---+----+------------+------------+
    |           Variable Name          | Operation| DSP| FF| LUT| Bitwidth P0| Bitwidth P1|
    +----------------------------------+----------+----+---+----+------------+------------+
    |add_ln1301_fu_198_p2              |         +|   0|  0|  32|          32|           1|
    |add_ln1306_fu_233_p2              |         +|   0|  0|  16|          16|           1|
    |filled_next_fu_321_p2             |         +|   0|  0|   6|           4|           4|
    |sub_ln1324_fu_262_p2              |         -|   0|  0|   7|           4|           5|
    |sub_ln1332_1_fu_292_p2            |         -|   0|  0|   4|           1|           3|
    |sub_ln1332_fu_274_p2              |         -|   0|  0|   7|           4|           5|
    |ap_block_state4_pp0_stage1_iter1  |       and|   0|  0|   1|           1|           1|
    |ap_block_state8_pp0_stage1_iter3  |       and|   0|  0|   1|           1|           1|
    |ap_predicate_op41_read_state4     |       and|   0|  0|   1|           1|           1|
    |ap_predicate_op76_write_state8    |       and|   0|  0|   1|           1|           1|
    |bLast_fu_223_p2                   |      icmp|   0|  0|  32|          32|          32|
    |icmp_ln1301_fu_193_p2             |      icmp|   0|  0|  32|          32|          32|
    |icmp_ln1306_fu_207_p2             |      icmp|   0|  0|  16|          16|          16|
    |icmp_ln1315_fu_228_p2             |      icmp|   0|  0|  32|          32|          32|
    |icmp_ln1324_fu_268_p2             |      icmp|   0|  0|   7|           5|           5|
    |ap_block_pp0_stage1_01001         |        or|   0|  0|   1|           1|           1|
    |ldata_din                         |        or|   0|  0|   8|           8|           8|
    |localbuffer_2_fu_358_p3           |    select|   0|  0|   8|           1|           8|
    |select_ln1294_fu_212_p3           |    select|   0|  0|  16|           1|           1|
    |xf_bits_per_clock_fu_242_p3       |    select|   0|  0|   5|           1|           4|
    |ap_enable_pp0                     |       xor|   0|  0|   2|           1|           2|
    |xor_ln1333_fu_298_p2              |       xor|   0|  0|   5|           4|           5|
    +----------------------------------+----------+----+---+----+------------+------------+
    |Total                             |          |   0|  0| 240|         199|         169|
    +----------------------------------+----------+----+---+----+------------+------------+

    * Multiplexer: 
    +--------------------------------------------------+----+-----------+-----+-----------+
    |                       Name                       | LUT| Input Size| Bits| Total Bits|
    +--------------------------------------------------+----+-----------+-----+-----------+
    |ap_NS_fsm                                         |  13|          3|    1|          3|
    |ap_done_int                                       |   9|          2|    1|          2|
    |ap_enable_reg_pp0_iter0                           |   9|          2|    1|          2|
    |ap_enable_reg_pp0_iter2                           |   9|          2|    1|          2|
    |ap_enable_reg_pp0_iter4                           |   9|          2|    1|          2|
    |ap_loop_exit_ready_pp0_iter1_reg                  |   9|          2|    1|          2|
    |ap_loop_exit_ready_pp0_iter2_reg                  |   9|          2|    1|          2|
    |ap_loop_exit_ready_pp0_iter3_reg                  |   9|          2|    1|          2|
    |ap_phi_reg_pp0_iter2_conv3_i12_i_i933_pn_reg_161  |  13|          3|    4|         12|
    |ap_phi_reg_pp0_iter2_val_1_reg_149                |  13|          3|    8|         24|
    |ap_sig_allocacmp_j_load                           |   9|          2|   16|         32|
    |filled_fu_76                                      |   9|          2|    4|          8|
    |imgOutput_data_blk_n                              |   9|          2|    1|          2|
    |indvar_flatten_fu_88                              |   9|          2|   32|         64|
    |j_fu_84                                           |   9|          2|   16|         32|
    |ldata_blk_n                                       |   9|          2|    1|          2|
    |localbuffer_fu_80                                 |  13|          3|    8|         24|
    +--------------------------------------------------+----+-----------+-----+-----------+
    |Total                                             | 169|         38|   98|        217|
    +--------------------------------------------------+----+-----------+-----+-----------+

    * Register: 
    +--------------------------------------------------+----+----+-----+-----------+
    |                       Name                       | FF | LUT| Bits| Const Bits|
    +--------------------------------------------------+----+----+-----+-----------+
    |add_ln1301_reg_431                                |  32|   0|   32|          0|
    |add_ln1306_reg_451                                |  16|   0|   16|          0|
    |ap_CS_fsm                                         |   2|   0|    2|          0|
    |ap_done_reg                                       |   1|   0|    1|          0|
    |ap_enable_reg_pp0_iter0_reg                       |   1|   0|    1|          0|
    |ap_enable_reg_pp0_iter1                           |   1|   0|    1|          0|
    |ap_enable_reg_pp0_iter2                           |   1|   0|    1|          0|
    |ap_enable_reg_pp0_iter3                           |   1|   0|    1|          0|
    |ap_enable_reg_pp0_iter4                           |   1|   0|    1|          0|
    |ap_loop_exit_ready_pp0_iter1_reg                  |   1|   0|    1|          0|
    |ap_loop_exit_ready_pp0_iter2_reg                  |   1|   0|    1|          0|
    |ap_loop_exit_ready_pp0_iter3_reg                  |   1|   0|    1|          0|
    |ap_phi_reg_pp0_iter1_conv3_i12_i_i933_pn_reg_161  |   4|   0|    4|          0|
    |ap_phi_reg_pp0_iter1_val_1_reg_149                |   8|   0|    8|          0|
    |ap_phi_reg_pp0_iter2_conv3_i12_i_i933_pn_reg_161  |   4|   0|    4|          0|
    |ap_phi_reg_pp0_iter2_val_1_reg_149                |   8|   0|    8|          0|
    |bLast_reg_442                                     |   1|   0|    1|          0|
    |filled_1_reg_468                                  |   4|   0|    4|          0|
    |filled_fu_76                                      |   4|   0|    4|          0|
    |icmp_ln1301_reg_427                               |   1|   0|    1|          0|
    |icmp_ln1315_reg_447                               |   1|   0|    1|          0|
    |icmp_ln1324_reg_475                               |   1|   0|    1|          0|
    |icmp_ln1324_reg_475_pp0_iter3_reg                 |   1|   0|    1|          0|
    |indvar_flatten_fu_88                              |  32|   0|   32|          0|
    |j_fu_84                                           |  16|   0|   16|          0|
    |localbuffer_fu_80                                 |   8|   0|    8|          0|
    |lshr_ln1332_reg_524                               |   8|   0|    8|          0|
    |select_ln1294_reg_436                             |  16|   0|   16|          0|
    |shl_ln1320_reg_509                                |   8|   0|    8|          0|
    |shl_ln1332_reg_514                                |   8|   0|    8|          0|
    |sub_ln1332_1_reg_489                              |   3|   0|    3|          0|
    |sub_ln1332_reg_479                                |   5|   0|    5|          0|
    |tmp_9_reg_484                                     |   1|   0|    1|          0|
    |tmp_9_reg_484_pp0_iter3_reg                       |   1|   0|    1|          0|
    |val_1_reg_149                                     |   8|   0|    8|          0|
    |val_reg_463                                       |   8|   0|    8|          0|
    |xf_bits_per_clock_reg_456                         |   4|   0|    4|          0|
    |icmp_ln1301_reg_427                               |  64|  32|    1|          0|
    +--------------------------------------------------+----+----+-----+-----------+
    |Total                                             | 286|  32|  223|          0|
    +--------------------------------------------------+----+----+-----+-----------+



================================================================
== Interface
================================================================
* Summary: 
+-------------------------------+-----+-----+------------+-----------------------------------------------------------+--------------+
|           RTL Ports           | Dir | Bits|  Protocol  |                       Source Object                       |    C Type    |
+-------------------------------+-----+-----+------------+-----------------------------------------------------------+--------------+
|ap_clk                         |   in|    1|  ap_ctrl_hs|  MatStream2AxiStream<2>_Pipeline_MMIterOutRow_MMIterOutCol|  return value|
|ap_rst                         |   in|    1|  ap_ctrl_hs|  MatStream2AxiStream<2>_Pipeline_MMIterOutRow_MMIterOutCol|  return value|
|ap_start                       |   in|    1|  ap_ctrl_hs|  MatStream2AxiStream<2>_Pipeline_MMIterOutRow_MMIterOutCol|  return value|
|ap_done                        |  out|    1|  ap_ctrl_hs|  MatStream2AxiStream<2>_Pipeline_MMIterOutRow_MMIterOutCol|  return value|
|ap_idle                        |  out|    1|  ap_ctrl_hs|  MatStream2AxiStream<2>_Pipeline_MMIterOutRow_MMIterOutCol|  return value|
|ap_ready                       |  out|    1|  ap_ctrl_hs|  MatStream2AxiStream<2>_Pipeline_MMIterOutRow_MMIterOutCol|  return value|
|imgOutput_data_dout            |   in|    8|     ap_fifo|                                             imgOutput_data|       pointer|
|imgOutput_data_num_data_valid  |   in|    3|     ap_fifo|                                             imgOutput_data|       pointer|
|imgOutput_data_fifo_cap        |   in|    3|     ap_fifo|                                             imgOutput_data|       pointer|
|imgOutput_data_empty_n         |   in|    1|     ap_fifo|                                             imgOutput_data|       pointer|
|imgOutput_data_read            |  out|    1|     ap_fifo|                                             imgOutput_data|       pointer|
|ldata_din                      |  out|    8|     ap_fifo|                                                      ldata|       pointer|
|ldata_num_data_valid           |   in|    3|     ap_fifo|                                                      ldata|       pointer|
|ldata_fifo_cap                 |   in|    3|     ap_fifo|                                                      ldata|       pointer|
|ldata_full_n                   |   in|    1|     ap_fifo|                                                      ldata|       pointer|
|ldata_write                    |  out|    1|     ap_fifo|                                                      ldata|       pointer|
|bound                          |   in|   32|     ap_none|                                                      bound|        scalar|
|empty                          |   in|   16|     ap_none|                                                      empty|        scalar|
|sub                            |   in|   32|     ap_none|                                                        sub|        scalar|
|last_blk_width_load            |   in|    4|     ap_none|                                        last_blk_width_load|        scalar|
|cols_bound_per_npc_load        |   in|   32|     ap_none|                                    cols_bound_per_npc_load|        scalar|
|localbuffer_out                |  out|    8|      ap_vld|                                            localbuffer_out|       pointer|
|localbuffer_out_ap_vld         |  out|    1|      ap_vld|                                            localbuffer_out|       pointer|
|filled_out                     |  out|    4|      ap_vld|                                                 filled_out|       pointer|
|filled_out_ap_vld              |  out|    1|      ap_vld|                                                 filled_out|       pointer|
+-------------------------------+-----+-----+------------+-----------------------------------------------------------+--------------+

