

================================================================
== Vitis HLS Report for 'xFFilter2Dkernel_0_0_128_128_0_0_1_2_2_1_1_128_3_3_1_s'
================================================================
* Date:           Sat May  4 12:09:36 2024

* Version:        2023.2 (Build 4023990 on Oct 11 2023)
* Project:        customconv_ked.prj
* Solution:       sol1 (Vivado IP Flow Target)
* Product family: zynq
* Target device:  xc7z020-clg484-2


================================================================
== Performance Estimates
================================================================
+ Timing: 
    * Summary: 
    +--------+---------+----------+------------+
    |  Clock |  Target | Estimated| Uncertainty|
    +--------+---------+----------+------------+
    |ap_clk  |  3.30 ns|  3.635 ns|     0.89 ns|
    +--------+---------+----------+------------+

+ Latency: 
    * Summary: 
    +---------+------------+----------+------------+-----+------------+---------+
    |   Latency (cycles)   |   Latency (absolute)  |     Interval     | Pipeline|
    |   min   |     max    |    min   |     max    | min |     max    |   Type  |
    +---------+------------+----------+------------+-----+------------+---------+
    |      181|  4297523341|  0.658 us|  15.619 sec|  181|  4297523341|       no|
    +---------+------------+----------+------------+-----+------------+---------+

    + Detail: 
        * Instance: 
        +-----------------------------------------------+------------------------------------+---------+---------+----------+----------+-----+-------+---------+
        |                                               |                                    |  Latency (cycles) |  Latency (absolute) |   Interval  | Pipeline|
        |                    Instance                   |               Module               |   min   |   max   |    min   |    max   | min |  max  |   Type  |
        +-----------------------------------------------+------------------------------------+---------+---------+----------+----------+-----+-------+---------+
        |grp_xFFilter2Dkernel_Pipeline_COL_LOOP_fu_196  |xFFilter2Dkernel_Pipeline_COL_LOOP  |       31|    65566|  0.113 us|  0.238 ms|   31|  65566|       no|
        +-----------------------------------------------+------------------------------------+---------+---------+----------+----------+-----+-------+---------+

        * Loop: 
        +------------+---------+------------+------------+-----------+-----------+-----------+----------+
        |            |   Latency (cycles)   |  Iteration |  Initiation Interval  |    Trip   |          |
        |  Loop Name |   min   |     max    |   Latency  |  achieved |   target  |   Count   | Pipelined|
        +------------+---------+------------+------------+-----------+-----------+-----------+----------+
        |- ROW_LOOP  |      180|  4297523340|  36 ~ 65571|          -|          -|  5 ~ 65540|        no|
        +------------+---------+------------+------------+-----------+-----------+-----------+----------+



================================================================
== Utilization Estimates
================================================================
* Summary: 
+-----------------+---------+-----+--------+-------+-----+
|       Name      | BRAM_18K| DSP |   FF   |  LUT  | URAM|
+-----------------+---------+-----+--------+-------+-----+
|DSP              |        -|    -|       -|      -|    -|
|Expression       |        -|    -|       0|    327|    -|
|FIFO             |        -|    -|       -|      -|    -|
|Instance         |        3|    9|    2820|   1301|    0|
|Memory           |        -|    -|       -|      -|    -|
|Multiplexer      |        -|    -|       -|     56|    -|
|Register         |        -|    -|     260|      -|    -|
+-----------------+---------+-----+--------+-------+-----+
|Total            |        3|    9|    3080|   1684|    0|
+-----------------+---------+-----+--------+-------+-----+
|Available        |      280|  220|  106400|  53200|    0|
+-----------------+---------+-----+--------+-------+-----+
|Utilization (%)  |        1|    4|       2|      3|    0|
+-----------------+---------+-----+--------+-------+-----+

+ Detail: 
    * Instance: 
    +-----------------------------------------------+------------------------------------+---------+----+------+------+-----+
    |                    Instance                   |               Module               | BRAM_18K| DSP|  FF  |  LUT | URAM|
    +-----------------------------------------------+------------------------------------+---------+----+------+------+-----+
    |grp_xFFilter2Dkernel_Pipeline_COL_LOOP_fu_196  |xFFilter2Dkernel_Pipeline_COL_LOOP  |        3|   9|  2820|  1301|    0|
    +-----------------------------------------------+------------------------------------+---------+----+------+------+-----+
    |Total                                          |                                    |        3|   9|  2820|  1301|    0|
    +-----------------------------------------------+------------------------------------+---------+----+------+------+-----+

    * DSP: 
    N/A

    * Memory: 
    N/A

    * FIFO: 
    N/A

    * Expression: 
    +-----------------------+----------+----+---+----+------------+------------+
    |     Variable Name     | Operation| DSP| FF| LUT| Bitwidth P0| Bitwidth P1|
    +-----------------------+----------+----+---+----+------------+------------+
    |ImagLocy_fu_288_p2     |         +|   0|  0|  16|          16|           4|
    |heightloop_fu_239_p2   |         +|   0|  0|  17|          17|           3|
    |i_2_fu_282_p2          |         +|   0|  0|  16|          16|           1|
    |sub62_fu_255_p2        |         +|   0|  0|  17|          17|           2|
    |widthloop_fu_249_p2    |         +|   0|  0|  17|          17|           2|
    |y_1_fu_416_p2          |         +|   0|  0|  17|          17|           2|
    |y_2_fu_344_p2          |         +|   0|  0|  17|          17|           3|
    |locy_1_fu_454_p2       |         -|   0|  0|   3|           2|           2|
    |locy_2_fu_478_p2       |         -|   0|  0|   3|           2|           2|
    |locy_fu_411_p2         |         -|   0|  0|   3|           2|           2|
    |brmerge_not_fu_360_p2  |       and|   0|  0|   1|           1|           1|
    |or_cond25_fu_397_p2    |       and|   0|  0|   1|           1|           1|
    |or_cond26_fu_440_p2    |       and|   0|  0|   1|           1|           1|
    |cmp179_1_fu_459_p2     |      icmp|   0|  0|  17|          17|          17|
    |cmp1_i18_fu_393_p2     |      icmp|   0|  0|  17|          17|          17|
    |cmp204_fu_294_p2       |      icmp|   0|  0|  16|          16|           3|
    |cmp57_fu_318_p2        |      icmp|   0|  0|  16|          16|           2|
    |cmp_i17_1_fu_425_p2    |      icmp|   0|  0|  16|          16|           1|
    |empty_45_fu_466_p2     |      icmp|   0|  0|  17|          17|          17|
    |icmp_fu_350_p2         |      icmp|   0|  0|  15|          15|           1|
    |icmp_ln707_fu_277_p2   |      icmp|   0|  0|  17|          17|          17|
    |notrhs_fu_355_p2       |      icmp|   0|  0|  17|          17|          17|
    |slt57_fu_430_p2        |      icmp|   0|  0|  17|          17|          17|
    |slt_fu_326_p2          |      icmp|   0|  0|  17|          17|          17|
    |brmerge30_fu_366_p2    |        or|   0|  0|   1|           1|           1|
    |ref_fu_337_p3          |    select|   0|  0|   3|           1|           2|
    |t_1_fu_446_p3          |    select|   0|  0|   2|           1|           2|
    |t_2_fu_470_p3          |    select|   0|  0|   2|           1|           2|
    |t_fu_403_p3            |    select|   0|  0|   2|           1|           2|
    |rev56_fu_331_p2        |       xor|   0|  0|   2|           1|           2|
    |rev58_fu_434_p2        |       xor|   0|  0|   2|           1|           2|
    |rev_fu_388_p2          |       xor|   0|  0|   2|           1|           2|
    +-----------------------+----------+----+---+----+------------+------------+
    |Total                  |          |   0|  0| 327|         316|         167|
    +-----------------------+----------+----+---+----+------------+------------+

    * Multiplexer: 
    +----------------------+----+-----------+-----+-----------+
    |         Name         | LUT| Input Size| Bits| Total Bits|
    +----------------------+----+-----------+-----+-----------+
    |ap_NS_fsm             |  29|          7|    1|          7|
    |i_fu_96               |   9|          2|   16|         32|
    |imgInput_data_read    |   9|          2|    1|          2|
    |imgOutput_data_write  |   9|          2|    1|          2|
    +----------------------+----+-----------+-----+-----------+
    |Total                 |  56|         13|   19|         43|
    +----------------------+----+-----------+-----+-----------+

    * Register: 
    +------------------------------------------------------------+----+----+-----+-----------+
    |                            Name                            | FF | LUT| Bits| Const Bits|
    +------------------------------------------------------------+----+----+-----+-----------+
    |ImagLocy_cast_reg_647                                       |  17|   0|   17|          0|
    |ImagLocy_reg_623                                            |  16|   0|   16|          0|
    |ap_CS_fsm                                                   |   6|   0|    6|          0|
    |brmerge30_reg_668                                           |   1|   0|    1|          0|
    |cmp179_1_reg_703                                            |   1|   0|    1|          0|
    |cmp1_i18_reg_688                                            |   1|   0|    1|          0|
    |cmp204_reg_631                                              |   1|   0|    1|          0|
    |empty_45_reg_708                                            |   1|   0|    1|          0|
    |grp_xFFilter2Dkernel_Pipeline_COL_LOOP_fu_196_ap_start_reg  |   1|   0|    1|          0|
    |heightloop_reg_594                                          |  17|   0|   17|          0|
    |i_2_reg_618                                                 |  16|   0|   16|          0|
    |i_fu_96                                                     |  16|   0|   16|          0|
    |locy_1_reg_698                                              |   2|   0|    2|          0|
    |locy_2_reg_713                                              |   2|   0|    2|          0|
    |locy_reg_693                                                |   2|   0|    2|          0|
    |ref_reg_655                                                 |   2|   0|    2|          0|
    |src_kernel_win_1_fu_104                                     |   8|   0|    8|          0|
    |src_kernel_win_2_fu_108                                     |   8|   0|    8|          0|
    |src_kernel_win_3_fu_112                                     |   8|   0|    8|          0|
    |src_kernel_win_3_load_reg_678                               |   8|   0|    8|          0|
    |src_kernel_win_4_fu_116                                     |   8|   0|    8|          0|
    |src_kernel_win_5_fu_120                                     |   8|   0|    8|          0|
    |src_kernel_win_5_load_reg_683                               |   8|   0|    8|          0|
    |src_kernel_win_fu_100                                       |   8|   0|    8|          0|
    |src_kernel_win_load_reg_673                                 |   8|   0|    8|          0|
    |sub62_reg_604                                               |  17|   0|   17|          0|
    |tmp_6_reg_718                                               |   1|   0|    1|          0|
    |tmp_7_reg_642                                               |  15|   0|   15|          0|
    |tmp_reg_636                                                 |   1|   0|    1|          0|
    |trunc_ln707_reg_610                                         |   2|   0|    2|          0|
    |widthloop_reg_599                                           |  17|   0|   17|          0|
    |y_2_reg_662                                                 |  17|   0|   17|          0|
    |zext_ln695_reg_586                                          |  16|   0|   17|          1|
    +------------------------------------------------------------+----+----+-----+-----------+
    |Total                                                       | 260|   0|  261|          1|
    +------------------------------------------------------------+----+----+-----+-----------+



================================================================
== Interface
================================================================
* Summary: 
+-------------------------------+-----+-----+------------+---------------------------------------------------------------------+--------------+
|           RTL Ports           | Dir | Bits|  Protocol  |                            Source Object                            |    C Type    |
+-------------------------------+-----+-----+------------+---------------------------------------------------------------------+--------------+
|ap_clk                         |   in|    1|  ap_ctrl_hs|  xFFilter2Dkernel<0, 0, 128, 128, 0, 0, 1, 2, 2, 1, 1, 128, 3, 3, 1>|  return value|
|ap_rst                         |   in|    1|  ap_ctrl_hs|  xFFilter2Dkernel<0, 0, 128, 128, 0, 0, 1, 2, 2, 1, 1, 128, 3, 3, 1>|  return value|
|ap_start                       |   in|    1|  ap_ctrl_hs|  xFFilter2Dkernel<0, 0, 128, 128, 0, 0, 1, 2, 2, 1, 1, 128, 3, 3, 1>|  return value|
|ap_done                        |  out|    1|  ap_ctrl_hs|  xFFilter2Dkernel<0, 0, 128, 128, 0, 0, 1, 2, 2, 1, 1, 128, 3, 3, 1>|  return value|
|ap_idle                        |  out|    1|  ap_ctrl_hs|  xFFilter2Dkernel<0, 0, 128, 128, 0, 0, 1, 2, 2, 1, 1, 128, 3, 3, 1>|  return value|
|ap_ready                       |  out|    1|  ap_ctrl_hs|  xFFilter2Dkernel<0, 0, 128, 128, 0, 0, 1, 2, 2, 1, 1, 128, 3, 3, 1>|  return value|
|imgInput_data_dout             |   in|    8|     ap_fifo|                                                        imgInput_data|       pointer|
|imgInput_data_num_data_valid   |   in|    3|     ap_fifo|                                                        imgInput_data|       pointer|
|imgInput_data_fifo_cap         |   in|    3|     ap_fifo|                                                        imgInput_data|       pointer|
|imgInput_data_empty_n          |   in|    1|     ap_fifo|                                                        imgInput_data|       pointer|
|imgInput_data_read             |  out|    1|     ap_fifo|                                                        imgInput_data|       pointer|
|imgOutput_data_din             |  out|    8|     ap_fifo|                                                       imgOutput_data|       pointer|
|imgOutput_data_num_data_valid  |   in|    3|     ap_fifo|                                                       imgOutput_data|       pointer|
|imgOutput_data_fifo_cap        |   in|    3|     ap_fifo|                                                       imgOutput_data|       pointer|
|imgOutput_data_full_n          |   in|    1|     ap_fifo|                                                       imgOutput_data|       pointer|
|imgOutput_data_write           |  out|    1|     ap_fifo|                                                       imgOutput_data|       pointer|
|p_filter_kernel_0_0_val1       |   in|   16|     ap_none|                                             p_filter_kernel_0_0_val1|        scalar|
|p_filter_kernel_0_1_val2       |   in|   16|     ap_none|                                             p_filter_kernel_0_1_val2|        scalar|
|p_filter_kernel_0_2_val3       |   in|   16|     ap_none|                                             p_filter_kernel_0_2_val3|        scalar|
|p_filter_kernel_1_0_val4       |   in|   16|     ap_none|                                             p_filter_kernel_1_0_val4|        scalar|
|p_filter_kernel_1_1_val5       |   in|   16|     ap_none|                                             p_filter_kernel_1_1_val5|        scalar|
|p_filter_kernel_1_2_val6       |   in|   16|     ap_none|                                             p_filter_kernel_1_2_val6|        scalar|
|p_filter_kernel_2_0_val7       |   in|   16|     ap_none|                                             p_filter_kernel_2_0_val7|        scalar|
|p_filter_kernel_2_1_val8       |   in|   16|     ap_none|                                             p_filter_kernel_2_1_val8|        scalar|
|p_filter_kernel_2_2_val9       |   in|   16|     ap_none|                                             p_filter_kernel_2_2_val9|        scalar|
|shift                          |   in|    8|     ap_none|                                                                shift|        scalar|
|rows                           |   in|   16|     ap_none|                                                                 rows|        scalar|
|cols                           |   in|   16|     ap_none|                                                                 cols|        scalar|
+-------------------------------+-----+-----+------------+---------------------------------------------------------------------+--------------+

