

================================================================
== Vitis HLS Report for 'Array2xfMat_8_0_128_128_1_2_s'
================================================================
* Date:           Sat May  4 12:09:32 2024

* Version:        2023.2 (Build 4023990 on Oct 11 2023)
* Project:        customconv_ked.prj
* Solution:       sol1 (Vivado IP Flow Target)
* Product family: zynq
* Target device:  xc7z020-clg484-2


================================================================
== Performance Estimates
================================================================
+ Timing: 
    * Summary: 
    +--------+---------+----------+------------+
    |  Clock |  Target | Estimated| Uncertainty|
    +--------+---------+----------+------------+
    |ap_clk  |  3.30 ns|  4.133 ns|     0.89 ns|
    +--------+---------+----------+------------+

+ Latency: 
    * Summary: 
    +---------+---------+----------+----------+-----+-------+---------+
    |  Latency (cycles) |  Latency (absolute) |   Interval  | Pipeline|
    |   min   |   max   |    min   |    max   | min |  max  |   Type  |
    +---------+---------+----------+----------+-----+-------+---------+
    |       25|    32791|  0.103 us|  0.136 ms|   25|  32791|       no|
    +---------+---------+----------+----------+-----+-------+---------+

    + Detail: 
        * Instance: 
        N/A

        * Loop: 
        N/A

============================================================
+ Verbose Summary: Synthesis Manager
============================================================
InlineROM: 1
ExposeGlobal: 0
============================================================
+ Verbose Summary: CDFG Model
============================================================
IsTopModel: 0
ResetActiveHigh: 1
IsCombinational: 2
IsDatapathOnly: 0
HasWiredReturn: 1
HasMFsm: 0
HasVarLatency: 1
IsPipeline: 0
IsRtlPipelined: 0
IsInstanceOverlapped: 0
IsDontTouch: 0
HasImplIP: 0
IsGatedGlobalClock: 0


============================================================
+ Verbose Summary: Schedule
============================================================
* Number of FSM states : 3
* Pipeline : 0
* Dataflow Pipeline: 0

* FSM state transitions: 
1 --> 2 
2 --> 3 
3 --> 

* FSM state operations: 

State 1 <SV = 0> <Delay = 2.40>
ST_1 : Operation 4 [1/1] (1.20ns)   --->   "%p_read_3 = read i32 @_ssdm_op_Read.ap_auto.i32, i32 %p_read1"   --->   Operation 4 'read' 'p_read_3' <Predicate = true> <Delay = 1.20> <CoreInst = "FIFO_SRL">   --->   Core 81 'FIFO_SRL' <Latency = 0> <II = 1> <Delay = 3.40> <Storage> <Opcode : 'read' 'write' 'nbread' 'nbwrite'> <Ports = 0> <Width = -1> <Depth = -1> <FIFO>
ST_1 : Operation 5 [1/1] (1.20ns)   --->   "%p_read_4 = read i32 @_ssdm_op_Read.ap_auto.i32, i32 %p_read"   --->   Operation 5 'read' 'p_read_4' <Predicate = true> <Delay = 1.20> <CoreInst = "FIFO_SRL">   --->   Core 81 'FIFO_SRL' <Latency = 0> <II = 1> <Delay = 3.40> <Storage> <Opcode : 'read' 'write' 'nbread' 'nbwrite'> <Ports = 0> <Width = -1> <Depth = -1> <FIFO>
ST_1 : Operation 6 [1/1] (1.20ns)   --->   "%write_ln0 = write void @_ssdm_op_Write.ap_fifo.i32P0A, i32 %imgInput_cols_c, i32 %p_read_3"   --->   Operation 6 'write' 'write_ln0' <Predicate = true> <Delay = 1.20> <CoreInst = "FIFO_SRL">   --->   Core 81 'FIFO_SRL' <Latency = 0> <II = 1> <Delay = 3.40> <Storage> <Opcode : 'read' 'write' 'nbread' 'nbwrite'> <Ports = 0> <Width = 32> <Depth = 2> <FIFO>
ST_1 : Operation 7 [1/1] (1.20ns)   --->   "%write_ln0 = write void @_ssdm_op_Write.ap_fifo.i32P0A, i32 %imgInput_rows_c, i32 %p_read_4"   --->   Operation 7 'write' 'write_ln0' <Predicate = true> <Delay = 1.20> <CoreInst = "FIFO_SRL">   --->   Core 81 'FIFO_SRL' <Latency = 0> <II = 1> <Delay = 3.40> <Storage> <Opcode : 'read' 'write' 'nbread' 'nbwrite'> <Ports = 0> <Width = 32> <Depth = 2> <FIFO>

State 2 <SV = 1> <Delay = 2.54>
ST_2 : Operation 8 [1/1] (0.00ns)   --->   "%srcPtr_read = read i64 @_ssdm_op_Read.ap_auto.i64, i64 %srcPtr"   --->   Operation 8 'read' 'srcPtr_read' <Predicate = true> <Delay = 0.00>
ST_2 : Operation 9 [2/2] (2.54ns)   --->   "%call_ln1235 = call void @Axi2Mat, i8 %gmem0, i64 %srcPtr_read, i8 %imgInput_data, i32 %p_read_4, i32 %p_read_3" [/home/kedhar/Vitis_Libraries/vision/L1/examples/customconv/../../../L1/include/common/xf_structs.hpp:1235->/home/kedhar/Vitis_Libraries/vision/L1/examples/customconv/../../../L1/include/common/xf_utility.hpp:836]   --->   Operation 9 'call' 'call_ln1235' <Predicate = true> <Delay = 2.54> <CoreType = "Generic">   --->   Core 0 '' <Latency = 0> <II = 1> <Delay = 1.00> <Generic> <Opcode : >

State 3 <SV = 2> <Delay = 0.00>
ST_3 : Operation 10 [1/1] (0.00ns)   --->   "%specinterface_ln0 = specinterface void @_ssdm_op_SpecInterface, i32 %imgInput_cols_c, void @ap_fifo_str, i32 0, i32 0, void @p_str, i32 0, i32 0, void @p_str, void @p_str, void @p_str, i32 2, i32 2, i32 16, i32 16, void @p_str, void @ScalarProp_str, i32 4294967295, i32 0"   --->   Operation 10 'specinterface' 'specinterface_ln0' <Predicate = true> <Delay = 0.00>
ST_3 : Operation 11 [1/1] (0.00ns)   --->   "%specinterface_ln0 = specinterface void @_ssdm_op_SpecInterface, i32 %imgInput_rows_c, void @ap_fifo_str, i32 0, i32 0, void @p_str, i32 0, i32 0, void @p_str, void @p_str, void @p_str, i32 2, i32 2, i32 16, i32 16, void @p_str, void @ScalarProp_str, i32 4294967295, i32 0"   --->   Operation 11 'specinterface' 'specinterface_ln0' <Predicate = true> <Delay = 0.00>
ST_3 : Operation 12 [1/1] (0.00ns)   --->   "%specinterface_ln0 = specinterface void @_ssdm_op_SpecInterface, i8 %imgInput_data, void @empty_11, i32 0, i32 0, void @empty_8, i32 0, i32 0, void @empty_8, void @empty_8, void @empty_8, i32 0, i32 0, i32 0, i32 0, void @empty_8, void @empty_8, i32 4294967295, i32 0"   --->   Operation 12 'specinterface' 'specinterface_ln0' <Predicate = true> <Delay = 0.00>
ST_3 : Operation 13 [1/1] (0.00ns)   --->   "%specinterface_ln0 = specinterface void @_ssdm_op_SpecInterface, i8 %gmem0, void @empty_3, i32 0, i32 0, void @empty_8, i32 0, i32 16384, void @empty_2, void @empty_1, void @empty_8, i32 16, i32 16, i32 16, i32 16, void @empty_8, void @empty_8, i32 4294967295, i32 0"   --->   Operation 13 'specinterface' 'specinterface_ln0' <Predicate = true> <Delay = 0.00>
ST_3 : Operation 14 [1/2] (0.00ns)   --->   "%call_ln1235 = call void @Axi2Mat, i8 %gmem0, i64 %srcPtr_read, i8 %imgInput_data, i32 %p_read_4, i32 %p_read_3" [/home/kedhar/Vitis_Libraries/vision/L1/examples/customconv/../../../L1/include/common/xf_structs.hpp:1235->/home/kedhar/Vitis_Libraries/vision/L1/examples/customconv/../../../L1/include/common/xf_utility.hpp:836]   --->   Operation 14 'call' 'call_ln1235' <Predicate = true> <Delay = 0.00> <CoreType = "Generic">   --->   Core 0 '' <Latency = 0> <II = 1> <Delay = 1.00> <Generic> <Opcode : >
ST_3 : Operation 15 [1/1] (0.00ns)   --->   "%ret_ln841 = ret" [/home/kedhar/Vitis_Libraries/vision/L1/examples/customconv/../../../L1/include/common/xf_utility.hpp:841]   --->   Operation 15 'ret' 'ret_ln841' <Predicate = true> <Delay = 0.00>


============================================================
+ Verbose Summary: Timing violations
============================================================
Target clock period: 3.300ns, clock uncertainty: 0.891ns.

 <State 1>: 2.409ns
The critical path consists of the following:
	wire read operation ('p_read_3') on port 'p_read1' [9]  (1.204 ns)
	fifo write operation ('write_ln0') on port 'imgInput_cols_c' [12]  (1.204 ns)

 <State 2>: 2.545ns
The critical path consists of the following:
	wire read operation ('srcPtr_read') on port 'srcPtr' [11]  (0.000 ns)
	'call' operation 0 bit ('call_ln1235', /home/kedhar/Vitis_Libraries/vision/L1/examples/customconv/../../../L1/include/common/xf_structs.hpp:1235->/home/kedhar/Vitis_Libraries/vision/L1/examples/customconv/../../../L1/include/common/xf_utility.hpp:836) to 'Axi2Mat' [17]  (2.545 ns)

 <State 3>: 0.000ns
The critical path consists of the following:


============================================================
+ Verbose Summary: Binding
============================================================
N/A
* FSMD analyzer results:
  - Output states:
 - Input state : 
  - Chain level:
	State 1
	State 2
	State 3


============================================================
+ Verbose Summary: Datapath Resource usage 
============================================================
N/A
