

================================================================
== Vitis HLS Report for 'AxiStream2MatStream_2_Pipeline_MMIterInLoopRow'
================================================================
* Date:           Sat May  4 12:09:31 2024

* Version:        2023.2 (Build 4023990 on Oct 11 2023)
* Project:        customconv_ked.prj
* Solution:       sol1 (Vivado IP Flow Target)
* Product family: zynq
* Target device:  xc7z020-clg484-2


================================================================
== Performance Estimates
================================================================
+ Timing: 
    * Summary: 
    +--------+---------+----------+------------+
    |  Clock |  Target | Estimated| Uncertainty|
    +--------+---------+----------+------------+
    |ap_clk  |  3.30 ns|  2.104 ns|     0.89 ns|
    +--------+---------+----------+------------+

+ Latency: 
    * Summary: 
    +---------+---------+-----------+----------+-----+-------+---------+
    |  Latency (cycles) |  Latency (absolute)  |   Interval  | Pipeline|
    |   min   |   max   |    min    |    max   | min |  max  |   Type  |
    +---------+---------+-----------+----------+-----+-------+---------+
    |       11|    32777|  36.300 ns|  0.108 ms|   11|  32777|       no|
    +---------+---------+-----------+----------+-----+-------+---------+

    + Detail: 
        * Instance: 
        N/A

        * Loop: 
        +-------------------+---------+---------+----------+-----------+-----------+-----------+----------+
        |                   |  Latency (cycles) | Iteration|  Initiation Interval  |    Trip   |          |
        |     Loop Name     |   min   |   max   |  Latency |  achieved |   target  |   Count   | Pipelined|
        +-------------------+---------+---------+----------+-----------+-----------+-----------+----------+
        |- MMIterInLoopRow  |        9|    32775|        10|          2|          1|  1 ~ 16384|       yes|
        +-------------------+---------+---------+----------+-----------+-----------+-----------+----------+

============================================================
+ Verbose Summary: Synthesis Manager
============================================================
InlineROM: 1
ExposeGlobal: 0
============================================================
+ Verbose Summary: CDFG Model
============================================================
IsTopModel: 0
ResetActiveHigh: 1
IsCombinational: 0
IsDatapathOnly: 0
HasWiredReturn: 1
HasMFsm: 2
HasVarLatency: 1
IsPipeline: 0
IsRtlPipelined: 0
IsInstanceOverlapped: 0
IsDontTouch: 0
HasImplIP: 0
IsGatedGlobalClock: 0

+ Individual pipeline summary: 
  * Pipeline-0: initiation interval (II) = 2, depth = 11


============================================================
+ Verbose Summary: Schedule
============================================================
* Number of FSM states : 11
* Pipeline : 1
  Pipeline-0 : II = 2, D = 11, States = { 1 2 3 4 5 6 7 8 9 10 11 }
* Dataflow Pipeline: 0

* FSM state transitions: 
1 --> 2 
2 --> 3 
3 --> 4 
4 --> 5 
5 --> 6 
6 --> 7 
7 --> 8 
8 --> 9 
9 --> 10 
10 --> 11 
11 --> 

* FSM state operations: 

State 1 <SV = 0> <Delay = 1.32>
ST_1 : Operation 13 [1/1] (0.00ns)   --->   "%rem = alloca i32 1" [/home/kedhar/Vitis_Libraries/vision/L1/examples/customconv/../../../L1/include/common/xf_structs.hpp:1048]   --->   Operation 13 'alloca' 'rem' <Predicate = true> <Delay = 0.00>
ST_1 : Operation 14 [1/1] (0.00ns)   --->   "%i = alloca i32 1"   --->   Operation 14 'alloca' 'i' <Predicate = true> <Delay = 0.00>
ST_1 : Operation 15 [1/1] (0.00ns)   --->   "%j = alloca i32 1" [/home/kedhar/Vitis_Libraries/vision/L1/examples/customconv/../../../L1/include/common/xf_structs.hpp:1051]   --->   Operation 15 'alloca' 'j' <Predicate = true> <Delay = 0.00>
ST_1 : Operation 16 [1/1] (0.00ns)   --->   "%val = alloca i32 1" [/home/kedhar/Vitis_Libraries/vision/L1/examples/customconv/../../../L1/include/common/xf_structs.hpp:1049]   --->   Operation 16 'alloca' 'val' <Predicate = true> <Delay = 0.00>
ST_1 : Operation 17 [1/1] (0.00ns)   --->   "%last_blk_width_cast3_read = read i4 @_ssdm_op_Read.ap_auto.i4, i4 %last_blk_width_cast3"   --->   Operation 17 'read' 'last_blk_width_cast3_read' <Predicate = true> <Delay = 0.00>
ST_1 : Operation 18 [1/1] (0.00ns)   --->   "%sub3_read = read i5 @_ssdm_op_Read.ap_auto.i5, i5 %sub3"   --->   Operation 18 'read' 'sub3_read' <Predicate = true> <Delay = 0.00>
ST_1 : Operation 19 [1/1] (0.00ns)   --->   "%last_blk_width_load_read = read i4 @_ssdm_op_Read.ap_auto.i4, i4 %last_blk_width_load"   --->   Operation 19 'read' 'last_blk_width_load_read' <Predicate = true> <Delay = 0.00>
ST_1 : Operation 20 [1/1] (0.00ns)   --->   "%sub_read = read i32 @_ssdm_op_Read.ap_auto.i32, i32 %sub"   --->   Operation 20 'read' 'sub_read' <Predicate = true> <Delay = 0.00>
ST_1 : Operation 21 [1/1] (0.00ns)   --->   "%cols_bound_per_npc_load_read = read i32 @_ssdm_op_Read.ap_auto.i32, i32 %cols_bound_per_npc_load"   --->   Operation 21 'read' 'cols_bound_per_npc_load_read' <Predicate = true> <Delay = 0.00>
ST_1 : Operation 22 [1/1] (0.00ns)   --->   "%tmp = read i3 @_ssdm_op_Read.ap_auto.i3, i3 %empty"   --->   Operation 22 'read' 'tmp' <Predicate = true> <Delay = 0.00>
ST_1 : Operation 23 [1/1] (0.00ns)   --->   "%bound_read = read i32 @_ssdm_op_Read.ap_auto.i32, i32 %bound"   --->   Operation 23 'read' 'bound_read' <Predicate = true> <Delay = 0.00>
ST_1 : Operation 24 [1/1] (0.00ns)   --->   "%last_blk_width_cast3_cast = zext i4 %last_blk_width_cast3_read"   --->   Operation 24 'zext' 'last_blk_width_cast3_cast' <Predicate = true> <Delay = 0.00>
ST_1 : Operation 25 [1/1] (0.00ns)   --->   "%specinterface_ln0 = specinterface void @_ssdm_op_SpecInterface, i8 %ldata, void @empty_11, i32 0, i32 0, void @empty_8, i32 0, i32 0, void @empty_8, void @empty_8, void @empty_8, i32 0, i32 0, i32 0, i32 0, void @empty_8, void @empty_8, i32 4294967295, i32 0"   --->   Operation 25 'specinterface' 'specinterface_ln0' <Predicate = true> <Delay = 0.00>
ST_1 : Operation 26 [1/1] (0.00ns)   --->   "%specinterface_ln0 = specinterface void @_ssdm_op_SpecInterface, i8 %imgInput_data, void @empty_11, i32 0, i32 0, void @empty_8, i32 0, i32 0, void @empty_8, void @empty_8, void @empty_8, i32 0, i32 0, i32 0, i32 0, void @empty_8, void @empty_8, i32 4294967295, i32 0"   --->   Operation 26 'specinterface' 'specinterface_ln0' <Predicate = true> <Delay = 0.00>
ST_1 : Operation 27 [1/1] (1.29ns)   --->   "%store_ln1049 = store i8 0, i8 %val" [/home/kedhar/Vitis_Libraries/vision/L1/examples/customconv/../../../L1/include/common/xf_structs.hpp:1049]   --->   Operation 27 'store' 'store_ln1049' <Predicate = true> <Delay = 1.29>
ST_1 : Operation 28 [1/1] (1.29ns)   --->   "%store_ln1051 = store i32 0, i32 %j" [/home/kedhar/Vitis_Libraries/vision/L1/examples/customconv/../../../L1/include/common/xf_structs.hpp:1051]   --->   Operation 28 'store' 'store_ln1051' <Predicate = true> <Delay = 1.29>
ST_1 : Operation 29 [1/1] (1.29ns)   --->   "%store_ln0 = store i31 0, i31 %i"   --->   Operation 29 'store' 'store_ln0' <Predicate = true> <Delay = 1.29>
ST_1 : Operation 30 [1/1] (1.32ns)   --->   "%store_ln1048 = store i32 0, i32 %rem" [/home/kedhar/Vitis_Libraries/vision/L1/examples/customconv/../../../L1/include/common/xf_structs.hpp:1048]   --->   Operation 30 'store' 'store_ln1048' <Predicate = true> <Delay = 1.32>
ST_1 : Operation 31 [1/1] (0.00ns)   --->   "%br_ln0 = br void %for.body"   --->   Operation 31 'br' 'br_ln0' <Predicate = true> <Delay = 0.00>

State 2 <SV = 1> <Delay = 1.89>
ST_2 : Operation 32 [1/1] (0.00ns)   --->   "%i_load = load i31 %i" [/home/kedhar/Vitis_Libraries/vision/L1/examples/customconv/../../../L1/include/common/xf_structs.hpp:1054]   --->   Operation 32 'load' 'i_load' <Predicate = true> <Delay = 0.00>
ST_2 : Operation 33 [1/1] (0.00ns)   --->   "%j_3 = load i32 %j" [/home/kedhar/Vitis_Libraries/vision/L1/examples/customconv/../../../L1/include/common/xf_structs.hpp:1086]   --->   Operation 33 'load' 'j_3' <Predicate = true> <Delay = 0.00>
ST_2 : Operation 34 [1/1] (0.00ns)   --->   "%zext_ln1054 = zext i31 %i_load" [/home/kedhar/Vitis_Libraries/vision/L1/examples/customconv/../../../L1/include/common/xf_structs.hpp:1054]   --->   Operation 34 'zext' 'zext_ln1054' <Predicate = true> <Delay = 0.00>
ST_2 : Operation 35 [1/1] (1.89ns)   --->   "%icmp_ln1054 = icmp_slt  i32 %zext_ln1054, i32 %bound_read" [/home/kedhar/Vitis_Libraries/vision/L1/examples/customconv/../../../L1/include/common/xf_structs.hpp:1054]   --->   Operation 35 'icmp' 'icmp_ln1054' <Predicate = true> <Delay = 1.89> <CoreInst = "Cmp">   --->   Core 9 'Cmp' <Latency = 0> <II = 1> <Delay = 1.89> <FuncUnit> <Opcode : 'icmp'> <InPorts = 2> <OutPorts = 1>
ST_2 : Operation 36 [1/1] (1.87ns)   --->   "%add_ln1054 = add i31 %i_load, i31 1" [/home/kedhar/Vitis_Libraries/vision/L1/examples/customconv/../../../L1/include/common/xf_structs.hpp:1054]   --->   Operation 36 'add' 'add_ln1054' <Predicate = true> <Delay = 1.87> <CoreInst = "Adder">   --->   Core 1 'Adder' <Latency = 0> <II = 1> <Delay = 1.87> <FuncUnit> <Opcode : 'add' 'sub'> <InPorts = 2> <OutPorts = 1>
ST_2 : Operation 37 [1/1] (0.00ns)   --->   "%br_ln1054 = br i1 %icmp_ln1054, void %for.end.loopexit.exitStub, void %for.body.split" [/home/kedhar/Vitis_Libraries/vision/L1/examples/customconv/../../../L1/include/common/xf_structs.hpp:1054]   --->   Operation 37 'br' 'br_ln1054' <Predicate = true> <Delay = 0.00>
ST_2 : Operation 38 [1/1] (1.89ns)   --->   "%bLast_width = icmp_eq  i32 %j_3, i32 %sub_read" [/home/kedhar/Vitis_Libraries/vision/L1/examples/customconv/../../../L1/include/common/xf_structs.hpp:1059]   --->   Operation 38 'icmp' 'bLast_width' <Predicate = (icmp_ln1054)> <Delay = 1.89> <CoreInst = "Cmp">   --->   Core 9 'Cmp' <Latency = 0> <II = 1> <Delay = 1.89> <FuncUnit> <Opcode : 'icmp'> <InPorts = 2> <OutPorts = 1>
ST_2 : Operation 39 [1/1] (0.76ns)   --->   "%sub_ln1082 = sub i3 0, i3 %tmp" [/home/kedhar/Vitis_Libraries/vision/L1/examples/customconv/../../../L1/include/common/xf_structs.hpp:1082]   --->   Operation 39 'sub' 'sub_ln1082' <Predicate = (icmp_ln1054)> <Delay = 0.76> <CoreInst = "Adder">   --->   Core 1 'Adder' <Latency = 0> <II = 1> <Delay = 0.76> <FuncUnit> <Opcode : 'add' 'sub'> <InPorts = 2> <OutPorts = 1>
ST_2 : Operation 40 [1/1] (1.89ns)   --->   "%icmp_ln1084 = icmp_slt  i32 %j_3, i32 %cols_bound_per_npc_load_read" [/home/kedhar/Vitis_Libraries/vision/L1/examples/customconv/../../../L1/include/common/xf_structs.hpp:1084]   --->   Operation 40 'icmp' 'icmp_ln1084' <Predicate = (icmp_ln1054)> <Delay = 1.89> <CoreInst = "Cmp">   --->   Core 9 'Cmp' <Latency = 0> <II = 1> <Delay = 1.89> <FuncUnit> <Opcode : 'icmp'> <InPorts = 2> <OutPorts = 1>
ST_2 : Operation 41 [1/1] (0.00ns)   --->   "%br_ln1084 = br i1 %icmp_ln1084, void %if.end42, void %if.then41" [/home/kedhar/Vitis_Libraries/vision/L1/examples/customconv/../../../L1/include/common/xf_structs.hpp:1084]   --->   Operation 41 'br' 'br_ln1084' <Predicate = (icmp_ln1054)> <Delay = 0.00>
ST_2 : Operation 42 [1/1] (1.89ns)   --->   "%add_ln1086 = add i32 %j_3, i32 1" [/home/kedhar/Vitis_Libraries/vision/L1/examples/customconv/../../../L1/include/common/xf_structs.hpp:1086]   --->   Operation 42 'add' 'add_ln1086' <Predicate = (icmp_ln1054)> <Delay = 1.89> <CoreInst = "Adder">   --->   Core 1 'Adder' <Latency = 0> <II = 1> <Delay = 1.89> <FuncUnit> <Opcode : 'add' 'sub'> <InPorts = 2> <OutPorts = 1>

State 3 <SV = 2> <Delay = 2.00>
ST_3 : Operation 43 [1/1] (0.83ns)   --->   "%xf_bits_per_clock = select i1 %bLast_width, i4 %last_blk_width_load_read, i4 8" [/home/kedhar/Vitis_Libraries/vision/L1/examples/customconv/../../../L1/include/common/xf_structs.hpp:1060]   --->   Operation 43 'select' 'xf_bits_per_clock' <Predicate = (icmp_ln1054)> <Delay = 0.83> <CoreInst = "Sel">   --->   Core 73 'Sel' <Latency = 0> <II = 1> <Delay = 0.83> <FuncUnit> <Opcode : 'select'> <InPorts = 3> <OutPorts = 1>
ST_3 : Operation 44 [1/1] (0.97ns)   --->   "%ptr_width_minus = select i1 %bLast_width, i5 %sub3_read, i5 0" [/home/kedhar/Vitis_Libraries/vision/L1/examples/customconv/../../../L1/include/common/xf_structs.hpp:1061]   --->   Operation 44 'select' 'ptr_width_minus' <Predicate = (icmp_ln1054)> <Delay = 0.97> <CoreInst = "Sel">   --->   Core 73 'Sel' <Latency = 0> <II = 1> <Delay = 0.97> <FuncUnit> <Opcode : 'select'> <InPorts = 3> <OutPorts = 1>
ST_3 : Operation 45 [1/1] (0.00ns)   --->   "%zext_ln1082 = zext i3 %sub_ln1082" [/home/kedhar/Vitis_Libraries/vision/L1/examples/customconv/../../../L1/include/common/xf_structs.hpp:1082]   --->   Operation 45 'zext' 'zext_ln1082' <Predicate = (icmp_ln1054 & bLast_width)> <Delay = 0.00>
ST_3 : Operation 46 [1/1] (1.72ns)   --->   "%lshr_ln1082 = lshr i8 255, i8 %zext_ln1082" [/home/kedhar/Vitis_Libraries/vision/L1/examples/customconv/../../../L1/include/common/xf_structs.hpp:1082]   --->   Operation 46 'lshr' 'lshr_ln1082' <Predicate = (icmp_ln1054 & bLast_width)> <Delay = 1.72> <CoreInst = "Shifter">   --->   Core 75 'Shifter' <Latency = 0> <II = 1> <Delay = 1.72> <FuncUnit> <Opcode : 'shl' 'lshr' 'ashr'> <InPorts = 2> <OutPorts = 1>
ST_3 : Operation 47 [1/1] (0.70ns)   --->   "%j_4 = select i1 %bLast_width, i32 0, i32 %add_ln1086" [/home/kedhar/Vitis_Libraries/vision/L1/examples/customconv/../../../L1/include/common/xf_structs.hpp:1086]   --->   Operation 47 'select' 'j_4' <Predicate = (icmp_ln1054)> <Delay = 0.70> <CoreInst = "Sel">   --->   Core 73 'Sel' <Latency = 0> <II = 1> <Delay = 0.70> <FuncUnit> <Opcode : 'select'> <InPorts = 3> <OutPorts = 1>
ST_3 : Operation 48 [1/1] (1.29ns)   --->   "%store_ln1051 = store i32 %j_4, i32 %j" [/home/kedhar/Vitis_Libraries/vision/L1/examples/customconv/../../../L1/include/common/xf_structs.hpp:1051]   --->   Operation 48 'store' 'store_ln1051' <Predicate = (icmp_ln1054)> <Delay = 1.29>
ST_3 : Operation 49 [1/1] (1.29ns)   --->   "%store_ln1054 = store i31 %add_ln1054, i31 %i" [/home/kedhar/Vitis_Libraries/vision/L1/examples/customconv/../../../L1/include/common/xf_structs.hpp:1054]   --->   Operation 49 'store' 'store_ln1054' <Predicate = (icmp_ln1054)> <Delay = 1.29>
ST_3 : Operation 50 [1/1] (0.00ns)   --->   "%br_ln1054 = br void %for.body" [/home/kedhar/Vitis_Libraries/vision/L1/examples/customconv/../../../L1/include/common/xf_structs.hpp:1054]   --->   Operation 50 'br' 'br_ln1054' <Predicate = (icmp_ln1054)> <Delay = 0.00>

State 4 <SV = 3> <Delay = 1.89>
ST_4 : Operation 51 [1/1] (0.00ns)   --->   "%rem_1 = load i32 %rem" [/home/kedhar/Vitis_Libraries/vision/L1/examples/customconv/../../../L1/include/common/xf_structs.hpp:1067]   --->   Operation 51 'load' 'rem_1' <Predicate = true> <Delay = 0.00>
ST_4 : Operation 52 [1/1] (0.00ns)   --->   "%zext_ln1060 = zext i4 %xf_bits_per_clock" [/home/kedhar/Vitis_Libraries/vision/L1/examples/customconv/../../../L1/include/common/xf_structs.hpp:1060]   --->   Operation 52 'zext' 'zext_ln1060' <Predicate = (icmp_ln1054)> <Delay = 0.00>
ST_4 : Operation 53 [1/1] (0.00ns)   --->   "%zext_ln1060_1 = zext i4 %xf_bits_per_clock" [/home/kedhar/Vitis_Libraries/vision/L1/examples/customconv/../../../L1/include/common/xf_structs.hpp:1060]   --->   Operation 53 'zext' 'zext_ln1060_1' <Predicate = (icmp_ln1054)> <Delay = 0.00>
ST_4 : Operation 54 [1/1] (0.00ns)   --->   "%sext_ln1061 = sext i5 %ptr_width_minus" [/home/kedhar/Vitis_Libraries/vision/L1/examples/customconv/../../../L1/include/common/xf_structs.hpp:1061]   --->   Operation 54 'sext' 'sext_ln1061' <Predicate = (icmp_ln1054)> <Delay = 0.00>
ST_4 : Operation 55 [1/1] (1.89ns)   --->   "%icmp_ln1065 = icmp_slt  i32 %rem_1, i32 %zext_ln1060" [/home/kedhar/Vitis_Libraries/vision/L1/examples/customconv/../../../L1/include/common/xf_structs.hpp:1065]   --->   Operation 55 'icmp' 'icmp_ln1065' <Predicate = (icmp_ln1054)> <Delay = 1.89> <CoreInst = "Cmp">   --->   Core 9 'Cmp' <Latency = 0> <II = 1> <Delay = 1.89> <FuncUnit> <Opcode : 'icmp'> <InPorts = 2> <OutPorts = 1>
ST_4 : Operation 56 [1/1] (0.00ns)   --->   "%br_ln1065 = br i1 %icmp_ln1065, void %if.else, void %if.then_ifconv" [/home/kedhar/Vitis_Libraries/vision/L1/examples/customconv/../../../L1/include/common/xf_structs.hpp:1065]   --->   Operation 56 'br' 'br_ln1065' <Predicate = (icmp_ln1054)> <Delay = 0.00>
ST_4 : Operation 57 [1/1] (0.99ns)   --->   "%add_ln1074 = add i5 %last_blk_width_cast3_cast, i5 7" [/home/kedhar/Vitis_Libraries/vision/L1/examples/customconv/../../../L1/include/common/xf_structs.hpp:1074]   --->   Operation 57 'add' 'add_ln1074' <Predicate = (icmp_ln1054 & !icmp_ln1065 & bLast_width)> <Delay = 0.99> <CoreInst = "Adder">   --->   Core 1 'Adder' <Latency = 0> <II = 1> <Delay = 0.99> <FuncUnit> <Opcode : 'add' 'sub'> <InPorts = 2> <OutPorts = 1>
ST_4 : Operation 58 [1/1] (1.89ns)   --->   "%rem_3 = sub i32 %rem_1, i32 %zext_ln1060" [/home/kedhar/Vitis_Libraries/vision/L1/examples/customconv/../../../L1/include/common/xf_structs.hpp:1075]   --->   Operation 58 'sub' 'rem_3' <Predicate = (icmp_ln1054 & !icmp_ln1065)> <Delay = 1.89> <CoreInst = "Adder">   --->   Core 1 'Adder' <Latency = 0> <II = 1> <Delay = 1.89> <FuncUnit> <Opcode : 'add' 'sub'> <InPorts = 2> <OutPorts = 1>
ST_4 : Operation 59 [1/1] (0.00ns)   --->   "%trunc_ln1067 = trunc i32 %rem_1" [/home/kedhar/Vitis_Libraries/vision/L1/examples/customconv/../../../L1/include/common/xf_structs.hpp:1067]   --->   Operation 59 'trunc' 'trunc_ln1067' <Predicate = (icmp_ln1054 & icmp_ln1065)> <Delay = 0.00>
ST_4 : Operation 60 [1/1] (0.76ns)   --->   "%sub_ln1067 = sub i3 0, i3 %trunc_ln1067" [/home/kedhar/Vitis_Libraries/vision/L1/examples/customconv/../../../L1/include/common/xf_structs.hpp:1067]   --->   Operation 60 'sub' 'sub_ln1067' <Predicate = (icmp_ln1054 & icmp_ln1065)> <Delay = 0.76> <CoreInst = "Adder">   --->   Core 1 'Adder' <Latency = 0> <II = 1> <Delay = 0.76> <FuncUnit> <Opcode : 'add' 'sub'> <InPorts = 2> <OutPorts = 1>
ST_4 : Operation 61 [1/1] (0.99ns)   --->   "%add_ln1071 = add i5 %zext_ln1060_1, i5 31" [/home/kedhar/Vitis_Libraries/vision/L1/examples/customconv/../../../L1/include/common/xf_structs.hpp:1071]   --->   Operation 61 'add' 'add_ln1071' <Predicate = (icmp_ln1054 & icmp_ln1065)> <Delay = 0.99> <CoreInst = "Adder">   --->   Core 1 'Adder' <Latency = 0> <II = 1> <Delay = 0.99> <FuncUnit> <Opcode : 'add' 'sub'> <InPorts = 2> <OutPorts = 1>
ST_4 : Operation 62 [1/1] (0.00ns)   --->   "%trunc_ln1071 = trunc i5 %add_ln1071" [/home/kedhar/Vitis_Libraries/vision/L1/examples/customconv/../../../L1/include/common/xf_structs.hpp:1071]   --->   Operation 62 'trunc' 'trunc_ln1071' <Predicate = (icmp_ln1054 & icmp_ln1065)> <Delay = 0.00>
ST_4 : Operation 63 [1/1] (0.76ns)   --->   "%sub_ln1071 = sub i3 %trunc_ln1071, i3 %trunc_ln1067" [/home/kedhar/Vitis_Libraries/vision/L1/examples/customconv/../../../L1/include/common/xf_structs.hpp:1071]   --->   Operation 63 'sub' 'sub_ln1071' <Predicate = (icmp_ln1054 & icmp_ln1065)> <Delay = 0.76> <CoreInst = "Adder">   --->   Core 1 'Adder' <Latency = 0> <II = 1> <Delay = 0.76> <FuncUnit> <Opcode : 'add' 'sub'> <InPorts = 2> <OutPorts = 1>
ST_4 : Operation 64 [1/1] (1.89ns)   --->   "%rem_2 = add i32 %rem_1, i32 %sext_ln1061" [/home/kedhar/Vitis_Libraries/vision/L1/examples/customconv/../../../L1/include/common/xf_structs.hpp:1072]   --->   Operation 64 'add' 'rem_2' <Predicate = (icmp_ln1054 & icmp_ln1065)> <Delay = 1.89> <CoreInst = "Adder">   --->   Core 1 'Adder' <Latency = 0> <II = 1> <Delay = 1.89> <FuncUnit> <Opcode : 'add' 'sub'> <InPorts = 2> <OutPorts = 1>

State 5 <SV = 4> <Delay = 1.93>
ST_5 : Operation 65 [1/1] (0.00ns)   --->   "%specpipeline_ln1057 = specpipeline void @_ssdm_op_SpecPipeline, i32 4294967295, i32 0, i32 0, i32 0, void @empty_8" [/home/kedhar/Vitis_Libraries/vision/L1/examples/customconv/../../../L1/include/common/xf_structs.hpp:1057]   --->   Operation 65 'specpipeline' 'specpipeline_ln1057' <Predicate = (icmp_ln1054)> <Delay = 0.00>
ST_5 : Operation 66 [1/1] (0.00ns)   --->   "%speclooptripcount_ln1056 = speclooptripcount void @_ssdm_op_SpecLoopTripCount, i64 1, i64 16384, i64 8192" [/home/kedhar/Vitis_Libraries/vision/L1/examples/customconv/../../../L1/include/common/xf_structs.hpp:1056]   --->   Operation 66 'speclooptripcount' 'speclooptripcount_ln1056' <Predicate = (icmp_ln1054)> <Delay = 0.00>
ST_5 : Operation 67 [1/1] (0.00ns)   --->   "%specloopname_ln1054 = specloopname void @_ssdm_op_SpecLoopName, void @empty_23" [/home/kedhar/Vitis_Libraries/vision/L1/examples/customconv/../../../L1/include/common/xf_structs.hpp:1054]   --->   Operation 67 'specloopname' 'specloopname_ln1054' <Predicate = (icmp_ln1054)> <Delay = 0.00>
ST_5 : Operation 68 [1/1] (0.00ns)   --->   "%val_load = load i8 %val" [/home/kedhar/Vitis_Libraries/vision/L1/examples/customconv/../../../L1/include/common/xf_structs.hpp:1067]   --->   Operation 68 'load' 'val_load' <Predicate = (icmp_ln1054)> <Delay = 0.00>
ST_5 : Operation 69 [1/1] (0.00ns) (grouped into LUT with out node sub_ln1074)   --->   "%select_ln1074 = select i1 %bLast_width, i5 %add_ln1074, i5 15" [/home/kedhar/Vitis_Libraries/vision/L1/examples/customconv/../../../L1/include/common/xf_structs.hpp:1074]   --->   Operation 69 'select' 'select_ln1074' <Predicate = (icmp_ln1054 & !icmp_ln1065)> <Delay = 0.00> <CoreInst = "Sel">   --->   Core 73 'Sel' <Latency = 0> <II = 1> <Delay = 0.97> <FuncUnit> <Opcode : 'select'> <InPorts = 3> <OutPorts = 1>
ST_5 : Operation 70 [1/1] (0.00ns) (grouped into LUT with out node sub_ln1074)   --->   "%zext_ln1074 = zext i5 %select_ln1074" [/home/kedhar/Vitis_Libraries/vision/L1/examples/customconv/../../../L1/include/common/xf_structs.hpp:1074]   --->   Operation 70 'zext' 'zext_ln1074' <Predicate = (icmp_ln1054 & !icmp_ln1065)> <Delay = 0.00>
ST_5 : Operation 71 [1/1] (1.89ns) (out node of the LUT)   --->   "%sub_ln1074 = sub i32 %zext_ln1074, i32 %rem_1" [/home/kedhar/Vitis_Libraries/vision/L1/examples/customconv/../../../L1/include/common/xf_structs.hpp:1074]   --->   Operation 71 'sub' 'sub_ln1074' <Predicate = (icmp_ln1054 & !icmp_ln1065)> <Delay = 1.89> <CoreInst = "Adder">   --->   Core 1 'Adder' <Latency = 0> <II = 1> <Delay = 1.89> <FuncUnit> <Opcode : 'add' 'sub'> <InPorts = 2> <OutPorts = 1>
ST_5 : Operation 72 [1/1] (1.89ns)   --->   "%sub_ln1074_1 = sub i32 8, i32 %rem_1" [/home/kedhar/Vitis_Libraries/vision/L1/examples/customconv/../../../L1/include/common/xf_structs.hpp:1074]   --->   Operation 72 'sub' 'sub_ln1074_1' <Predicate = (icmp_ln1054 & !icmp_ln1065)> <Delay = 1.89> <CoreInst = "Adder">   --->   Core 1 'Adder' <Latency = 0> <II = 1> <Delay = 1.89> <FuncUnit> <Opcode : 'add' 'sub'> <InPorts = 2> <OutPorts = 1>
ST_5 : Operation 73 [1/1] (0.00ns)   --->   "%trunc_ln1074 = trunc i32 %sub_ln1074_1" [/home/kedhar/Vitis_Libraries/vision/L1/examples/customconv/../../../L1/include/common/xf_structs.hpp:1074]   --->   Operation 73 'trunc' 'trunc_ln1074' <Predicate = (icmp_ln1054 & !icmp_ln1065)> <Delay = 0.00>
ST_5 : Operation 74 [1/1] (0.00ns)   --->   "%trunc_ln1074_1 = trunc i32 %sub_ln1074" [/home/kedhar/Vitis_Libraries/vision/L1/examples/customconv/../../../L1/include/common/xf_structs.hpp:1074]   --->   Operation 74 'trunc' 'trunc_ln1074_1' <Predicate = (icmp_ln1054 & !icmp_ln1065)> <Delay = 0.00>
ST_5 : Operation 75 [1/1] (1.32ns)   --->   "%store_ln1048 = store i32 %rem_3, i32 %rem" [/home/kedhar/Vitis_Libraries/vision/L1/examples/customconv/../../../L1/include/common/xf_structs.hpp:1048]   --->   Operation 75 'store' 'store_ln1048' <Predicate = (icmp_ln1054 & !icmp_ln1065)> <Delay = 1.32>
ST_5 : Operation 76 [1/1] (1.89ns)   --->   "%icmp_ln1066 = icmp_eq  i32 %rem_1, i32 0" [/home/kedhar/Vitis_Libraries/vision/L1/examples/customconv/../../../L1/include/common/xf_structs.hpp:1066]   --->   Operation 76 'icmp' 'icmp_ln1066' <Predicate = (icmp_ln1054 & icmp_ln1065)> <Delay = 1.89> <CoreInst = "Cmp">   --->   Core 9 'Cmp' <Latency = 0> <II = 1> <Delay = 1.89> <FuncUnit> <Opcode : 'icmp'> <InPorts = 2> <OutPorts = 1>
ST_5 : Operation 77 [1/1] (0.00ns)   --->   "%zext_ln1067 = zext i3 %sub_ln1067" [/home/kedhar/Vitis_Libraries/vision/L1/examples/customconv/../../../L1/include/common/xf_structs.hpp:1067]   --->   Operation 77 'zext' 'zext_ln1067' <Predicate = (icmp_ln1054 & icmp_ln1065)> <Delay = 0.00>
ST_5 : Operation 78 [2/2] (1.93ns)   --->   "%localbuffer = lshr i8 %val_load, i8 %zext_ln1067" [/home/kedhar/Vitis_Libraries/vision/L1/examples/customconv/../../../L1/include/common/xf_structs.hpp:1067]   --->   Operation 78 'lshr' 'localbuffer' <Predicate = (icmp_ln1054 & icmp_ln1065)> <Delay = 1.93> <CoreInst = "Shifter">   --->   Core 75 'Shifter' <Latency = 1> <II = 1> <Delay = 1.93> <FuncUnit> <Opcode : 'shl' 'lshr' 'ashr'> <InPorts = 2> <OutPorts = 1>
ST_5 : Operation 79 [1/1] (1.20ns)   --->   "%val_2 = read i8 @_ssdm_op_Read.ap_fifo.volatile.i8P0A, i8 %ldata" [/home/kedhar/Vitis_Libraries/vision/L1/examples/customconv/../../../L1/include/common/xf_structs.hpp:1069]   --->   Operation 79 'read' 'val_2' <Predicate = (icmp_ln1054 & icmp_ln1065)> <Delay = 1.20> <CoreInst = "FIFO_SRL">   --->   Core 81 'FIFO_SRL' <Latency = 0> <II = 1> <Delay = 3.40> <Storage> <Opcode : 'read' 'write' 'nbread' 'nbwrite'> <Ports = 0> <Width = 8> <Depth = 2> <FIFO>
ST_5 : Operation 80 [1/1] (0.00ns)   --->   "%sext_ln1071 = sext i5 %add_ln1071" [/home/kedhar/Vitis_Libraries/vision/L1/examples/customconv/../../../L1/include/common/xf_structs.hpp:1071]   --->   Operation 80 'sext' 'sext_ln1071' <Predicate = (icmp_ln1054 & icmp_ln1065)> <Delay = 0.00>
ST_5 : Operation 81 [1/1] (0.00ns) (grouped into LUT with out node lshr_ln1071)   --->   "%xor_ln1071 = xor i3 %sub_ln1071, i3 7" [/home/kedhar/Vitis_Libraries/vision/L1/examples/customconv/../../../L1/include/common/xf_structs.hpp:1071]   --->   Operation 81 'xor' 'xor_ln1071' <Predicate = (icmp_ln1054 & icmp_ln1065)> <Delay = 0.00> <CoreInst = "LogicGate">   --->   Core 74 'LogicGate' <Latency = 0> <II = 1> <Delay = 0.78> <FuncUnit> <Opcode : 'and' 'or' 'xor'> <InPorts = 2> <OutPorts = 1>
ST_5 : Operation 82 [1/1] (0.00ns) (grouped into LUT with out node lshr_ln1071)   --->   "%zext_ln1071 = zext i3 %xor_ln1071" [/home/kedhar/Vitis_Libraries/vision/L1/examples/customconv/../../../L1/include/common/xf_structs.hpp:1071]   --->   Operation 82 'zext' 'zext_ln1071' <Predicate = (icmp_ln1054 & icmp_ln1065)> <Delay = 0.00>
ST_5 : Operation 83 [1/1] (1.72ns) (out node of the LUT)   --->   "%lshr_ln1071 = lshr i8 255, i8 %zext_ln1071" [/home/kedhar/Vitis_Libraries/vision/L1/examples/customconv/../../../L1/include/common/xf_structs.hpp:1071]   --->   Operation 83 'lshr' 'lshr_ln1071' <Predicate = (icmp_ln1054 & icmp_ln1065)> <Delay = 1.72> <CoreInst = "Shifter">   --->   Core 75 'Shifter' <Latency = 0> <II = 1> <Delay = 1.72> <FuncUnit> <Opcode : 'shl' 'lshr' 'ashr'> <InPorts = 2> <OutPorts = 1>
ST_5 : Operation 84 [1/1] (1.89ns)   --->   "%icmp_ln1071 = icmp_ugt  i32 %rem_1, i32 %sext_ln1071" [/home/kedhar/Vitis_Libraries/vision/L1/examples/customconv/../../../L1/include/common/xf_structs.hpp:1071]   --->   Operation 84 'icmp' 'icmp_ln1071' <Predicate = (icmp_ln1054 & icmp_ln1065)> <Delay = 1.89> <CoreInst = "Cmp">   --->   Core 9 'Cmp' <Latency = 0> <II = 1> <Delay = 1.89> <FuncUnit> <Opcode : 'icmp'> <InPorts = 2> <OutPorts = 1>
ST_5 : Operation 85 [1/1] (1.32ns)   --->   "%store_ln1048 = store i32 %rem_2, i32 %rem" [/home/kedhar/Vitis_Libraries/vision/L1/examples/customconv/../../../L1/include/common/xf_structs.hpp:1048]   --->   Operation 85 'store' 'store_ln1048' <Predicate = (icmp_ln1054 & icmp_ln1065)> <Delay = 1.32>

State 6 <SV = 5> <Delay = 1.93>
ST_6 : Operation 86 [1/1] (1.89ns)   --->   "%icmp_ln1074 = icmp_ugt  i32 %sub_ln1074_1, i32 %sub_ln1074" [/home/kedhar/Vitis_Libraries/vision/L1/examples/customconv/../../../L1/include/common/xf_structs.hpp:1074]   --->   Operation 86 'icmp' 'icmp_ln1074' <Predicate = (icmp_ln1054 & !icmp_ln1065)> <Delay = 1.89> <CoreInst = "Cmp">   --->   Core 9 'Cmp' <Latency = 0> <II = 1> <Delay = 1.89> <FuncUnit> <Opcode : 'icmp'> <InPorts = 2> <OutPorts = 1>
ST_6 : Operation 87 [1/1] (0.76ns)   --->   "%sub_ln1074_2 = sub i3 %trunc_ln1074, i3 %trunc_ln1074_1" [/home/kedhar/Vitis_Libraries/vision/L1/examples/customconv/../../../L1/include/common/xf_structs.hpp:1074]   --->   Operation 87 'sub' 'sub_ln1074_2' <Predicate = (icmp_ln1054 & !icmp_ln1065)> <Delay = 0.76> <CoreInst = "Adder">   --->   Core 1 'Adder' <Latency = 0> <II = 1> <Delay = 0.76> <FuncUnit> <Opcode : 'add' 'sub'> <InPorts = 2> <OutPorts = 1>
ST_6 : Operation 88 [1/1] (0.76ns)   --->   "%sub_ln1074_3 = sub i3 %trunc_ln1074_1, i3 %trunc_ln1074" [/home/kedhar/Vitis_Libraries/vision/L1/examples/customconv/../../../L1/include/common/xf_structs.hpp:1074]   --->   Operation 88 'sub' 'sub_ln1074_3' <Predicate = (icmp_ln1054 & !icmp_ln1065)> <Delay = 0.76> <CoreInst = "Adder">   --->   Core 1 'Adder' <Latency = 0> <II = 1> <Delay = 0.76> <FuncUnit> <Opcode : 'add' 'sub'> <InPorts = 2> <OutPorts = 1>
ST_6 : Operation 89 [1/2] (1.93ns)   --->   "%localbuffer = lshr i8 %val_load, i8 %zext_ln1067" [/home/kedhar/Vitis_Libraries/vision/L1/examples/customconv/../../../L1/include/common/xf_structs.hpp:1067]   --->   Operation 89 'lshr' 'localbuffer' <Predicate = (icmp_ln1054 & icmp_ln1065)> <Delay = 1.93> <CoreInst = "Shifter">   --->   Core 75 'Shifter' <Latency = 1> <II = 1> <Delay = 1.93> <FuncUnit> <Opcode : 'shl' 'lshr' 'ashr'> <InPorts = 2> <OutPorts = 1>
ST_6 : Operation 90 [1/1] (0.80ns)   --->   "%and_ln1071 = and i8 %val_2, i8 %lshr_ln1071" [/home/kedhar/Vitis_Libraries/vision/L1/examples/customconv/../../../L1/include/common/xf_structs.hpp:1071]   --->   Operation 90 'and' 'and_ln1071' <Predicate = (icmp_ln1054 & icmp_ln1065)> <Delay = 0.80> <CoreInst = "LogicGate">   --->   Core 74 'LogicGate' <Latency = 0> <II = 1> <Delay = 0.80> <FuncUnit> <Opcode : 'and' 'or' 'xor'> <InPorts = 2> <OutPorts = 1>
ST_6 : Operation 91 [1/1] (0.00ns) (grouped into LUT with out node select_ln1071_2)   --->   "%xor_ln1071_1 = xor i3 %trunc_ln1067, i3 7" [/home/kedhar/Vitis_Libraries/vision/L1/examples/customconv/../../../L1/include/common/xf_structs.hpp:1071]   --->   Operation 91 'xor' 'xor_ln1071_1' <Predicate = (icmp_ln1054 & icmp_ln1065 & icmp_ln1071)> <Delay = 0.00> <CoreInst = "LogicGate">   --->   Core 74 'LogicGate' <Latency = 0> <II = 1> <Delay = 0.78> <FuncUnit> <Opcode : 'and' 'or' 'xor'> <InPorts = 2> <OutPorts = 1>
ST_6 : Operation 92 [1/1] (0.00ns) (grouped into LUT with out node lshr_ln1071_1)   --->   "%select_ln1071 = select i1 %icmp_ln1071, i3 %trunc_ln1067, i3 %trunc_ln1071" [/home/kedhar/Vitis_Libraries/vision/L1/examples/customconv/../../../L1/include/common/xf_structs.hpp:1071]   --->   Operation 92 'select' 'select_ln1071' <Predicate = (icmp_ln1054 & icmp_ln1065)> <Delay = 0.00> <CoreInst = "Sel">   --->   Core 73 'Sel' <Latency = 0> <II = 1> <Delay = 0.79> <FuncUnit> <Opcode : 'select'> <InPorts = 3> <OutPorts = 1>
ST_6 : Operation 93 [1/1] (0.00ns) (grouped into LUT with out node shl_ln1071_1)   --->   "%select_ln1071_1 = select i1 %icmp_ln1071, i3 %trunc_ln1071, i3 %trunc_ln1067" [/home/kedhar/Vitis_Libraries/vision/L1/examples/customconv/../../../L1/include/common/xf_structs.hpp:1071]   --->   Operation 93 'select' 'select_ln1071_1' <Predicate = (icmp_ln1054 & icmp_ln1065)> <Delay = 0.00> <CoreInst = "Sel">   --->   Core 73 'Sel' <Latency = 0> <II = 1> <Delay = 0.79> <FuncUnit> <Opcode : 'select'> <InPorts = 3> <OutPorts = 1>
ST_6 : Operation 94 [1/1] (0.79ns) (out node of the LUT)   --->   "%select_ln1071_2 = select i1 %icmp_ln1071, i3 %xor_ln1071_1, i3 %trunc_ln1067" [/home/kedhar/Vitis_Libraries/vision/L1/examples/customconv/../../../L1/include/common/xf_structs.hpp:1071]   --->   Operation 94 'select' 'select_ln1071_2' <Predicate = (icmp_ln1054 & icmp_ln1065)> <Delay = 0.79> <CoreInst = "Sel">   --->   Core 73 'Sel' <Latency = 0> <II = 1> <Delay = 0.79> <FuncUnit> <Opcode : 'select'> <InPorts = 3> <OutPorts = 1>
ST_6 : Operation 95 [1/1] (0.00ns) (grouped into LUT with out node lshr_ln1071_1)   --->   "%xor_ln1071_2 = xor i3 %select_ln1071, i3 7" [/home/kedhar/Vitis_Libraries/vision/L1/examples/customconv/../../../L1/include/common/xf_structs.hpp:1071]   --->   Operation 95 'xor' 'xor_ln1071_2' <Predicate = (icmp_ln1054 & icmp_ln1065)> <Delay = 0.00> <CoreInst = "LogicGate">   --->   Core 74 'LogicGate' <Latency = 0> <II = 1> <Delay = 0.78> <FuncUnit> <Opcode : 'and' 'or' 'xor'> <InPorts = 2> <OutPorts = 1>
ST_6 : Operation 96 [1/1] (0.00ns) (grouped into LUT with out node shl_ln1071_1)   --->   "%zext_ln1071_2 = zext i3 %select_ln1071_1" [/home/kedhar/Vitis_Libraries/vision/L1/examples/customconv/../../../L1/include/common/xf_structs.hpp:1071]   --->   Operation 96 'zext' 'zext_ln1071_2' <Predicate = (icmp_ln1054 & icmp_ln1065)> <Delay = 0.00>
ST_6 : Operation 97 [1/1] (0.00ns) (grouped into LUT with out node lshr_ln1071_1)   --->   "%zext_ln1071_3 = zext i3 %xor_ln1071_2" [/home/kedhar/Vitis_Libraries/vision/L1/examples/customconv/../../../L1/include/common/xf_structs.hpp:1071]   --->   Operation 97 'zext' 'zext_ln1071_3' <Predicate = (icmp_ln1054 & icmp_ln1065)> <Delay = 0.00>
ST_6 : Operation 98 [1/1] (1.72ns) (out node of the LUT)   --->   "%shl_ln1071_1 = shl i8 255, i8 %zext_ln1071_2" [/home/kedhar/Vitis_Libraries/vision/L1/examples/customconv/../../../L1/include/common/xf_structs.hpp:1071]   --->   Operation 98 'shl' 'shl_ln1071_1' <Predicate = (icmp_ln1054 & icmp_ln1065)> <Delay = 1.72> <CoreInst = "Shifter">   --->   Core 75 'Shifter' <Latency = 0> <II = 1> <Delay = 1.72> <FuncUnit> <Opcode : 'shl' 'lshr' 'ashr'> <InPorts = 2> <OutPorts = 1>
ST_6 : Operation 99 [1/1] (1.72ns) (out node of the LUT)   --->   "%lshr_ln1071_1 = lshr i8 255, i8 %zext_ln1071_3" [/home/kedhar/Vitis_Libraries/vision/L1/examples/customconv/../../../L1/include/common/xf_structs.hpp:1071]   --->   Operation 99 'lshr' 'lshr_ln1071_1' <Predicate = (icmp_ln1054 & icmp_ln1065)> <Delay = 1.72> <CoreInst = "Shifter">   --->   Core 75 'Shifter' <Latency = 0> <II = 1> <Delay = 1.72> <FuncUnit> <Opcode : 'shl' 'lshr' 'ashr'> <InPorts = 2> <OutPorts = 1>
ST_6 : Operation 100 [1/1] (1.29ns)   --->   "%store_ln1049 = store i8 %val_2, i8 %val" [/home/kedhar/Vitis_Libraries/vision/L1/examples/customconv/../../../L1/include/common/xf_structs.hpp:1049]   --->   Operation 100 'store' 'store_ln1049' <Predicate = (icmp_ln1054 & icmp_ln1065)> <Delay = 1.29>

State 7 <SV = 6> <Delay = 1.93>
ST_7 : Operation 101 [1/1] (0.00ns)   --->   "%tmp_11 = partselect i8 @llvm.part.select.i8, i8 %val_load, i32 7, i32 0" [/home/kedhar/Vitis_Libraries/vision/L1/examples/customconv/../../../L1/include/common/xf_structs.hpp:1074]   --->   Operation 101 'partselect' 'tmp_11' <Predicate = (icmp_ln1054 & !icmp_ln1065 & icmp_ln1074)> <Delay = 0.00>
ST_7 : Operation 102 [1/1] (0.00ns) (grouped into LUT with out node select_ln1074_3)   --->   "%xor_ln1074 = xor i3 %trunc_ln1074, i3 7" [/home/kedhar/Vitis_Libraries/vision/L1/examples/customconv/../../../L1/include/common/xf_structs.hpp:1074]   --->   Operation 102 'xor' 'xor_ln1074' <Predicate = (icmp_ln1054 & !icmp_ln1065 & icmp_ln1074)> <Delay = 0.00> <CoreInst = "LogicGate">   --->   Core 74 'LogicGate' <Latency = 0> <II = 1> <Delay = 0.78> <FuncUnit> <Opcode : 'and' 'or' 'xor'> <InPorts = 2> <OutPorts = 1>
ST_7 : Operation 103 [1/1] (0.00ns) (grouped into LUT with out node lshr_ln1074_1)   --->   "%select_ln1074_1 = select i1 %icmp_ln1074, i3 %sub_ln1074_2, i3 %sub_ln1074_3" [/home/kedhar/Vitis_Libraries/vision/L1/examples/customconv/../../../L1/include/common/xf_structs.hpp:1074]   --->   Operation 103 'select' 'select_ln1074_1' <Predicate = (icmp_ln1054 & !icmp_ln1065)> <Delay = 0.00> <CoreInst = "Sel">   --->   Core 73 'Sel' <Latency = 0> <II = 1> <Delay = 0.79> <FuncUnit> <Opcode : 'select'> <InPorts = 3> <OutPorts = 1>
ST_7 : Operation 104 [1/1] (0.44ns)   --->   "%select_ln1074_2 = select i1 %icmp_ln1074, i8 %tmp_11, i8 %val_load" [/home/kedhar/Vitis_Libraries/vision/L1/examples/customconv/../../../L1/include/common/xf_structs.hpp:1074]   --->   Operation 104 'select' 'select_ln1074_2' <Predicate = (icmp_ln1054 & !icmp_ln1065)> <Delay = 0.44> <CoreInst = "Sel">   --->   Core 73 'Sel' <Latency = 0> <II = 1> <Delay = 0.44> <FuncUnit> <Opcode : 'select'> <InPorts = 3> <OutPorts = 1>
ST_7 : Operation 105 [1/1] (0.79ns) (out node of the LUT)   --->   "%select_ln1074_3 = select i1 %icmp_ln1074, i3 %xor_ln1074, i3 %trunc_ln1074" [/home/kedhar/Vitis_Libraries/vision/L1/examples/customconv/../../../L1/include/common/xf_structs.hpp:1074]   --->   Operation 105 'select' 'select_ln1074_3' <Predicate = (icmp_ln1054 & !icmp_ln1065)> <Delay = 0.79> <CoreInst = "Sel">   --->   Core 73 'Sel' <Latency = 0> <II = 1> <Delay = 0.79> <FuncUnit> <Opcode : 'select'> <InPorts = 3> <OutPorts = 1>
ST_7 : Operation 106 [1/1] (0.00ns) (grouped into LUT with out node lshr_ln1074_1)   --->   "%xor_ln1074_1 = xor i3 %select_ln1074_1, i3 7" [/home/kedhar/Vitis_Libraries/vision/L1/examples/customconv/../../../L1/include/common/xf_structs.hpp:1074]   --->   Operation 106 'xor' 'xor_ln1074_1' <Predicate = (icmp_ln1054 & !icmp_ln1065)> <Delay = 0.00> <CoreInst = "LogicGate">   --->   Core 74 'LogicGate' <Latency = 0> <II = 1> <Delay = 0.78> <FuncUnit> <Opcode : 'and' 'or' 'xor'> <InPorts = 2> <OutPorts = 1>
ST_7 : Operation 107 [1/1] (0.00ns) (grouped into LUT with out node lshr_ln1074_1)   --->   "%zext_ln1074_2 = zext i3 %xor_ln1074_1" [/home/kedhar/Vitis_Libraries/vision/L1/examples/customconv/../../../L1/include/common/xf_structs.hpp:1074]   --->   Operation 107 'zext' 'zext_ln1074_2' <Predicate = (icmp_ln1054 & !icmp_ln1065)> <Delay = 0.00>
ST_7 : Operation 108 [1/1] (1.72ns) (out node of the LUT)   --->   "%lshr_ln1074_1 = lshr i8 255, i8 %zext_ln1074_2" [/home/kedhar/Vitis_Libraries/vision/L1/examples/customconv/../../../L1/include/common/xf_structs.hpp:1074]   --->   Operation 108 'lshr' 'lshr_ln1074_1' <Predicate = (icmp_ln1054 & !icmp_ln1065)> <Delay = 1.72> <CoreInst = "Shifter">   --->   Core 75 'Shifter' <Latency = 0> <II = 1> <Delay = 1.72> <FuncUnit> <Opcode : 'shl' 'lshr' 'ashr'> <InPorts = 2> <OutPorts = 1>
ST_7 : Operation 109 [1/1] (0.00ns)   --->   "%zext_ln1071_1 = zext i3 %select_ln1071_2" [/home/kedhar/Vitis_Libraries/vision/L1/examples/customconv/../../../L1/include/common/xf_structs.hpp:1071]   --->   Operation 109 'zext' 'zext_ln1071_1' <Predicate = (icmp_ln1054 & icmp_ln1065)> <Delay = 0.00>
ST_7 : Operation 110 [2/2] (1.93ns)   --->   "%shl_ln1071 = shl i8 %and_ln1071, i8 %zext_ln1071_1" [/home/kedhar/Vitis_Libraries/vision/L1/examples/customconv/../../../L1/include/common/xf_structs.hpp:1071]   --->   Operation 110 'shl' 'shl_ln1071' <Predicate = (icmp_ln1054 & icmp_ln1065)> <Delay = 1.93> <CoreInst = "Shifter">   --->   Core 75 'Shifter' <Latency = 1> <II = 1> <Delay = 1.93> <FuncUnit> <Opcode : 'shl' 'lshr' 'ashr'> <InPorts = 2> <OutPorts = 1>
ST_7 : Operation 111 [1/1] (0.80ns)   --->   "%and_ln1071_1 = and i8 %shl_ln1071_1, i8 %lshr_ln1071_1" [/home/kedhar/Vitis_Libraries/vision/L1/examples/customconv/../../../L1/include/common/xf_structs.hpp:1071]   --->   Operation 111 'and' 'and_ln1071_1' <Predicate = (icmp_ln1054 & icmp_ln1065)> <Delay = 0.80> <CoreInst = "LogicGate">   --->   Core 74 'LogicGate' <Latency = 0> <II = 1> <Delay = 0.80> <FuncUnit> <Opcode : 'and' 'or' 'xor'> <InPorts = 2> <OutPorts = 1>

State 8 <SV = 7> <Delay = 1.93>
ST_8 : Operation 112 [1/1] (0.00ns)   --->   "%zext_ln1074_1 = zext i3 %select_ln1074_3" [/home/kedhar/Vitis_Libraries/vision/L1/examples/customconv/../../../L1/include/common/xf_structs.hpp:1074]   --->   Operation 112 'zext' 'zext_ln1074_1' <Predicate = (icmp_ln1054 & !icmp_ln1065)> <Delay = 0.00>
ST_8 : Operation 113 [2/2] (1.93ns)   --->   "%lshr_ln1074 = lshr i8 %select_ln1074_2, i8 %zext_ln1074_1" [/home/kedhar/Vitis_Libraries/vision/L1/examples/customconv/../../../L1/include/common/xf_structs.hpp:1074]   --->   Operation 113 'lshr' 'lshr_ln1074' <Predicate = (icmp_ln1054 & !icmp_ln1065)> <Delay = 1.93> <CoreInst = "Shifter">   --->   Core 75 'Shifter' <Latency = 1> <II = 1> <Delay = 1.93> <FuncUnit> <Opcode : 'shl' 'lshr' 'ashr'> <InPorts = 2> <OutPorts = 1>
ST_8 : Operation 114 [1/2] (1.93ns)   --->   "%shl_ln1071 = shl i8 %and_ln1071, i8 %zext_ln1071_1" [/home/kedhar/Vitis_Libraries/vision/L1/examples/customconv/../../../L1/include/common/xf_structs.hpp:1071]   --->   Operation 114 'shl' 'shl_ln1071' <Predicate = (icmp_ln1054 & icmp_ln1065)> <Delay = 1.93> <CoreInst = "Shifter">   --->   Core 75 'Shifter' <Latency = 1> <II = 1> <Delay = 1.93> <FuncUnit> <Opcode : 'shl' 'lshr' 'ashr'> <InPorts = 2> <OutPorts = 1>

State 9 <SV = 8> <Delay = 1.93>
ST_9 : Operation 115 [1/2] (1.93ns)   --->   "%lshr_ln1074 = lshr i8 %select_ln1074_2, i8 %zext_ln1074_1" [/home/kedhar/Vitis_Libraries/vision/L1/examples/customconv/../../../L1/include/common/xf_structs.hpp:1074]   --->   Operation 115 'lshr' 'lshr_ln1074' <Predicate = (icmp_ln1054 & !icmp_ln1065)> <Delay = 1.93> <CoreInst = "Shifter">   --->   Core 75 'Shifter' <Latency = 1> <II = 1> <Delay = 1.93> <FuncUnit> <Opcode : 'shl' 'lshr' 'ashr'> <InPorts = 2> <OutPorts = 1>
ST_9 : Operation 116 [1/1] (0.00ns) (grouped into LUT with out node localbuffer_4)   --->   "%localbuffer_3 = select i1 %icmp_ln1066, i8 0, i8 %localbuffer" [/home/kedhar/Vitis_Libraries/vision/L1/examples/customconv/../../../L1/include/common/xf_structs.hpp:1066]   --->   Operation 116 'select' 'localbuffer_3' <Predicate = (icmp_ln1054 & icmp_ln1065)> <Delay = 0.00> <CoreInst = "Sel">   --->   Core 73 'Sel' <Latency = 0> <II = 1> <Delay = 0.44> <FuncUnit> <Opcode : 'select'> <InPorts = 3> <OutPorts = 1>
ST_9 : Operation 117 [1/1] (0.00ns) (grouped into LUT with out node and_ln1071_3)   --->   "%tmp_10 = partselect i8 @llvm.part.select.i8, i8 %shl_ln1071, i32 7, i32 0" [/home/kedhar/Vitis_Libraries/vision/L1/examples/customconv/../../../L1/include/common/xf_structs.hpp:1071]   --->   Operation 117 'partselect' 'tmp_10' <Predicate = (icmp_ln1054 & icmp_ln1065 & icmp_ln1071)> <Delay = 0.00>
ST_9 : Operation 118 [1/1] (0.00ns) (grouped into LUT with out node and_ln1071_3)   --->   "%select_ln1071_3 = select i1 %icmp_ln1071, i8 %tmp_10, i8 %shl_ln1071" [/home/kedhar/Vitis_Libraries/vision/L1/examples/customconv/../../../L1/include/common/xf_structs.hpp:1071]   --->   Operation 118 'select' 'select_ln1071_3' <Predicate = (icmp_ln1054 & icmp_ln1065)> <Delay = 0.00> <CoreInst = "Sel">   --->   Core 73 'Sel' <Latency = 0> <II = 1> <Delay = 0.44> <FuncUnit> <Opcode : 'select'> <InPorts = 3> <OutPorts = 1>
ST_9 : Operation 119 [1/1] (0.00ns) (grouped into LUT with out node localbuffer_4)   --->   "%xor_ln1071_3 = xor i8 %and_ln1071_1, i8 255" [/home/kedhar/Vitis_Libraries/vision/L1/examples/customconv/../../../L1/include/common/xf_structs.hpp:1071]   --->   Operation 119 'xor' 'xor_ln1071_3' <Predicate = (icmp_ln1054 & icmp_ln1065)> <Delay = 0.00> <CoreInst = "LogicGate">   --->   Core 74 'LogicGate' <Latency = 0> <II = 1> <Delay = 0.80> <FuncUnit> <Opcode : 'and' 'or' 'xor'> <InPorts = 2> <OutPorts = 1>
ST_9 : Operation 120 [1/1] (0.00ns) (grouped into LUT with out node localbuffer_4)   --->   "%and_ln1071_2 = and i8 %localbuffer_3, i8 %xor_ln1071_3" [/home/kedhar/Vitis_Libraries/vision/L1/examples/customconv/../../../L1/include/common/xf_structs.hpp:1071]   --->   Operation 120 'and' 'and_ln1071_2' <Predicate = (icmp_ln1054 & icmp_ln1065)> <Delay = 0.00> <CoreInst = "LogicGate">   --->   Core 74 'LogicGate' <Latency = 0> <II = 1> <Delay = 0.80> <FuncUnit> <Opcode : 'and' 'or' 'xor'> <InPorts = 2> <OutPorts = 1>
ST_9 : Operation 121 [1/1] (0.80ns) (out node of the LUT)   --->   "%and_ln1071_3 = and i8 %select_ln1071_3, i8 %and_ln1071_1" [/home/kedhar/Vitis_Libraries/vision/L1/examples/customconv/../../../L1/include/common/xf_structs.hpp:1071]   --->   Operation 121 'and' 'and_ln1071_3' <Predicate = (icmp_ln1054 & icmp_ln1065)> <Delay = 0.80> <CoreInst = "LogicGate">   --->   Core 74 'LogicGate' <Latency = 0> <II = 1> <Delay = 0.80> <FuncUnit> <Opcode : 'and' 'or' 'xor'> <InPorts = 2> <OutPorts = 1>
ST_9 : Operation 122 [1/1] (0.80ns) (out node of the LUT)   --->   "%localbuffer_4 = or i8 %and_ln1071_2, i8 %and_ln1071_3" [/home/kedhar/Vitis_Libraries/vision/L1/examples/customconv/../../../L1/include/common/xf_structs.hpp:1071]   --->   Operation 122 'or' 'localbuffer_4' <Predicate = (icmp_ln1054 & icmp_ln1065)> <Delay = 0.80> <CoreInst = "LogicGate">   --->   Core 74 'LogicGate' <Latency = 0> <II = 1> <Delay = 0.80> <FuncUnit> <Opcode : 'and' 'or' 'xor'> <InPorts = 2> <OutPorts = 1>
ST_9 : Operation 131 [1/1] (0.00ns)   --->   "%ret_ln0 = ret"   --->   Operation 131 'ret' 'ret_ln0' <Predicate = (!icmp_ln1054)> <Delay = 0.00>

State 10 <SV = 9> <Delay = 2.10>
ST_10 : Operation 123 [1/1] (0.80ns)   --->   "%localbuffer_5 = and i8 %lshr_ln1074, i8 %lshr_ln1074_1" [/home/kedhar/Vitis_Libraries/vision/L1/examples/customconv/../../../L1/include/common/xf_structs.hpp:1074]   --->   Operation 123 'and' 'localbuffer_5' <Predicate = (icmp_ln1054 & !icmp_ln1065)> <Delay = 0.80> <CoreInst = "LogicGate">   --->   Core 74 'LogicGate' <Latency = 0> <II = 1> <Delay = 0.80> <FuncUnit> <Opcode : 'and' 'or' 'xor'> <InPorts = 2> <OutPorts = 1>
ST_10 : Operation 124 [1/1] (1.29ns)   --->   "%br_ln0 = br void %if.end30_ifconv"   --->   Operation 124 'br' 'br_ln0' <Predicate = (icmp_ln1054 & !icmp_ln1065)> <Delay = 1.29>
ST_10 : Operation 125 [1/1] (1.29ns)   --->   "%br_ln1073 = br void %if.end30_ifconv" [/home/kedhar/Vitis_Libraries/vision/L1/examples/customconv/../../../L1/include/common/xf_structs.hpp:1073]   --->   Operation 125 'br' 'br_ln1073' <Predicate = (icmp_ln1054 & icmp_ln1065)> <Delay = 1.29>

State 11 <SV = 10> <Delay = 2.01>
ST_11 : Operation 126 [1/1] (0.00ns) (grouped into LUT with out node localbuffer2)   --->   "%localbuffer_1 = phi i8 %localbuffer_4, void %if.then_ifconv, i8 %localbuffer_5, void %if.else"   --->   Operation 126 'phi' 'localbuffer_1' <Predicate = true> <Delay = 0.00>
ST_11 : Operation 127 [1/1] (0.00ns) (grouped into LUT with out node localbuffer2)   --->   "%select_ln1059 = select i1 %bLast_width, i8 %lshr_ln1082, i8 255" [/home/kedhar/Vitis_Libraries/vision/L1/examples/customconv/../../../L1/include/common/xf_structs.hpp:1059]   --->   Operation 127 'select' 'select_ln1059' <Predicate = true> <Delay = 0.00> <CoreInst = "Sel">   --->   Core 73 'Sel' <Latency = 0> <II = 1> <Delay = 0.44> <FuncUnit> <Opcode : 'select'> <InPorts = 3> <OutPorts = 1>
ST_11 : Operation 128 [1/1] (0.80ns) (out node of the LUT)   --->   "%localbuffer2 = and i8 %localbuffer_1, i8 %select_ln1059" [/home/kedhar/Vitis_Libraries/vision/L1/examples/customconv/../../../L1/include/common/xf_structs.hpp:1059]   --->   Operation 128 'and' 'localbuffer2' <Predicate = true> <Delay = 0.80> <CoreInst = "LogicGate">   --->   Core 74 'LogicGate' <Latency = 0> <II = 1> <Delay = 0.80> <FuncUnit> <Opcode : 'and' 'or' 'xor'> <InPorts = 2> <OutPorts = 1>
ST_11 : Operation 129 [1/1] (1.20ns)   --->   "%write_ln1084 = write void @_ssdm_op_Write.ap_fifo.volatile.i8P0A, i8 %imgInput_data, i8 %localbuffer2" [/home/kedhar/Vitis_Libraries/vision/L1/examples/customconv/../../../L1/include/common/xf_structs.hpp:1084]   --->   Operation 129 'write' 'write_ln1084' <Predicate = (icmp_ln1084)> <Delay = 1.20> <CoreInst = "FIFO_SRL">   --->   Core 81 'FIFO_SRL' <Latency = 0> <II = 1> <Delay = 3.40> <Storage> <Opcode : 'read' 'write' 'nbread' 'nbwrite'> <Ports = 0> <Width = 8> <Depth = 2> <FIFO>
ST_11 : Operation 130 [1/1] (0.00ns)   --->   "%br_ln1084 = br void %if.end42" [/home/kedhar/Vitis_Libraries/vision/L1/examples/customconv/../../../L1/include/common/xf_structs.hpp:1084]   --->   Operation 130 'br' 'br_ln1084' <Predicate = (icmp_ln1084)> <Delay = 0.00>


============================================================
+ Verbose Summary: Timing violations
============================================================
Target clock period: 3.300ns, clock uncertainty: 0.891ns.

 <State 1>: 1.325ns
The critical path consists of the following:
	'alloca' operation 32 bit ('rem', /home/kedhar/Vitis_Libraries/vision/L1/examples/customconv/../../../L1/include/common/xf_structs.hpp:1048) [10]  (0.000 ns)
	'store' operation 0 bit ('store_ln1048', /home/kedhar/Vitis_Libraries/vision/L1/examples/customconv/../../../L1/include/common/xf_structs.hpp:1048) of constant 0 on local variable 'rem', /home/kedhar/Vitis_Libraries/vision/L1/examples/customconv/../../../L1/include/common/xf_structs.hpp:1048 [27]  (1.325 ns)

 <State 2>: 1.896ns
The critical path consists of the following:
	'load' operation 32 bit ('j', /home/kedhar/Vitis_Libraries/vision/L1/examples/customconv/../../../L1/include/common/xf_structs.hpp:1086) on local variable 'j', /home/kedhar/Vitis_Libraries/vision/L1/examples/customconv/../../../L1/include/common/xf_structs.hpp:1051 [32]  (0.000 ns)
	'add' operation 32 bit ('add_ln1086', /home/kedhar/Vitis_Libraries/vision/L1/examples/customconv/../../../L1/include/common/xf_structs.hpp:1086) [127]  (1.896 ns)

 <State 3>: 2.003ns
The critical path consists of the following:
	'select' operation 32 bit ('j', /home/kedhar/Vitis_Libraries/vision/L1/examples/customconv/../../../L1/include/common/xf_structs.hpp:1086) [128]  (0.705 ns)
	'store' operation 0 bit ('store_ln1051', /home/kedhar/Vitis_Libraries/vision/L1/examples/customconv/../../../L1/include/common/xf_structs.hpp:1051) of variable 'j', /home/kedhar/Vitis_Libraries/vision/L1/examples/customconv/../../../L1/include/common/xf_structs.hpp:1086 on local variable 'j', /home/kedhar/Vitis_Libraries/vision/L1/examples/customconv/../../../L1/include/common/xf_structs.hpp:1051 [129]  (1.298 ns)

 <State 4>: 1.896ns
The critical path consists of the following:
	'load' operation 32 bit ('rem', /home/kedhar/Vitis_Libraries/vision/L1/examples/customconv/../../../L1/include/common/xf_structs.hpp:1067) on local variable 'rem', /home/kedhar/Vitis_Libraries/vision/L1/examples/customconv/../../../L1/include/common/xf_structs.hpp:1048 [30]  (0.000 ns)
	'icmp' operation 1 bit ('icmp_ln1065', /home/kedhar/Vitis_Libraries/vision/L1/examples/customconv/../../../L1/include/common/xf_structs.hpp:1065) [47]  (1.896 ns)

 <State 5>: 1.934ns
The critical path consists of the following:
	'load' operation 8 bit ('val_load', /home/kedhar/Vitis_Libraries/vision/L1/examples/customconv/../../../L1/include/common/xf_structs.hpp:1067) on local variable 'val', /home/kedhar/Vitis_Libraries/vision/L1/examples/customconv/../../../L1/include/common/xf_structs.hpp:1049 [48]  (0.000 ns)
	'lshr' operation 8 bit ('localbuffer', /home/kedhar/Vitis_Libraries/vision/L1/examples/customconv/../../../L1/include/common/xf_structs.hpp:1067) [80]  (1.934 ns)

 <State 6>: 1.934ns
The critical path consists of the following:
	'lshr' operation 8 bit ('localbuffer', /home/kedhar/Vitis_Libraries/vision/L1/examples/customconv/../../../L1/include/common/xf_structs.hpp:1067) [80]  (1.934 ns)

 <State 7>: 1.934ns
The critical path consists of the following:
	'shl' operation 8 bit ('shl_ln1071', /home/kedhar/Vitis_Libraries/vision/L1/examples/customconv/../../../L1/include/common/xf_structs.hpp:1071) [100]  (1.934 ns)

 <State 8>: 1.934ns
The critical path consists of the following:
	'lshr' operation 8 bit ('lshr_ln1074', /home/kedhar/Vitis_Libraries/vision/L1/examples/customconv/../../../L1/include/common/xf_structs.hpp:1074) [69]  (1.934 ns)

 <State 9>: 1.934ns
The critical path consists of the following:
	'lshr' operation 8 bit ('lshr_ln1074', /home/kedhar/Vitis_Libraries/vision/L1/examples/customconv/../../../L1/include/common/xf_structs.hpp:1074) [69]  (1.934 ns)

 <State 10>: 2.104ns
The critical path consists of the following:
	'and' operation 8 bit ('localbuffer', /home/kedhar/Vitis_Libraries/vision/L1/examples/customconv/../../../L1/include/common/xf_structs.hpp:1074) [71]  (0.806 ns)
	multiplexor before 'phi' operation 8 bit ('localbuffer') with incoming values : ('localbuffer', /home/kedhar/Vitis_Libraries/vision/L1/examples/customconv/../../../L1/include/common/xf_structs.hpp:1074) ('localbuffer', /home/kedhar/Vitis_Libraries/vision/L1/examples/customconv/../../../L1/include/common/xf_structs.hpp:1071) [115]  (1.298 ns)

 <State 11>: 2.010ns
The critical path consists of the following:
	'phi' operation 8 bit ('localbuffer') with incoming values : ('localbuffer', /home/kedhar/Vitis_Libraries/vision/L1/examples/customconv/../../../L1/include/common/xf_structs.hpp:1074) ('localbuffer', /home/kedhar/Vitis_Libraries/vision/L1/examples/customconv/../../../L1/include/common/xf_structs.hpp:1071) [115]  (0.000 ns)
	'and' operation 8 bit ('localbuffer2', /home/kedhar/Vitis_Libraries/vision/L1/examples/customconv/../../../L1/include/common/xf_structs.hpp:1059) [120]  (0.806 ns)
	fifo write operation ('write_ln1084', /home/kedhar/Vitis_Libraries/vision/L1/examples/customconv/../../../L1/include/common/xf_structs.hpp:1084) on port 'imgInput_data' (/home/kedhar/Vitis_Libraries/vision/L1/examples/customconv/../../../L1/include/common/xf_structs.hpp:1084) [124]  (1.204 ns)


============================================================
+ Verbose Summary: Binding
============================================================
N/A
* FSMD analyzer results:
  - Output states:
 - Input state : 
  - Chain level:
	State 1
	State 2
	State 3
	State 4
	State 5
	State 6
	State 7
	State 8
	State 9
	State 10
	State 11


============================================================
+ Verbose Summary: Datapath Resource usage 
============================================================
N/A
