

================================================================
== Vitis HLS Report for 'filter2D_Pipeline_VITIS_LOOP_834_1_VITIS_LOOP_835_2'
================================================================
* Date:           Sat May  4 12:09:32 2024

* Version:        2023.2 (Build 4023990 on Oct 11 2023)
* Project:        customconv_ked.prj
* Solution:       sol1 (Vivado IP Flow Target)
* Product family: zynq
* Target device:  xc7z020-clg484-2


================================================================
== Performance Estimates
================================================================
+ Timing: 
    * Summary: 
    +--------+---------+----------+------------+
    |  Clock |  Target | Estimated| Uncertainty|
    +--------+---------+----------+------------+
    |ap_clk  |  3.30 ns|  3.593 ns|     0.89 ns|
    +--------+---------+----------+------------+

+ Latency: 
    * Summary: 
    +---------+---------+-----------+-----------+-----+-----+---------+
    |  Latency (cycles) |   Latency (absolute)  |  Interval | Pipeline|
    |   min   |   max   |    min    |    max    | min | max |   Type  |
    +---------+---------+-----------+-----------+-----+-----+---------+
    |       11|       11|  39.523 ns|  39.523 ns|   11|   11|       no|
    +---------+---------+-----------+-----------+-----+-----+---------+

    + Detail: 
        * Instance: 
        N/A

        * Loop: 
        +-------------------------------------+---------+---------+----------+-----------+-----------+------+----------+
        |                                     |  Latency (cycles) | Iteration|  Initiation Interval  | Trip |          |
        |              Loop Name              |   min   |   max   |  Latency |  achieved |   target  | Count| Pipelined|
        +-------------------------------------+---------+---------+----------+-----------+-----------+------+----------+
        |- VITIS_LOOP_834_1_VITIS_LOOP_835_2  |        9|        9|         2|          1|          1|     9|       yes|
        +-------------------------------------+---------+---------+----------+-----------+-----------+------+----------+

============================================================
+ Verbose Summary: Synthesis Manager
============================================================
InlineROM: 1
ExposeGlobal: 0
============================================================
+ Verbose Summary: CDFG Model
============================================================
IsTopModel: 0
ResetActiveHigh: 1
IsCombinational: 0
IsDatapathOnly: 0
HasWiredReturn: 1
HasMFsm: 2
HasVarLatency: 1
IsPipeline: 0
IsRtlPipelined: 0
IsInstanceOverlapped: 0
IsDontTouch: 0
HasImplIP: 0
IsGatedGlobalClock: 0

+ Individual pipeline summary: 
  * Pipeline-0: initiation interval (II) = 1, depth = 2


============================================================
+ Verbose Summary: Schedule
============================================================
* Number of FSM states : 2
* Pipeline : 1
  Pipeline-0 : II = 1, D = 2, States = { 1 2 }
* Dataflow Pipeline: 0

* FSM state transitions: 
1 --> 2 
2 --> 

* FSM state operations: 

State 1 <SV = 0> <Delay = 3.59>
ST_1 : Operation 5 [1/1] (0.00ns)   --->   "%j = alloca i32 1" [/home/kedhar/Vitis_Libraries/vision/L1/examples/customconv/../../../L1/include/imgproc/xf_custom_convolution.hpp:835]   --->   Operation 5 'alloca' 'j' <Predicate = true> <Delay = 0.00>
ST_1 : Operation 6 [1/1] (0.00ns)   --->   "%i = alloca i32 1" [/home/kedhar/Vitis_Libraries/vision/L1/examples/customconv/../../../L1/include/imgproc/xf_custom_convolution.hpp:834]   --->   Operation 6 'alloca' 'i' <Predicate = true> <Delay = 0.00>
ST_1 : Operation 7 [1/1] (0.00ns)   --->   "%indvar_flatten = alloca i32 1"   --->   Operation 7 'alloca' 'indvar_flatten' <Predicate = true> <Delay = 0.00>
ST_1 : Operation 8 [1/1] (0.00ns)   --->   "%empty = alloca i32 1"   --->   Operation 8 'alloca' 'empty' <Predicate = true> <Delay = 0.00>
ST_1 : Operation 9 [1/1] (0.00ns)   --->   "%empty_53 = alloca i32 1"   --->   Operation 9 'alloca' 'empty_53' <Predicate = true> <Delay = 0.00>
ST_1 : Operation 10 [1/1] (0.00ns)   --->   "%empty_54 = alloca i32 1"   --->   Operation 10 'alloca' 'empty_54' <Predicate = true> <Delay = 0.00>
ST_1 : Operation 11 [1/1] (0.00ns)   --->   "%empty_55 = alloca i32 1"   --->   Operation 11 'alloca' 'empty_55' <Predicate = true> <Delay = 0.00>
ST_1 : Operation 12 [1/1] (0.00ns)   --->   "%empty_56 = alloca i32 1"   --->   Operation 12 'alloca' 'empty_56' <Predicate = true> <Delay = 0.00>
ST_1 : Operation 13 [1/1] (0.00ns)   --->   "%empty_57 = alloca i32 1"   --->   Operation 13 'alloca' 'empty_57' <Predicate = true> <Delay = 0.00>
ST_1 : Operation 14 [1/1] (0.00ns)   --->   "%empty_58 = alloca i32 1"   --->   Operation 14 'alloca' 'empty_58' <Predicate = true> <Delay = 0.00>
ST_1 : Operation 15 [1/1] (0.00ns)   --->   "%empty_59 = alloca i32 1"   --->   Operation 15 'alloca' 'empty_59' <Predicate = true> <Delay = 0.00>
ST_1 : Operation 16 [1/1] (0.00ns)   --->   "%empty_60 = alloca i32 1"   --->   Operation 16 'alloca' 'empty_60' <Predicate = true> <Delay = 0.00>
ST_1 : Operation 17 [1/1] (0.00ns)   --->   "%sext_ln834_read = read i63 @_ssdm_op_Read.ap_auto.i63, i63 %sext_ln834"   --->   Operation 17 'read' 'sext_ln834_read' <Predicate = true> <Delay = 0.00>
ST_1 : Operation 18 [1/1] (0.00ns)   --->   "%sext_ln834_cast = sext i63 %sext_ln834_read"   --->   Operation 18 'sext' 'sext_ln834_cast' <Predicate = true> <Delay = 0.00>
ST_1 : Operation 19 [1/1] (0.00ns)   --->   "%specinterface_ln0 = specinterface void @_ssdm_op_SpecInterface, i16 %gmem1, void @empty_3, i32 0, i32 0, void @empty_8, i32 0, i32 9, void @empty_0, void @empty_1, void @empty_8, i32 16, i32 16, i32 16, i32 16, void @empty_8, void @empty_8, i32 4294967295, i32 0"   --->   Operation 19 'specinterface' 'specinterface_ln0' <Predicate = true> <Delay = 0.00>
ST_1 : Operation 20 [1/1] (1.29ns)   --->   "%store_ln0 = store i4 0, i4 %indvar_flatten"   --->   Operation 20 'store' 'store_ln0' <Predicate = true> <Delay = 1.29>
ST_1 : Operation 21 [1/1] (1.29ns)   --->   "%store_ln834 = store i2 0, i2 %i" [/home/kedhar/Vitis_Libraries/vision/L1/examples/customconv/../../../L1/include/imgproc/xf_custom_convolution.hpp:834]   --->   Operation 21 'store' 'store_ln834' <Predicate = true> <Delay = 1.29>
ST_1 : Operation 22 [1/1] (1.29ns)   --->   "%store_ln835 = store i2 0, i2 %j" [/home/kedhar/Vitis_Libraries/vision/L1/examples/customconv/../../../L1/include/imgproc/xf_custom_convolution.hpp:835]   --->   Operation 22 'store' 'store_ln835' <Predicate = true> <Delay = 1.29>
ST_1 : Operation 23 [1/1] (0.00ns)   --->   "%br_ln0 = br void %for.inc"   --->   Operation 23 'br' 'br_ln0' <Predicate = true> <Delay = 0.00>
ST_1 : Operation 24 [1/1] (0.00ns)   --->   "%indvar_flatten_load = load i4 %indvar_flatten" [/home/kedhar/Vitis_Libraries/vision/L1/examples/customconv/../../../L1/include/imgproc/xf_custom_convolution.hpp:834]   --->   Operation 24 'load' 'indvar_flatten_load' <Predicate = true> <Delay = 0.00>
ST_1 : Operation 25 [1/1] (0.99ns)   --->   "%icmp_ln834 = icmp_eq  i4 %indvar_flatten_load, i4 9" [/home/kedhar/Vitis_Libraries/vision/L1/examples/customconv/../../../L1/include/imgproc/xf_custom_convolution.hpp:834]   --->   Operation 25 'icmp' 'icmp_ln834' <Predicate = true> <Delay = 0.99> <CoreInst = "Cmp">   --->   Core 9 'Cmp' <Latency = 0> <II = 1> <Delay = 0.99> <FuncUnit> <Opcode : 'icmp'> <InPorts = 2> <OutPorts = 1>
ST_1 : Operation 26 [1/1] (0.99ns)   --->   "%add_ln834 = add i4 %indvar_flatten_load, i4 1" [/home/kedhar/Vitis_Libraries/vision/L1/examples/customconv/../../../L1/include/imgproc/xf_custom_convolution.hpp:834]   --->   Operation 26 'add' 'add_ln834' <Predicate = true> <Delay = 0.99> <CoreInst = "Adder">   --->   Core 1 'Adder' <Latency = 0> <II = 1> <Delay = 0.99> <FuncUnit> <Opcode : 'add' 'sub'> <InPorts = 2> <OutPorts = 1>
ST_1 : Operation 27 [1/1] (0.00ns)   --->   "%br_ln834 = br i1 %icmp_ln834, void %for.inc14, void %for.end16.exitStub" [/home/kedhar/Vitis_Libraries/vision/L1/examples/customconv/../../../L1/include/imgproc/xf_custom_convolution.hpp:834]   --->   Operation 27 'br' 'br_ln834' <Predicate = true> <Delay = 0.00>
ST_1 : Operation 28 [1/1] (0.00ns)   --->   "%j_load = load i2 %j" [/home/kedhar/Vitis_Libraries/vision/L1/examples/customconv/../../../L1/include/imgproc/xf_custom_convolution.hpp:835]   --->   Operation 28 'load' 'j_load' <Predicate = (!icmp_ln834)> <Delay = 0.00>
ST_1 : Operation 29 [1/1] (0.00ns)   --->   "%i_load = load i2 %i" [/home/kedhar/Vitis_Libraries/vision/L1/examples/customconv/../../../L1/include/imgproc/xf_custom_convolution.hpp:834]   --->   Operation 29 'load' 'i_load' <Predicate = (!icmp_ln834)> <Delay = 0.00>
ST_1 : Operation 30 [1/1] (0.00ns)   --->   "%gmem1_addr = getelementptr i16 %gmem1, i64 %sext_ln834_cast" [/home/kedhar/Vitis_Libraries/vision/L1/examples/customconv/../../../L1/include/imgproc/xf_custom_convolution.hpp:834]   --->   Operation 30 'getelementptr' 'gmem1_addr' <Predicate = (!icmp_ln834)> <Delay = 0.00>
ST_1 : Operation 31 [1/1] (0.63ns)   --->   "%icmp_ln835 = icmp_eq  i2 %j_load, i2 3" [/home/kedhar/Vitis_Libraries/vision/L1/examples/customconv/../../../L1/include/imgproc/xf_custom_convolution.hpp:835]   --->   Operation 31 'icmp' 'icmp_ln835' <Predicate = (!icmp_ln834)> <Delay = 0.63> <CoreInst = "Cmp">   --->   Core 9 'Cmp' <Latency = 0> <II = 1> <Delay = 0.63> <FuncUnit> <Opcode : 'icmp'> <InPorts = 2> <OutPorts = 1>
ST_1 : Operation 32 [1/1] (0.81ns)   --->   "%select_ln834 = select i1 %icmp_ln835, i2 0, i2 %j_load" [/home/kedhar/Vitis_Libraries/vision/L1/examples/customconv/../../../L1/include/imgproc/xf_custom_convolution.hpp:834]   --->   Operation 32 'select' 'select_ln834' <Predicate = (!icmp_ln834)> <Delay = 0.81> <CoreInst = "Sel">   --->   Core 73 'Sel' <Latency = 0> <II = 1> <Delay = 0.81> <FuncUnit> <Opcode : 'select'> <InPorts = 3> <OutPorts = 1>
ST_1 : Operation 33 [1/1] (0.63ns)   --->   "%add_ln834_1 = add i2 %i_load, i2 1" [/home/kedhar/Vitis_Libraries/vision/L1/examples/customconv/../../../L1/include/imgproc/xf_custom_convolution.hpp:834]   --->   Operation 33 'add' 'add_ln834_1' <Predicate = (!icmp_ln834)> <Delay = 0.63> <CoreInst = "Adder">   --->   Core 1 'Adder' <Latency = 0> <II = 1> <Delay = 0.63> <FuncUnit> <Opcode : 'add' 'sub'> <InPorts = 2> <OutPorts = 1>
ST_1 : Operation 34 [1/1] (0.81ns)   --->   "%select_ln834_1 = select i1 %icmp_ln835, i2 %add_ln834_1, i2 %i_load" [/home/kedhar/Vitis_Libraries/vision/L1/examples/customconv/../../../L1/include/imgproc/xf_custom_convolution.hpp:834]   --->   Operation 34 'select' 'select_ln834_1' <Predicate = (!icmp_ln834)> <Delay = 0.81> <CoreInst = "Sel">   --->   Core 73 'Sel' <Latency = 0> <II = 1> <Delay = 0.81> <FuncUnit> <Opcode : 'select'> <InPorts = 3> <OutPorts = 1>
ST_1 : Operation 35 [1/1] (0.63ns)   --->   "%add_ln835 = add i2 %select_ln834, i2 1" [/home/kedhar/Vitis_Libraries/vision/L1/examples/customconv/../../../L1/include/imgproc/xf_custom_convolution.hpp:835]   --->   Operation 35 'add' 'add_ln835' <Predicate = (!icmp_ln834)> <Delay = 0.63> <CoreInst = "Adder">   --->   Core 1 'Adder' <Latency = 0> <II = 1> <Delay = 0.63> <FuncUnit> <Opcode : 'add' 'sub'> <InPorts = 2> <OutPorts = 1>
ST_1 : Operation 36 [1/1] (1.29ns)   --->   "%store_ln834 = store i4 %add_ln834, i4 %indvar_flatten" [/home/kedhar/Vitis_Libraries/vision/L1/examples/customconv/../../../L1/include/imgproc/xf_custom_convolution.hpp:834]   --->   Operation 36 'store' 'store_ln834' <Predicate = (!icmp_ln834)> <Delay = 1.29>
ST_1 : Operation 66 [1/1] (0.00ns)   --->   "%p_load13 = load i16 %empty"   --->   Operation 66 'load' 'p_load13' <Predicate = (icmp_ln834)> <Delay = 0.00>
ST_1 : Operation 67 [1/1] (0.00ns)   --->   "%p_load12 = load i16 %empty_53"   --->   Operation 67 'load' 'p_load12' <Predicate = (icmp_ln834)> <Delay = 0.00>
ST_1 : Operation 68 [1/1] (0.00ns)   --->   "%p_load10 = load i16 %empty_54"   --->   Operation 68 'load' 'p_load10' <Predicate = (icmp_ln834)> <Delay = 0.00>
ST_1 : Operation 69 [1/1] (0.00ns)   --->   "%p_load9 = load i16 %empty_55"   --->   Operation 69 'load' 'p_load9' <Predicate = (icmp_ln834)> <Delay = 0.00>
ST_1 : Operation 70 [1/1] (0.00ns)   --->   "%p_load8 = load i16 %empty_56"   --->   Operation 70 'load' 'p_load8' <Predicate = (icmp_ln834)> <Delay = 0.00>
ST_1 : Operation 71 [1/1] (0.00ns)   --->   "%p_load6 = load i16 %empty_57"   --->   Operation 71 'load' 'p_load6' <Predicate = (icmp_ln834)> <Delay = 0.00>
ST_1 : Operation 72 [1/1] (0.00ns)   --->   "%p_load5 = load i16 %empty_58"   --->   Operation 72 'load' 'p_load5' <Predicate = (icmp_ln834)> <Delay = 0.00>
ST_1 : Operation 73 [1/1] (0.00ns)   --->   "%p_load4 = load i16 %empty_59"   --->   Operation 73 'load' 'p_load4' <Predicate = (icmp_ln834)> <Delay = 0.00>
ST_1 : Operation 74 [1/1] (0.00ns)   --->   "%p_load = load i16 %empty_60"   --->   Operation 74 'load' 'p_load' <Predicate = (icmp_ln834)> <Delay = 0.00>
ST_1 : Operation 75 [1/1] (0.00ns)   --->   "%write_ln0 = write void @_ssdm_op_Write.ap_auto.i16P0A, i16 %p_out, i16 %p_load"   --->   Operation 75 'write' 'write_ln0' <Predicate = (icmp_ln834)> <Delay = 0.00>
ST_1 : Operation 76 [1/1] (0.00ns)   --->   "%write_ln0 = write void @_ssdm_op_Write.ap_auto.i16P0A, i16 %p_out1, i16 %p_load4"   --->   Operation 76 'write' 'write_ln0' <Predicate = (icmp_ln834)> <Delay = 0.00>
ST_1 : Operation 77 [1/1] (0.00ns)   --->   "%write_ln0 = write void @_ssdm_op_Write.ap_auto.i16P0A, i16 %p_out2, i16 %p_load5"   --->   Operation 77 'write' 'write_ln0' <Predicate = (icmp_ln834)> <Delay = 0.00>
ST_1 : Operation 78 [1/1] (0.00ns)   --->   "%write_ln0 = write void @_ssdm_op_Write.ap_auto.i16P0A, i16 %p_out3, i16 %p_load6"   --->   Operation 78 'write' 'write_ln0' <Predicate = (icmp_ln834)> <Delay = 0.00>
ST_1 : Operation 79 [1/1] (0.00ns)   --->   "%write_ln0 = write void @_ssdm_op_Write.ap_auto.i16P0A, i16 %p_out4, i16 %p_load8"   --->   Operation 79 'write' 'write_ln0' <Predicate = (icmp_ln834)> <Delay = 0.00>
ST_1 : Operation 80 [1/1] (0.00ns)   --->   "%write_ln0 = write void @_ssdm_op_Write.ap_auto.i16P0A, i16 %p_out5, i16 %p_load9"   --->   Operation 80 'write' 'write_ln0' <Predicate = (icmp_ln834)> <Delay = 0.00>
ST_1 : Operation 81 [1/1] (0.00ns)   --->   "%write_ln0 = write void @_ssdm_op_Write.ap_auto.i16P0A, i16 %p_out6, i16 %p_load10"   --->   Operation 81 'write' 'write_ln0' <Predicate = (icmp_ln834)> <Delay = 0.00>
ST_1 : Operation 82 [1/1] (0.00ns)   --->   "%write_ln0 = write void @_ssdm_op_Write.ap_auto.i16P0A, i16 %p_out7, i16 %p_load12"   --->   Operation 82 'write' 'write_ln0' <Predicate = (icmp_ln834)> <Delay = 0.00>
ST_1 : Operation 83 [1/1] (0.00ns)   --->   "%write_ln0 = write void @_ssdm_op_Write.ap_auto.i16P0A, i16 %p_out8, i16 %p_load13"   --->   Operation 83 'write' 'write_ln0' <Predicate = (icmp_ln834)> <Delay = 0.00>
ST_1 : Operation 84 [1/1] (0.00ns)   --->   "%ret_ln0 = ret"   --->   Operation 84 'ret' 'ret_ln0' <Predicate = (icmp_ln834)> <Delay = 0.00>

State 2 <SV = 1> <Delay = 2.40>
ST_2 : Operation 37 [1/1] (0.00ns)   --->   "%specloopname_ln0 = specloopname void @_ssdm_op_SpecLoopName, void @VITIS_LOOP_834_1_VITIS_LOOP_835_2_str"   --->   Operation 37 'specloopname' 'specloopname_ln0' <Predicate = true> <Delay = 0.00>
ST_2 : Operation 38 [1/1] (0.00ns)   --->   "%speclooptripcount_ln0 = speclooptripcount void @_ssdm_op_SpecLoopTripCount, i64 9, i64 9, i64 9"   --->   Operation 38 'speclooptripcount' 'speclooptripcount_ln0' <Predicate = true> <Delay = 0.00>
ST_2 : Operation 39 [1/1] (0.00ns)   --->   "%specpipeline_ln835 = specpipeline void @_ssdm_op_SpecPipeline, i32 4294967295, i32 0, i32 0, i32 0, void @empty_8" [/home/kedhar/Vitis_Libraries/vision/L1/examples/customconv/../../../L1/include/imgproc/xf_custom_convolution.hpp:835]   --->   Operation 39 'specpipeline' 'specpipeline_ln835' <Predicate = true> <Delay = 0.00>
ST_2 : Operation 40 [1/1] (2.40ns)   --->   "%gmem1_addr_read = read i16 @_ssdm_op_Read.m_axi.p1i16, i16 %gmem1_addr" [/home/kedhar/Vitis_Libraries/vision/L1/examples/customconv/../../../L1/include/imgproc/xf_custom_convolution.hpp:836]   --->   Operation 40 'read' 'gmem1_addr_read' <Predicate = true> <Delay = 2.40> <CoreInst = "m_axi">   --->   Core 113 'm_axi' <Latency = 0> <II = 1> <Delay = 1.00> <Adapter> <Opcode : 'read' 'write' 'readreq' 'writereq' 'writeresp'>
ST_2 : Operation 41 [1/1] (1.20ns)   --->   "%switch_ln836 = switch i2 %select_ln834_1, void %arrayidx131.case.2, i2 0, void %arrayidx131.case.0, i2 1, void %arrayidx131.case.1" [/home/kedhar/Vitis_Libraries/vision/L1/examples/customconv/../../../L1/include/imgproc/xf_custom_convolution.hpp:836]   --->   Operation 41 'switch' 'switch_ln836' <Predicate = true> <Delay = 1.20>
ST_2 : Operation 42 [1/1] (1.20ns)   --->   "%switch_ln836 = switch i2 %select_ln834, void %arrayidx131.case.211, i2 0, void %arrayidx131.case.1.arrayidx131.exit_crit_edge11, i2 1, void %arrayidx131.case.1.arrayidx131.exit_crit_edge" [/home/kedhar/Vitis_Libraries/vision/L1/examples/customconv/../../../L1/include/imgproc/xf_custom_convolution.hpp:836]   --->   Operation 42 'switch' 'switch_ln836' <Predicate = (select_ln834_1 == 1)> <Delay = 1.20>
ST_2 : Operation 43 [1/1] (0.00ns)   --->   "%store_ln836 = store i16 %gmem1_addr_read, i16 %empty" [/home/kedhar/Vitis_Libraries/vision/L1/examples/customconv/../../../L1/include/imgproc/xf_custom_convolution.hpp:836]   --->   Operation 43 'store' 'store_ln836' <Predicate = (select_ln834_1 == 1 & select_ln834 == 1)> <Delay = 0.00>
ST_2 : Operation 44 [1/1] (0.00ns)   --->   "%br_ln836 = br void %arrayidx131.exit" [/home/kedhar/Vitis_Libraries/vision/L1/examples/customconv/../../../L1/include/imgproc/xf_custom_convolution.hpp:836]   --->   Operation 44 'br' 'br_ln836' <Predicate = (select_ln834_1 == 1 & select_ln834 == 1)> <Delay = 0.00>
ST_2 : Operation 45 [1/1] (0.00ns)   --->   "%store_ln836 = store i16 %gmem1_addr_read, i16 %empty_53" [/home/kedhar/Vitis_Libraries/vision/L1/examples/customconv/../../../L1/include/imgproc/xf_custom_convolution.hpp:836]   --->   Operation 45 'store' 'store_ln836' <Predicate = (select_ln834_1 == 1 & select_ln834 == 0)> <Delay = 0.00>
ST_2 : Operation 46 [1/1] (0.00ns)   --->   "%br_ln836 = br void %arrayidx131.exit" [/home/kedhar/Vitis_Libraries/vision/L1/examples/customconv/../../../L1/include/imgproc/xf_custom_convolution.hpp:836]   --->   Operation 46 'br' 'br_ln836' <Predicate = (select_ln834_1 == 1 & select_ln834 == 0)> <Delay = 0.00>
ST_2 : Operation 47 [1/1] (0.00ns)   --->   "%store_ln836 = store i16 %gmem1_addr_read, i16 %empty_54" [/home/kedhar/Vitis_Libraries/vision/L1/examples/customconv/../../../L1/include/imgproc/xf_custom_convolution.hpp:836]   --->   Operation 47 'store' 'store_ln836' <Predicate = (select_ln834_1 == 1 & select_ln834 != 0 & select_ln834 != 1)> <Delay = 0.00>
ST_2 : Operation 48 [1/1] (0.00ns)   --->   "%br_ln836 = br void %arrayidx131.exit" [/home/kedhar/Vitis_Libraries/vision/L1/examples/customconv/../../../L1/include/imgproc/xf_custom_convolution.hpp:836]   --->   Operation 48 'br' 'br_ln836' <Predicate = (select_ln834_1 == 1 & select_ln834 != 0 & select_ln834 != 1)> <Delay = 0.00>
ST_2 : Operation 49 [1/1] (1.20ns)   --->   "%switch_ln836 = switch i2 %select_ln834, void %arrayidx131.case.26, i2 0, void %arrayidx131.case.0.arrayidx131.exit_crit_edge7, i2 1, void %arrayidx131.case.0.arrayidx131.exit_crit_edge" [/home/kedhar/Vitis_Libraries/vision/L1/examples/customconv/../../../L1/include/imgproc/xf_custom_convolution.hpp:836]   --->   Operation 49 'switch' 'switch_ln836' <Predicate = (select_ln834_1 == 0)> <Delay = 1.20>
ST_2 : Operation 50 [1/1] (0.00ns)   --->   "%store_ln836 = store i16 %gmem1_addr_read, i16 %empty_55" [/home/kedhar/Vitis_Libraries/vision/L1/examples/customconv/../../../L1/include/imgproc/xf_custom_convolution.hpp:836]   --->   Operation 50 'store' 'store_ln836' <Predicate = (select_ln834_1 == 0 & select_ln834 == 1)> <Delay = 0.00>
ST_2 : Operation 51 [1/1] (0.00ns)   --->   "%br_ln836 = br void %arrayidx131.exit" [/home/kedhar/Vitis_Libraries/vision/L1/examples/customconv/../../../L1/include/imgproc/xf_custom_convolution.hpp:836]   --->   Operation 51 'br' 'br_ln836' <Predicate = (select_ln834_1 == 0 & select_ln834 == 1)> <Delay = 0.00>
ST_2 : Operation 52 [1/1] (0.00ns)   --->   "%store_ln836 = store i16 %gmem1_addr_read, i16 %empty_56" [/home/kedhar/Vitis_Libraries/vision/L1/examples/customconv/../../../L1/include/imgproc/xf_custom_convolution.hpp:836]   --->   Operation 52 'store' 'store_ln836' <Predicate = (select_ln834_1 == 0 & select_ln834 == 0)> <Delay = 0.00>
ST_2 : Operation 53 [1/1] (0.00ns)   --->   "%br_ln836 = br void %arrayidx131.exit" [/home/kedhar/Vitis_Libraries/vision/L1/examples/customconv/../../../L1/include/imgproc/xf_custom_convolution.hpp:836]   --->   Operation 53 'br' 'br_ln836' <Predicate = (select_ln834_1 == 0 & select_ln834 == 0)> <Delay = 0.00>
ST_2 : Operation 54 [1/1] (0.00ns)   --->   "%store_ln836 = store i16 %gmem1_addr_read, i16 %empty_57" [/home/kedhar/Vitis_Libraries/vision/L1/examples/customconv/../../../L1/include/imgproc/xf_custom_convolution.hpp:836]   --->   Operation 54 'store' 'store_ln836' <Predicate = (select_ln834_1 == 0 & select_ln834 != 0 & select_ln834 != 1)> <Delay = 0.00>
ST_2 : Operation 55 [1/1] (0.00ns)   --->   "%br_ln836 = br void %arrayidx131.exit" [/home/kedhar/Vitis_Libraries/vision/L1/examples/customconv/../../../L1/include/imgproc/xf_custom_convolution.hpp:836]   --->   Operation 55 'br' 'br_ln836' <Predicate = (select_ln834_1 == 0 & select_ln834 != 0 & select_ln834 != 1)> <Delay = 0.00>
ST_2 : Operation 56 [1/1] (1.20ns)   --->   "%switch_ln836 = switch i2 %select_ln834, void %arrayidx131.case.216, i2 0, void %arrayidx131.case.2.arrayidx131.exit_crit_edge3, i2 1, void %arrayidx131.case.2.arrayidx131.exit_crit_edge" [/home/kedhar/Vitis_Libraries/vision/L1/examples/customconv/../../../L1/include/imgproc/xf_custom_convolution.hpp:836]   --->   Operation 56 'switch' 'switch_ln836' <Predicate = (select_ln834_1 != 0 & select_ln834_1 != 1)> <Delay = 1.20>
ST_2 : Operation 57 [1/1] (0.00ns)   --->   "%store_ln836 = store i16 %gmem1_addr_read, i16 %empty_58" [/home/kedhar/Vitis_Libraries/vision/L1/examples/customconv/../../../L1/include/imgproc/xf_custom_convolution.hpp:836]   --->   Operation 57 'store' 'store_ln836' <Predicate = (select_ln834_1 != 0 & select_ln834_1 != 1 & select_ln834 == 1)> <Delay = 0.00>
ST_2 : Operation 58 [1/1] (0.00ns)   --->   "%br_ln836 = br void %arrayidx131.exit" [/home/kedhar/Vitis_Libraries/vision/L1/examples/customconv/../../../L1/include/imgproc/xf_custom_convolution.hpp:836]   --->   Operation 58 'br' 'br_ln836' <Predicate = (select_ln834_1 != 0 & select_ln834_1 != 1 & select_ln834 == 1)> <Delay = 0.00>
ST_2 : Operation 59 [1/1] (0.00ns)   --->   "%store_ln836 = store i16 %gmem1_addr_read, i16 %empty_59" [/home/kedhar/Vitis_Libraries/vision/L1/examples/customconv/../../../L1/include/imgproc/xf_custom_convolution.hpp:836]   --->   Operation 59 'store' 'store_ln836' <Predicate = (select_ln834_1 != 0 & select_ln834_1 != 1 & select_ln834 == 0)> <Delay = 0.00>
ST_2 : Operation 60 [1/1] (0.00ns)   --->   "%br_ln836 = br void %arrayidx131.exit" [/home/kedhar/Vitis_Libraries/vision/L1/examples/customconv/../../../L1/include/imgproc/xf_custom_convolution.hpp:836]   --->   Operation 60 'br' 'br_ln836' <Predicate = (select_ln834_1 != 0 & select_ln834_1 != 1 & select_ln834 == 0)> <Delay = 0.00>
ST_2 : Operation 61 [1/1] (0.00ns)   --->   "%store_ln836 = store i16 %gmem1_addr_read, i16 %empty_60" [/home/kedhar/Vitis_Libraries/vision/L1/examples/customconv/../../../L1/include/imgproc/xf_custom_convolution.hpp:836]   --->   Operation 61 'store' 'store_ln836' <Predicate = (select_ln834_1 != 0 & select_ln834_1 != 1 & select_ln834 != 0 & select_ln834 != 1)> <Delay = 0.00>
ST_2 : Operation 62 [1/1] (0.00ns)   --->   "%br_ln836 = br void %arrayidx131.exit" [/home/kedhar/Vitis_Libraries/vision/L1/examples/customconv/../../../L1/include/imgproc/xf_custom_convolution.hpp:836]   --->   Operation 62 'br' 'br_ln836' <Predicate = (select_ln834_1 != 0 & select_ln834_1 != 1 & select_ln834 != 0 & select_ln834 != 1)> <Delay = 0.00>
ST_2 : Operation 63 [1/1] (1.29ns)   --->   "%store_ln834 = store i2 %select_ln834_1, i2 %i" [/home/kedhar/Vitis_Libraries/vision/L1/examples/customconv/../../../L1/include/imgproc/xf_custom_convolution.hpp:834]   --->   Operation 63 'store' 'store_ln834' <Predicate = true> <Delay = 1.29>
ST_2 : Operation 64 [1/1] (1.29ns)   --->   "%store_ln835 = store i2 %add_ln835, i2 %j" [/home/kedhar/Vitis_Libraries/vision/L1/examples/customconv/../../../L1/include/imgproc/xf_custom_convolution.hpp:835]   --->   Operation 64 'store' 'store_ln835' <Predicate = true> <Delay = 1.29>
ST_2 : Operation 65 [1/1] (0.00ns)   --->   "%br_ln835 = br void %for.inc" [/home/kedhar/Vitis_Libraries/vision/L1/examples/customconv/../../../L1/include/imgproc/xf_custom_convolution.hpp:835]   --->   Operation 65 'br' 'br_ln835' <Predicate = true> <Delay = 0.00>


============================================================
+ Verbose Summary: Timing violations
============================================================
Target clock period: 3.300ns, clock uncertainty: 0.891ns.

 <State 1>: 3.593ns
The critical path consists of the following:
	'store' operation 0 bit ('store_ln0') of constant 0 on local variable 'indvar_flatten' [27]  (1.298 ns)
	'load' operation 4 bit ('indvar_flatten_load', /home/kedhar/Vitis_Libraries/vision/L1/examples/customconv/../../../L1/include/imgproc/xf_custom_convolution.hpp:834) on local variable 'indvar_flatten' [32]  (0.000 ns)
	'add' operation 4 bit ('add_ln834', /home/kedhar/Vitis_Libraries/vision/L1/examples/customconv/../../../L1/include/imgproc/xf_custom_convolution.hpp:834) [34]  (0.997 ns)
	'store' operation 0 bit ('store_ln834', /home/kedhar/Vitis_Libraries/vision/L1/examples/customconv/../../../L1/include/imgproc/xf_custom_convolution.hpp:834) of variable 'add_ln834', /home/kedhar/Vitis_Libraries/vision/L1/examples/customconv/../../../L1/include/imgproc/xf_custom_convolution.hpp:834 on local variable 'indvar_flatten' [84]  (1.298 ns)

 <State 2>: 2.409ns
The critical path consists of the following:
	bus read operation ('gmem1_addr_read', /home/kedhar/Vitis_Libraries/vision/L1/examples/customconv/../../../L1/include/imgproc/xf_custom_convolution.hpp:836) on port 'gmem1' (/home/kedhar/Vitis_Libraries/vision/L1/examples/customconv/../../../L1/include/imgproc/xf_custom_convolution.hpp:836) [47]  (2.409 ns)
	'store' operation 0 bit ('store_ln836', /home/kedhar/Vitis_Libraries/vision/L1/examples/customconv/../../../L1/include/imgproc/xf_custom_convolution.hpp:836) of variable 'gmem1_addr_read', /home/kedhar/Vitis_Libraries/vision/L1/examples/customconv/../../../L1/include/imgproc/xf_custom_convolution.hpp:836 on local variable 'empty_54' [58]  (0.000 ns)


============================================================
+ Verbose Summary: Binding
============================================================
N/A
* FSMD analyzer results:
  - Output states:
 - Input state : 
  - Chain level:
	State 1
	State 2


============================================================
+ Verbose Summary: Datapath Resource usage 
============================================================
N/A
