

================================================================
== Vitis HLS Report for 'MatStream2AxiStream_2_Pipeline_MMIterOutRow_MMIterOutCol'
================================================================
* Date:           Sat May  4 12:09:33 2024

* Version:        2023.2 (Build 4023990 on Oct 11 2023)
* Project:        customconv_ked.prj
* Solution:       sol1 (Vivado IP Flow Target)
* Product family: zynq
* Target device:  xc7z020-clg484-2


================================================================
== Performance Estimates
================================================================
+ Timing: 
    * Summary: 
    +--------+---------+----------+------------+
    |  Clock |  Target | Estimated| Uncertainty|
    +--------+---------+----------+------------+
    |ap_clk  |  3.30 ns|  2.295 ns|     0.89 ns|
    +--------+---------+----------+------------+

+ Latency: 
    * Summary: 
    +---------+---------+-----------+----------+-----+-------+---------+
    |  Latency (cycles) |  Latency (absolute)  |   Interval  | Pipeline|
    |   min   |   max   |    min    |    max   | min |  max  |   Type  |
    +---------+---------+-----------+----------+-----+-------+---------+
    |        9|    32775|  29.700 ns|  0.108 ms|    9|  32775|       no|
    +---------+---------+-----------+----------+-----+-------+---------+

    + Detail: 
        * Instance: 
        N/A

        * Loop: 
        +-----------------------------+---------+---------+----------+-----------+-----------+-----------+----------+
        |                             |  Latency (cycles) | Iteration|  Initiation Interval  |    Trip   |          |
        |          Loop Name          |   min   |   max   |  Latency |  achieved |   target  |   Count   | Pipelined|
        +-----------------------------+---------+---------+----------+-----------+-----------+-----------+----------+
        |- MMIterOutRow_MMIterOutCol  |        7|    32773|         8|          2|          1|  1 ~ 16384|       yes|
        +-----------------------------+---------+---------+----------+-----------+-----------+-----------+----------+

============================================================
+ Verbose Summary: Synthesis Manager
============================================================
InlineROM: 1
ExposeGlobal: 0
============================================================
+ Verbose Summary: CDFG Model
============================================================
IsTopModel: 0
ResetActiveHigh: 1
IsCombinational: 0
IsDatapathOnly: 0
HasWiredReturn: 1
HasMFsm: 2
HasVarLatency: 1
IsPipeline: 0
IsRtlPipelined: 0
IsInstanceOverlapped: 0
IsDontTouch: 0
HasImplIP: 0
IsGatedGlobalClock: 0

+ Individual pipeline summary: 
  * Pipeline-0: initiation interval (II) = 2, depth = 9


============================================================
+ Verbose Summary: Schedule
============================================================
* Number of FSM states : 9
* Pipeline : 1
  Pipeline-0 : II = 2, D = 9, States = { 1 2 3 4 5 6 7 8 9 }
* Dataflow Pipeline: 0

* FSM state transitions: 
1 --> 2 
2 --> 3 
3 --> 4 
4 --> 5 
5 --> 6 
6 --> 7 
7 --> 8 
8 --> 9 
9 --> 

* FSM state operations: 

State 1 <SV = 0> <Delay = 1.32>
ST_1 : Operation 11 [1/1] (0.00ns)   --->   "%filled = alloca i32 1" [/home/kedhar/Vitis_Libraries/vision/L1/examples/customconv/../../../L1/include/common/xf_structs.hpp:1294]   --->   Operation 11 'alloca' 'filled' <Predicate = true> <Delay = 0.00>
ST_1 : Operation 12 [1/1] (0.00ns)   --->   "%localbuffer = alloca i32 1" [/home/kedhar/Vitis_Libraries/vision/L1/examples/customconv/../../../L1/include/common/xf_structs.hpp:1295]   --->   Operation 12 'alloca' 'localbuffer' <Predicate = true> <Delay = 0.00>
ST_1 : Operation 13 [1/1] (0.00ns)   --->   "%j = alloca i32 1" [/home/kedhar/Vitis_Libraries/vision/L1/examples/customconv/../../../L1/include/common/xf_structs.hpp:1298]   --->   Operation 13 'alloca' 'j' <Predicate = true> <Delay = 0.00>
ST_1 : Operation 14 [1/1] (0.00ns)   --->   "%indvar_flatten = alloca i32 1"   --->   Operation 14 'alloca' 'indvar_flatten' <Predicate = true> <Delay = 0.00>
ST_1 : Operation 15 [1/1] (0.00ns)   --->   "%specinterface_ln0 = specinterface void @_ssdm_op_SpecInterface, i8 %ldata, void @empty_11, i32 0, i32 0, void @empty_8, i32 0, i32 0, void @empty_8, void @empty_8, void @empty_8, i32 0, i32 0, i32 0, i32 0, void @empty_8, void @empty_8, i32 4294967295, i32 0"   --->   Operation 15 'specinterface' 'specinterface_ln0' <Predicate = true> <Delay = 0.00>
ST_1 : Operation 16 [1/1] (0.00ns)   --->   "%specinterface_ln0 = specinterface void @_ssdm_op_SpecInterface, i8 %imgOutput_data, void @empty_11, i32 0, i32 0, void @empty_8, i32 0, i32 0, void @empty_8, void @empty_8, void @empty_8, i32 0, i32 0, i32 0, i32 0, void @empty_8, void @empty_8, i32 4294967295, i32 0"   --->   Operation 16 'specinterface' 'specinterface_ln0' <Predicate = true> <Delay = 0.00>
ST_1 : Operation 17 [1/1] (0.00ns)   --->   "%cols_bound_per_npc_load_read = read i32 @_ssdm_op_Read.ap_auto.i32, i32 %cols_bound_per_npc_load" [/home/kedhar/Vitis_Libraries/vision/L1/examples/customconv/../../../L1/include/common/xf_structs.hpp:1289]   --->   Operation 17 'read' 'cols_bound_per_npc_load_read' <Predicate = true> <Delay = 0.00>
ST_1 : Operation 18 [1/1] (0.00ns)   --->   "%last_blk_width_load_read = read i4 @_ssdm_op_Read.ap_auto.i4, i4 %last_blk_width_load" [/home/kedhar/Vitis_Libraries/vision/L1/examples/customconv/../../../L1/include/common/xf_structs.hpp:1289]   --->   Operation 18 'read' 'last_blk_width_load_read' <Predicate = true> <Delay = 0.00>
ST_1 : Operation 19 [1/1] (0.00ns)   --->   "%sub_read = read i32 @_ssdm_op_Read.ap_auto.i32, i32 %sub" [/home/kedhar/Vitis_Libraries/vision/L1/examples/customconv/../../../L1/include/common/xf_structs.hpp:1289]   --->   Operation 19 'read' 'sub_read' <Predicate = true> <Delay = 0.00>
ST_1 : Operation 20 [1/1] (0.00ns)   --->   "%tmp = read i16 @_ssdm_op_Read.ap_auto.i16, i16 %empty" [/home/kedhar/Vitis_Libraries/vision/L1/examples/customconv/../../../L1/include/common/xf_structs.hpp:1289]   --->   Operation 20 'read' 'tmp' <Predicate = true> <Delay = 0.00>
ST_1 : Operation 21 [1/1] (0.00ns)   --->   "%bound_read = read i32 @_ssdm_op_Read.ap_auto.i32, i32 %bound" [/home/kedhar/Vitis_Libraries/vision/L1/examples/customconv/../../../L1/include/common/xf_structs.hpp:1289]   --->   Operation 21 'read' 'bound_read' <Predicate = true> <Delay = 0.00>
ST_1 : Operation 22 [1/1] (1.29ns)   --->   "%store_ln0 = store i32 0, i32 %indvar_flatten"   --->   Operation 22 'store' 'store_ln0' <Predicate = true> <Delay = 1.29>
ST_1 : Operation 23 [1/1] (1.29ns)   --->   "%store_ln1298 = store i16 0, i16 %j" [/home/kedhar/Vitis_Libraries/vision/L1/examples/customconv/../../../L1/include/common/xf_structs.hpp:1298]   --->   Operation 23 'store' 'store_ln1298' <Predicate = true> <Delay = 1.29>
ST_1 : Operation 24 [1/1] (1.32ns)   --->   "%store_ln1295 = store i8 0, i8 %localbuffer" [/home/kedhar/Vitis_Libraries/vision/L1/examples/customconv/../../../L1/include/common/xf_structs.hpp:1295]   --->   Operation 24 'store' 'store_ln1295' <Predicate = true> <Delay = 1.32>
ST_1 : Operation 25 [1/1] (1.29ns)   --->   "%store_ln1294 = store i4 0, i4 %filled" [/home/kedhar/Vitis_Libraries/vision/L1/examples/customconv/../../../L1/include/common/xf_structs.hpp:1294]   --->   Operation 25 'store' 'store_ln1294' <Predicate = true> <Delay = 1.29>
ST_1 : Operation 26 [1/1] (0.00ns)   --->   "%br_ln0 = br void %for.body7"   --->   Operation 26 'br' 'br_ln0' <Predicate = true> <Delay = 0.00>

State 2 <SV = 1> <Delay = 2.17>
ST_2 : Operation 27 [1/1] (0.00ns)   --->   "%indvar_flatten_load = load i32 %indvar_flatten" [/home/kedhar/Vitis_Libraries/vision/L1/examples/customconv/../../../L1/include/common/xf_structs.hpp:1301]   --->   Operation 27 'load' 'indvar_flatten_load' <Predicate = true> <Delay = 0.00>
ST_2 : Operation 28 [1/1] (1.89ns)   --->   "%icmp_ln1301 = icmp_eq  i32 %indvar_flatten_load, i32 %bound_read" [/home/kedhar/Vitis_Libraries/vision/L1/examples/customconv/../../../L1/include/common/xf_structs.hpp:1301]   --->   Operation 28 'icmp' 'icmp_ln1301' <Predicate = true> <Delay = 1.89> <CoreInst = "Cmp">   --->   Core 9 'Cmp' <Latency = 0> <II = 1> <Delay = 1.89> <FuncUnit> <Opcode : 'icmp'> <InPorts = 2> <OutPorts = 1>
ST_2 : Operation 29 [1/1] (1.89ns)   --->   "%add_ln1301 = add i32 %indvar_flatten_load, i32 1" [/home/kedhar/Vitis_Libraries/vision/L1/examples/customconv/../../../L1/include/common/xf_structs.hpp:1301]   --->   Operation 29 'add' 'add_ln1301' <Predicate = true> <Delay = 1.89> <CoreInst = "Adder">   --->   Core 1 'Adder' <Latency = 0> <II = 1> <Delay = 1.89> <FuncUnit> <Opcode : 'add' 'sub'> <InPorts = 2> <OutPorts = 1>
ST_2 : Operation 30 [1/1] (0.00ns)   --->   "%br_ln1301 = br i1 %icmp_ln1301, void %for.inc35.loopexit, void %for.end37.loopexit.exitStub" [/home/kedhar/Vitis_Libraries/vision/L1/examples/customconv/../../../L1/include/common/xf_structs.hpp:1301]   --->   Operation 30 'br' 'br_ln1301' <Predicate = true> <Delay = 0.00>
ST_2 : Operation 31 [1/1] (0.00ns)   --->   "%j_load = load i16 %j" [/home/kedhar/Vitis_Libraries/vision/L1/examples/customconv/../../../L1/include/common/xf_structs.hpp:1306]   --->   Operation 31 'load' 'j_load' <Predicate = (!icmp_ln1301)> <Delay = 0.00>
ST_2 : Operation 32 [1/1] (1.54ns)   --->   "%icmp_ln1306 = icmp_eq  i16 %j_load, i16 %tmp" [/home/kedhar/Vitis_Libraries/vision/L1/examples/customconv/../../../L1/include/common/xf_structs.hpp:1306]   --->   Operation 32 'icmp' 'icmp_ln1306' <Predicate = (!icmp_ln1301)> <Delay = 1.54> <CoreInst = "Cmp">   --->   Core 9 'Cmp' <Latency = 0> <II = 1> <Delay = 1.54> <FuncUnit> <Opcode : 'icmp'> <InPorts = 2> <OutPorts = 1>
ST_2 : Operation 33 [1/1] (0.62ns)   --->   "%select_ln1294 = select i1 %icmp_ln1306, i16 0, i16 %j_load" [/home/kedhar/Vitis_Libraries/vision/L1/examples/customconv/../../../L1/include/common/xf_structs.hpp:1294]   --->   Operation 33 'select' 'select_ln1294' <Predicate = (!icmp_ln1301)> <Delay = 0.62> <CoreInst = "Sel">   --->   Core 73 'Sel' <Latency = 0> <II = 1> <Delay = 0.62> <FuncUnit> <Opcode : 'select'> <InPorts = 3> <OutPorts = 1>

State 3 <SV = 2> <Delay = 1.89>
ST_3 : Operation 34 [1/1] (0.00ns)   --->   "%zext_ln1306 = zext i16 %select_ln1294" [/home/kedhar/Vitis_Libraries/vision/L1/examples/customconv/../../../L1/include/common/xf_structs.hpp:1306]   --->   Operation 34 'zext' 'zext_ln1306' <Predicate = (!icmp_ln1301)> <Delay = 0.00>
ST_3 : Operation 35 [1/1] (1.89ns)   --->   "%bLast = icmp_eq  i32 %sub_read, i32 %zext_ln1306" [/home/kedhar/Vitis_Libraries/vision/L1/examples/customconv/../../../L1/include/common/xf_structs.hpp:1312]   --->   Operation 35 'icmp' 'bLast' <Predicate = (!icmp_ln1301)> <Delay = 1.89> <CoreInst = "Cmp">   --->   Core 9 'Cmp' <Latency = 0> <II = 1> <Delay = 1.89> <FuncUnit> <Opcode : 'icmp'> <InPorts = 2> <OutPorts = 1>
ST_3 : Operation 36 [1/1] (1.89ns)   --->   "%icmp_ln1315 = icmp_slt  i32 %zext_ln1306, i32 %cols_bound_per_npc_load_read" [/home/kedhar/Vitis_Libraries/vision/L1/examples/customconv/../../../L1/include/common/xf_structs.hpp:1315]   --->   Operation 36 'icmp' 'icmp_ln1315' <Predicate = (!icmp_ln1301)> <Delay = 1.89> <CoreInst = "Cmp">   --->   Core 9 'Cmp' <Latency = 0> <II = 1> <Delay = 1.89> <FuncUnit> <Opcode : 'icmp'> <InPorts = 2> <OutPorts = 1>
ST_3 : Operation 37 [1/1] (1.54ns)   --->   "%add_ln1306 = add i16 %select_ln1294, i16 1" [/home/kedhar/Vitis_Libraries/vision/L1/examples/customconv/../../../L1/include/common/xf_structs.hpp:1306]   --->   Operation 37 'add' 'add_ln1306' <Predicate = (!icmp_ln1301)> <Delay = 1.54> <CoreInst = "Adder">   --->   Core 1 'Adder' <Latency = 0> <II = 1> <Delay = 1.54> <FuncUnit> <Opcode : 'add' 'sub'> <InPorts = 2> <OutPorts = 1>
ST_3 : Operation 38 [1/1] (1.29ns)   --->   "%store_ln1301 = store i32 %add_ln1301, i32 %indvar_flatten" [/home/kedhar/Vitis_Libraries/vision/L1/examples/customconv/../../../L1/include/common/xf_structs.hpp:1301]   --->   Operation 38 'store' 'store_ln1301' <Predicate = (!icmp_ln1301)> <Delay = 1.29>

State 4 <SV = 3> <Delay = 1.29>
ST_4 : Operation 39 [1/1] (0.83ns)   --->   "%xf_bits_per_clock = select i1 %bLast, i4 %last_blk_width_load_read, i4 8" [/home/kedhar/Vitis_Libraries/vision/L1/examples/customconv/../../../L1/include/common/xf_structs.hpp:1333]   --->   Operation 39 'select' 'xf_bits_per_clock' <Predicate = (!icmp_ln1301)> <Delay = 0.83> <CoreInst = "Sel">   --->   Core 73 'Sel' <Latency = 0> <II = 1> <Delay = 0.83> <FuncUnit> <Opcode : 'select'> <InPorts = 3> <OutPorts = 1>
ST_4 : Operation 40 [1/1] (1.29ns)   --->   "%br_ln1315 = br i1 %icmp_ln1315, void %if.end14, void %if.then10" [/home/kedhar/Vitis_Libraries/vision/L1/examples/customconv/../../../L1/include/common/xf_structs.hpp:1315]   --->   Operation 40 'br' 'br_ln1315' <Predicate = (!icmp_ln1301)> <Delay = 1.29>
ST_4 : Operation 41 [1/1] (1.20ns)   --->   "%val = read i8 @_ssdm_op_Read.ap_fifo.volatile.i8P0A, i8 %imgOutput_data" [/home/kedhar/Vitis_Libraries/vision/L1/examples/customconv/../../../L1/include/common/xf_structs.hpp:1316]   --->   Operation 41 'read' 'val' <Predicate = (!icmp_ln1301 & icmp_ln1315)> <Delay = 1.20> <CoreInst = "FIFO_SRL">   --->   Core 81 'FIFO_SRL' <Latency = 0> <II = 1> <Delay = 3.40> <Storage> <Opcode : 'read' 'write' 'nbread' 'nbwrite'> <Ports = 0> <Width = 8> <Depth = 2> <FIFO>
ST_4 : Operation 42 [1/1] (1.29ns)   --->   "%store_ln1298 = store i16 %add_ln1306, i16 %j" [/home/kedhar/Vitis_Libraries/vision/L1/examples/customconv/../../../L1/include/common/xf_structs.hpp:1298]   --->   Operation 42 'store' 'store_ln1298' <Predicate = (!icmp_ln1301)> <Delay = 1.29>

State 5 <SV = 4> <Delay = 2.08>
ST_5 : Operation 43 [1/1] (0.00ns)   --->   "%filled_1 = load i4 %filled" [/home/kedhar/Vitis_Libraries/vision/L1/examples/customconv/../../../L1/include/common/xf_structs.hpp:1333]   --->   Operation 43 'load' 'filled_1' <Predicate = true> <Delay = 0.00>
ST_5 : Operation 44 [1/1] (0.00ns)   --->   "%specloopname_ln0 = specloopname void @_ssdm_op_SpecLoopName, void @MMIterOutRow_MMIterOutCol_str"   --->   Operation 44 'specloopname' 'specloopname_ln0' <Predicate = (!icmp_ln1301)> <Delay = 0.00>
ST_5 : Operation 45 [1/1] (0.00ns)   --->   "%speclooptripcount_ln0 = speclooptripcount void @_ssdm_op_SpecLoopTripCount, i64 1, i64 16384, i64 4096"   --->   Operation 45 'speclooptripcount' 'speclooptripcount_ln0' <Predicate = (!icmp_ln1301)> <Delay = 0.00>
ST_5 : Operation 46 [1/1] (0.00ns)   --->   "%specpipeline_ln1309 = specpipeline void @_ssdm_op_SpecPipeline, i32 4294967295, i32 0, i32 0, i32 0, void @empty_8" [/home/kedhar/Vitis_Libraries/vision/L1/examples/customconv/../../../L1/include/common/xf_structs.hpp:1309]   --->   Operation 46 'specpipeline' 'specpipeline_ln1309' <Predicate = (!icmp_ln1301)> <Delay = 0.00>
ST_5 : Operation 47 [1/1] (0.00ns)   --->   "%zext_ln1313 = zext i4 %xf_bits_per_clock" [/home/kedhar/Vitis_Libraries/vision/L1/examples/customconv/../../../L1/include/common/xf_structs.hpp:1313]   --->   Operation 47 'zext' 'zext_ln1313' <Predicate = (!icmp_ln1301)> <Delay = 0.00>
ST_5 : Operation 48 [1/1] (1.29ns)   --->   "%br_ln1316 = br void %if.end14" [/home/kedhar/Vitis_Libraries/vision/L1/examples/customconv/../../../L1/include/common/xf_structs.hpp:1316]   --->   Operation 48 'br' 'br_ln1316' <Predicate = (!icmp_ln1301 & icmp_ln1315)> <Delay = 1.29>
ST_5 : Operation 49 [1/1] (0.00ns)   --->   "%zext_ln1320_2 = zext i4 %filled_1" [/home/kedhar/Vitis_Libraries/vision/L1/examples/customconv/../../../L1/include/common/xf_structs.hpp:1320]   --->   Operation 49 'zext' 'zext_ln1320_2' <Predicate = (!icmp_ln1301)> <Delay = 0.00>
ST_5 : Operation 50 [1/1] (1.02ns)   --->   "%sub_ln1324 = sub i5 8, i5 %zext_ln1313" [/home/kedhar/Vitis_Libraries/vision/L1/examples/customconv/../../../L1/include/common/xf_structs.hpp:1324]   --->   Operation 50 'sub' 'sub_ln1324' <Predicate = (!icmp_ln1301)> <Delay = 1.02> <CoreInst = "Adder">   --->   Core 1 'Adder' <Latency = 0> <II = 1> <Delay = 1.02> <FuncUnit> <Opcode : 'add' 'sub'> <InPorts = 2> <OutPorts = 1>
ST_5 : Operation 51 [1/1] (1.02ns)   --->   "%icmp_ln1324 = icmp_sgt  i5 %sub_ln1324, i5 %zext_ln1320_2" [/home/kedhar/Vitis_Libraries/vision/L1/examples/customconv/../../../L1/include/common/xf_structs.hpp:1324]   --->   Operation 51 'icmp' 'icmp_ln1324' <Predicate = (!icmp_ln1301)> <Delay = 1.02> <CoreInst = "Cmp">   --->   Core 9 'Cmp' <Latency = 0> <II = 1> <Delay = 1.02> <FuncUnit> <Opcode : 'icmp'> <InPorts = 2> <OutPorts = 1>
ST_5 : Operation 52 [1/1] (0.00ns)   --->   "%br_ln1324 = br i1 %icmp_ln1324, void %if.else21_ifconv, void %if.end14.for.inc_crit_edge" [/home/kedhar/Vitis_Libraries/vision/L1/examples/customconv/../../../L1/include/common/xf_structs.hpp:1324]   --->   Operation 52 'br' 'br_ln1324' <Predicate = (!icmp_ln1301)> <Delay = 0.00>
ST_5 : Operation 53 [1/1] (1.02ns)   --->   "%sub_ln1332 = sub i5 8, i5 %zext_ln1320_2" [/home/kedhar/Vitis_Libraries/vision/L1/examples/customconv/../../../L1/include/common/xf_structs.hpp:1332]   --->   Operation 53 'sub' 'sub_ln1332' <Predicate = (!icmp_ln1301 & !icmp_ln1324)> <Delay = 1.02> <CoreInst = "Adder">   --->   Core 1 'Adder' <Latency = 0> <II = 1> <Delay = 1.02> <FuncUnit> <Opcode : 'add' 'sub'> <InPorts = 2> <OutPorts = 1>
ST_5 : Operation 54 [1/1] (0.00ns)   --->   "%trunc_ln1332 = trunc i5 %sub_ln1332" [/home/kedhar/Vitis_Libraries/vision/L1/examples/customconv/../../../L1/include/common/xf_structs.hpp:1332]   --->   Operation 54 'trunc' 'trunc_ln1332' <Predicate = (!icmp_ln1301 & !icmp_ln1324)> <Delay = 0.00>
ST_5 : Operation 55 [1/1] (0.00ns)   --->   "%tmp_9 = bitselect i1 @_ssdm_op_BitSelect.i1.i5.i32, i5 %sub_ln1332, i32 4" [/home/kedhar/Vitis_Libraries/vision/L1/examples/customconv/../../../L1/include/common/xf_structs.hpp:1332]   --->   Operation 55 'bitselect' 'tmp_9' <Predicate = (!icmp_ln1301 & !icmp_ln1324)> <Delay = 0.00>
ST_5 : Operation 56 [1/1] (0.76ns)   --->   "%sub_ln1332_1 = sub i3 0, i3 %trunc_ln1332" [/home/kedhar/Vitis_Libraries/vision/L1/examples/customconv/../../../L1/include/common/xf_structs.hpp:1332]   --->   Operation 56 'sub' 'sub_ln1332_1' <Predicate = (!icmp_ln1301 & !icmp_ln1324)> <Delay = 0.76> <CoreInst = "Adder">   --->   Core 1 'Adder' <Latency = 0> <II = 1> <Delay = 0.76> <FuncUnit> <Opcode : 'add' 'sub'> <InPorts = 2> <OutPorts = 1>
ST_5 : Operation 57 [1/1] (0.78ns)   --->   "%xor_ln1333 = xor i4 %xf_bits_per_clock, i4 8" [/home/kedhar/Vitis_Libraries/vision/L1/examples/customconv/../../../L1/include/common/xf_structs.hpp:1333]   --->   Operation 57 'xor' 'xor_ln1333' <Predicate = (!icmp_ln1301 & !icmp_ln1324)> <Delay = 0.78> <CoreInst = "LogicGate">   --->   Core 74 'LogicGate' <Latency = 0> <II = 1> <Delay = 0.78> <FuncUnit> <Opcode : 'and' 'or' 'xor'> <InPorts = 2> <OutPorts = 1>
ST_5 : Operation 58 [1/1] (1.29ns)   --->   "%br_ln0 = br void %for.inc"   --->   Operation 58 'br' 'br_ln0' <Predicate = (!icmp_ln1301 & !icmp_ln1324)> <Delay = 1.29>
ST_5 : Operation 59 [1/1] (1.29ns)   --->   "%br_ln1324 = br void %for.inc" [/home/kedhar/Vitis_Libraries/vision/L1/examples/customconv/../../../L1/include/common/xf_structs.hpp:1324]   --->   Operation 59 'br' 'br_ln1324' <Predicate = (!icmp_ln1301 & icmp_ln1324)> <Delay = 1.29>

State 6 <SV = 5> <Delay = 2.29>
ST_6 : Operation 60 [1/1] (0.00ns)   --->   "%val_1 = phi i8 %val, void %if.then10, i8 0, void %for.inc35.loopexit"   --->   Operation 60 'phi' 'val_1' <Predicate = true> <Delay = 0.00>
ST_6 : Operation 61 [1/1] (0.00ns)   --->   "%filled_1cast = zext i4 %filled_1" [/home/kedhar/Vitis_Libraries/vision/L1/examples/customconv/../../../L1/include/common/xf_structs.hpp:1320]   --->   Operation 61 'zext' 'filled_1cast' <Predicate = true> <Delay = 0.00>
ST_6 : Operation 62 [2/2] (1.93ns)   --->   "%shl_ln1320 = shl i8 %val_1, i8 %filled_1cast" [/home/kedhar/Vitis_Libraries/vision/L1/examples/customconv/../../../L1/include/common/xf_structs.hpp:1320]   --->   Operation 62 'shl' 'shl_ln1320' <Predicate = true> <Delay = 1.93> <CoreInst = "Shifter">   --->   Core 75 'Shifter' <Latency = 1> <II = 1> <Delay = 1.93> <FuncUnit> <Opcode : 'shl' 'lshr' 'ashr'> <InPorts = 2> <OutPorts = 1>
ST_6 : Operation 63 [1/1] (0.00ns)   --->   "%zext_ln1332 = zext i3 %sub_ln1332_1" [/home/kedhar/Vitis_Libraries/vision/L1/examples/customconv/../../../L1/include/common/xf_structs.hpp:1332]   --->   Operation 63 'zext' 'zext_ln1332' <Predicate = (!icmp_ln1301 & !icmp_ln1324 & tmp_9)> <Delay = 0.00>
ST_6 : Operation 64 [2/2] (1.93ns)   --->   "%shl_ln1332 = shl i8 %val_1, i8 %zext_ln1332" [/home/kedhar/Vitis_Libraries/vision/L1/examples/customconv/../../../L1/include/common/xf_structs.hpp:1332]   --->   Operation 64 'shl' 'shl_ln1332' <Predicate = (!icmp_ln1301 & !icmp_ln1324 & tmp_9)> <Delay = 1.93> <CoreInst = "Shifter">   --->   Core 75 'Shifter' <Latency = 1> <II = 1> <Delay = 1.93> <FuncUnit> <Opcode : 'shl' 'lshr' 'ashr'> <InPorts = 2> <OutPorts = 1>
ST_6 : Operation 65 [1/1] (0.00ns) (grouped into LUT with out node filled_next)   --->   "%conv3_i12_i_i933_pn = phi i4 %xor_ln1333, void %if.else21_ifconv, i4 %xf_bits_per_clock, void %if.end14.for.inc_crit_edge"   --->   Operation 65 'phi' 'conv3_i12_i_i933_pn' <Predicate = true> <Delay = 0.00>
ST_6 : Operation 66 [1/1] (0.99ns) (out node of the LUT)   --->   "%filled_next = add i4 %conv3_i12_i_i933_pn, i4 %filled_1" [/home/kedhar/Vitis_Libraries/vision/L1/examples/customconv/../../../L1/include/common/xf_structs.hpp:1333]   --->   Operation 66 'add' 'filled_next' <Predicate = true> <Delay = 0.99> <CoreInst = "Adder">   --->   Core 1 'Adder' <Latency = 0> <II = 1> <Delay = 0.99> <FuncUnit> <Opcode : 'add' 'sub'> <InPorts = 2> <OutPorts = 1>
ST_6 : Operation 67 [1/1] (1.29ns)   --->   "%store_ln1294 = store i4 %filled_next, i4 %filled" [/home/kedhar/Vitis_Libraries/vision/L1/examples/customconv/../../../L1/include/common/xf_structs.hpp:1294]   --->   Operation 67 'store' 'store_ln1294' <Predicate = true> <Delay = 1.29>
ST_6 : Operation 68 [1/1] (0.00ns)   --->   "%br_ln1306 = br void %for.body7" [/home/kedhar/Vitis_Libraries/vision/L1/examples/customconv/../../../L1/include/common/xf_structs.hpp:1306]   --->   Operation 68 'br' 'br_ln1306' <Predicate = true> <Delay = 0.00>

State 7 <SV = 6> <Delay = 1.93>
ST_7 : Operation 69 [1/2] (1.93ns)   --->   "%shl_ln1320 = shl i8 %val_1, i8 %filled_1cast" [/home/kedhar/Vitis_Libraries/vision/L1/examples/customconv/../../../L1/include/common/xf_structs.hpp:1320]   --->   Operation 69 'shl' 'shl_ln1320' <Predicate = true> <Delay = 1.93> <CoreInst = "Shifter">   --->   Core 75 'Shifter' <Latency = 1> <II = 1> <Delay = 1.93> <FuncUnit> <Opcode : 'shl' 'lshr' 'ashr'> <InPorts = 2> <OutPorts = 1>
ST_7 : Operation 70 [1/1] (0.00ns)   --->   "%sext_ln1332 = sext i5 %sub_ln1332" [/home/kedhar/Vitis_Libraries/vision/L1/examples/customconv/../../../L1/include/common/xf_structs.hpp:1332]   --->   Operation 70 'sext' 'sext_ln1332' <Predicate = (!icmp_ln1301 & !icmp_ln1324 & !tmp_9)> <Delay = 0.00>
ST_7 : Operation 71 [1/2] (1.93ns)   --->   "%shl_ln1332 = shl i8 %val_1, i8 %zext_ln1332" [/home/kedhar/Vitis_Libraries/vision/L1/examples/customconv/../../../L1/include/common/xf_structs.hpp:1332]   --->   Operation 71 'shl' 'shl_ln1332' <Predicate = (!icmp_ln1301 & !icmp_ln1324 & tmp_9)> <Delay = 1.93> <CoreInst = "Shifter">   --->   Core 75 'Shifter' <Latency = 1> <II = 1> <Delay = 1.93> <FuncUnit> <Opcode : 'shl' 'lshr' 'ashr'> <InPorts = 2> <OutPorts = 1>
ST_7 : Operation 72 [1/1] (0.00ns)   --->   "%sext_ln1332cast = trunc i32 %sext_ln1332" [/home/kedhar/Vitis_Libraries/vision/L1/examples/customconv/../../../L1/include/common/xf_structs.hpp:1332]   --->   Operation 72 'trunc' 'sext_ln1332cast' <Predicate = (!icmp_ln1301 & !icmp_ln1324 & !tmp_9)> <Delay = 0.00>
ST_7 : Operation 73 [2/2] (1.93ns)   --->   "%lshr_ln1332 = lshr i8 %val_1, i8 %sext_ln1332cast" [/home/kedhar/Vitis_Libraries/vision/L1/examples/customconv/../../../L1/include/common/xf_structs.hpp:1332]   --->   Operation 73 'lshr' 'lshr_ln1332' <Predicate = (!icmp_ln1301 & !icmp_ln1324 & !tmp_9)> <Delay = 1.93> <CoreInst = "Shifter">   --->   Core 75 'Shifter' <Latency = 1> <II = 1> <Delay = 1.93> <FuncUnit> <Opcode : 'shl' 'lshr' 'ashr'> <InPorts = 2> <OutPorts = 1>
ST_7 : Operation 81 [1/1] (0.00ns)   --->   "%localbuffer_load_1 = load i8 %localbuffer"   --->   Operation 81 'load' 'localbuffer_load_1' <Predicate = (icmp_ln1301)> <Delay = 0.00>
ST_7 : Operation 82 [1/1] (0.00ns)   --->   "%write_ln0 = write void @_ssdm_op_Write.ap_auto.i8P0A, i8 %localbuffer_out, i8 %localbuffer_load_1"   --->   Operation 82 'write' 'write_ln0' <Predicate = (icmp_ln1301)> <Delay = 0.00>
ST_7 : Operation 83 [1/1] (0.00ns)   --->   "%write_ln1333 = write void @_ssdm_op_Write.ap_auto.i4P0A, i4 %filled_out, i4 %filled_1" [/home/kedhar/Vitis_Libraries/vision/L1/examples/customconv/../../../L1/include/common/xf_structs.hpp:1333]   --->   Operation 83 'write' 'write_ln1333' <Predicate = (icmp_ln1301)> <Delay = 0.00>
ST_7 : Operation 84 [1/1] (0.00ns)   --->   "%ret_ln0 = ret"   --->   Operation 84 'ret' 'ret_ln0' <Predicate = (icmp_ln1301)> <Delay = 0.00>

State 8 <SV = 7> <Delay = 2.13>
ST_8 : Operation 74 [1/1] (0.00ns)   --->   "%localbuffer_load = load i8 %localbuffer" [/home/kedhar/Vitis_Libraries/vision/L1/examples/customconv/../../../L1/include/common/xf_structs.hpp:1321]   --->   Operation 74 'load' 'localbuffer_load' <Predicate = true> <Delay = 0.00>
ST_8 : Operation 75 [1/1] (0.80ns)   --->   "%localbuffer_1 = or i8 %shl_ln1320, i8 %localbuffer_load" [/home/kedhar/Vitis_Libraries/vision/L1/examples/customconv/../../../L1/include/common/xf_structs.hpp:1321]   --->   Operation 75 'or' 'localbuffer_1' <Predicate = true> <Delay = 0.80> <CoreInst = "LogicGate">   --->   Core 74 'LogicGate' <Latency = 0> <II = 1> <Delay = 0.80> <FuncUnit> <Opcode : 'and' 'or' 'xor'> <InPorts = 2> <OutPorts = 1>
ST_8 : Operation 76 [1/1] (1.20ns)   --->   "%write_ln1331 = write void @_ssdm_op_Write.ap_fifo.volatile.i8P0A, i8 %ldata, i8 %localbuffer_1" [/home/kedhar/Vitis_Libraries/vision/L1/examples/customconv/../../../L1/include/common/xf_structs.hpp:1331]   --->   Operation 76 'write' 'write_ln1331' <Predicate = (!icmp_ln1301 & !icmp_ln1324)> <Delay = 1.20> <CoreInst = "FIFO_SRL">   --->   Core 81 'FIFO_SRL' <Latency = 0> <II = 1> <Delay = 3.40> <Storage> <Opcode : 'read' 'write' 'nbread' 'nbwrite'> <Ports = 0> <Width = 8> <Depth = 2> <FIFO>
ST_8 : Operation 77 [1/2] (1.93ns)   --->   "%lshr_ln1332 = lshr i8 %val_1, i8 %sext_ln1332cast" [/home/kedhar/Vitis_Libraries/vision/L1/examples/customconv/../../../L1/include/common/xf_structs.hpp:1332]   --->   Operation 77 'lshr' 'lshr_ln1332' <Predicate = (!icmp_ln1301 & !icmp_ln1324 & !tmp_9)> <Delay = 1.93> <CoreInst = "Shifter">   --->   Core 75 'Shifter' <Latency = 1> <II = 1> <Delay = 1.93> <FuncUnit> <Opcode : 'shl' 'lshr' 'ashr'> <InPorts = 2> <OutPorts = 1>
ST_8 : Operation 78 [1/1] (1.32ns)   --->   "%store_ln1295 = store i8 %localbuffer_1, i8 %localbuffer" [/home/kedhar/Vitis_Libraries/vision/L1/examples/customconv/../../../L1/include/common/xf_structs.hpp:1295]   --->   Operation 78 'store' 'store_ln1295' <Predicate = (!icmp_ln1301 & icmp_ln1324)> <Delay = 1.32>

State 9 <SV = 8> <Delay = 1.77>
ST_9 : Operation 79 [1/1] (0.44ns)   --->   "%localbuffer_2 = select i1 %tmp_9, i8 %shl_ln1332, i8 %lshr_ln1332" [/home/kedhar/Vitis_Libraries/vision/L1/examples/customconv/../../../L1/include/common/xf_structs.hpp:1332]   --->   Operation 79 'select' 'localbuffer_2' <Predicate = (!icmp_ln1301 & !icmp_ln1324)> <Delay = 0.44> <CoreInst = "Sel">   --->   Core 73 'Sel' <Latency = 0> <II = 1> <Delay = 0.44> <FuncUnit> <Opcode : 'select'> <InPorts = 3> <OutPorts = 1>
ST_9 : Operation 80 [1/1] (1.32ns)   --->   "%store_ln1295 = store i8 %localbuffer_2, i8 %localbuffer" [/home/kedhar/Vitis_Libraries/vision/L1/examples/customconv/../../../L1/include/common/xf_structs.hpp:1295]   --->   Operation 80 'store' 'store_ln1295' <Predicate = (!icmp_ln1301 & !icmp_ln1324)> <Delay = 1.32>


============================================================
+ Verbose Summary: Timing violations
============================================================
Target clock period: 3.300ns, clock uncertainty: 0.891ns.

 <State 1>: 1.325ns
The critical path consists of the following:
	'alloca' operation 8 bit ('localbuffer', /home/kedhar/Vitis_Libraries/vision/L1/examples/customconv/../../../L1/include/common/xf_structs.hpp:1295) [11]  (0.000 ns)
	'store' operation 0 bit ('store_ln1295', /home/kedhar/Vitis_Libraries/vision/L1/examples/customconv/../../../L1/include/common/xf_structs.hpp:1295) of constant 0 on local variable 'localbuffer', /home/kedhar/Vitis_Libraries/vision/L1/examples/customconv/../../../L1/include/common/xf_structs.hpp:1295 [23]  (1.325 ns)

 <State 2>: 2.172ns
The critical path consists of the following:
	'load' operation 16 bit ('j_load', /home/kedhar/Vitis_Libraries/vision/L1/examples/customconv/../../../L1/include/common/xf_structs.hpp:1306) on local variable 'j', /home/kedhar/Vitis_Libraries/vision/L1/examples/customconv/../../../L1/include/common/xf_structs.hpp:1298 [33]  (0.000 ns)
	'icmp' operation 1 bit ('icmp_ln1306', /home/kedhar/Vitis_Libraries/vision/L1/examples/customconv/../../../L1/include/common/xf_structs.hpp:1306) [36]  (1.545 ns)
	'select' operation 16 bit ('select_ln1294', /home/kedhar/Vitis_Libraries/vision/L1/examples/customconv/../../../L1/include/common/xf_structs.hpp:1294) [37]  (0.627 ns)

 <State 3>: 1.896ns
The critical path consists of the following:
	'icmp' operation 1 bit ('bLast', /home/kedhar/Vitis_Libraries/vision/L1/examples/customconv/../../../L1/include/common/xf_structs.hpp:1312) [40]  (1.896 ns)

 <State 4>: 1.298ns
The critical path consists of the following:
	'store' operation 0 bit ('store_ln1298', /home/kedhar/Vitis_Libraries/vision/L1/examples/customconv/../../../L1/include/common/xf_structs.hpp:1298) of variable 'add_ln1306', /home/kedhar/Vitis_Libraries/vision/L1/examples/customconv/../../../L1/include/common/xf_structs.hpp:1306 on local variable 'j', /home/kedhar/Vitis_Libraries/vision/L1/examples/customconv/../../../L1/include/common/xf_structs.hpp:1298 [81]  (1.298 ns)

 <State 5>: 2.087ns
The critical path consists of the following:
	'xor' operation 4 bit ('xor_ln1333', /home/kedhar/Vitis_Libraries/vision/L1/examples/customconv/../../../L1/include/common/xf_structs.hpp:1333) [70]  (0.789 ns)
	multiplexor before 'phi' operation 4 bit ('xf_bits_per_clock') with incoming values : ('xf_bits_per_clock', /home/kedhar/Vitis_Libraries/vision/L1/examples/customconv/../../../L1/include/common/xf_structs.hpp:1333) ('xor_ln1333', /home/kedhar/Vitis_Libraries/vision/L1/examples/customconv/../../../L1/include/common/xf_structs.hpp:1333) [77]  (1.298 ns)

 <State 6>: 2.295ns
The critical path consists of the following:
	'phi' operation 4 bit ('xf_bits_per_clock') with incoming values : ('xf_bits_per_clock', /home/kedhar/Vitis_Libraries/vision/L1/examples/customconv/../../../L1/include/common/xf_structs.hpp:1333) ('xor_ln1333', /home/kedhar/Vitis_Libraries/vision/L1/examples/customconv/../../../L1/include/common/xf_structs.hpp:1333) [77]  (0.000 ns)
	'add' operation 4 bit ('filled_next', /home/kedhar/Vitis_Libraries/vision/L1/examples/customconv/../../../L1/include/common/xf_structs.hpp:1333) [78]  (0.997 ns)
	'store' operation 0 bit ('store_ln1294', /home/kedhar/Vitis_Libraries/vision/L1/examples/customconv/../../../L1/include/common/xf_structs.hpp:1294) of variable 'filled_next', /home/kedhar/Vitis_Libraries/vision/L1/examples/customconv/../../../L1/include/common/xf_structs.hpp:1333 on local variable 'filled', /home/kedhar/Vitis_Libraries/vision/L1/examples/customconv/../../../L1/include/common/xf_structs.hpp:1294 [82]  (1.298 ns)

 <State 7>: 1.934ns
The critical path consists of the following:
	'shl' operation 8 bit ('tempval', /home/kedhar/Vitis_Libraries/vision/L1/examples/customconv/../../../L1/include/common/xf_structs.hpp:1320) [53]  (1.934 ns)

 <State 8>: 2.131ns
The critical path consists of the following:
	'load' operation 8 bit ('localbuffer_load', /home/kedhar/Vitis_Libraries/vision/L1/examples/customconv/../../../L1/include/common/xf_structs.hpp:1321) on local variable 'localbuffer', /home/kedhar/Vitis_Libraries/vision/L1/examples/customconv/../../../L1/include/common/xf_structs.hpp:1295 [50]  (0.000 ns)
	'or' operation 8 bit ('localbuffer', /home/kedhar/Vitis_Libraries/vision/L1/examples/customconv/../../../L1/include/common/xf_structs.hpp:1321) [54]  (0.806 ns)
	'store' operation 0 bit ('store_ln1295', /home/kedhar/Vitis_Libraries/vision/L1/examples/customconv/../../../L1/include/common/xf_structs.hpp:1295) of variable 'localbuffer', /home/kedhar/Vitis_Libraries/vision/L1/examples/customconv/../../../L1/include/common/xf_structs.hpp:1321 on local variable 'localbuffer', /home/kedhar/Vitis_Libraries/vision/L1/examples/customconv/../../../L1/include/common/xf_structs.hpp:1295 [74]  (1.325 ns)

 <State 9>: 1.773ns
The critical path consists of the following:
	'select' operation 8 bit ('localbuffer', /home/kedhar/Vitis_Libraries/vision/L1/examples/customconv/../../../L1/include/common/xf_structs.hpp:1332) [69]  (0.448 ns)
	'store' operation 0 bit ('store_ln1295', /home/kedhar/Vitis_Libraries/vision/L1/examples/customconv/../../../L1/include/common/xf_structs.hpp:1295) of variable 'localbuffer', /home/kedhar/Vitis_Libraries/vision/L1/examples/customconv/../../../L1/include/common/xf_structs.hpp:1332 on local variable 'localbuffer', /home/kedhar/Vitis_Libraries/vision/L1/examples/customconv/../../../L1/include/common/xf_structs.hpp:1295 [71]  (1.325 ns)


============================================================
+ Verbose Summary: Binding
============================================================
N/A
* FSMD analyzer results:
  - Output states:
 - Input state : 
  - Chain level:
	State 1
	State 2
	State 3
	State 4
	State 5
	State 6
	State 7
	State 8
	State 9


============================================================
+ Verbose Summary: Datapath Resource usage 
============================================================
N/A
