

================================================================
== Vitis HLS Report for 'MatStream2AxiStream_2_s'
================================================================
* Date:           Sat May  4 12:09:33 2024

* Version:        2023.2 (Build 4023990 on Oct 11 2023)
* Project:        customconv_ked.prj
* Solution:       sol1 (Vivado IP Flow Target)
* Product family: zynq
* Target device:  xc7z020-clg484-2


================================================================
== Performance Estimates
================================================================
+ Timing: 
    * Summary: 
    +--------+---------+----------+------------+
    |  Clock |  Target | Estimated| Uncertainty|
    +--------+---------+----------+------------+
    |ap_clk  |  3.30 ns|  2.295 ns|     0.89 ns|
    +--------+---------+----------+------------+

+ Latency: 
    * Summary: 
    +---------+---------+-----------+----------+-----+-------+---------+
    |  Latency (cycles) |  Latency (absolute)  |   Interval  | Pipeline|
    |   min   |   max   |    min    |    max   | min |  max  |   Type  |
    +---------+---------+-----------+----------+-----+-------+---------+
    |       15|    32781|  49.500 ns|  0.108 ms|   15|  32781|       no|
    +---------+---------+-----------+----------+-----+-------+---------+

    + Detail: 
        * Instance: 
        N/A

        * Loop: 
        N/A

============================================================
+ Verbose Summary: Synthesis Manager
============================================================
InlineROM: 1
ExposeGlobal: 0
============================================================
+ Verbose Summary: CDFG Model
============================================================
IsTopModel: 0
ResetActiveHigh: 1
IsCombinational: 2
IsDatapathOnly: 0
HasWiredReturn: 1
HasMFsm: 0
HasVarLatency: 1
IsPipeline: 0
IsRtlPipelined: 0
IsInstanceOverlapped: 0
IsDontTouch: 0
HasImplIP: 0
IsGatedGlobalClock: 0


============================================================
+ Verbose Summary: Schedule
============================================================
* Number of FSM states : 7
* Pipeline : 0
* Dataflow Pipeline: 0

* FSM state transitions: 
1 --> 2 
2 --> 3 
3 --> 4 
4 --> 5 
5 --> 6 
6 --> 7 
7 --> 

* FSM state operations: 

State 1 <SV = 0> <Delay = 1.20>
ST_1 : Operation 8 [1/1] (0.00ns)   --->   "%filled_loc = alloca i64 1"   --->   Operation 8 'alloca' 'filled_loc' <Predicate = true> <Delay = 0.00>
ST_1 : Operation 9 [1/1] (0.00ns)   --->   "%localbuffer_loc = alloca i64 1"   --->   Operation 9 'alloca' 'localbuffer_loc' <Predicate = true> <Delay = 0.00>
ST_1 : Operation 10 [1/1] (1.20ns)   --->   "%cols_bound_per_npc_read = read i32 @_ssdm_op_Read.ap_fifo.i32P0A, i32 %cols_bound_per_npc"   --->   Operation 10 'read' 'cols_bound_per_npc_read' <Predicate = true> <Delay = 1.20> <CoreInst = "FIFO_SRL">   --->   Core 81 'FIFO_SRL' <Latency = 0> <II = 1> <Delay = 3.40> <Storage> <Opcode : 'read' 'write' 'nbread' 'nbwrite'> <Ports = 0> <Width = 32> <Depth = 3> <FIFO>
ST_1 : Operation 11 [1/1] (1.20ns)   --->   "%rows_int16 = read i16 @_ssdm_op_Read.ap_fifo.i16P0A, i16 %rows"   --->   Operation 11 'read' 'rows_int16' <Predicate = true> <Delay = 1.20> <CoreInst = "FIFO_SRL">   --->   Core 81 'FIFO_SRL' <Latency = 0> <II = 1> <Delay = 3.40> <Storage> <Opcode : 'read' 'write' 'nbread' 'nbwrite'> <Ports = 0> <Width = 16> <Depth = 3> <FIFO>
ST_1 : Operation 12 [1/1] (0.00ns)   --->   "%strideBased_cols_bound_per_npc = trunc i32 %cols_bound_per_npc_read" [/home/kedhar/Vitis_Libraries/vision/L1/examples/customconv/../../../L1/include/common/xf_structs.hpp:1289]   --->   Operation 12 'trunc' 'strideBased_cols_bound_per_npc' <Predicate = true> <Delay = 0.00>

State 2 <SV = 1> <Delay = 1.53>
ST_2 : Operation 13 [1/1] (0.00ns)   --->   "%cast = zext i16 %rows_int16"   --->   Operation 13 'zext' 'cast' <Predicate = true> <Delay = 0.00>
ST_2 : Operation 14 [1/1] (0.00ns)   --->   "%cast1 = zext i16 %strideBased_cols_bound_per_npc" [/home/kedhar/Vitis_Libraries/vision/L1/examples/customconv/../../../L1/include/common/xf_structs.hpp:1289]   --->   Operation 14 'zext' 'cast1' <Predicate = true> <Delay = 0.00>
ST_2 : Operation 15 [4/4] (1.53ns)   --->   "%bound = mul i32 %cast, i32 %cast1" [/home/kedhar/Vitis_Libraries/vision/L1/examples/customconv/../../../L1/include/common/xf_structs.hpp:1289]   --->   Operation 15 'mul' 'bound' <Predicate = true> <Delay = 1.53> <CoreInst = "Multiplier">   --->   Core 3 'Multiplier' <Latency = 3> <II = 1> <Delay = 1.53> <FuncUnit> <Opcode : 'mul'> <InPorts = 2> <OutPorts = 1>

State 3 <SV = 2> <Delay = 1.53>
ST_3 : Operation 16 [3/4] (1.53ns)   --->   "%bound = mul i32 %cast, i32 %cast1" [/home/kedhar/Vitis_Libraries/vision/L1/examples/customconv/../../../L1/include/common/xf_structs.hpp:1289]   --->   Operation 16 'mul' 'bound' <Predicate = true> <Delay = 1.53> <CoreInst = "Multiplier">   --->   Core 3 'Multiplier' <Latency = 3> <II = 1> <Delay = 1.53> <FuncUnit> <Opcode : 'mul'> <InPorts = 2> <OutPorts = 1>

State 4 <SV = 3> <Delay = 1.53>
ST_4 : Operation 17 [1/1] (1.20ns)   --->   "%last_blk_width_read = read i4 @_ssdm_op_Read.ap_auto.volatile.i4P0A, i4 %last_blk_width"   --->   Operation 17 'read' 'last_blk_width_read' <Predicate = true> <Delay = 1.20> <CoreInst = "FIFO_SRL">   --->   Core 81 'FIFO_SRL' <Latency = 0> <II = 1> <Delay = 3.40> <Storage> <Opcode : 'read' 'write' 'nbread' 'nbwrite'> <Ports = 0> <Width = -1> <Depth = -1> <FIFO>
ST_4 : Operation 18 [2/4] (1.53ns)   --->   "%bound = mul i32 %cast, i32 %cast1" [/home/kedhar/Vitis_Libraries/vision/L1/examples/customconv/../../../L1/include/common/xf_structs.hpp:1289]   --->   Operation 18 'mul' 'bound' <Predicate = true> <Delay = 1.53> <CoreInst = "Multiplier">   --->   Core 3 'Multiplier' <Latency = 3> <II = 1> <Delay = 1.53> <FuncUnit> <Opcode : 'mul'> <InPorts = 2> <OutPorts = 1>

State 5 <SV = 4> <Delay = 1.89>
ST_5 : Operation 19 [1/1] (1.89ns)   --->   "%sub = add i32 %cols_bound_per_npc_read, i32 4294967295"   --->   Operation 19 'add' 'sub' <Predicate = true> <Delay = 1.89> <CoreInst = "Adder">   --->   Core 1 'Adder' <Latency = 0> <II = 1> <Delay = 1.89> <FuncUnit> <Opcode : 'add' 'sub'> <InPorts = 2> <OutPorts = 1>
ST_5 : Operation 20 [1/4] (1.53ns)   --->   "%bound = mul i32 %cast, i32 %cast1" [/home/kedhar/Vitis_Libraries/vision/L1/examples/customconv/../../../L1/include/common/xf_structs.hpp:1289]   --->   Operation 20 'mul' 'bound' <Predicate = true> <Delay = 1.53> <CoreInst = "Multiplier">   --->   Core 3 'Multiplier' <Latency = 3> <II = 1> <Delay = 1.53> <FuncUnit> <Opcode : 'mul'> <InPorts = 2> <OutPorts = 1>
ST_5 : Operation 21 [1/1] (0.00ns)   --->   "%empty = wait i32 @_ssdm_op_Wait"   --->   Operation 21 'wait' 'empty' <Predicate = true> <Delay = 0.00>
ST_5 : Operation 22 [2/2] (0.00ns)   --->   "%call_ln1289 = call void @MatStream2AxiStream<2>_Pipeline_MMIterOutRow_MMIterOutCol, i32 %bound, i16 %strideBased_cols_bound_per_npc, i32 %sub, i4 %last_blk_width_read, i32 %cols_bound_per_npc_read, i8 %imgOutput_data, i8 %ldata, i8 %localbuffer_loc, i4 %filled_loc" [/home/kedhar/Vitis_Libraries/vision/L1/examples/customconv/../../../L1/include/common/xf_structs.hpp:1289]   --->   Operation 22 'call' 'call_ln1289' <Predicate = true> <Delay = 0.00> <CoreType = "Generic">   --->   Core 0 '' <Latency = 0> <II = 1> <Delay = 1.00> <Generic> <Opcode : >

State 6 <SV = 5> <Delay = 0.00>
ST_6 : Operation 23 [1/2] (0.00ns)   --->   "%call_ln1289 = call void @MatStream2AxiStream<2>_Pipeline_MMIterOutRow_MMIterOutCol, i32 %bound, i16 %strideBased_cols_bound_per_npc, i32 %sub, i4 %last_blk_width_read, i32 %cols_bound_per_npc_read, i8 %imgOutput_data, i8 %ldata, i8 %localbuffer_loc, i4 %filled_loc" [/home/kedhar/Vitis_Libraries/vision/L1/examples/customconv/../../../L1/include/common/xf_structs.hpp:1289]   --->   Operation 23 'call' 'call_ln1289' <Predicate = true> <Delay = 0.00> <CoreType = "Generic">   --->   Core 0 '' <Latency = 0> <II = 1> <Delay = 1.00> <Generic> <Opcode : >

State 7 <SV = 6> <Delay = 2.20>
ST_7 : Operation 24 [1/1] (0.00ns)   --->   "%specinterface_ln0 = specinterface void @_ssdm_op_SpecInterface, i32 %cols_bound_per_npc, void @ap_fifo_str, i32 0, i32 0, void @p_str, i32 0, i32 0, void @p_str, void @p_str, void @p_str, i32 2, i32 2, i32 16, i32 16, void @p_str, void @ScalarProp_str, i32 4294967295, i32 0"   --->   Operation 24 'specinterface' 'specinterface_ln0' <Predicate = true> <Delay = 0.00>
ST_7 : Operation 25 [1/1] (0.00ns)   --->   "%specinterface_ln0 = specinterface void @_ssdm_op_SpecInterface, i16 %rows, void @ap_fifo_str, i32 0, i32 0, void @p_str, i32 0, i32 0, void @p_str, void @p_str, void @p_str, i32 2, i32 2, i32 16, i32 16, void @p_str, void @ScalarProp_str, i32 4294967295, i32 0"   --->   Operation 25 'specinterface' 'specinterface_ln0' <Predicate = true> <Delay = 0.00>
ST_7 : Operation 26 [1/1] (0.00ns)   --->   "%specinterface_ln0 = specinterface void @_ssdm_op_SpecInterface, i8 %imgOutput_data, void @empty_11, i32 0, i32 0, void @empty_8, i32 0, i32 0, void @empty_8, void @empty_8, void @empty_8, i32 0, i32 0, i32 0, i32 0, void @empty_8, void @empty_8, i32 4294967295, i32 0"   --->   Operation 26 'specinterface' 'specinterface_ln0' <Predicate = true> <Delay = 0.00>
ST_7 : Operation 27 [1/1] (0.00ns)   --->   "%specinterface_ln0 = specinterface void @_ssdm_op_SpecInterface, i8 %ldata, void @empty_11, i32 0, i32 0, void @empty_8, i32 0, i32 0, void @empty_8, void @empty_8, void @empty_8, i32 0, i32 0, i32 0, i32 0, void @empty_8, void @empty_8, i32 4294967295, i32 0"   --->   Operation 27 'specinterface' 'specinterface_ln0' <Predicate = true> <Delay = 0.00>
ST_7 : Operation 28 [1/1] (0.00ns)   --->   "%localbuffer_loc_load = load i8 %localbuffer_loc"   --->   Operation 28 'load' 'localbuffer_loc_load' <Predicate = true> <Delay = 0.00>
ST_7 : Operation 29 [1/1] (0.00ns)   --->   "%filled_loc_load = load i4 %filled_loc"   --->   Operation 29 'load' 'filled_loc_load' <Predicate = true> <Delay = 0.00>
ST_7 : Operation 30 [1/1] (0.00ns)   --->   "%empty_88 = wait i32 @_ssdm_op_Wait"   --->   Operation 30 'wait' 'empty_88' <Predicate = true> <Delay = 0.00>
ST_7 : Operation 31 [1/1] (0.99ns)   --->   "%icmp_ln1340 = icmp_eq  i4 %filled_loc_load, i4 0" [/home/kedhar/Vitis_Libraries/vision/L1/examples/customconv/../../../L1/include/common/xf_structs.hpp:1340]   --->   Operation 31 'icmp' 'icmp_ln1340' <Predicate = true> <Delay = 0.99> <CoreInst = "Cmp">   --->   Core 9 'Cmp' <Latency = 0> <II = 1> <Delay = 0.99> <FuncUnit> <Opcode : 'icmp'> <InPorts = 2> <OutPorts = 1>
ST_7 : Operation 32 [1/1] (0.00ns)   --->   "%br_ln1340 = br i1 %icmp_ln1340, void %if.then39, void %if.end40" [/home/kedhar/Vitis_Libraries/vision/L1/examples/customconv/../../../L1/include/common/xf_structs.hpp:1340]   --->   Operation 32 'br' 'br_ln1340' <Predicate = true> <Delay = 0.00>
ST_7 : Operation 33 [1/1] (1.20ns)   --->   "%write_ln1341 = write void @_ssdm_op_Write.ap_fifo.volatile.i8P0A, i8 %ldata, i8 %localbuffer_loc_load" [/home/kedhar/Vitis_Libraries/vision/L1/examples/customconv/../../../L1/include/common/xf_structs.hpp:1341]   --->   Operation 33 'write' 'write_ln1341' <Predicate = (!icmp_ln1340)> <Delay = 1.20> <CoreInst = "FIFO_SRL">   --->   Core 81 'FIFO_SRL' <Latency = 0> <II = 1> <Delay = 3.40> <Storage> <Opcode : 'read' 'write' 'nbread' 'nbwrite'> <Ports = 0> <Width = 8> <Depth = 2> <FIFO>
ST_7 : Operation 34 [1/1] (0.00ns)   --->   "%br_ln1342 = br void %if.end40" [/home/kedhar/Vitis_Libraries/vision/L1/examples/customconv/../../../L1/include/common/xf_structs.hpp:1342]   --->   Operation 34 'br' 'br_ln1342' <Predicate = (!icmp_ln1340)> <Delay = 0.00>
ST_7 : Operation 35 [1/1] (0.00ns)   --->   "%ret_ln1343 = ret" [/home/kedhar/Vitis_Libraries/vision/L1/examples/customconv/../../../L1/include/common/xf_structs.hpp:1343]   --->   Operation 35 'ret' 'ret_ln1343' <Predicate = true> <Delay = 0.00>


============================================================
+ Verbose Summary: Timing violations
============================================================
Target clock period: 3.300ns, clock uncertainty: 0.891ns.

 <State 1>: 1.204ns
The critical path consists of the following:
	fifo read operation ('cols_bound_per_npc_read') on port 'cols_bound_per_npc' [10]  (1.204 ns)

 <State 2>: 1.534ns
The critical path consists of the following:
	'mul' operation 32 bit ('bound', /home/kedhar/Vitis_Libraries/vision/L1/examples/customconv/../../../L1/include/common/xf_structs.hpp:1289) [19]  (1.534 ns)

 <State 3>: 1.534ns
The critical path consists of the following:
	'mul' operation 32 bit ('bound', /home/kedhar/Vitis_Libraries/vision/L1/examples/customconv/../../../L1/include/common/xf_structs.hpp:1289) [19]  (1.534 ns)

 <State 4>: 1.534ns
The critical path consists of the following:
	'mul' operation 32 bit ('bound', /home/kedhar/Vitis_Libraries/vision/L1/examples/customconv/../../../L1/include/common/xf_structs.hpp:1289) [19]  (1.534 ns)

 <State 5>: 1.896ns
The critical path consists of the following:
	'add' operation 32 bit ('sub') [16]  (1.896 ns)

 <State 6>: 0.000ns
The critical path consists of the following:

 <State 7>: 2.201ns
The critical path consists of the following:
	'load' operation 4 bit ('filled_loc_load') on local variable 'filled_loc' [23]  (0.000 ns)
	'icmp' operation 1 bit ('icmp_ln1340', /home/kedhar/Vitis_Libraries/vision/L1/examples/customconv/../../../L1/include/common/xf_structs.hpp:1340) [25]  (0.997 ns)
	fifo write operation ('write_ln1341', /home/kedhar/Vitis_Libraries/vision/L1/examples/customconv/../../../L1/include/common/xf_structs.hpp:1341) on port 'ldata' (/home/kedhar/Vitis_Libraries/vision/L1/examples/customconv/../../../L1/include/common/xf_structs.hpp:1341) [28]  (1.204 ns)


============================================================
+ Verbose Summary: Binding
============================================================
N/A
* FSMD analyzer results:
  - Output states:
 - Input state : 
  - Chain level:
	State 1
	State 2
	State 3
	State 4
	State 5
	State 6
	State 7


============================================================
+ Verbose Summary: Datapath Resource usage 
============================================================
N/A
