

================================================================
== Vitis HLS Report for 'xFApplyFilter2D_0_0_3_3_1_s'
================================================================
* Date:           Sat May  4 12:09:32 2024

* Version:        2023.2 (Build 4023990 on Oct 11 2023)
* Project:        customconv_ked.prj
* Solution:       sol1 (Vivado IP Flow Target)
* Product family: zynq
* Target device:  xc7z020-clg484-2


================================================================
== Performance Estimates
================================================================
+ Timing: 
    * Summary: 
    +--------+---------+----------+------------+
    |  Clock |  Target | Estimated| Uncertainty|
    +--------+---------+----------+------------+
    |ap_clk  |  3.30 ns|  2.665 ns|     0.89 ns|
    +--------+---------+----------+------------+

+ Latency: 
    * Summary: 
    +---------+---------+-----------+-----------+-----+-----+---------+
    |  Latency (cycles) |   Latency (absolute)  |  Interval | Pipeline|
    |   min   |   max   |    min    |    max    | min | max |   Type  |
    +---------+---------+-----------+-----------+-----+-----+---------+
    |       19|       19|  62.700 ns|  62.700 ns|    1|    1|      yes|
    +---------+---------+-----------+-----------+-----+-----+---------+

    + Detail: 
        * Instance: 
        N/A

        * Loop: 
        N/A

============================================================
+ Verbose Summary: Synthesis Manager
============================================================
InlineROM: 1
ExposeGlobal: 0
============================================================
+ Verbose Summary: CDFG Model
============================================================
IsTopModel: 0
ResetActiveHigh: 1
IsCombinational: 0
IsDatapathOnly: 0
HasWiredReturn: 1
HasMFsm: 2
HasVarLatency: 0
IsPipeline: 1
IsRtlPipelined: 1
IsInstanceOverlapped: 0
IsDontTouch: 0
HasImplIP: 0
IsGatedGlobalClock: 0

+ Individual pipeline summary: 
  * Pipeline-0: initiation interval (II) = 1, depth = 20


============================================================
+ Verbose Summary: Schedule
============================================================
* Number of FSM states : 20
* Pipeline : 1
  Pipeline-0 : II = 1, D = 20, States = { 1 2 3 4 5 6 7 8 9 10 11 12 13 14 15 16 17 18 19 20 }
* Dataflow Pipeline: 0

* FSM state transitions: 
1 --> 2 
2 --> 3 
3 --> 4 
4 --> 5 
5 --> 6 
6 --> 7 
7 --> 8 
8 --> 9 
9 --> 10 
10 --> 11 
11 --> 12 
12 --> 13 
13 --> 14 
14 --> 15 
15 --> 16 
16 --> 17 
17 --> 18 
18 --> 19 
19 --> 20 
20 --> 

* FSM state operations: 

State 1 <SV = 0> <Delay = 1.53>
ST_1 : Operation 21 [1/1] (0.00ns)   --->   "%shift_read = read i8 @_ssdm_op_Read.ap_auto.i8, i8 %shift"   --->   Operation 21 'read' 'shift_read' <Predicate = true> <Delay = 0.00>
ST_1 : Operation 22 [1/1] (0.00ns)   --->   "%p_kernel_filter_2_2_val_read = read i16 @_ssdm_op_Read.ap_auto.i16, i16 %p_kernel_filter_2_2_val"   --->   Operation 22 'read' 'p_kernel_filter_2_2_val_read' <Predicate = true> <Delay = 0.00>
ST_1 : Operation 23 [1/1] (0.00ns)   --->   "%p_kernel_filter_2_1_val_read = read i16 @_ssdm_op_Read.ap_auto.i16, i16 %p_kernel_filter_2_1_val"   --->   Operation 23 'read' 'p_kernel_filter_2_1_val_read' <Predicate = true> <Delay = 0.00>
ST_1 : Operation 24 [1/1] (0.00ns)   --->   "%p_kernel_filter_2_0_val_read = read i16 @_ssdm_op_Read.ap_auto.i16, i16 %p_kernel_filter_2_0_val"   --->   Operation 24 'read' 'p_kernel_filter_2_0_val_read' <Predicate = true> <Delay = 0.00>
ST_1 : Operation 25 [1/1] (0.00ns)   --->   "%p_kernel_filter_1_2_val_read = read i16 @_ssdm_op_Read.ap_auto.i16, i16 %p_kernel_filter_1_2_val"   --->   Operation 25 'read' 'p_kernel_filter_1_2_val_read' <Predicate = true> <Delay = 0.00>
ST_1 : Operation 26 [1/1] (0.00ns)   --->   "%p_kernel_filter_1_1_val_read = read i16 @_ssdm_op_Read.ap_auto.i16, i16 %p_kernel_filter_1_1_val"   --->   Operation 26 'read' 'p_kernel_filter_1_1_val_read' <Predicate = true> <Delay = 0.00>
ST_1 : Operation 27 [1/1] (0.00ns)   --->   "%p_kernel_filter_1_0_val_read = read i16 @_ssdm_op_Read.ap_auto.i16, i16 %p_kernel_filter_1_0_val"   --->   Operation 27 'read' 'p_kernel_filter_1_0_val_read' <Predicate = true> <Delay = 0.00>
ST_1 : Operation 28 [1/1] (0.00ns)   --->   "%p_kernel_filter_0_2_val_read = read i16 @_ssdm_op_Read.ap_auto.i16, i16 %p_kernel_filter_0_2_val"   --->   Operation 28 'read' 'p_kernel_filter_0_2_val_read' <Predicate = true> <Delay = 0.00>
ST_1 : Operation 29 [1/1] (0.00ns)   --->   "%p_kernel_filter_0_1_val_read = read i16 @_ssdm_op_Read.ap_auto.i16, i16 %p_kernel_filter_0_1_val"   --->   Operation 29 'read' 'p_kernel_filter_0_1_val_read' <Predicate = true> <Delay = 0.00>
ST_1 : Operation 30 [1/1] (0.00ns)   --->   "%p_kernel_filter_0_0_val_read = read i16 @_ssdm_op_Read.ap_auto.i16, i16 %p_kernel_filter_0_0_val"   --->   Operation 30 'read' 'p_kernel_filter_0_0_val_read' <Predicate = true> <Delay = 0.00>
ST_1 : Operation 31 [1/1] (0.00ns)   --->   "%p_kernel_pixel_2_2_val_read = read i8 @_ssdm_op_Read.ap_auto.i8, i8 %p_kernel_pixel_2_2_val"   --->   Operation 31 'read' 'p_kernel_pixel_2_2_val_read' <Predicate = true> <Delay = 0.00>
ST_1 : Operation 32 [1/1] (0.00ns)   --->   "%p_kernel_pixel_2_1_val_read = read i8 @_ssdm_op_Read.ap_auto.i8, i8 %p_kernel_pixel_2_1_val"   --->   Operation 32 'read' 'p_kernel_pixel_2_1_val_read' <Predicate = true> <Delay = 0.00>
ST_1 : Operation 33 [1/1] (0.00ns)   --->   "%p_kernel_pixel_2_0_val_read = read i8 @_ssdm_op_Read.ap_auto.i8, i8 %p_kernel_pixel_2_0_val"   --->   Operation 33 'read' 'p_kernel_pixel_2_0_val_read' <Predicate = true> <Delay = 0.00>
ST_1 : Operation 34 [1/1] (0.00ns)   --->   "%p_kernel_pixel_1_2_val_read = read i8 @_ssdm_op_Read.ap_auto.i8, i8 %p_kernel_pixel_1_2_val"   --->   Operation 34 'read' 'p_kernel_pixel_1_2_val_read' <Predicate = true> <Delay = 0.00>
ST_1 : Operation 35 [1/1] (0.00ns)   --->   "%p_kernel_pixel_1_1_val_read = read i8 @_ssdm_op_Read.ap_auto.i8, i8 %p_kernel_pixel_1_1_val"   --->   Operation 35 'read' 'p_kernel_pixel_1_1_val_read' <Predicate = true> <Delay = 0.00>
ST_1 : Operation 36 [1/1] (0.00ns)   --->   "%p_kernel_pixel_1_0_val_read = read i8 @_ssdm_op_Read.ap_auto.i8, i8 %p_kernel_pixel_1_0_val"   --->   Operation 36 'read' 'p_kernel_pixel_1_0_val_read' <Predicate = true> <Delay = 0.00>
ST_1 : Operation 37 [1/1] (0.00ns)   --->   "%p_kernel_pixel_0_2_val_read = read i8 @_ssdm_op_Read.ap_auto.i8, i8 %p_kernel_pixel_0_2_val"   --->   Operation 37 'read' 'p_kernel_pixel_0_2_val_read' <Predicate = true> <Delay = 0.00>
ST_1 : Operation 38 [1/1] (0.00ns)   --->   "%p_kernel_pixel_0_1_val_read = read i8 @_ssdm_op_Read.ap_auto.i8, i8 %p_kernel_pixel_0_1_val"   --->   Operation 38 'read' 'p_kernel_pixel_0_1_val_read' <Predicate = true> <Delay = 0.00>
ST_1 : Operation 39 [1/1] (0.00ns)   --->   "%p_kernel_pixel_0_0_val_read = read i8 @_ssdm_op_Read.ap_auto.i8, i8 %p_kernel_pixel_0_0_val"   --->   Operation 39 'read' 'p_kernel_pixel_0_0_val_read' <Predicate = true> <Delay = 0.00>
ST_1 : Operation 40 [1/1] (0.00ns)   --->   "%zext_ln606_1 = zext i8 %p_kernel_pixel_2_1_val_read" [/home/kedhar/Vitis_Libraries/vision/L1/examples/customconv/../../../L1/include/imgproc/xf_custom_convolution.hpp:606]   --->   Operation 40 'zext' 'zext_ln606_1' <Predicate = true> <Delay = 0.00>
ST_1 : Operation 41 [1/1] (0.00ns)   --->   "%sext_ln606_1 = sext i16 %p_kernel_filter_0_1_val_read" [/home/kedhar/Vitis_Libraries/vision/L1/examples/customconv/../../../L1/include/imgproc/xf_custom_convolution.hpp:606]   --->   Operation 41 'sext' 'sext_ln606_1' <Predicate = true> <Delay = 0.00>
ST_1 : Operation 42 [4/4] (1.53ns)   --->   "%temp = mul i24 %sext_ln606_1, i24 %zext_ln606_1" [/home/kedhar/Vitis_Libraries/vision/L1/examples/customconv/../../../L1/include/imgproc/xf_custom_convolution.hpp:606]   --->   Operation 42 'mul' 'temp' <Predicate = true> <Delay = 1.53> <CoreInst = "Multiplier">   --->   Core 3 'Multiplier' <Latency = 3> <II = 1> <Delay = 1.53> <FuncUnit> <Opcode : 'mul'> <InPorts = 2> <OutPorts = 1>
ST_1 : Operation 43 [1/1] (0.00ns)   --->   "%zext_ln606_2 = zext i8 %p_kernel_pixel_2_0_val_read" [/home/kedhar/Vitis_Libraries/vision/L1/examples/customconv/../../../L1/include/imgproc/xf_custom_convolution.hpp:606]   --->   Operation 43 'zext' 'zext_ln606_2' <Predicate = true> <Delay = 0.00>
ST_1 : Operation 44 [1/1] (0.00ns)   --->   "%sext_ln606_2 = sext i16 %p_kernel_filter_0_2_val_read" [/home/kedhar/Vitis_Libraries/vision/L1/examples/customconv/../../../L1/include/imgproc/xf_custom_convolution.hpp:606]   --->   Operation 44 'sext' 'sext_ln606_2' <Predicate = true> <Delay = 0.00>
ST_1 : Operation 45 [4/4] (1.53ns)   --->   "%temp_3 = mul i24 %sext_ln606_2, i24 %zext_ln606_2" [/home/kedhar/Vitis_Libraries/vision/L1/examples/customconv/../../../L1/include/imgproc/xf_custom_convolution.hpp:606]   --->   Operation 45 'mul' 'temp_3' <Predicate = true> <Delay = 1.53> <CoreInst = "Multiplier">   --->   Core 3 'Multiplier' <Latency = 3> <II = 1> <Delay = 1.53> <FuncUnit> <Opcode : 'mul'> <InPorts = 2> <OutPorts = 1>
ST_1 : Operation 46 [1/1] (0.00ns)   --->   "%zext_ln606_6 = zext i8 %p_kernel_pixel_0_2_val_read" [/home/kedhar/Vitis_Libraries/vision/L1/examples/customconv/../../../L1/include/imgproc/xf_custom_convolution.hpp:606]   --->   Operation 46 'zext' 'zext_ln606_6' <Predicate = true> <Delay = 0.00>
ST_1 : Operation 47 [1/1] (0.00ns)   --->   "%sext_ln606_6 = sext i16 %p_kernel_filter_2_0_val_read" [/home/kedhar/Vitis_Libraries/vision/L1/examples/customconv/../../../L1/include/imgproc/xf_custom_convolution.hpp:606]   --->   Operation 47 'sext' 'sext_ln606_6' <Predicate = true> <Delay = 0.00>
ST_1 : Operation 48 [4/4] (1.53ns)   --->   "%temp_7 = mul i24 %sext_ln606_6, i24 %zext_ln606_6" [/home/kedhar/Vitis_Libraries/vision/L1/examples/customconv/../../../L1/include/imgproc/xf_custom_convolution.hpp:606]   --->   Operation 48 'mul' 'temp_7' <Predicate = true> <Delay = 1.53> <CoreInst = "Multiplier">   --->   Core 3 'Multiplier' <Latency = 3> <II = 1> <Delay = 1.53> <FuncUnit> <Opcode : 'mul'> <InPorts = 2> <OutPorts = 1>

State 2 <SV = 1> <Delay = 1.53>
ST_2 : Operation 49 [3/4] (1.53ns)   --->   "%temp = mul i24 %sext_ln606_1, i24 %zext_ln606_1" [/home/kedhar/Vitis_Libraries/vision/L1/examples/customconv/../../../L1/include/imgproc/xf_custom_convolution.hpp:606]   --->   Operation 49 'mul' 'temp' <Predicate = true> <Delay = 1.53> <CoreInst = "Multiplier">   --->   Core 3 'Multiplier' <Latency = 3> <II = 1> <Delay = 1.53> <FuncUnit> <Opcode : 'mul'> <InPorts = 2> <OutPorts = 1>
ST_2 : Operation 50 [3/4] (1.53ns)   --->   "%temp_3 = mul i24 %sext_ln606_2, i24 %zext_ln606_2" [/home/kedhar/Vitis_Libraries/vision/L1/examples/customconv/../../../L1/include/imgproc/xf_custom_convolution.hpp:606]   --->   Operation 50 'mul' 'temp_3' <Predicate = true> <Delay = 1.53> <CoreInst = "Multiplier">   --->   Core 3 'Multiplier' <Latency = 3> <II = 1> <Delay = 1.53> <FuncUnit> <Opcode : 'mul'> <InPorts = 2> <OutPorts = 1>
ST_2 : Operation 51 [3/4] (1.53ns)   --->   "%temp_7 = mul i24 %sext_ln606_6, i24 %zext_ln606_6" [/home/kedhar/Vitis_Libraries/vision/L1/examples/customconv/../../../L1/include/imgproc/xf_custom_convolution.hpp:606]   --->   Operation 51 'mul' 'temp_7' <Predicate = true> <Delay = 1.53> <CoreInst = "Multiplier">   --->   Core 3 'Multiplier' <Latency = 3> <II = 1> <Delay = 1.53> <FuncUnit> <Opcode : 'mul'> <InPorts = 2> <OutPorts = 1>

State 3 <SV = 2> <Delay = 1.53>
ST_3 : Operation 52 [1/1] (0.00ns)   --->   "%zext_ln606 = zext i8 %p_kernel_pixel_2_2_val_read" [/home/kedhar/Vitis_Libraries/vision/L1/examples/customconv/../../../L1/include/imgproc/xf_custom_convolution.hpp:606]   --->   Operation 52 'zext' 'zext_ln606' <Predicate = true> <Delay = 0.00>
ST_3 : Operation 53 [1/1] (0.00ns)   --->   "%sext_ln606 = sext i16 %p_kernel_filter_0_0_val_read" [/home/kedhar/Vitis_Libraries/vision/L1/examples/customconv/../../../L1/include/imgproc/xf_custom_convolution.hpp:606]   --->   Operation 53 'sext' 'sext_ln606' <Predicate = true> <Delay = 0.00>
ST_3 : Operation 54 [3/3] (0.98ns) (grouped into DSP with root node sum_1)   --->   "%temp_10 = mul i24 %sext_ln606, i24 %zext_ln606" [/home/kedhar/Vitis_Libraries/vision/L1/examples/customconv/../../../L1/include/imgproc/xf_custom_convolution.hpp:606]   --->   Operation 54 'mul' 'temp_10' <Predicate = true> <Delay = 0.98> <CoreInst = "DSP48">   --->   Core 119 'DSP48' <Latency = 3> <II = 1> <Delay = 1.82> <IPBlock> <Opcode : '' 'add' 'sub' 'mul' 'select'> <InPorts = 0> <OutPorts = 1> <Sync> <CReg>
ST_3 : Operation 55 [2/4] (1.53ns)   --->   "%temp = mul i24 %sext_ln606_1, i24 %zext_ln606_1" [/home/kedhar/Vitis_Libraries/vision/L1/examples/customconv/../../../L1/include/imgproc/xf_custom_convolution.hpp:606]   --->   Operation 55 'mul' 'temp' <Predicate = true> <Delay = 1.53> <CoreInst = "Multiplier">   --->   Core 3 'Multiplier' <Latency = 3> <II = 1> <Delay = 1.53> <FuncUnit> <Opcode : 'mul'> <InPorts = 2> <OutPorts = 1>
ST_3 : Operation 56 [2/4] (1.53ns)   --->   "%temp_3 = mul i24 %sext_ln606_2, i24 %zext_ln606_2" [/home/kedhar/Vitis_Libraries/vision/L1/examples/customconv/../../../L1/include/imgproc/xf_custom_convolution.hpp:606]   --->   Operation 56 'mul' 'temp_3' <Predicate = true> <Delay = 1.53> <CoreInst = "Multiplier">   --->   Core 3 'Multiplier' <Latency = 3> <II = 1> <Delay = 1.53> <FuncUnit> <Opcode : 'mul'> <InPorts = 2> <OutPorts = 1>
ST_3 : Operation 57 [1/1] (0.00ns)   --->   "%zext_ln606_3 = zext i8 %p_kernel_pixel_1_2_val_read" [/home/kedhar/Vitis_Libraries/vision/L1/examples/customconv/../../../L1/include/imgproc/xf_custom_convolution.hpp:606]   --->   Operation 57 'zext' 'zext_ln606_3' <Predicate = true> <Delay = 0.00>
ST_3 : Operation 58 [1/1] (0.00ns)   --->   "%sext_ln606_3 = sext i16 %p_kernel_filter_1_0_val_read" [/home/kedhar/Vitis_Libraries/vision/L1/examples/customconv/../../../L1/include/imgproc/xf_custom_convolution.hpp:606]   --->   Operation 58 'sext' 'sext_ln606_3' <Predicate = true> <Delay = 0.00>
ST_3 : Operation 59 [3/3] (0.98ns) (grouped into DSP with root node add_ln607)   --->   "%temp_4 = mul i24 %sext_ln606_3, i24 %zext_ln606_3" [/home/kedhar/Vitis_Libraries/vision/L1/examples/customconv/../../../L1/include/imgproc/xf_custom_convolution.hpp:606]   --->   Operation 59 'mul' 'temp_4' <Predicate = true> <Delay = 0.98> <CoreInst = "DSP48">   --->   Core 119 'DSP48' <Latency = 3> <II = 1> <Delay = 1.82> <IPBlock> <Opcode : '' 'add' 'sub' 'mul' 'select'> <InPorts = 0> <OutPorts = 1> <Sync> <CReg>
ST_3 : Operation 60 [2/4] (1.53ns)   --->   "%temp_7 = mul i24 %sext_ln606_6, i24 %zext_ln606_6" [/home/kedhar/Vitis_Libraries/vision/L1/examples/customconv/../../../L1/include/imgproc/xf_custom_convolution.hpp:606]   --->   Operation 60 'mul' 'temp_7' <Predicate = true> <Delay = 1.53> <CoreInst = "Multiplier">   --->   Core 3 'Multiplier' <Latency = 3> <II = 1> <Delay = 1.53> <FuncUnit> <Opcode : 'mul'> <InPorts = 2> <OutPorts = 1>
ST_3 : Operation 61 [1/1] (0.00ns)   --->   "%zext_ln606_7 = zext i8 %p_kernel_pixel_0_1_val_read" [/home/kedhar/Vitis_Libraries/vision/L1/examples/customconv/../../../L1/include/imgproc/xf_custom_convolution.hpp:606]   --->   Operation 61 'zext' 'zext_ln606_7' <Predicate = true> <Delay = 0.00>
ST_3 : Operation 62 [1/1] (0.00ns)   --->   "%sext_ln606_7 = sext i16 %p_kernel_filter_2_1_val_read" [/home/kedhar/Vitis_Libraries/vision/L1/examples/customconv/../../../L1/include/imgproc/xf_custom_convolution.hpp:606]   --->   Operation 62 'sext' 'sext_ln606_7' <Predicate = true> <Delay = 0.00>
ST_3 : Operation 63 [3/3] (0.98ns) (grouped into DSP with root node add_ln607_3)   --->   "%temp_8 = mul i24 %sext_ln606_7, i24 %zext_ln606_7" [/home/kedhar/Vitis_Libraries/vision/L1/examples/customconv/../../../L1/include/imgproc/xf_custom_convolution.hpp:606]   --->   Operation 63 'mul' 'temp_8' <Predicate = true> <Delay = 0.98> <CoreInst = "DSP48">   --->   Core 119 'DSP48' <Latency = 3> <II = 1> <Delay = 1.82> <IPBlock> <Opcode : '' 'add' 'sub' 'mul' 'select'> <InPorts = 0> <OutPorts = 1> <Sync> <CReg>

State 4 <SV = 3> <Delay = 1.53>
ST_4 : Operation 64 [2/3] (0.98ns) (grouped into DSP with root node sum_1)   --->   "%temp_10 = mul i24 %sext_ln606, i24 %zext_ln606" [/home/kedhar/Vitis_Libraries/vision/L1/examples/customconv/../../../L1/include/imgproc/xf_custom_convolution.hpp:606]   --->   Operation 64 'mul' 'temp_10' <Predicate = true> <Delay = 0.98> <CoreInst = "DSP48">   --->   Core 119 'DSP48' <Latency = 3> <II = 1> <Delay = 1.82> <IPBlock> <Opcode : '' 'add' 'sub' 'mul' 'select'> <InPorts = 0> <OutPorts = 1> <Sync> <CReg>
ST_4 : Operation 65 [1/4] (1.53ns)   --->   "%temp = mul i24 %sext_ln606_1, i24 %zext_ln606_1" [/home/kedhar/Vitis_Libraries/vision/L1/examples/customconv/../../../L1/include/imgproc/xf_custom_convolution.hpp:606]   --->   Operation 65 'mul' 'temp' <Predicate = true> <Delay = 1.53> <CoreInst = "Multiplier">   --->   Core 3 'Multiplier' <Latency = 3> <II = 1> <Delay = 1.53> <FuncUnit> <Opcode : 'mul'> <InPorts = 2> <OutPorts = 1>
ST_4 : Operation 66 [1/4] (1.53ns)   --->   "%temp_3 = mul i24 %sext_ln606_2, i24 %zext_ln606_2" [/home/kedhar/Vitis_Libraries/vision/L1/examples/customconv/../../../L1/include/imgproc/xf_custom_convolution.hpp:606]   --->   Operation 66 'mul' 'temp_3' <Predicate = true> <Delay = 1.53> <CoreInst = "Multiplier">   --->   Core 3 'Multiplier' <Latency = 3> <II = 1> <Delay = 1.53> <FuncUnit> <Opcode : 'mul'> <InPorts = 2> <OutPorts = 1>
ST_4 : Operation 67 [2/3] (0.98ns) (grouped into DSP with root node add_ln607)   --->   "%temp_4 = mul i24 %sext_ln606_3, i24 %zext_ln606_3" [/home/kedhar/Vitis_Libraries/vision/L1/examples/customconv/../../../L1/include/imgproc/xf_custom_convolution.hpp:606]   --->   Operation 67 'mul' 'temp_4' <Predicate = true> <Delay = 0.98> <CoreInst = "DSP48">   --->   Core 119 'DSP48' <Latency = 3> <II = 1> <Delay = 1.82> <IPBlock> <Opcode : '' 'add' 'sub' 'mul' 'select'> <InPorts = 0> <OutPorts = 1> <Sync> <CReg>
ST_4 : Operation 68 [1/4] (1.53ns)   --->   "%temp_7 = mul i24 %sext_ln606_6, i24 %zext_ln606_6" [/home/kedhar/Vitis_Libraries/vision/L1/examples/customconv/../../../L1/include/imgproc/xf_custom_convolution.hpp:606]   --->   Operation 68 'mul' 'temp_7' <Predicate = true> <Delay = 1.53> <CoreInst = "Multiplier">   --->   Core 3 'Multiplier' <Latency = 3> <II = 1> <Delay = 1.53> <FuncUnit> <Opcode : 'mul'> <InPorts = 2> <OutPorts = 1>
ST_4 : Operation 69 [2/3] (0.98ns) (grouped into DSP with root node add_ln607_3)   --->   "%temp_8 = mul i24 %sext_ln606_7, i24 %zext_ln606_7" [/home/kedhar/Vitis_Libraries/vision/L1/examples/customconv/../../../L1/include/imgproc/xf_custom_convolution.hpp:606]   --->   Operation 69 'mul' 'temp_8' <Predicate = true> <Delay = 0.98> <CoreInst = "DSP48">   --->   Core 119 'DSP48' <Latency = 3> <II = 1> <Delay = 1.82> <IPBlock> <Opcode : '' 'add' 'sub' 'mul' 'select'> <InPorts = 0> <OutPorts = 1> <Sync> <CReg>

State 5 <SV = 4> <Delay = 1.76>
ST_5 : Operation 70 [1/3] (0.00ns) (grouped into DSP with root node sum_1)   --->   "%temp_10 = mul i24 %sext_ln606, i24 %zext_ln606" [/home/kedhar/Vitis_Libraries/vision/L1/examples/customconv/../../../L1/include/imgproc/xf_custom_convolution.hpp:606]   --->   Operation 70 'mul' 'temp_10' <Predicate = true> <Delay = 0.00> <CoreInst = "DSP48">   --->   Core 119 'DSP48' <Latency = 3> <II = 1> <Delay = 1.82> <IPBlock> <Opcode : '' 'add' 'sub' 'mul' 'select'> <InPorts = 0> <OutPorts = 1> <Sync> <CReg>
ST_5 : Operation 71 [1/1] (0.00ns) (grouped into DSP with root node sum_1)   --->   "%sext_ln584 = sext i24 %temp_10" [/home/kedhar/Vitis_Libraries/vision/L1/examples/customconv/../../../L1/include/imgproc/xf_custom_convolution.hpp:584]   --->   Operation 71 'sext' 'sext_ln584' <Predicate = true> <Delay = 0.00>
ST_5 : Operation 72 [1/1] (0.00ns)   --->   "%sext_ln584_1 = sext i24 %temp" [/home/kedhar/Vitis_Libraries/vision/L1/examples/customconv/../../../L1/include/imgproc/xf_custom_convolution.hpp:584]   --->   Operation 72 'sext' 'sext_ln584_1' <Predicate = true> <Delay = 0.00>
ST_5 : Operation 73 [2/2] (1.76ns) (root node of the DSP)   --->   "%sum_1 = add i25 %sext_ln584_1, i25 %sext_ln584" [/home/kedhar/Vitis_Libraries/vision/L1/examples/customconv/../../../L1/include/imgproc/xf_custom_convolution.hpp:607]   --->   Operation 73 'add' 'sum_1' <Predicate = true> <Delay = 1.76> <CoreInst = "DSP48">   --->   Core 119 'DSP48' <Latency = 3> <II = 1> <Delay = 1.82> <IPBlock> <Opcode : '' 'add' 'sub' 'mul' 'select'> <InPorts = 0> <OutPorts = 1> <Sync> <CReg>
ST_5 : Operation 74 [1/1] (0.00ns)   --->   "%sext_ln584_2 = sext i24 %temp_3" [/home/kedhar/Vitis_Libraries/vision/L1/examples/customconv/../../../L1/include/imgproc/xf_custom_convolution.hpp:584]   --->   Operation 74 'sext' 'sext_ln584_2' <Predicate = true> <Delay = 0.00>
ST_5 : Operation 75 [1/3] (0.00ns) (grouped into DSP with root node add_ln607)   --->   "%temp_4 = mul i24 %sext_ln606_3, i24 %zext_ln606_3" [/home/kedhar/Vitis_Libraries/vision/L1/examples/customconv/../../../L1/include/imgproc/xf_custom_convolution.hpp:606]   --->   Operation 75 'mul' 'temp_4' <Predicate = true> <Delay = 0.00> <CoreInst = "DSP48">   --->   Core 119 'DSP48' <Latency = 3> <II = 1> <Delay = 1.82> <IPBlock> <Opcode : '' 'add' 'sub' 'mul' 'select'> <InPorts = 0> <OutPorts = 1> <Sync> <CReg>
ST_5 : Operation 76 [1/1] (0.00ns) (grouped into DSP with root node add_ln607)   --->   "%sext_ln584_3 = sext i24 %temp_4" [/home/kedhar/Vitis_Libraries/vision/L1/examples/customconv/../../../L1/include/imgproc/xf_custom_convolution.hpp:584]   --->   Operation 76 'sext' 'sext_ln584_3' <Predicate = true> <Delay = 0.00>
ST_5 : Operation 77 [2/2] (1.76ns) (root node of the DSP)   --->   "%add_ln607 = add i25 %sext_ln584_2, i25 %sext_ln584_3" [/home/kedhar/Vitis_Libraries/vision/L1/examples/customconv/../../../L1/include/imgproc/xf_custom_convolution.hpp:607]   --->   Operation 77 'add' 'add_ln607' <Predicate = true> <Delay = 1.76> <CoreInst = "DSP48">   --->   Core 119 'DSP48' <Latency = 3> <II = 1> <Delay = 1.82> <IPBlock> <Opcode : '' 'add' 'sub' 'mul' 'select'> <InPorts = 0> <OutPorts = 1> <Sync> <CReg>
ST_5 : Operation 78 [1/1] (0.00ns)   --->   "%zext_ln606_5 = zext i8 %p_kernel_pixel_1_0_val_read" [/home/kedhar/Vitis_Libraries/vision/L1/examples/customconv/../../../L1/include/imgproc/xf_custom_convolution.hpp:606]   --->   Operation 78 'zext' 'zext_ln606_5' <Predicate = true> <Delay = 0.00>
ST_5 : Operation 79 [1/1] (0.00ns)   --->   "%sext_ln606_5 = sext i16 %p_kernel_filter_1_2_val_read" [/home/kedhar/Vitis_Libraries/vision/L1/examples/customconv/../../../L1/include/imgproc/xf_custom_convolution.hpp:606]   --->   Operation 79 'sext' 'sext_ln606_5' <Predicate = true> <Delay = 0.00>
ST_5 : Operation 80 [3/3] (0.98ns) (grouped into DSP with root node add_ln607_4)   --->   "%temp_6 = mul i24 %sext_ln606_5, i24 %zext_ln606_5" [/home/kedhar/Vitis_Libraries/vision/L1/examples/customconv/../../../L1/include/imgproc/xf_custom_convolution.hpp:606]   --->   Operation 80 'mul' 'temp_6' <Predicate = true> <Delay = 0.98> <CoreInst = "DSP48">   --->   Core 119 'DSP48' <Latency = 3> <II = 1> <Delay = 1.82> <IPBlock> <Opcode : '' 'add' 'sub' 'mul' 'select'> <InPorts = 0> <OutPorts = 1> <Sync> <CReg>
ST_5 : Operation 81 [1/1] (0.00ns)   --->   "%sext_ln584_6 = sext i24 %temp_7" [/home/kedhar/Vitis_Libraries/vision/L1/examples/customconv/../../../L1/include/imgproc/xf_custom_convolution.hpp:584]   --->   Operation 81 'sext' 'sext_ln584_6' <Predicate = true> <Delay = 0.00>
ST_5 : Operation 82 [1/3] (0.00ns) (grouped into DSP with root node add_ln607_3)   --->   "%temp_8 = mul i24 %sext_ln606_7, i24 %zext_ln606_7" [/home/kedhar/Vitis_Libraries/vision/L1/examples/customconv/../../../L1/include/imgproc/xf_custom_convolution.hpp:606]   --->   Operation 82 'mul' 'temp_8' <Predicate = true> <Delay = 0.00> <CoreInst = "DSP48">   --->   Core 119 'DSP48' <Latency = 3> <II = 1> <Delay = 1.82> <IPBlock> <Opcode : '' 'add' 'sub' 'mul' 'select'> <InPorts = 0> <OutPorts = 1> <Sync> <CReg>
ST_5 : Operation 83 [1/1] (0.00ns) (grouped into DSP with root node add_ln607_3)   --->   "%sext_ln584_7 = sext i24 %temp_8" [/home/kedhar/Vitis_Libraries/vision/L1/examples/customconv/../../../L1/include/imgproc/xf_custom_convolution.hpp:584]   --->   Operation 83 'sext' 'sext_ln584_7' <Predicate = true> <Delay = 0.00>
ST_5 : Operation 84 [2/2] (1.76ns) (root node of the DSP)   --->   "%add_ln607_3 = add i25 %sext_ln584_6, i25 %sext_ln584_7" [/home/kedhar/Vitis_Libraries/vision/L1/examples/customconv/../../../L1/include/imgproc/xf_custom_convolution.hpp:607]   --->   Operation 84 'add' 'add_ln607_3' <Predicate = true> <Delay = 1.76> <CoreInst = "DSP48">   --->   Core 119 'DSP48' <Latency = 3> <II = 1> <Delay = 1.82> <IPBlock> <Opcode : '' 'add' 'sub' 'mul' 'select'> <InPorts = 0> <OutPorts = 1> <Sync> <CReg>

State 6 <SV = 5> <Delay = 1.76>
ST_6 : Operation 85 [1/2] (1.76ns) (root node of the DSP)   --->   "%sum_1 = add i25 %sext_ln584_1, i25 %sext_ln584" [/home/kedhar/Vitis_Libraries/vision/L1/examples/customconv/../../../L1/include/imgproc/xf_custom_convolution.hpp:607]   --->   Operation 85 'add' 'sum_1' <Predicate = true> <Delay = 1.76> <CoreInst = "DSP48">   --->   Core 119 'DSP48' <Latency = 3> <II = 1> <Delay = 1.82> <IPBlock> <Opcode : '' 'add' 'sub' 'mul' 'select'> <InPorts = 0> <OutPorts = 1> <Sync> <CReg>
ST_6 : Operation 86 [1/2] (1.76ns) (root node of the DSP)   --->   "%add_ln607 = add i25 %sext_ln584_2, i25 %sext_ln584_3" [/home/kedhar/Vitis_Libraries/vision/L1/examples/customconv/../../../L1/include/imgproc/xf_custom_convolution.hpp:607]   --->   Operation 86 'add' 'add_ln607' <Predicate = true> <Delay = 1.76> <CoreInst = "DSP48">   --->   Core 119 'DSP48' <Latency = 3> <II = 1> <Delay = 1.82> <IPBlock> <Opcode : '' 'add' 'sub' 'mul' 'select'> <InPorts = 0> <OutPorts = 1> <Sync> <CReg>
ST_6 : Operation 87 [1/1] (0.00ns)   --->   "%zext_ln606_4 = zext i8 %p_kernel_pixel_1_1_val_read" [/home/kedhar/Vitis_Libraries/vision/L1/examples/customconv/../../../L1/include/imgproc/xf_custom_convolution.hpp:606]   --->   Operation 87 'zext' 'zext_ln606_4' <Predicate = true> <Delay = 0.00>
ST_6 : Operation 88 [1/1] (0.00ns)   --->   "%sext_ln606_4 = sext i16 %p_kernel_filter_1_1_val_read" [/home/kedhar/Vitis_Libraries/vision/L1/examples/customconv/../../../L1/include/imgproc/xf_custom_convolution.hpp:606]   --->   Operation 88 'sext' 'sext_ln606_4' <Predicate = true> <Delay = 0.00>
ST_6 : Operation 89 [3/3] (0.98ns) (grouped into DSP with root node add_ln607_2)   --->   "%temp_5 = mul i24 %sext_ln606_4, i24 %zext_ln606_4" [/home/kedhar/Vitis_Libraries/vision/L1/examples/customconv/../../../L1/include/imgproc/xf_custom_convolution.hpp:606]   --->   Operation 89 'mul' 'temp_5' <Predicate = true> <Delay = 0.98> <CoreInst = "DSP48">   --->   Core 119 'DSP48' <Latency = 3> <II = 1> <Delay = 1.82> <IPBlock> <Opcode : '' 'add' 'sub' 'mul' 'select'> <InPorts = 0> <OutPorts = 1> <Sync> <CReg>
ST_6 : Operation 90 [2/3] (0.98ns) (grouped into DSP with root node add_ln607_4)   --->   "%temp_6 = mul i24 %sext_ln606_5, i24 %zext_ln606_5" [/home/kedhar/Vitis_Libraries/vision/L1/examples/customconv/../../../L1/include/imgproc/xf_custom_convolution.hpp:606]   --->   Operation 90 'mul' 'temp_6' <Predicate = true> <Delay = 0.98> <CoreInst = "DSP48">   --->   Core 119 'DSP48' <Latency = 3> <II = 1> <Delay = 1.82> <IPBlock> <Opcode : '' 'add' 'sub' 'mul' 'select'> <InPorts = 0> <OutPorts = 1> <Sync> <CReg>
ST_6 : Operation 91 [1/2] (1.76ns) (root node of the DSP)   --->   "%add_ln607_3 = add i25 %sext_ln584_6, i25 %sext_ln584_7" [/home/kedhar/Vitis_Libraries/vision/L1/examples/customconv/../../../L1/include/imgproc/xf_custom_convolution.hpp:607]   --->   Operation 91 'add' 'add_ln607_3' <Predicate = true> <Delay = 1.76> <CoreInst = "DSP48">   --->   Core 119 'DSP48' <Latency = 3> <II = 1> <Delay = 1.82> <IPBlock> <Opcode : '' 'add' 'sub' 'mul' 'select'> <InPorts = 0> <OutPorts = 1> <Sync> <CReg>

State 7 <SV = 6> <Delay = 1.76>
ST_7 : Operation 92 [1/1] (0.00ns)   --->   "%sext_ln583 = sext i25 %sum_1" [/home/kedhar/Vitis_Libraries/vision/L1/examples/customconv/../../../L1/include/imgproc/xf_custom_convolution.hpp:583]   --->   Operation 92 'sext' 'sext_ln583' <Predicate = true> <Delay = 0.00>
ST_7 : Operation 93 [1/1] (0.00ns)   --->   "%sext_ln607 = sext i25 %add_ln607" [/home/kedhar/Vitis_Libraries/vision/L1/examples/customconv/../../../L1/include/imgproc/xf_custom_convolution.hpp:607]   --->   Operation 93 'sext' 'sext_ln607' <Predicate = true> <Delay = 0.00>
ST_7 : Operation 94 [1/1] (1.71ns)   --->   "%sum_2 = add i26 %sext_ln607, i26 %sext_ln583" [/home/kedhar/Vitis_Libraries/vision/L1/examples/customconv/../../../L1/include/imgproc/xf_custom_convolution.hpp:607]   --->   Operation 94 'add' 'sum_2' <Predicate = true> <Delay = 1.71> <CoreInst = "Adder">   --->   Core 1 'Adder' <Latency = 0> <II = 1> <Delay = 1.71> <FuncUnit> <Opcode : 'add' 'sub'> <InPorts = 2> <OutPorts = 1>
ST_7 : Operation 95 [2/3] (0.98ns) (grouped into DSP with root node add_ln607_2)   --->   "%temp_5 = mul i24 %sext_ln606_4, i24 %zext_ln606_4" [/home/kedhar/Vitis_Libraries/vision/L1/examples/customconv/../../../L1/include/imgproc/xf_custom_convolution.hpp:606]   --->   Operation 95 'mul' 'temp_5' <Predicate = true> <Delay = 0.98> <CoreInst = "DSP48">   --->   Core 119 'DSP48' <Latency = 3> <II = 1> <Delay = 1.82> <IPBlock> <Opcode : '' 'add' 'sub' 'mul' 'select'> <InPorts = 0> <OutPorts = 1> <Sync> <CReg>
ST_7 : Operation 96 [1/3] (0.00ns) (grouped into DSP with root node add_ln607_4)   --->   "%temp_6 = mul i24 %sext_ln606_5, i24 %zext_ln606_5" [/home/kedhar/Vitis_Libraries/vision/L1/examples/customconv/../../../L1/include/imgproc/xf_custom_convolution.hpp:606]   --->   Operation 96 'mul' 'temp_6' <Predicate = true> <Delay = 0.00> <CoreInst = "DSP48">   --->   Core 119 'DSP48' <Latency = 3> <II = 1> <Delay = 1.82> <IPBlock> <Opcode : '' 'add' 'sub' 'mul' 'select'> <InPorts = 0> <OutPorts = 1> <Sync> <CReg>
ST_7 : Operation 97 [1/1] (0.00ns) (grouped into DSP with root node add_ln607_4)   --->   "%sext_ln584_5 = sext i24 %temp_6" [/home/kedhar/Vitis_Libraries/vision/L1/examples/customconv/../../../L1/include/imgproc/xf_custom_convolution.hpp:584]   --->   Operation 97 'sext' 'sext_ln584_5' <Predicate = true> <Delay = 0.00>
ST_7 : Operation 98 [1/1] (0.00ns)   --->   "%sext_ln607_1 = sext i25 %add_ln607_3" [/home/kedhar/Vitis_Libraries/vision/L1/examples/customconv/../../../L1/include/imgproc/xf_custom_convolution.hpp:607]   --->   Operation 98 'sext' 'sext_ln607_1' <Predicate = true> <Delay = 0.00>
ST_7 : Operation 99 [2/2] (1.76ns) (root node of the DSP)   --->   "%add_ln607_4 = add i26 %sext_ln607_1, i26 %sext_ln584_5" [/home/kedhar/Vitis_Libraries/vision/L1/examples/customconv/../../../L1/include/imgproc/xf_custom_convolution.hpp:607]   --->   Operation 99 'add' 'add_ln607_4' <Predicate = true> <Delay = 1.76> <CoreInst = "DSP48">   --->   Core 119 'DSP48' <Latency = 3> <II = 1> <Delay = 1.82> <IPBlock> <Opcode : '' 'add' 'sub' 'mul' 'select'> <InPorts = 0> <OutPorts = 1> <Sync> <CReg>

State 8 <SV = 7> <Delay = 1.76>
ST_8 : Operation 100 [1/1] (0.00ns)   --->   "%sext_ln583_1 = sext i26 %sum_2" [/home/kedhar/Vitis_Libraries/vision/L1/examples/customconv/../../../L1/include/imgproc/xf_custom_convolution.hpp:583]   --->   Operation 100 'sext' 'sext_ln583_1' <Predicate = true> <Delay = 0.00>
ST_8 : Operation 101 [1/3] (0.00ns) (grouped into DSP with root node add_ln607_2)   --->   "%temp_5 = mul i24 %sext_ln606_4, i24 %zext_ln606_4" [/home/kedhar/Vitis_Libraries/vision/L1/examples/customconv/../../../L1/include/imgproc/xf_custom_convolution.hpp:606]   --->   Operation 101 'mul' 'temp_5' <Predicate = true> <Delay = 0.00> <CoreInst = "DSP48">   --->   Core 119 'DSP48' <Latency = 3> <II = 1> <Delay = 1.82> <IPBlock> <Opcode : '' 'add' 'sub' 'mul' 'select'> <InPorts = 0> <OutPorts = 1> <Sync> <CReg>
ST_8 : Operation 102 [1/1] (0.00ns) (grouped into DSP with root node add_ln607_2)   --->   "%sext_ln584_4 = sext i24 %temp_5" [/home/kedhar/Vitis_Libraries/vision/L1/examples/customconv/../../../L1/include/imgproc/xf_custom_convolution.hpp:584]   --->   Operation 102 'sext' 'sext_ln584_4' <Predicate = true> <Delay = 0.00>
ST_8 : Operation 103 [2/2] (1.76ns) (root node of the DSP)   --->   "%add_ln607_2 = add i27 %sext_ln583_1, i27 %sext_ln584_4" [/home/kedhar/Vitis_Libraries/vision/L1/examples/customconv/../../../L1/include/imgproc/xf_custom_convolution.hpp:607]   --->   Operation 103 'add' 'add_ln607_2' <Predicate = true> <Delay = 1.76> <CoreInst = "DSP48">   --->   Core 119 'DSP48' <Latency = 3> <II = 1> <Delay = 1.82> <IPBlock> <Opcode : '' 'add' 'sub' 'mul' 'select'> <InPorts = 0> <OutPorts = 1> <Sync> <CReg>
ST_8 : Operation 104 [1/2] (1.76ns) (root node of the DSP)   --->   "%add_ln607_4 = add i26 %sext_ln607_1, i26 %sext_ln584_5" [/home/kedhar/Vitis_Libraries/vision/L1/examples/customconv/../../../L1/include/imgproc/xf_custom_convolution.hpp:607]   --->   Operation 104 'add' 'add_ln607_4' <Predicate = true> <Delay = 1.76> <CoreInst = "DSP48">   --->   Core 119 'DSP48' <Latency = 3> <II = 1> <Delay = 1.82> <IPBlock> <Opcode : '' 'add' 'sub' 'mul' 'select'> <InPorts = 0> <OutPorts = 1> <Sync> <CReg>

State 9 <SV = 8> <Delay = 1.76>
ST_9 : Operation 105 [1/2] (1.76ns) (root node of the DSP)   --->   "%add_ln607_2 = add i27 %sext_ln583_1, i27 %sext_ln584_4" [/home/kedhar/Vitis_Libraries/vision/L1/examples/customconv/../../../L1/include/imgproc/xf_custom_convolution.hpp:607]   --->   Operation 105 'add' 'add_ln607_2' <Predicate = true> <Delay = 1.76> <CoreInst = "DSP48">   --->   Core 119 'DSP48' <Latency = 3> <II = 1> <Delay = 1.82> <IPBlock> <Opcode : '' 'add' 'sub' 'mul' 'select'> <InPorts = 0> <OutPorts = 1> <Sync> <CReg>
ST_9 : Operation 106 [1/1] (0.00ns)   --->   "%zext_ln606_8 = zext i8 %p_kernel_pixel_0_0_val_read" [/home/kedhar/Vitis_Libraries/vision/L1/examples/customconv/../../../L1/include/imgproc/xf_custom_convolution.hpp:606]   --->   Operation 106 'zext' 'zext_ln606_8' <Predicate = true> <Delay = 0.00>
ST_9 : Operation 107 [1/1] (0.00ns)   --->   "%sext_ln606_8 = sext i16 %p_kernel_filter_2_2_val_read" [/home/kedhar/Vitis_Libraries/vision/L1/examples/customconv/../../../L1/include/imgproc/xf_custom_convolution.hpp:606]   --->   Operation 107 'sext' 'sext_ln606_8' <Predicate = true> <Delay = 0.00>
ST_9 : Operation 108 [3/3] (0.98ns) (grouped into DSP with root node sum_4)   --->   "%temp_9 = mul i24 %sext_ln606_8, i24 %zext_ln606_8" [/home/kedhar/Vitis_Libraries/vision/L1/examples/customconv/../../../L1/include/imgproc/xf_custom_convolution.hpp:606]   --->   Operation 108 'mul' 'temp_9' <Predicate = true> <Delay = 0.98> <CoreInst = "DSP48">   --->   Core 119 'DSP48' <Latency = 3> <II = 1> <Delay = 1.82> <IPBlock> <Opcode : '' 'add' 'sub' 'mul' 'select'> <InPorts = 0> <OutPorts = 1> <Sync> <CReg>

State 10 <SV = 9> <Delay = 1.77>
ST_10 : Operation 109 [1/1] (0.00ns)   --->   "%sext_ln607_2 = sext i26 %add_ln607_4" [/home/kedhar/Vitis_Libraries/vision/L1/examples/customconv/../../../L1/include/imgproc/xf_custom_convolution.hpp:607]   --->   Operation 109 'sext' 'sext_ln607_2' <Predicate = true> <Delay = 0.00>
ST_10 : Operation 110 [1/1] (1.77ns)   --->   "%sum_3 = add i27 %sext_ln607_2, i27 %add_ln607_2" [/home/kedhar/Vitis_Libraries/vision/L1/examples/customconv/../../../L1/include/imgproc/xf_custom_convolution.hpp:607]   --->   Operation 110 'add' 'sum_3' <Predicate = true> <Delay = 1.77> <CoreInst = "Adder">   --->   Core 1 'Adder' <Latency = 0> <II = 1> <Delay = 1.77> <FuncUnit> <Opcode : 'add' 'sub'> <InPorts = 2> <OutPorts = 1>
ST_10 : Operation 111 [2/3] (0.98ns) (grouped into DSP with root node sum_4)   --->   "%temp_9 = mul i24 %sext_ln606_8, i24 %zext_ln606_8" [/home/kedhar/Vitis_Libraries/vision/L1/examples/customconv/../../../L1/include/imgproc/xf_custom_convolution.hpp:606]   --->   Operation 111 'mul' 'temp_9' <Predicate = true> <Delay = 0.98> <CoreInst = "DSP48">   --->   Core 119 'DSP48' <Latency = 3> <II = 1> <Delay = 1.82> <IPBlock> <Opcode : '' 'add' 'sub' 'mul' 'select'> <InPorts = 0> <OutPorts = 1> <Sync> <CReg>

State 11 <SV = 10> <Delay = 1.76>
ST_11 : Operation 112 [1/1] (0.00ns)   --->   "%sext_ln583_2 = sext i27 %sum_3" [/home/kedhar/Vitis_Libraries/vision/L1/examples/customconv/../../../L1/include/imgproc/xf_custom_convolution.hpp:583]   --->   Operation 112 'sext' 'sext_ln583_2' <Predicate = true> <Delay = 0.00>
ST_11 : Operation 113 [1/3] (0.00ns) (grouped into DSP with root node sum_4)   --->   "%temp_9 = mul i24 %sext_ln606_8, i24 %zext_ln606_8" [/home/kedhar/Vitis_Libraries/vision/L1/examples/customconv/../../../L1/include/imgproc/xf_custom_convolution.hpp:606]   --->   Operation 113 'mul' 'temp_9' <Predicate = true> <Delay = 0.00> <CoreInst = "DSP48">   --->   Core 119 'DSP48' <Latency = 3> <II = 1> <Delay = 1.82> <IPBlock> <Opcode : '' 'add' 'sub' 'mul' 'select'> <InPorts = 0> <OutPorts = 1> <Sync> <CReg>
ST_11 : Operation 114 [1/1] (0.00ns) (grouped into DSP with root node sum_4)   --->   "%sext_ln584_8 = sext i24 %temp_9" [/home/kedhar/Vitis_Libraries/vision/L1/examples/customconv/../../../L1/include/imgproc/xf_custom_convolution.hpp:584]   --->   Operation 114 'sext' 'sext_ln584_8' <Predicate = true> <Delay = 0.00>
ST_11 : Operation 115 [2/2] (1.76ns) (root node of the DSP)   --->   "%sum_4 = add i28 %sext_ln583_2, i28 %sext_ln584_8" [/home/kedhar/Vitis_Libraries/vision/L1/examples/customconv/../../../L1/include/imgproc/xf_custom_convolution.hpp:607]   --->   Operation 115 'add' 'sum_4' <Predicate = true> <Delay = 1.76> <CoreInst = "DSP48">   --->   Core 119 'DSP48' <Latency = 3> <II = 1> <Delay = 1.82> <IPBlock> <Opcode : '' 'add' 'sub' 'mul' 'select'> <InPorts = 0> <OutPorts = 1> <Sync> <CReg>

State 12 <SV = 11> <Delay = 1.76>
ST_12 : Operation 116 [1/2] (1.76ns) (root node of the DSP)   --->   "%sum_4 = add i28 %sext_ln583_2, i28 %sext_ln584_8" [/home/kedhar/Vitis_Libraries/vision/L1/examples/customconv/../../../L1/include/imgproc/xf_custom_convolution.hpp:607]   --->   Operation 116 'add' 'sum_4' <Predicate = true> <Delay = 1.76> <CoreInst = "DSP48">   --->   Core 119 'DSP48' <Latency = 3> <II = 1> <Delay = 1.82> <IPBlock> <Opcode : '' 'add' 'sub' 'mul' 'select'> <InPorts = 0> <OutPorts = 1> <Sync> <CReg>

State 13 <SV = 12> <Delay = 2.66>
ST_13 : Operation 117 [1/1] (0.00ns)   --->   "%conv_i116 = zext i8 %shift_read"   --->   Operation 117 'zext' 'conv_i116' <Predicate = true> <Delay = 0.00>
ST_13 : Operation 118 [1/1] (0.00ns)   --->   "%sext_ln583_3 = sext i28 %sum_4" [/home/kedhar/Vitis_Libraries/vision/L1/examples/customconv/../../../L1/include/imgproc/xf_custom_convolution.hpp:583]   --->   Operation 118 'sext' 'sext_ln583_3' <Predicate = true> <Delay = 0.00>
ST_13 : Operation 119 [7/7] (2.66ns)   --->   "%tmp_sum = ashr i32 %sext_ln583_3, i32 %conv_i116" [/home/kedhar/Vitis_Libraries/vision/L1/examples/customconv/../../../L1/include/imgproc/xf_custom_convolution.hpp:611]   --->   Operation 119 'ashr' 'tmp_sum' <Predicate = true> <Delay = 2.66> <CoreInst = "Shifter">   --->   Core 75 'Shifter' <Latency = 6> <II = 1> <Delay = 2.66> <FuncUnit> <Opcode : 'shl' 'lshr' 'ashr'> <InPorts = 2> <OutPorts = 1>

State 14 <SV = 13> <Delay = 2.66>
ST_14 : Operation 120 [6/7] (2.66ns)   --->   "%tmp_sum = ashr i32 %sext_ln583_3, i32 %conv_i116" [/home/kedhar/Vitis_Libraries/vision/L1/examples/customconv/../../../L1/include/imgproc/xf_custom_convolution.hpp:611]   --->   Operation 120 'ashr' 'tmp_sum' <Predicate = true> <Delay = 2.66> <CoreInst = "Shifter">   --->   Core 75 'Shifter' <Latency = 6> <II = 1> <Delay = 2.66> <FuncUnit> <Opcode : 'shl' 'lshr' 'ashr'> <InPorts = 2> <OutPorts = 1>

State 15 <SV = 14> <Delay = 2.66>
ST_15 : Operation 121 [5/7] (2.66ns)   --->   "%tmp_sum = ashr i32 %sext_ln583_3, i32 %conv_i116" [/home/kedhar/Vitis_Libraries/vision/L1/examples/customconv/../../../L1/include/imgproc/xf_custom_convolution.hpp:611]   --->   Operation 121 'ashr' 'tmp_sum' <Predicate = true> <Delay = 2.66> <CoreInst = "Shifter">   --->   Core 75 'Shifter' <Latency = 6> <II = 1> <Delay = 2.66> <FuncUnit> <Opcode : 'shl' 'lshr' 'ashr'> <InPorts = 2> <OutPorts = 1>

State 16 <SV = 15> <Delay = 2.66>
ST_16 : Operation 122 [4/7] (2.66ns)   --->   "%tmp_sum = ashr i32 %sext_ln583_3, i32 %conv_i116" [/home/kedhar/Vitis_Libraries/vision/L1/examples/customconv/../../../L1/include/imgproc/xf_custom_convolution.hpp:611]   --->   Operation 122 'ashr' 'tmp_sum' <Predicate = true> <Delay = 2.66> <CoreInst = "Shifter">   --->   Core 75 'Shifter' <Latency = 6> <II = 1> <Delay = 2.66> <FuncUnit> <Opcode : 'shl' 'lshr' 'ashr'> <InPorts = 2> <OutPorts = 1>

State 17 <SV = 16> <Delay = 2.66>
ST_17 : Operation 123 [3/7] (2.66ns)   --->   "%tmp_sum = ashr i32 %sext_ln583_3, i32 %conv_i116" [/home/kedhar/Vitis_Libraries/vision/L1/examples/customconv/../../../L1/include/imgproc/xf_custom_convolution.hpp:611]   --->   Operation 123 'ashr' 'tmp_sum' <Predicate = true> <Delay = 2.66> <CoreInst = "Shifter">   --->   Core 75 'Shifter' <Latency = 6> <II = 1> <Delay = 2.66> <FuncUnit> <Opcode : 'shl' 'lshr' 'ashr'> <InPorts = 2> <OutPorts = 1>

State 18 <SV = 17> <Delay = 2.66>
ST_18 : Operation 124 [2/7] (2.66ns)   --->   "%tmp_sum = ashr i32 %sext_ln583_3, i32 %conv_i116" [/home/kedhar/Vitis_Libraries/vision/L1/examples/customconv/../../../L1/include/imgproc/xf_custom_convolution.hpp:611]   --->   Operation 124 'ashr' 'tmp_sum' <Predicate = true> <Delay = 2.66> <CoreInst = "Shifter">   --->   Core 75 'Shifter' <Latency = 6> <II = 1> <Delay = 2.66> <FuncUnit> <Opcode : 'shl' 'lshr' 'ashr'> <InPorts = 2> <OutPorts = 1>

State 19 <SV = 18> <Delay = 2.66>
ST_19 : Operation 125 [1/7] (2.66ns)   --->   "%tmp_sum = ashr i32 %sext_ln583_3, i32 %conv_i116" [/home/kedhar/Vitis_Libraries/vision/L1/examples/customconv/../../../L1/include/imgproc/xf_custom_convolution.hpp:611]   --->   Operation 125 'ashr' 'tmp_sum' <Predicate = true> <Delay = 2.66> <CoreInst = "Shifter">   --->   Core 75 'Shifter' <Latency = 6> <II = 1> <Delay = 2.66> <FuncUnit> <Opcode : 'shl' 'lshr' 'ashr'> <InPorts = 2> <OutPorts = 1>
ST_19 : Operation 126 [1/1] (0.00ns)   --->   "%tmp = partselect i20 @_ssdm_op_PartSelect.i20.i32.i32.i32, i32 %tmp_sum, i32 8, i32 27" [/home/kedhar/Vitis_Libraries/vision/L1/examples/customconv/../../../L1/include/imgproc/xf_custom_convolution.hpp:614]   --->   Operation 126 'partselect' 'tmp' <Predicate = true> <Delay = 0.00>

State 20 <SV = 19> <Delay = 2.39>
ST_20 : Operation 127 [1/1] (1.58ns)   --->   "%icmp_ln614 = icmp_sgt  i20 %tmp, i20 0" [/home/kedhar/Vitis_Libraries/vision/L1/examples/customconv/../../../L1/include/imgproc/xf_custom_convolution.hpp:614]   --->   Operation 127 'icmp' 'icmp_ln614' <Predicate = true> <Delay = 1.58> <CoreInst = "Cmp">   --->   Core 9 'Cmp' <Latency = 0> <II = 1> <Delay = 1.58> <FuncUnit> <Opcode : 'icmp'> <InPorts = 2> <OutPorts = 1>
ST_20 : Operation 128 [1/1] (0.00ns) (grouped into LUT with out node select_ln614)   --->   "%tmp_8 = bitselect i1 @_ssdm_op_BitSelect.i1.i32.i32, i32 %tmp_sum, i32 27" [/home/kedhar/Vitis_Libraries/vision/L1/examples/customconv/../../../L1/include/imgproc/xf_custom_convolution.hpp:616]   --->   Operation 128 'bitselect' 'tmp_8' <Predicate = true> <Delay = 0.00>
ST_20 : Operation 129 [1/1] (0.00ns) (grouped into LUT with out node select_ln614)   --->   "%trunc_ln619 = trunc i32 %tmp_sum" [/home/kedhar/Vitis_Libraries/vision/L1/examples/customconv/../../../L1/include/imgproc/xf_custom_convolution.hpp:619]   --->   Operation 129 'trunc' 'trunc_ln619' <Predicate = true> <Delay = 0.00>
ST_20 : Operation 130 [1/1] (0.00ns) (grouped into LUT with out node select_ln614)   --->   "%select_ln614_1 = select i1 %icmp_ln614, i8 255, i8 0" [/home/kedhar/Vitis_Libraries/vision/L1/examples/customconv/../../../L1/include/imgproc/xf_custom_convolution.hpp:614]   --->   Operation 130 'select' 'select_ln614_1' <Predicate = true> <Delay = 0.00> <CoreInst = "Sel">   --->   Core 73 'Sel' <Latency = 0> <II = 1> <Delay = 0.81> <FuncUnit> <Opcode : 'select'> <InPorts = 3> <OutPorts = 1>
ST_20 : Operation 131 [1/1] (0.00ns) (grouped into LUT with out node select_ln614)   --->   "%or_ln614 = or i1 %icmp_ln614, i1 %tmp_8" [/home/kedhar/Vitis_Libraries/vision/L1/examples/customconv/../../../L1/include/imgproc/xf_custom_convolution.hpp:614]   --->   Operation 131 'or' 'or_ln614' <Predicate = true> <Delay = 0.00> <CoreInst = "LogicGate">   --->   Core 74 'LogicGate' <Latency = 0> <II = 1> <Delay = 0.80> <FuncUnit> <Opcode : 'and' 'or' 'xor'> <InPorts = 2> <OutPorts = 1>
ST_20 : Operation 132 [1/1] (0.81ns) (out node of the LUT)   --->   "%select_ln614 = select i1 %or_ln614, i8 %select_ln614_1, i8 %trunc_ln619" [/home/kedhar/Vitis_Libraries/vision/L1/examples/customconv/../../../L1/include/imgproc/xf_custom_convolution.hpp:614]   --->   Operation 132 'select' 'select_ln614' <Predicate = true> <Delay = 0.81> <CoreInst = "Sel">   --->   Core 73 'Sel' <Latency = 0> <II = 1> <Delay = 0.44> <FuncUnit> <Opcode : 'select'> <InPorts = 3> <OutPorts = 1>
ST_20 : Operation 133 [1/1] (0.00ns)   --->   "%ret_ln631 = ret i8 %select_ln614" [/home/kedhar/Vitis_Libraries/vision/L1/examples/customconv/../../../L1/include/imgproc/xf_custom_convolution.hpp:631]   --->   Operation 133 'ret' 'ret_ln631' <Predicate = true> <Delay = 0.00>


============================================================
+ Verbose Summary: Timing violations
============================================================
Target clock period: 3.300ns, clock uncertainty: 0.891ns.

 <State 1>: 1.534ns
The critical path consists of the following:
	wire read operation ('p_kernel_filter_0_1_val_read') on port 'p_kernel_filter_0_1_val' [28]  (0.000 ns)
	'mul' operation 24 bit ('temp', /home/kedhar/Vitis_Libraries/vision/L1/examples/customconv/../../../L1/include/imgproc/xf_custom_convolution.hpp:606) [46]  (1.534 ns)

 <State 2>: 1.534ns
The critical path consists of the following:
	'mul' operation 24 bit ('temp', /home/kedhar/Vitis_Libraries/vision/L1/examples/customconv/../../../L1/include/imgproc/xf_custom_convolution.hpp:606) [46]  (1.534 ns)

 <State 3>: 1.534ns
The critical path consists of the following:
	'mul' operation 24 bit ('temp', /home/kedhar/Vitis_Libraries/vision/L1/examples/customconv/../../../L1/include/imgproc/xf_custom_convolution.hpp:606) [46]  (1.534 ns)

 <State 4>: 1.534ns
The critical path consists of the following:
	'mul' operation 24 bit ('temp', /home/kedhar/Vitis_Libraries/vision/L1/examples/customconv/../../../L1/include/imgproc/xf_custom_convolution.hpp:606) [46]  (1.534 ns)

 <State 5>: 1.760ns
The critical path consists of the following:
	'mul' operation 24 bit of DSP[48] ('temp', /home/kedhar/Vitis_Libraries/vision/L1/examples/customconv/../../../L1/include/imgproc/xf_custom_convolution.hpp:606) [42]  (0.000 ns)
	'add' operation 25 bit of DSP[48] ('sum', /home/kedhar/Vitis_Libraries/vision/L1/examples/customconv/../../../L1/include/imgproc/xf_custom_convolution.hpp:607) [48]  (1.760 ns)

 <State 6>: 1.760ns
The critical path consists of the following:
	'add' operation 25 bit of DSP[48] ('sum', /home/kedhar/Vitis_Libraries/vision/L1/examples/customconv/../../../L1/include/imgproc/xf_custom_convolution.hpp:607) [48]  (1.760 ns)

 <State 7>: 1.760ns
The critical path consists of the following:
	'mul' operation 24 bit of DSP[81] ('temp', /home/kedhar/Vitis_Libraries/vision/L1/examples/customconv/../../../L1/include/imgproc/xf_custom_convolution.hpp:606) [68]  (0.000 ns)
	'add' operation 26 bit of DSP[81] ('add_ln607_4', /home/kedhar/Vitis_Libraries/vision/L1/examples/customconv/../../../L1/include/imgproc/xf_custom_convolution.hpp:607) [81]  (1.760 ns)

 <State 8>: 1.760ns
The critical path consists of the following:
	'add' operation 27 bit of DSP[78] ('add_ln607_2', /home/kedhar/Vitis_Libraries/vision/L1/examples/customconv/../../../L1/include/imgproc/xf_custom_convolution.hpp:607) [78]  (1.760 ns)

 <State 9>: 1.760ns
The critical path consists of the following:
	'add' operation 27 bit of DSP[78] ('add_ln607_2', /home/kedhar/Vitis_Libraries/vision/L1/examples/customconv/../../../L1/include/imgproc/xf_custom_convolution.hpp:607) [78]  (1.760 ns)

 <State 10>: 1.770ns
The critical path consists of the following:
	'add' operation 27 bit ('sum', /home/kedhar/Vitis_Libraries/vision/L1/examples/customconv/../../../L1/include/imgproc/xf_custom_convolution.hpp:607) [83]  (1.770 ns)

 <State 11>: 1.760ns
The critical path consists of the following:
	'add' operation 28 bit of DSP[89] ('sum', /home/kedhar/Vitis_Libraries/vision/L1/examples/customconv/../../../L1/include/imgproc/xf_custom_convolution.hpp:607) [89]  (1.760 ns)

 <State 12>: 1.760ns
The critical path consists of the following:
	'add' operation 28 bit of DSP[89] ('sum', /home/kedhar/Vitis_Libraries/vision/L1/examples/customconv/../../../L1/include/imgproc/xf_custom_convolution.hpp:607) [89]  (1.760 ns)

 <State 13>: 2.665ns
The critical path consists of the following:
	'ashr' operation 32 bit ('tmp_sum', /home/kedhar/Vitis_Libraries/vision/L1/examples/customconv/../../../L1/include/imgproc/xf_custom_convolution.hpp:611) [91]  (2.665 ns)

 <State 14>: 2.665ns
The critical path consists of the following:
	'ashr' operation 32 bit ('tmp_sum', /home/kedhar/Vitis_Libraries/vision/L1/examples/customconv/../../../L1/include/imgproc/xf_custom_convolution.hpp:611) [91]  (2.665 ns)

 <State 15>: 2.665ns
The critical path consists of the following:
	'ashr' operation 32 bit ('tmp_sum', /home/kedhar/Vitis_Libraries/vision/L1/examples/customconv/../../../L1/include/imgproc/xf_custom_convolution.hpp:611) [91]  (2.665 ns)

 <State 16>: 2.665ns
The critical path consists of the following:
	'ashr' operation 32 bit ('tmp_sum', /home/kedhar/Vitis_Libraries/vision/L1/examples/customconv/../../../L1/include/imgproc/xf_custom_convolution.hpp:611) [91]  (2.665 ns)

 <State 17>: 2.665ns
The critical path consists of the following:
	'ashr' operation 32 bit ('tmp_sum', /home/kedhar/Vitis_Libraries/vision/L1/examples/customconv/../../../L1/include/imgproc/xf_custom_convolution.hpp:611) [91]  (2.665 ns)

 <State 18>: 2.665ns
The critical path consists of the following:
	'ashr' operation 32 bit ('tmp_sum', /home/kedhar/Vitis_Libraries/vision/L1/examples/customconv/../../../L1/include/imgproc/xf_custom_convolution.hpp:611) [91]  (2.665 ns)

 <State 19>: 2.665ns
The critical path consists of the following:
	'ashr' operation 32 bit ('tmp_sum', /home/kedhar/Vitis_Libraries/vision/L1/examples/customconv/../../../L1/include/imgproc/xf_custom_convolution.hpp:611) [91]  (2.665 ns)

 <State 20>: 2.395ns
The critical path consists of the following:
	'icmp' operation 1 bit ('icmp_ln614', /home/kedhar/Vitis_Libraries/vision/L1/examples/customconv/../../../L1/include/imgproc/xf_custom_convolution.hpp:614) [93]  (1.582 ns)
	'select' operation 8 bit ('select_ln614_1', /home/kedhar/Vitis_Libraries/vision/L1/examples/customconv/../../../L1/include/imgproc/xf_custom_convolution.hpp:614) [96]  (0.000 ns)
	'select' operation 8 bit ('select_ln614', /home/kedhar/Vitis_Libraries/vision/L1/examples/customconv/../../../L1/include/imgproc/xf_custom_convolution.hpp:614) [98]  (0.813 ns)


============================================================
+ Verbose Summary: Binding
============================================================
N/A
* FSMD analyzer results:
  - Output states:
 - Input state : 
  - Chain level:
	State 1
	State 2
	State 3
	State 4
	State 5
	State 6
	State 7
	State 8
	State 9
	State 10
	State 11
	State 12
	State 13
	State 14
	State 15
	State 16
	State 17
	State 18
	State 19
	State 20


============================================================
+ Verbose Summary: Datapath Resource usage 
============================================================
N/A
