

================================================================
== Vitis HLS Report for 'xFFilter2Dkernel_Pipeline_COL_LOOP'
================================================================
* Date:           Sat May  4 12:09:32 2024

* Version:        2023.2 (Build 4023990 on Oct 11 2023)
* Project:        customconv_ked.prj
* Solution:       sol1 (Vivado IP Flow Target)
* Product family: zynq
* Target device:  xc7z020-clg484-2


================================================================
== Performance Estimates
================================================================
+ Timing: 
    * Summary: 
    +--------+---------+----------+------------+
    |  Clock |  Target | Estimated| Uncertainty|
    +--------+---------+----------+------------+
    |ap_clk  |  3.30 ns|  3.635 ns|     0.89 ns|
    +--------+---------+----------+------------+

+ Latency: 
    * Summary: 
    +---------+---------+----------+----------+-----+-------+---------+
    |  Latency (cycles) |  Latency (absolute) |   Interval  | Pipeline|
    |   min   |   max   |    min   |    max   | min |  max  |   Type  |
    +---------+---------+----------+----------+-----+-------+---------+
    |       31|    65566|  0.113 us|  0.238 ms|   31|  65566|       no|
    +---------+---------+----------+----------+-----+-------+---------+

    + Detail: 
        * Instance: 
        N/A

        * Loop: 
        +------------+---------+---------+----------+-----------+-----------+-----------+----------+
        |            |  Latency (cycles) | Iteration|  Initiation Interval  |    Trip   |          |
        |  Loop Name |   min   |   max   |  Latency |  achieved |   target  |   Count   | Pipelined|
        +------------+---------+---------+----------+-----------+-----------+-----------+----------+
        |- COL_LOOP  |       29|    65564|        29|          1|          1|  2 ~ 65537|       yes|
        +------------+---------+---------+----------+-----------+-----------+-----------+----------+

============================================================
+ Verbose Summary: Synthesis Manager
============================================================
InlineROM: 1
ExposeGlobal: 0
============================================================
+ Verbose Summary: CDFG Model
============================================================
IsTopModel: 0
ResetActiveHigh: 1
IsCombinational: 0
IsDatapathOnly: 0
HasWiredReturn: 1
HasMFsm: 2
HasVarLatency: 1
IsPipeline: 0
IsRtlPipelined: 0
IsInstanceOverlapped: 0
IsDontTouch: 0
HasImplIP: 0
IsGatedGlobalClock: 0

+ Individual pipeline summary: 
  * Pipeline-0: initiation interval (II) = 1, depth = 29


============================================================
+ Verbose Summary: Schedule
============================================================
* Number of FSM states : 29
* Pipeline : 1
  Pipeline-0 : II = 1, D = 29, States = { 1 2 3 4 5 6 7 8 9 10 11 12 13 14 15 16 17 18 19 20 21 22 23 24 25 26 27 28 29 }
* Dataflow Pipeline: 0

* FSM state transitions: 
1 --> 2 
2 --> 3 
3 --> 4 
4 --> 5 
5 --> 6 
6 --> 7 
7 --> 8 
8 --> 9 
9 --> 10 
10 --> 11 
11 --> 12 
12 --> 13 
13 --> 14 
14 --> 15 
15 --> 16 
16 --> 17 
17 --> 18 
18 --> 19 
19 --> 20 
20 --> 21 
21 --> 22 
22 --> 23 
23 --> 24 
24 --> 25 
25 --> 26 
26 --> 27 
27 --> 28 
28 --> 29 
29 --> 

* FSM state operations: 

State 1 <SV = 0> <Delay = 3.63>
ST_1 : Operation 32 [1/1] (0.00ns)   --->   "%j = alloca i32 1" [/home/kedhar/Vitis_Libraries/vision/L1/examples/customconv/../../../L1/include/imgproc/xf_custom_convolution.hpp:701]   --->   Operation 32 'alloca' 'j' <Predicate = true> <Delay = 0.00>
ST_1 : Operation 33 [1/1] (0.00ns)   --->   "%src_kernel_win_1 = alloca i32 1" [/home/kedhar/Vitis_Libraries/vision/L1/examples/customconv/../../../L1/include/imgproc/xf_custom_convolution.hpp:673]   --->   Operation 33 'alloca' 'src_kernel_win_1' <Predicate = true> <Delay = 0.00>
ST_1 : Operation 34 [1/1] (0.00ns)   --->   "%src_kernel_win_2 = alloca i32 1" [/home/kedhar/Vitis_Libraries/vision/L1/examples/customconv/../../../L1/include/imgproc/xf_custom_convolution.hpp:673]   --->   Operation 34 'alloca' 'src_kernel_win_2' <Predicate = true> <Delay = 0.00>
ST_1 : Operation 35 [1/1] (0.00ns)   --->   "%src_kernel_win_4 = alloca i32 1" [/home/kedhar/Vitis_Libraries/vision/L1/examples/customconv/../../../L1/include/imgproc/xf_custom_convolution.hpp:673]   --->   Operation 35 'alloca' 'src_kernel_win_4' <Predicate = true> <Delay = 0.00>
ST_1 : Operation 36 [1/1] (0.00ns)   --->   "%shift_read = read i8 @_ssdm_op_Read.ap_auto.i8, i8 %shift"   --->   Operation 36 'read' 'shift_read' <Predicate = true> <Delay = 0.00>
ST_1 : Operation 37 [1/1] (0.00ns)   --->   "%p_filter_kernel_2_2_val9_read = read i16 @_ssdm_op_Read.ap_auto.i16, i16 %p_filter_kernel_2_2_val9"   --->   Operation 37 'read' 'p_filter_kernel_2_2_val9_read' <Predicate = true> <Delay = 0.00>
ST_1 : Operation 38 [1/1] (0.00ns)   --->   "%p_filter_kernel_2_1_val8_read = read i16 @_ssdm_op_Read.ap_auto.i16, i16 %p_filter_kernel_2_1_val8"   --->   Operation 38 'read' 'p_filter_kernel_2_1_val8_read' <Predicate = true> <Delay = 0.00>
ST_1 : Operation 39 [1/1] (0.00ns)   --->   "%p_filter_kernel_2_0_val7_read = read i16 @_ssdm_op_Read.ap_auto.i16, i16 %p_filter_kernel_2_0_val7"   --->   Operation 39 'read' 'p_filter_kernel_2_0_val7_read' <Predicate = true> <Delay = 0.00>
ST_1 : Operation 40 [1/1] (0.00ns)   --->   "%p_filter_kernel_1_2_val6_read = read i16 @_ssdm_op_Read.ap_auto.i16, i16 %p_filter_kernel_1_2_val6"   --->   Operation 40 'read' 'p_filter_kernel_1_2_val6_read' <Predicate = true> <Delay = 0.00>
ST_1 : Operation 41 [1/1] (0.00ns)   --->   "%p_filter_kernel_1_1_val5_read = read i16 @_ssdm_op_Read.ap_auto.i16, i16 %p_filter_kernel_1_1_val5"   --->   Operation 41 'read' 'p_filter_kernel_1_1_val5_read' <Predicate = true> <Delay = 0.00>
ST_1 : Operation 42 [1/1] (0.00ns)   --->   "%p_filter_kernel_1_0_val4_read = read i16 @_ssdm_op_Read.ap_auto.i16, i16 %p_filter_kernel_1_0_val4"   --->   Operation 42 'read' 'p_filter_kernel_1_0_val4_read' <Predicate = true> <Delay = 0.00>
ST_1 : Operation 43 [1/1] (0.00ns)   --->   "%p_filter_kernel_0_2_val3_read = read i16 @_ssdm_op_Read.ap_auto.i16, i16 %p_filter_kernel_0_2_val3"   --->   Operation 43 'read' 'p_filter_kernel_0_2_val3_read' <Predicate = true> <Delay = 0.00>
ST_1 : Operation 44 [1/1] (0.00ns)   --->   "%p_filter_kernel_0_1_val2_read = read i16 @_ssdm_op_Read.ap_auto.i16, i16 %p_filter_kernel_0_1_val2"   --->   Operation 44 'read' 'p_filter_kernel_0_1_val2_read' <Predicate = true> <Delay = 0.00>
ST_1 : Operation 45 [1/1] (0.00ns)   --->   "%p_filter_kernel_0_0_val1_read = read i16 @_ssdm_op_Read.ap_auto.i16, i16 %p_filter_kernel_0_0_val1"   --->   Operation 45 'read' 'p_filter_kernel_0_0_val1_read' <Predicate = true> <Delay = 0.00>
ST_1 : Operation 46 [1/1] (0.00ns)   --->   "%locy_2_read = read i2 @_ssdm_op_Read.ap_auto.i2, i2 %locy_2"   --->   Operation 46 'read' 'locy_2_read' <Predicate = true> <Delay = 0.00>
ST_1 : Operation 47 [1/1] (0.00ns)   --->   "%tmp = read i1 @_ssdm_op_Read.ap_auto.i1, i1 %empty"   --->   Operation 47 'read' 'tmp' <Predicate = true> <Delay = 0.00>
ST_1 : Operation 48 [1/1] (0.00ns)   --->   "%tmp_1 = read i1 @_ssdm_op_Read.ap_auto.i1, i1 %empty_27"   --->   Operation 48 'read' 'tmp_1' <Predicate = true> <Delay = 0.00>
ST_1 : Operation 49 [1/1] (0.00ns)   --->   "%locy_1_read = read i2 @_ssdm_op_Read.ap_auto.i2, i2 %locy_1"   --->   Operation 49 'read' 'locy_1_read' <Predicate = true> <Delay = 0.00>
ST_1 : Operation 50 [1/1] (0.00ns)   --->   "%tmp_2 = read i1 @_ssdm_op_Read.ap_auto.i1, i1 %empty_26"   --->   Operation 50 'read' 'tmp_2' <Predicate = true> <Delay = 0.00>
ST_1 : Operation 51 [1/1] (0.00ns)   --->   "%cmp179_1_read = read i1 @_ssdm_op_Read.ap_auto.i1, i1 %cmp179_1"   --->   Operation 51 'read' 'cmp179_1_read' <Predicate = true> <Delay = 0.00>
ST_1 : Operation 52 [1/1] (0.00ns)   --->   "%cmp1_i18_read = read i1 @_ssdm_op_Read.ap_auto.i1, i1 %cmp1_i18"   --->   Operation 52 'read' 'cmp1_i18_read' <Predicate = true> <Delay = 0.00>
ST_1 : Operation 53 [1/1] (0.00ns)   --->   "%locy_read = read i2 @_ssdm_op_Read.ap_auto.i2, i2 %locy"   --->   Operation 53 'read' 'locy_read' <Predicate = true> <Delay = 0.00>
ST_1 : Operation 54 [1/1] (0.00ns)   --->   "%brmerge30_read = read i1 @_ssdm_op_Read.ap_auto.i1, i1 %brmerge30"   --->   Operation 54 'read' 'brmerge30_read' <Predicate = true> <Delay = 0.00>
ST_1 : Operation 55 [1/1] (0.00ns)   --->   "%zext_ln696_read = read i16 @_ssdm_op_Read.ap_auto.i16, i16 %zext_ln696"   --->   Operation 55 'read' 'zext_ln696_read' <Predicate = true> <Delay = 0.00>
ST_1 : Operation 56 [1/1] (0.00ns)   --->   "%cmp204_read = read i1 @_ssdm_op_Read.ap_auto.i1, i1 %cmp204"   --->   Operation 56 'read' 'cmp204_read' <Predicate = true> <Delay = 0.00>
ST_1 : Operation 57 [1/1] (0.00ns)   --->   "%widthloop_read = read i17 @_ssdm_op_Read.ap_auto.i17, i17 %widthloop"   --->   Operation 57 'read' 'widthloop_read' <Predicate = true> <Delay = 0.00>
ST_1 : Operation 58 [1/1] (0.00ns)   --->   "%src_kernel_win_read = read i8 @_ssdm_op_Read.ap_auto.i8, i8 %src_kernel_win"   --->   Operation 58 'read' 'src_kernel_win_read' <Predicate = true> <Delay = 0.00>
ST_1 : Operation 59 [1/1] (0.00ns)   --->   "%src_kernel_win_3_read = read i8 @_ssdm_op_Read.ap_auto.i8, i8 %src_kernel_win_3"   --->   Operation 59 'read' 'src_kernel_win_3_read' <Predicate = true> <Delay = 0.00>
ST_1 : Operation 60 [1/1] (0.00ns)   --->   "%src_kernel_win_5_read = read i8 @_ssdm_op_Read.ap_auto.i8, i8 %src_kernel_win_5"   --->   Operation 60 'read' 'src_kernel_win_5_read' <Predicate = true> <Delay = 0.00>
ST_1 : Operation 61 [1/1] (0.00ns)   --->   "%zext_ln696_cast = zext i16 %zext_ln696_read"   --->   Operation 61 'zext' 'zext_ln696_cast' <Predicate = true> <Delay = 0.00>
ST_1 : Operation 62 [1/1] (0.00ns)   --->   "%specinterface_ln0 = specinterface void @_ssdm_op_SpecInterface, i8 %imgOutput_data, void @empty_11, i32 0, i32 0, void @empty_8, i32 0, i32 0, void @empty_8, void @empty_8, void @empty_8, i32 0, i32 0, i32 0, i32 0, void @empty_8, void @empty_8, i32 4294967295, i32 0"   --->   Operation 62 'specinterface' 'specinterface_ln0' <Predicate = true> <Delay = 0.00>
ST_1 : Operation 63 [1/1] (0.00ns)   --->   "%specinterface_ln0 = specinterface void @_ssdm_op_SpecInterface, i8 %imgInput_data, void @empty_11, i32 0, i32 0, void @empty_8, i32 0, i32 0, void @empty_8, void @empty_8, void @empty_8, i32 0, i32 0, i32 0, i32 0, void @empty_8, void @empty_8, i32 4294967295, i32 0"   --->   Operation 63 'specinterface' 'specinterface_ln0' <Predicate = true> <Delay = 0.00>
ST_1 : Operation 64 [1/1] (0.00ns)   --->   "%k_buf = alloca i64 1" [/home/kedhar/Vitis_Libraries/vision/L1/examples/customconv/../../../L1/include/imgproc/xf_custom_convolution.hpp:675]   --->   Operation 64 'alloca' 'k_buf' <Predicate = true> <Delay = 0.00> <CoreInst = "RAM">   --->   Core 82 'RAM' <Latency = 2> <II = 1> <Delay = 1.38> <Storage> <Opcode : 'load' 'store'> <Ports = 2> <Width = 8> <Depth = 128> <RAM>
ST_1 : Operation 65 [1/1] (0.00ns)   --->   "%k_buf_1 = alloca i64 1" [/home/kedhar/Vitis_Libraries/vision/L1/examples/customconv/../../../L1/include/imgproc/xf_custom_convolution.hpp:675]   --->   Operation 65 'alloca' 'k_buf_1' <Predicate = true> <Delay = 0.00> <CoreInst = "RAM">   --->   Core 82 'RAM' <Latency = 2> <II = 1> <Delay = 1.38> <Storage> <Opcode : 'load' 'store'> <Ports = 2> <Width = 8> <Depth = 128> <RAM>
ST_1 : Operation 66 [1/1] (0.00ns)   --->   "%k_buf_2 = alloca i64 1" [/home/kedhar/Vitis_Libraries/vision/L1/examples/customconv/../../../L1/include/imgproc/xf_custom_convolution.hpp:675]   --->   Operation 66 'alloca' 'k_buf_2' <Predicate = true> <Delay = 0.00> <CoreInst = "RAM">   --->   Core 82 'RAM' <Latency = 2> <II = 1> <Delay = 1.38> <Storage> <Opcode : 'load' 'store'> <Ports = 2> <Width = 8> <Depth = 128> <RAM>
ST_1 : Operation 67 [1/1] (1.37ns)   --->   "%store_ln673 = store i8 %src_kernel_win_5_read, i8 %src_kernel_win_4" [/home/kedhar/Vitis_Libraries/vision/L1/examples/customconv/../../../L1/include/imgproc/xf_custom_convolution.hpp:673]   --->   Operation 67 'store' 'store_ln673' <Predicate = true> <Delay = 1.37>
ST_1 : Operation 68 [1/1] (1.37ns)   --->   "%store_ln673 = store i8 %src_kernel_win_3_read, i8 %src_kernel_win_2" [/home/kedhar/Vitis_Libraries/vision/L1/examples/customconv/../../../L1/include/imgproc/xf_custom_convolution.hpp:673]   --->   Operation 68 'store' 'store_ln673' <Predicate = true> <Delay = 1.37>
ST_1 : Operation 69 [1/1] (1.37ns)   --->   "%store_ln673 = store i8 %src_kernel_win_read, i8 %src_kernel_win_1" [/home/kedhar/Vitis_Libraries/vision/L1/examples/customconv/../../../L1/include/imgproc/xf_custom_convolution.hpp:673]   --->   Operation 69 'store' 'store_ln673' <Predicate = true> <Delay = 1.37>
ST_1 : Operation 70 [1/1] (1.29ns)   --->   "%store_ln701 = store i16 0, i16 %j" [/home/kedhar/Vitis_Libraries/vision/L1/examples/customconv/../../../L1/include/imgproc/xf_custom_convolution.hpp:701]   --->   Operation 70 'store' 'store_ln701' <Predicate = true> <Delay = 1.29>
ST_1 : Operation 71 [1/1] (0.00ns)   --->   "%br_ln0 = br void %for.body9"   --->   Operation 71 'br' 'br_ln0' <Predicate = true> <Delay = 0.00>
ST_1 : Operation 72 [1/1] (0.00ns)   --->   "%j_1 = load i16 %j" [/home/kedhar/Vitis_Libraries/vision/L1/examples/customconv/../../../L1/include/imgproc/xf_custom_convolution.hpp:721]   --->   Operation 72 'load' 'j_1' <Predicate = true> <Delay = 0.00>
ST_1 : Operation 73 [1/1] (0.00ns)   --->   "%zext_ln709 = zext i16 %j_1" [/home/kedhar/Vitis_Libraries/vision/L1/examples/customconv/../../../L1/include/imgproc/xf_custom_convolution.hpp:709]   --->   Operation 73 'zext' 'zext_ln709' <Predicate = true> <Delay = 0.00>
ST_1 : Operation 74 [1/1] (1.55ns)   --->   "%icmp_ln709 = icmp_ugt  i17 %widthloop_read, i17 %zext_ln709" [/home/kedhar/Vitis_Libraries/vision/L1/examples/customconv/../../../L1/include/imgproc/xf_custom_convolution.hpp:709]   --->   Operation 74 'icmp' 'icmp_ln709' <Predicate = true> <Delay = 1.55> <CoreInst = "Cmp">   --->   Core 9 'Cmp' <Latency = 0> <II = 1> <Delay = 1.55> <FuncUnit> <Opcode : 'icmp'> <InPorts = 2> <OutPorts = 1>
ST_1 : Operation 75 [1/1] (1.54ns)   --->   "%j_2 = add i16 %j_1, i16 1" [/home/kedhar/Vitis_Libraries/vision/L1/examples/customconv/../../../L1/include/imgproc/xf_custom_convolution.hpp:709]   --->   Operation 75 'add' 'j_2' <Predicate = true> <Delay = 1.54> <CoreInst = "Adder">   --->   Core 1 'Adder' <Latency = 0> <II = 1> <Delay = 1.54> <FuncUnit> <Opcode : 'add' 'sub'> <InPorts = 2> <OutPorts = 1>
ST_1 : Operation 76 [1/1] (0.00ns)   --->   "%br_ln709 = br i1 %icmp_ln709, void %for.inc215.exitStub, void %for.body9.split_ifconv" [/home/kedhar/Vitis_Libraries/vision/L1/examples/customconv/../../../L1/include/imgproc/xf_custom_convolution.hpp:709]   --->   Operation 76 'br' 'br_ln709' <Predicate = true> <Delay = 0.00>
ST_1 : Operation 77 [1/1] (1.54ns)   --->   "%ImagLocx = add i16 %j_1, i16 65535" [/home/kedhar/Vitis_Libraries/vision/L1/examples/customconv/../../../L1/include/imgproc/xf_custom_convolution.hpp:721]   --->   Operation 77 'add' 'ImagLocx' <Predicate = (icmp_ln709)> <Delay = 1.54> <CoreInst = "Adder">   --->   Core 1 'Adder' <Latency = 0> <II = 1> <Delay = 1.54> <FuncUnit> <Opcode : 'add' 'sub'> <InPorts = 2> <OutPorts = 1>
ST_1 : Operation 78 [1/1] (0.00ns)   --->   "%tmp_3 = bitselect i1 @_ssdm_op_BitSelect.i1.i16.i32, i16 %ImagLocx, i32 15" [/home/kedhar/Vitis_Libraries/vision/L1/examples/customconv/../../../L1/include/imgproc/xf_custom_convolution.hpp:637->/home/kedhar/Vitis_Libraries/vision/L1/examples/customconv/../../../L1/include/imgproc/xf_custom_convolution.hpp:723]   --->   Operation 78 'bitselect' 'tmp_3' <Predicate = (icmp_ln709)> <Delay = 0.00>
ST_1 : Operation 79 [1/1] (0.00ns)   --->   "%br_ln738 = br i1 %brmerge30_read, void %if.else157, void %if.then" [/home/kedhar/Vitis_Libraries/vision/L1/examples/customconv/../../../L1/include/imgproc/xf_custom_convolution.hpp:738]   --->   Operation 79 'br' 'br_ln738' <Predicate = (icmp_ln709)> <Delay = 0.00>
ST_1 : Operation 80 [1/1] (0.00ns)   --->   "%br_ln770 = br i1 %tmp, void %if.then160_ifconv, void %if.end202" [/home/kedhar/Vitis_Libraries/vision/L1/examples/customconv/../../../L1/include/imgproc/xf_custom_convolution.hpp:770]   --->   Operation 80 'br' 'br_ln770' <Predicate = (icmp_ln709 & !brmerge30_read)> <Delay = 0.00>
ST_1 : Operation 81 [1/1] (0.00ns)   --->   "%br_ln783 = br i1 %tmp_1, void %if.then160_ifconv.if.end202_crit_edge, void %if.else190.2" [/home/kedhar/Vitis_Libraries/vision/L1/examples/customconv/../../../L1/include/imgproc/xf_custom_convolution.hpp:783]   --->   Operation 81 'br' 'br_ln783' <Predicate = (icmp_ln709 & !brmerge30_read & !tmp)> <Delay = 0.00>
ST_1 : Operation 82 [1/1] (0.00ns)   --->   "%tmp_5 = partselect i15 @_ssdm_op_PartSelect.i15.i16.i32.i32, i16 %j_1, i32 1, i32 15" [/home/kedhar/Vitis_Libraries/vision/L1/examples/customconv/../../../L1/include/imgproc/xf_custom_convolution.hpp:794]   --->   Operation 82 'partselect' 'tmp_5' <Predicate = (icmp_ln709)> <Delay = 0.00>
ST_1 : Operation 83 [1/1] (1.53ns)   --->   "%icmp_ln794 = icmp_ne  i15 %tmp_5, i15 0" [/home/kedhar/Vitis_Libraries/vision/L1/examples/customconv/../../../L1/include/imgproc/xf_custom_convolution.hpp:794]   --->   Operation 83 'icmp' 'icmp_ln794' <Predicate = (icmp_ln709)> <Delay = 1.53> <CoreInst = "Cmp">   --->   Core 9 'Cmp' <Latency = 0> <II = 1> <Delay = 1.53> <FuncUnit> <Opcode : 'icmp'> <InPorts = 2> <OutPorts = 1>
ST_1 : Operation 84 [1/1] (0.80ns)   --->   "%and_ln794 = and i1 %cmp204_read, i1 %icmp_ln794" [/home/kedhar/Vitis_Libraries/vision/L1/examples/customconv/../../../L1/include/imgproc/xf_custom_convolution.hpp:794]   --->   Operation 84 'and' 'and_ln794' <Predicate = (icmp_ln709)> <Delay = 0.80> <CoreInst = "LogicGate">   --->   Core 74 'LogicGate' <Latency = 0> <II = 1> <Delay = 0.80> <FuncUnit> <Opcode : 'and' 'or' 'xor'> <InPorts = 2> <OutPorts = 1>
ST_1 : Operation 85 [1/1] (0.00ns)   --->   "%br_ln794 = br i1 %and_ln794, void %for.inc212, void %if.then208" [/home/kedhar/Vitis_Libraries/vision/L1/examples/customconv/../../../L1/include/imgproc/xf_custom_convolution.hpp:794]   --->   Operation 85 'br' 'br_ln794' <Predicate = (icmp_ln709)> <Delay = 0.00>

State 2 <SV = 1> <Delay = 2.34>
ST_2 : Operation 86 [1/1] (0.00ns)   --->   "%sext_ln637 = sext i16 %ImagLocx" [/home/kedhar/Vitis_Libraries/vision/L1/examples/customconv/../../../L1/include/imgproc/xf_custom_convolution.hpp:637->/home/kedhar/Vitis_Libraries/vision/L1/examples/customconv/../../../L1/include/imgproc/xf_custom_convolution.hpp:723]   --->   Operation 86 'sext' 'sext_ln637' <Predicate = (icmp_ln709)> <Delay = 0.00>
ST_2 : Operation 87 [1/1] (0.00ns) (grouped into LUT with out node and_ln637)   --->   "%xor_ln637 = xor i1 %tmp_3, i1 1" [/home/kedhar/Vitis_Libraries/vision/L1/examples/customconv/../../../L1/include/imgproc/xf_custom_convolution.hpp:637->/home/kedhar/Vitis_Libraries/vision/L1/examples/customconv/../../../L1/include/imgproc/xf_custom_convolution.hpp:723]   --->   Operation 87 'xor' 'xor_ln637' <Predicate = (icmp_ln709)> <Delay = 0.00> <CoreInst = "LogicGate">   --->   Core 74 'LogicGate' <Latency = 0> <II = 1> <Delay = 0.80> <FuncUnit> <Opcode : 'and' 'or' 'xor'> <InPorts = 2> <OutPorts = 1>
ST_2 : Operation 88 [1/1] (1.54ns)   --->   "%icmp_ln637 = icmp_slt  i17 %sext_ln637, i17 %zext_ln696_cast" [/home/kedhar/Vitis_Libraries/vision/L1/examples/customconv/../../../L1/include/imgproc/xf_custom_convolution.hpp:637->/home/kedhar/Vitis_Libraries/vision/L1/examples/customconv/../../../L1/include/imgproc/xf_custom_convolution.hpp:723]   --->   Operation 88 'icmp' 'icmp_ln637' <Predicate = (icmp_ln709)> <Delay = 1.54> <CoreInst = "Cmp">   --->   Core 9 'Cmp' <Latency = 0> <II = 1> <Delay = 1.54> <FuncUnit> <Opcode : 'icmp'> <InPorts = 2> <OutPorts = 1>
ST_2 : Operation 89 [1/1] (0.80ns) (out node of the LUT)   --->   "%and_ln637 = and i1 %icmp_ln637, i1 %xor_ln637" [/home/kedhar/Vitis_Libraries/vision/L1/examples/customconv/../../../L1/include/imgproc/xf_custom_convolution.hpp:637->/home/kedhar/Vitis_Libraries/vision/L1/examples/customconv/../../../L1/include/imgproc/xf_custom_convolution.hpp:723]   --->   Operation 89 'and' 'and_ln637' <Predicate = (icmp_ln709)> <Delay = 0.80> <CoreInst = "LogicGate">   --->   Core 74 'LogicGate' <Latency = 0> <II = 1> <Delay = 0.80> <FuncUnit> <Opcode : 'and' 'or' 'xor'> <InPorts = 2> <OutPorts = 1>
ST_2 : Operation 90 [1/1] (0.00ns)   --->   "%br_ln740 = br i1 %and_ln637, void %if.else, void %if.then70" [/home/kedhar/Vitis_Libraries/vision/L1/examples/customconv/../../../L1/include/imgproc/xf_custom_convolution.hpp:740]   --->   Operation 90 'br' 'br_ln740' <Predicate = (icmp_ln709 & brmerge30_read)> <Delay = 0.00>
ST_2 : Operation 91 [1/1] (0.00ns)   --->   "%br_ln761 = br i1 %tmp_3, void %if.else138, void %if.else.if.end202_crit_edge" [/home/kedhar/Vitis_Libraries/vision/L1/examples/customconv/../../../L1/include/imgproc/xf_custom_convolution.hpp:761]   --->   Operation 91 'br' 'br_ln761' <Predicate = (icmp_ln709 & brmerge30_read & !and_ln637)> <Delay = 0.00>
ST_2 : Operation 92 [1/1] (1.54ns)   --->   "%icmp_ln765 = icmp_slt  i17 %sext_ln637, i17 %zext_ln696_cast" [/home/kedhar/Vitis_Libraries/vision/L1/examples/customconv/../../../L1/include/imgproc/xf_custom_convolution.hpp:765]   --->   Operation 92 'icmp' 'icmp_ln765' <Predicate = (icmp_ln709 & brmerge30_read & !and_ln637 & !tmp_3)> <Delay = 1.54> <CoreInst = "Cmp">   --->   Core 9 'Cmp' <Latency = 0> <II = 1> <Delay = 1.54> <FuncUnit> <Opcode : 'icmp'> <InPorts = 2> <OutPorts = 1>
ST_2 : Operation 93 [1/1] (1.29ns)   --->   "%store_ln701 = store i16 %j_2, i16 %j" [/home/kedhar/Vitis_Libraries/vision/L1/examples/customconv/../../../L1/include/imgproc/xf_custom_convolution.hpp:701]   --->   Operation 93 'store' 'store_ln701' <Predicate = (icmp_ln709)> <Delay = 1.29>

State 3 <SV = 2> <Delay = 2.00>
ST_3 : Operation 94 [1/1] (0.62ns)   --->   "%x = select i1 %and_ln637, i16 %ImagLocx, i16 65535" [/home/kedhar/Vitis_Libraries/vision/L1/examples/customconv/../../../L1/include/imgproc/xf_custom_convolution.hpp:723]   --->   Operation 94 'select' 'x' <Predicate = (icmp_ln709)> <Delay = 0.62> <CoreInst = "Sel">   --->   Core 73 'Sel' <Latency = 0> <II = 1> <Delay = 0.62> <FuncUnit> <Opcode : 'select'> <InPorts = 3> <OutPorts = 1>
ST_3 : Operation 95 [1/1] (0.00ns)   --->   "%tmp_4 = bitselect i1 @_ssdm_op_BitSelect.i1.i16.i32, i16 %x, i32 15" [/home/kedhar/Vitis_Libraries/vision/L1/examples/customconv/../../../L1/include/imgproc/xf_custom_convolution.hpp:723]   --->   Operation 95 'bitselect' 'tmp_4' <Predicate = (icmp_ln709)> <Delay = 0.00>
ST_3 : Operation 96 [1/1] (0.00ns)   --->   "%idxprom = zext i16 %x" [/home/kedhar/Vitis_Libraries/vision/L1/examples/customconv/../../../L1/include/imgproc/xf_custom_convolution.hpp:723]   --->   Operation 96 'zext' 'idxprom' <Predicate = (icmp_ln709)> <Delay = 0.00>
ST_3 : Operation 97 [1/1] (0.00ns)   --->   "%k_buf_addr = getelementptr i8 %k_buf, i64 0, i64 %idxprom" [/home/kedhar/Vitis_Libraries/vision/L1/examples/customconv/../../../L1/include/imgproc/xf_custom_convolution.hpp:735]   --->   Operation 97 'getelementptr' 'k_buf_addr' <Predicate = (icmp_ln709)> <Delay = 0.00>
ST_3 : Operation 98 [1/1] (0.00ns)   --->   "%k_buf_1_addr = getelementptr i8 %k_buf_1, i64 0, i64 %idxprom" [/home/kedhar/Vitis_Libraries/vision/L1/examples/customconv/../../../L1/include/imgproc/xf_custom_convolution.hpp:735]   --->   Operation 98 'getelementptr' 'k_buf_1_addr' <Predicate = (icmp_ln709)> <Delay = 0.00>
ST_3 : Operation 99 [1/1] (0.00ns)   --->   "%k_buf_2_addr = getelementptr i8 %k_buf_2, i64 0, i64 %idxprom" [/home/kedhar/Vitis_Libraries/vision/L1/examples/customconv/../../../L1/include/imgproc/xf_custom_convolution.hpp:735]   --->   Operation 99 'getelementptr' 'k_buf_2_addr' <Predicate = (icmp_ln709)> <Delay = 0.00>
ST_3 : Operation 100 [3/3] (1.38ns)   --->   "%k_buf_load = load i7 %k_buf_addr" [/home/kedhar/Vitis_Libraries/vision/L1/examples/customconv/../../../L1/include/imgproc/xf_custom_convolution.hpp:735]   --->   Operation 100 'load' 'k_buf_load' <Predicate = (icmp_ln709)> <Delay = 1.38> <CoreInst = "RAM">   --->   Core 82 'RAM' <Latency = 2> <II = 1> <Delay = 1.38> <Storage> <Opcode : 'load' 'store'> <Ports = 2> <Width = 8> <Depth = 128> <RAM>
ST_3 : Operation 101 [3/3] (1.38ns)   --->   "%k_buf_1_load = load i7 %k_buf_1_addr" [/home/kedhar/Vitis_Libraries/vision/L1/examples/customconv/../../../L1/include/imgproc/xf_custom_convolution.hpp:735]   --->   Operation 101 'load' 'k_buf_1_load' <Predicate = (icmp_ln709)> <Delay = 1.38> <CoreInst = "RAM">   --->   Core 82 'RAM' <Latency = 2> <II = 1> <Delay = 1.38> <Storage> <Opcode : 'load' 'store'> <Ports = 2> <Width = 8> <Depth = 128> <RAM>
ST_3 : Operation 102 [3/3] (1.38ns)   --->   "%k_buf_2_load = load i7 %k_buf_2_addr" [/home/kedhar/Vitis_Libraries/vision/L1/examples/customconv/../../../L1/include/imgproc/xf_custom_convolution.hpp:735]   --->   Operation 102 'load' 'k_buf_2_load' <Predicate = (icmp_ln709)> <Delay = 1.38> <CoreInst = "RAM">   --->   Core 82 'RAM' <Latency = 2> <II = 1> <Delay = 1.38> <Storage> <Opcode : 'load' 'store'> <Ports = 2> <Width = 8> <Depth = 128> <RAM>
ST_3 : Operation 103 [1/1] (1.20ns)   --->   "%temp = read i8 @_ssdm_op_Read.ap_fifo.volatile.i8P0A, i8 %imgInput_data" [/home/kedhar/Vitis_Libraries/vision/L1/examples/customconv/../../../L1/include/common/xf_structs.hpp:542->/home/kedhar/Vitis_Libraries/vision/L1/examples/customconv/../../../L1/include/imgproc/xf_custom_convolution.hpp:757]   --->   Operation 103 'read' 'temp' <Predicate = (icmp_ln709 & brmerge30_read & and_ln637)> <Delay = 1.20> <CoreInst = "FIFO_SRL">   --->   Core 81 'FIFO_SRL' <Latency = 0> <II = 1> <Delay = 3.40> <Storage> <Opcode : 'read' 'write' 'nbread' 'nbwrite'> <Ports = 0> <Width = 8> <Depth = 2> <FIFO>

State 4 <SV = 3> <Delay = 1.38>
ST_4 : Operation 104 [2/3] (1.38ns)   --->   "%k_buf_load = load i7 %k_buf_addr" [/home/kedhar/Vitis_Libraries/vision/L1/examples/customconv/../../../L1/include/imgproc/xf_custom_convolution.hpp:735]   --->   Operation 104 'load' 'k_buf_load' <Predicate = (icmp_ln709)> <Delay = 1.38> <CoreInst = "RAM">   --->   Core 82 'RAM' <Latency = 2> <II = 1> <Delay = 1.38> <Storage> <Opcode : 'load' 'store'> <Ports = 2> <Width = 8> <Depth = 128> <RAM>
ST_4 : Operation 105 [2/3] (1.38ns)   --->   "%k_buf_1_load = load i7 %k_buf_1_addr" [/home/kedhar/Vitis_Libraries/vision/L1/examples/customconv/../../../L1/include/imgproc/xf_custom_convolution.hpp:735]   --->   Operation 105 'load' 'k_buf_1_load' <Predicate = (icmp_ln709)> <Delay = 1.38> <CoreInst = "RAM">   --->   Core 82 'RAM' <Latency = 2> <II = 1> <Delay = 1.38> <Storage> <Opcode : 'load' 'store'> <Ports = 2> <Width = 8> <Depth = 128> <RAM>
ST_4 : Operation 106 [2/3] (1.38ns)   --->   "%k_buf_2_load = load i7 %k_buf_2_addr" [/home/kedhar/Vitis_Libraries/vision/L1/examples/customconv/../../../L1/include/imgproc/xf_custom_convolution.hpp:735]   --->   Operation 106 'load' 'k_buf_2_load' <Predicate = (icmp_ln709)> <Delay = 1.38> <CoreInst = "RAM">   --->   Core 82 'RAM' <Latency = 2> <II = 1> <Delay = 1.38> <Storage> <Opcode : 'load' 'store'> <Ports = 2> <Width = 8> <Depth = 128> <RAM>
ST_4 : Operation 107 [1/1] (1.38ns)   --->   "%store_ln760 = store i8 %temp, i7 %k_buf_addr" [/home/kedhar/Vitis_Libraries/vision/L1/examples/customconv/../../../L1/include/imgproc/xf_custom_convolution.hpp:760]   --->   Operation 107 'store' 'store_ln760' <Predicate = (icmp_ln709 & brmerge30_read & and_ln637)> <Delay = 1.38> <CoreInst = "RAM">   --->   Core 82 'RAM' <Latency = 2> <II = 1> <Delay = 1.38> <Storage> <Opcode : 'load' 'store'> <Ports = 2> <Width = 8> <Depth = 128> <RAM>

State 5 <SV = 4> <Delay = 1.38>
ST_5 : Operation 108 [1/3] (1.38ns)   --->   "%k_buf_load = load i7 %k_buf_addr" [/home/kedhar/Vitis_Libraries/vision/L1/examples/customconv/../../../L1/include/imgproc/xf_custom_convolution.hpp:735]   --->   Operation 108 'load' 'k_buf_load' <Predicate = (icmp_ln709)> <Delay = 1.38> <CoreInst = "RAM">   --->   Core 82 'RAM' <Latency = 2> <II = 1> <Delay = 1.38> <Storage> <Opcode : 'load' 'store'> <Ports = 2> <Width = 8> <Depth = 128> <RAM>
ST_5 : Operation 109 [1/3] (1.38ns)   --->   "%k_buf_1_load = load i7 %k_buf_1_addr" [/home/kedhar/Vitis_Libraries/vision/L1/examples/customconv/../../../L1/include/imgproc/xf_custom_convolution.hpp:735]   --->   Operation 109 'load' 'k_buf_1_load' <Predicate = (icmp_ln709)> <Delay = 1.38> <CoreInst = "RAM">   --->   Core 82 'RAM' <Latency = 2> <II = 1> <Delay = 1.38> <Storage> <Opcode : 'load' 'store'> <Ports = 2> <Width = 8> <Depth = 128> <RAM>
ST_5 : Operation 110 [1/3] (1.38ns)   --->   "%k_buf_2_load = load i7 %k_buf_2_addr" [/home/kedhar/Vitis_Libraries/vision/L1/examples/customconv/../../../L1/include/imgproc/xf_custom_convolution.hpp:735]   --->   Operation 110 'load' 'k_buf_2_load' <Predicate = (icmp_ln709)> <Delay = 1.38> <CoreInst = "RAM">   --->   Core 82 'RAM' <Latency = 2> <II = 1> <Delay = 1.38> <Storage> <Opcode : 'load' 'store'> <Ports = 2> <Width = 8> <Depth = 128> <RAM>

State 6 <SV = 5> <Delay = 1.82>
ST_6 : Operation 111 [1/1] (0.00ns)   --->   "%specpipeline_ln715 = specpipeline void @_ssdm_op_SpecPipeline, i32 4294967295, i32 0, i32 0, i32 0, void @empty_8" [/home/kedhar/Vitis_Libraries/vision/L1/examples/customconv/../../../L1/include/imgproc/xf_custom_convolution.hpp:715]   --->   Operation 111 'specpipeline' 'specpipeline_ln715' <Predicate = (icmp_ln709)> <Delay = 0.00>
ST_6 : Operation 112 [1/1] (0.00ns)   --->   "%specloopname_ln709 = specloopname void @_ssdm_op_SpecLoopName, void @empty_25" [/home/kedhar/Vitis_Libraries/vision/L1/examples/customconv/../../../L1/include/imgproc/xf_custom_convolution.hpp:709]   --->   Operation 112 'specloopname' 'specloopname_ln709' <Predicate = (icmp_ln709)> <Delay = 0.00>
ST_6 : Operation 113 [1/1] (0.44ns)   --->   "%src_kernel_win_10 = select i1 %tmp_4, i8 0, i8 %k_buf_1_load" [/home/kedhar/Vitis_Libraries/vision/L1/examples/customconv/../../../L1/include/imgproc/xf_custom_convolution.hpp:723]   --->   Operation 113 'select' 'src_kernel_win_10' <Predicate = (icmp_ln709)> <Delay = 0.44> <CoreInst = "Sel">   --->   Core 73 'Sel' <Latency = 0> <II = 1> <Delay = 0.44> <FuncUnit> <Opcode : 'select'> <InPorts = 3> <OutPorts = 1>
ST_6 : Operation 114 [1/1] (0.44ns)   --->   "%src_kernel_win_11 = select i1 %tmp_4, i8 0, i8 %k_buf_load" [/home/kedhar/Vitis_Libraries/vision/L1/examples/customconv/../../../L1/include/imgproc/xf_custom_convolution.hpp:723]   --->   Operation 114 'select' 'src_kernel_win_11' <Predicate = (icmp_ln709)> <Delay = 0.44> <CoreInst = "Sel">   --->   Core 73 'Sel' <Latency = 0> <II = 1> <Delay = 0.44> <FuncUnit> <Opcode : 'select'> <InPorts = 3> <OutPorts = 1>
ST_6 : Operation 115 [1/1] (0.44ns)   --->   "%src_kernel_win_9 = select i1 %tmp_4, i8 0, i8 %k_buf_2_load" [/home/kedhar/Vitis_Libraries/vision/L1/examples/customconv/../../../L1/include/imgproc/xf_custom_convolution.hpp:723]   --->   Operation 115 'select' 'src_kernel_win_9' <Predicate = (icmp_ln709)> <Delay = 0.44> <CoreInst = "Sel">   --->   Core 73 'Sel' <Latency = 0> <II = 1> <Delay = 0.44> <FuncUnit> <Opcode : 'select'> <InPorts = 3> <OutPorts = 1>
ST_6 : Operation 116 [1/1] (1.32ns)   --->   "%src_kernel_win_12 = sparsemux i8 @_ssdm_op_SparseMux.ap_auto.3i8.i8.i2, i2 0, i8 %src_kernel_win_11, i2 1, i8 %src_kernel_win_10, i2 2, i8 %src_kernel_win_9, i8 0, i2 %locy_read" [/home/kedhar/Vitis_Libraries/vision/L1/examples/customconv/../../../L1/include/imgproc/xf_custom_convolution.hpp:788]   --->   Operation 116 'sparsemux' 'src_kernel_win_12' <Predicate = (icmp_ln709 & !brmerge30_read & !tmp & cmp1_i18_read)> <Delay = 1.32> <CoreInst = "SparseMux">   --->   Core 135 'SparseMux' <Latency = 0> <II = 1> <Delay = 1.32> <FuncUnit> <Opcode : 'sparsemux'> <InPorts = 2> <OutPorts = 1>
ST_6 : Operation 117 [1/1] (1.32ns)   --->   "%src_kernel_win_14 = sparsemux i8 @_ssdm_op_SparseMux.ap_auto.3i8.i8.i2, i2 0, i8 %src_kernel_win_11, i2 1, i8 %src_kernel_win_10, i2 2, i8 %src_kernel_win_9, i8 0, i2 %locy_1_read" [/home/kedhar/Vitis_Libraries/vision/L1/examples/customconv/../../../L1/include/imgproc/xf_custom_convolution.hpp:788]   --->   Operation 117 'sparsemux' 'src_kernel_win_14' <Predicate = (icmp_ln709 & !brmerge30_read & !tmp)> <Delay = 1.32> <CoreInst = "SparseMux">   --->   Core 135 'SparseMux' <Latency = 0> <II = 1> <Delay = 1.32> <FuncUnit> <Opcode : 'sparsemux'> <InPorts = 2> <OutPorts = 1>
ST_6 : Operation 118 [1/1] (1.32ns)   --->   "%src_kernel_win_19 = sparsemux i8 @_ssdm_op_SparseMux.ap_auto.3i8.i8.i2, i2 0, i8 %src_kernel_win_11, i2 1, i8 %src_kernel_win_10, i2 2, i8 %src_kernel_win_9, i8 0, i2 %locy_2_read" [/home/kedhar/Vitis_Libraries/vision/L1/examples/customconv/../../../L1/include/imgproc/xf_custom_convolution.hpp:788]   --->   Operation 118 'sparsemux' 'src_kernel_win_19' <Predicate = (icmp_ln709 & !brmerge30_read & !tmp & tmp_1)> <Delay = 1.32> <CoreInst = "SparseMux">   --->   Core 135 'SparseMux' <Latency = 0> <II = 1> <Delay = 1.32> <FuncUnit> <Opcode : 'sparsemux'> <InPorts = 2> <OutPorts = 1>
ST_6 : Operation 119 [1/1] (0.80ns)   --->   "%xor_ln765 = xor i1 %icmp_ln765, i1 1" [/home/kedhar/Vitis_Libraries/vision/L1/examples/customconv/../../../L1/include/imgproc/xf_custom_convolution.hpp:765]   --->   Operation 119 'xor' 'xor_ln765' <Predicate = (icmp_ln709 & brmerge30_read & !and_ln637 & !tmp_3)> <Delay = 0.80> <CoreInst = "LogicGate">   --->   Core 74 'LogicGate' <Latency = 0> <II = 1> <Delay = 0.80> <FuncUnit> <Opcode : 'and' 'or' 'xor'> <InPorts = 2> <OutPorts = 1>
ST_6 : Operation 120 [1/1] (1.38ns)   --->   "%store_ln751 = store i8 %src_kernel_win_10, i7 %k_buf_2_addr" [/home/kedhar/Vitis_Libraries/vision/L1/examples/customconv/../../../L1/include/imgproc/xf_custom_convolution.hpp:751]   --->   Operation 120 'store' 'store_ln751' <Predicate = (icmp_ln709 & brmerge30_read & and_ln637)> <Delay = 1.38> <CoreInst = "RAM">   --->   Core 82 'RAM' <Latency = 2> <II = 1> <Delay = 1.38> <Storage> <Opcode : 'load' 'store'> <Ports = 2> <Width = 8> <Depth = 128> <RAM>
ST_6 : Operation 121 [1/1] (1.38ns)   --->   "%store_ln751 = store i8 %src_kernel_win_11, i7 %k_buf_1_addr" [/home/kedhar/Vitis_Libraries/vision/L1/examples/customconv/../../../L1/include/imgproc/xf_custom_convolution.hpp:751]   --->   Operation 121 'store' 'store_ln751' <Predicate = (icmp_ln709 & brmerge30_read & and_ln637)> <Delay = 1.38> <CoreInst = "RAM">   --->   Core 82 'RAM' <Latency = 2> <II = 1> <Delay = 1.38> <Storage> <Opcode : 'load' 'store'> <Ports = 2> <Width = 8> <Depth = 128> <RAM>

State 7 <SV = 6> <Delay = 2.17>
ST_7 : Operation 122 [1/1] (0.00ns)   --->   "%src_kernel_win_6 = load i8 %src_kernel_win_1"   --->   Operation 122 'load' 'src_kernel_win_6' <Predicate = true> <Delay = 0.00>
ST_7 : Operation 123 [1/1] (0.00ns)   --->   "%src_kernel_win_7 = load i8 %src_kernel_win_2"   --->   Operation 123 'load' 'src_kernel_win_7' <Predicate = true> <Delay = 0.00>
ST_7 : Operation 124 [1/1] (0.00ns)   --->   "%src_kernel_win_8 = load i8 %src_kernel_win_4"   --->   Operation 124 'load' 'src_kernel_win_8' <Predicate = true> <Delay = 0.00>
ST_7 : Operation 125 [1/1] (0.00ns)   --->   "%speclooptripcount_ln0 = speclooptripcount void @_ssdm_op_SpecLoopTripCount, i64 2, i64 65537, i64 0"   --->   Operation 125 'speclooptripcount' 'speclooptripcount_ln0' <Predicate = true> <Delay = 0.00>
ST_7 : Operation 126 [1/1] (0.44ns)   --->   "%src_kernel_win_13 = select i1 %cmp1_i18_read, i8 %src_kernel_win_12, i8 0" [/home/kedhar/Vitis_Libraries/vision/L1/examples/customconv/../../../L1/include/imgproc/xf_custom_convolution.hpp:788]   --->   Operation 126 'select' 'src_kernel_win_13' <Predicate = (icmp_ln709 & !brmerge30_read & !tmp)> <Delay = 0.44> <CoreInst = "Sel">   --->   Core 73 'Sel' <Latency = 0> <II = 1> <Delay = 0.44> <FuncUnit> <Opcode : 'select'> <InPorts = 3> <OutPorts = 1>
ST_7 : Operation 127 [1/1] (0.00ns) (grouped into LUT with out node src_kernel_win_15)   --->   "%or_ln783 = or i1 %cmp179_1_read, i1 %tmp_2" [/home/kedhar/Vitis_Libraries/vision/L1/examples/customconv/../../../L1/include/imgproc/xf_custom_convolution.hpp:783]   --->   Operation 127 'or' 'or_ln783' <Predicate = (icmp_ln709 & !brmerge30_read & !tmp)> <Delay = 0.00> <CoreInst = "LogicGate">   --->   Core 74 'LogicGate' <Latency = 0> <II = 1> <Delay = 0.80> <FuncUnit> <Opcode : 'and' 'or' 'xor'> <InPorts = 2> <OutPorts = 1>
ST_7 : Operation 128 [1/1] (0.80ns) (out node of the LUT)   --->   "%src_kernel_win_15 = select i1 %or_ln783, i8 0, i8 %src_kernel_win_14" [/home/kedhar/Vitis_Libraries/vision/L1/examples/customconv/../../../L1/include/imgproc/xf_custom_convolution.hpp:783]   --->   Operation 128 'select' 'src_kernel_win_15' <Predicate = (icmp_ln709 & !brmerge30_read & !tmp)> <Delay = 0.80> <CoreInst = "Sel">   --->   Core 73 'Sel' <Latency = 0> <II = 1> <Delay = 0.44> <FuncUnit> <Opcode : 'select'> <InPorts = 3> <OutPorts = 1>
ST_7 : Operation 129 [1/1] (1.37ns)   --->   "%store_ln673 = store i8 %src_kernel_win_15, i8 %src_kernel_win_2" [/home/kedhar/Vitis_Libraries/vision/L1/examples/customconv/../../../L1/include/imgproc/xf_custom_convolution.hpp:673]   --->   Operation 129 'store' 'store_ln673' <Predicate = (icmp_ln709 & !brmerge30_read & !tmp)> <Delay = 1.37>
ST_7 : Operation 130 [1/1] (1.37ns)   --->   "%store_ln673 = store i8 %src_kernel_win_13, i8 %src_kernel_win_1" [/home/kedhar/Vitis_Libraries/vision/L1/examples/customconv/../../../L1/include/imgproc/xf_custom_convolution.hpp:673]   --->   Operation 130 'store' 'store_ln673' <Predicate = (icmp_ln709 & !brmerge30_read & !tmp)> <Delay = 1.37>
ST_7 : Operation 131 [1/1] (1.37ns)   --->   "%store_ln673 = store i8 0, i8 %src_kernel_win_4" [/home/kedhar/Vitis_Libraries/vision/L1/examples/customconv/../../../L1/include/imgproc/xf_custom_convolution.hpp:673]   --->   Operation 131 'store' 'store_ln673' <Predicate = (icmp_ln709 & !brmerge30_read & !tmp & !tmp_1)> <Delay = 1.37>
ST_7 : Operation 132 [1/1] (0.00ns)   --->   "%br_ln783 = br void %if.end202" [/home/kedhar/Vitis_Libraries/vision/L1/examples/customconv/../../../L1/include/imgproc/xf_custom_convolution.hpp:783]   --->   Operation 132 'br' 'br_ln783' <Predicate = (icmp_ln709 & !brmerge30_read & !tmp & !tmp_1)> <Delay = 0.00>
ST_7 : Operation 133 [1/1] (1.37ns)   --->   "%store_ln673 = store i8 %src_kernel_win_19, i8 %src_kernel_win_4" [/home/kedhar/Vitis_Libraries/vision/L1/examples/customconv/../../../L1/include/imgproc/xf_custom_convolution.hpp:673]   --->   Operation 133 'store' 'store_ln673' <Predicate = (icmp_ln709 & !brmerge30_read & !tmp & tmp_1)> <Delay = 1.37>
ST_7 : Operation 134 [1/1] (0.00ns)   --->   "%br_ln0 = br void %if.end202"   --->   Operation 134 'br' 'br_ln0' <Predicate = (icmp_ln709 & !brmerge30_read & !tmp & tmp_1)> <Delay = 0.00>
ST_7 : Operation 135 [1/1] (0.44ns)   --->   "%src_kernel_win_18 = select i1 %xor_ln765, i8 0, i8 %src_kernel_win_8" [/home/kedhar/Vitis_Libraries/vision/L1/examples/customconv/../../../L1/include/imgproc/xf_custom_convolution.hpp:765]   --->   Operation 135 'select' 'src_kernel_win_18' <Predicate = (icmp_ln709 & brmerge30_read & !and_ln637 & !tmp_3)> <Delay = 0.44> <CoreInst = "Sel">   --->   Core 73 'Sel' <Latency = 0> <II = 1> <Delay = 0.44> <FuncUnit> <Opcode : 'select'> <InPorts = 3> <OutPorts = 1>
ST_7 : Operation 136 [1/1] (0.44ns)   --->   "%src_kernel_win_17 = select i1 %xor_ln765, i8 0, i8 %src_kernel_win_7" [/home/kedhar/Vitis_Libraries/vision/L1/examples/customconv/../../../L1/include/imgproc/xf_custom_convolution.hpp:765]   --->   Operation 136 'select' 'src_kernel_win_17' <Predicate = (icmp_ln709 & brmerge30_read & !and_ln637 & !tmp_3)> <Delay = 0.44> <CoreInst = "Sel">   --->   Core 73 'Sel' <Latency = 0> <II = 1> <Delay = 0.44> <FuncUnit> <Opcode : 'select'> <InPorts = 3> <OutPorts = 1>
ST_7 : Operation 137 [1/1] (0.44ns)   --->   "%src_kernel_win_16 = select i1 %xor_ln765, i8 0, i8 %src_kernel_win_6" [/home/kedhar/Vitis_Libraries/vision/L1/examples/customconv/../../../L1/include/imgproc/xf_custom_convolution.hpp:765]   --->   Operation 137 'select' 'src_kernel_win_16' <Predicate = (icmp_ln709 & brmerge30_read & !and_ln637 & !tmp_3)> <Delay = 0.44> <CoreInst = "Sel">   --->   Core 73 'Sel' <Latency = 0> <II = 1> <Delay = 0.44> <FuncUnit> <Opcode : 'select'> <InPorts = 3> <OutPorts = 1>
ST_7 : Operation 138 [1/1] (1.37ns)   --->   "%store_ln673 = store i8 %src_kernel_win_18, i8 %src_kernel_win_4" [/home/kedhar/Vitis_Libraries/vision/L1/examples/customconv/../../../L1/include/imgproc/xf_custom_convolution.hpp:673]   --->   Operation 138 'store' 'store_ln673' <Predicate = (icmp_ln709 & brmerge30_read & !and_ln637 & !tmp_3)> <Delay = 1.37>
ST_7 : Operation 139 [1/1] (1.37ns)   --->   "%store_ln673 = store i8 %src_kernel_win_17, i8 %src_kernel_win_2" [/home/kedhar/Vitis_Libraries/vision/L1/examples/customconv/../../../L1/include/imgproc/xf_custom_convolution.hpp:673]   --->   Operation 139 'store' 'store_ln673' <Predicate = (icmp_ln709 & brmerge30_read & !and_ln637 & !tmp_3)> <Delay = 1.37>
ST_7 : Operation 140 [1/1] (1.37ns)   --->   "%store_ln673 = store i8 %src_kernel_win_16, i8 %src_kernel_win_1" [/home/kedhar/Vitis_Libraries/vision/L1/examples/customconv/../../../L1/include/imgproc/xf_custom_convolution.hpp:673]   --->   Operation 140 'store' 'store_ln673' <Predicate = (icmp_ln709 & brmerge30_read & !and_ln637 & !tmp_3)> <Delay = 1.37>
ST_7 : Operation 141 [1/1] (0.00ns)   --->   "%br_ln0 = br void %if.end202"   --->   Operation 141 'br' 'br_ln0' <Predicate = (icmp_ln709 & brmerge30_read & !and_ln637 & !tmp_3)> <Delay = 0.00>
ST_7 : Operation 142 [1/1] (1.37ns)   --->   "%store_ln673 = store i8 0, i8 %src_kernel_win_4" [/home/kedhar/Vitis_Libraries/vision/L1/examples/customconv/../../../L1/include/imgproc/xf_custom_convolution.hpp:673]   --->   Operation 142 'store' 'store_ln673' <Predicate = (icmp_ln709 & brmerge30_read & !and_ln637 & tmp_3)> <Delay = 1.37>
ST_7 : Operation 143 [1/1] (1.37ns)   --->   "%store_ln673 = store i8 0, i8 %src_kernel_win_2" [/home/kedhar/Vitis_Libraries/vision/L1/examples/customconv/../../../L1/include/imgproc/xf_custom_convolution.hpp:673]   --->   Operation 143 'store' 'store_ln673' <Predicate = (icmp_ln709 & brmerge30_read & !and_ln637 & tmp_3)> <Delay = 1.37>
ST_7 : Operation 144 [1/1] (1.37ns)   --->   "%store_ln673 = store i8 0, i8 %src_kernel_win_1" [/home/kedhar/Vitis_Libraries/vision/L1/examples/customconv/../../../L1/include/imgproc/xf_custom_convolution.hpp:673]   --->   Operation 144 'store' 'store_ln673' <Predicate = (icmp_ln709 & brmerge30_read & !and_ln637 & tmp_3)> <Delay = 1.37>
ST_7 : Operation 145 [1/1] (0.00ns)   --->   "%br_ln761 = br void %if.end202" [/home/kedhar/Vitis_Libraries/vision/L1/examples/customconv/../../../L1/include/imgproc/xf_custom_convolution.hpp:761]   --->   Operation 145 'br' 'br_ln761' <Predicate = (icmp_ln709 & brmerge30_read & !and_ln637 & tmp_3)> <Delay = 0.00>
ST_7 : Operation 146 [1/1] (1.37ns)   --->   "%store_ln673 = store i8 %src_kernel_win_9, i8 %src_kernel_win_4" [/home/kedhar/Vitis_Libraries/vision/L1/examples/customconv/../../../L1/include/imgproc/xf_custom_convolution.hpp:673]   --->   Operation 146 'store' 'store_ln673' <Predicate = (icmp_ln709 & brmerge30_read & and_ln637)> <Delay = 1.37>
ST_7 : Operation 147 [1/1] (1.37ns)   --->   "%store_ln673 = store i8 %src_kernel_win_10, i8 %src_kernel_win_2" [/home/kedhar/Vitis_Libraries/vision/L1/examples/customconv/../../../L1/include/imgproc/xf_custom_convolution.hpp:673]   --->   Operation 147 'store' 'store_ln673' <Predicate = (icmp_ln709 & brmerge30_read & and_ln637)> <Delay = 1.37>
ST_7 : Operation 148 [1/1] (1.37ns)   --->   "%store_ln673 = store i8 %src_kernel_win_11, i8 %src_kernel_win_1" [/home/kedhar/Vitis_Libraries/vision/L1/examples/customconv/../../../L1/include/imgproc/xf_custom_convolution.hpp:673]   --->   Operation 148 'store' 'store_ln673' <Predicate = (icmp_ln709 & brmerge30_read & and_ln637)> <Delay = 1.37>
ST_7 : Operation 149 [1/1] (0.00ns)   --->   "%br_ln761 = br void %if.end202" [/home/kedhar/Vitis_Libraries/vision/L1/examples/customconv/../../../L1/include/imgproc/xf_custom_convolution.hpp:761]   --->   Operation 149 'br' 'br_ln761' <Predicate = (icmp_ln709 & brmerge30_read & and_ln637)> <Delay = 0.00>

State 8 <SV = 7> <Delay = 1.53>
ST_8 : Operation 150 [1/1] (0.00ns)   --->   "%src_kernel_win_7_out_load = load i8 %src_kernel_win_7_out" [/home/kedhar/Vitis_Libraries/vision/L1/examples/customconv/../../../L1/include/imgproc/xf_custom_convolution.hpp:796]   --->   Operation 150 'load' 'src_kernel_win_7_out_load' <Predicate = (and_ln794)> <Delay = 0.00>
ST_8 : Operation 151 [1/1] (0.00ns)   --->   "%src_kernel_win_8_out_load = load i8 %src_kernel_win_8_out" [/home/kedhar/Vitis_Libraries/vision/L1/examples/customconv/../../../L1/include/imgproc/xf_custom_convolution.hpp:796]   --->   Operation 151 'load' 'src_kernel_win_8_out_load' <Predicate = (and_ln794)> <Delay = 0.00>
ST_8 : Operation 152 [1/1] (0.00ns)   --->   "%src_kernel_win_10_out_load = load i8 %src_kernel_win_10_out" [/home/kedhar/Vitis_Libraries/vision/L1/examples/customconv/../../../L1/include/imgproc/xf_custom_convolution.hpp:796]   --->   Operation 152 'load' 'src_kernel_win_10_out_load' <Predicate = (and_ln794)> <Delay = 0.00>
ST_8 : Operation 153 [1/1] (0.00ns)   --->   "%src_kernel_win_1_load = load i8 %src_kernel_win_1" [/home/kedhar/Vitis_Libraries/vision/L1/examples/customconv/../../../L1/include/imgproc/xf_custom_convolution.hpp:796]   --->   Operation 153 'load' 'src_kernel_win_1_load' <Predicate = (and_ln794)> <Delay = 0.00>
ST_8 : Operation 154 [1/1] (0.00ns)   --->   "%src_kernel_win_2_load = load i8 %src_kernel_win_2" [/home/kedhar/Vitis_Libraries/vision/L1/examples/customconv/../../../L1/include/imgproc/xf_custom_convolution.hpp:796]   --->   Operation 154 'load' 'src_kernel_win_2_load' <Predicate = (and_ln794)> <Delay = 0.00>
ST_8 : Operation 155 [1/1] (0.00ns)   --->   "%src_kernel_win_4_load = load i8 %src_kernel_win_4" [/home/kedhar/Vitis_Libraries/vision/L1/examples/customconv/../../../L1/include/imgproc/xf_custom_convolution.hpp:796]   --->   Operation 155 'load' 'src_kernel_win_4_load' <Predicate = (and_ln794)> <Delay = 0.00>
ST_8 : Operation 156 [21/21] (1.53ns)   --->   "%temp_1 = call i8 @xFApplyFilter2D<0, 0, 3, 3, 1>, i8 %src_kernel_win_1_load, i8 %src_kernel_win_6, i8 %src_kernel_win_7_out_load, i8 %src_kernel_win_2_load, i8 %src_kernel_win_7, i8 %src_kernel_win_10_out_load, i8 %src_kernel_win_4_load, i8 %src_kernel_win_8, i8 %src_kernel_win_8_out_load, i16 %p_filter_kernel_0_0_val1_read, i16 %p_filter_kernel_0_1_val2_read, i16 %p_filter_kernel_0_2_val3_read, i16 %p_filter_kernel_1_0_val4_read, i16 %p_filter_kernel_1_1_val5_read, i16 %p_filter_kernel_1_2_val6_read, i16 %p_filter_kernel_2_0_val7_read, i16 %p_filter_kernel_2_1_val8_read, i16 %p_filter_kernel_2_2_val9_read, i8 %shift_read" [/home/kedhar/Vitis_Libraries/vision/L1/examples/customconv/../../../L1/include/imgproc/xf_custom_convolution.hpp:796]   --->   Operation 156 'call' 'temp_1' <Predicate = (icmp_ln709 & and_ln794)> <Delay = 1.53> <CoreType = "Generic">   --->   Core 0 '' <Latency = 0> <II = 1> <Delay = 1.00> <Generic> <Opcode : >
ST_8 : Operation 157 [1/1] (0.00ns)   --->   "%store_ln673 = store i8 %src_kernel_win_7, i8 %src_kernel_win_10_out" [/home/kedhar/Vitis_Libraries/vision/L1/examples/customconv/../../../L1/include/imgproc/xf_custom_convolution.hpp:673]   --->   Operation 157 'store' 'store_ln673' <Predicate = true> <Delay = 0.00>
ST_8 : Operation 158 [1/1] (0.00ns)   --->   "%store_ln673 = store i8 %src_kernel_win_8, i8 %src_kernel_win_8_out" [/home/kedhar/Vitis_Libraries/vision/L1/examples/customconv/../../../L1/include/imgproc/xf_custom_convolution.hpp:673]   --->   Operation 158 'store' 'store_ln673' <Predicate = true> <Delay = 0.00>
ST_8 : Operation 159 [1/1] (0.00ns)   --->   "%store_ln673 = store i8 %src_kernel_win_6, i8 %src_kernel_win_7_out" [/home/kedhar/Vitis_Libraries/vision/L1/examples/customconv/../../../L1/include/imgproc/xf_custom_convolution.hpp:673]   --->   Operation 159 'store' 'store_ln673' <Predicate = true> <Delay = 0.00>
ST_8 : Operation 160 [1/1] (0.00ns)   --->   "%br_ln709 = br void %for.body9" [/home/kedhar/Vitis_Libraries/vision/L1/examples/customconv/../../../L1/include/imgproc/xf_custom_convolution.hpp:709]   --->   Operation 160 'br' 'br_ln709' <Predicate = true> <Delay = 0.00>

State 9 <SV = 8> <Delay = 2.66>
ST_9 : Operation 161 [20/21] (2.66ns)   --->   "%temp_1 = call i8 @xFApplyFilter2D<0, 0, 3, 3, 1>, i8 %src_kernel_win_1_load, i8 %src_kernel_win_6, i8 %src_kernel_win_7_out_load, i8 %src_kernel_win_2_load, i8 %src_kernel_win_7, i8 %src_kernel_win_10_out_load, i8 %src_kernel_win_4_load, i8 %src_kernel_win_8, i8 %src_kernel_win_8_out_load, i16 %p_filter_kernel_0_0_val1_read, i16 %p_filter_kernel_0_1_val2_read, i16 %p_filter_kernel_0_2_val3_read, i16 %p_filter_kernel_1_0_val4_read, i16 %p_filter_kernel_1_1_val5_read, i16 %p_filter_kernel_1_2_val6_read, i16 %p_filter_kernel_2_0_val7_read, i16 %p_filter_kernel_2_1_val8_read, i16 %p_filter_kernel_2_2_val9_read, i8 %shift_read" [/home/kedhar/Vitis_Libraries/vision/L1/examples/customconv/../../../L1/include/imgproc/xf_custom_convolution.hpp:796]   --->   Operation 161 'call' 'temp_1' <Predicate = (icmp_ln709 & and_ln794)> <Delay = 2.66> <CoreType = "Generic">   --->   Core 0 '' <Latency = 0> <II = 1> <Delay = 1.00> <Generic> <Opcode : >

State 10 <SV = 9> <Delay = 2.66>
ST_10 : Operation 162 [19/21] (2.66ns)   --->   "%temp_1 = call i8 @xFApplyFilter2D<0, 0, 3, 3, 1>, i8 %src_kernel_win_1_load, i8 %src_kernel_win_6, i8 %src_kernel_win_7_out_load, i8 %src_kernel_win_2_load, i8 %src_kernel_win_7, i8 %src_kernel_win_10_out_load, i8 %src_kernel_win_4_load, i8 %src_kernel_win_8, i8 %src_kernel_win_8_out_load, i16 %p_filter_kernel_0_0_val1_read, i16 %p_filter_kernel_0_1_val2_read, i16 %p_filter_kernel_0_2_val3_read, i16 %p_filter_kernel_1_0_val4_read, i16 %p_filter_kernel_1_1_val5_read, i16 %p_filter_kernel_1_2_val6_read, i16 %p_filter_kernel_2_0_val7_read, i16 %p_filter_kernel_2_1_val8_read, i16 %p_filter_kernel_2_2_val9_read, i8 %shift_read" [/home/kedhar/Vitis_Libraries/vision/L1/examples/customconv/../../../L1/include/imgproc/xf_custom_convolution.hpp:796]   --->   Operation 162 'call' 'temp_1' <Predicate = (icmp_ln709 & and_ln794)> <Delay = 2.66> <CoreType = "Generic">   --->   Core 0 '' <Latency = 0> <II = 1> <Delay = 1.00> <Generic> <Opcode : >

State 11 <SV = 10> <Delay = 2.66>
ST_11 : Operation 163 [18/21] (2.66ns)   --->   "%temp_1 = call i8 @xFApplyFilter2D<0, 0, 3, 3, 1>, i8 %src_kernel_win_1_load, i8 %src_kernel_win_6, i8 %src_kernel_win_7_out_load, i8 %src_kernel_win_2_load, i8 %src_kernel_win_7, i8 %src_kernel_win_10_out_load, i8 %src_kernel_win_4_load, i8 %src_kernel_win_8, i8 %src_kernel_win_8_out_load, i16 %p_filter_kernel_0_0_val1_read, i16 %p_filter_kernel_0_1_val2_read, i16 %p_filter_kernel_0_2_val3_read, i16 %p_filter_kernel_1_0_val4_read, i16 %p_filter_kernel_1_1_val5_read, i16 %p_filter_kernel_1_2_val6_read, i16 %p_filter_kernel_2_0_val7_read, i16 %p_filter_kernel_2_1_val8_read, i16 %p_filter_kernel_2_2_val9_read, i8 %shift_read" [/home/kedhar/Vitis_Libraries/vision/L1/examples/customconv/../../../L1/include/imgproc/xf_custom_convolution.hpp:796]   --->   Operation 163 'call' 'temp_1' <Predicate = (icmp_ln709 & and_ln794)> <Delay = 2.66> <CoreType = "Generic">   --->   Core 0 '' <Latency = 0> <II = 1> <Delay = 1.00> <Generic> <Opcode : >

State 12 <SV = 11> <Delay = 2.66>
ST_12 : Operation 164 [17/21] (2.66ns)   --->   "%temp_1 = call i8 @xFApplyFilter2D<0, 0, 3, 3, 1>, i8 %src_kernel_win_1_load, i8 %src_kernel_win_6, i8 %src_kernel_win_7_out_load, i8 %src_kernel_win_2_load, i8 %src_kernel_win_7, i8 %src_kernel_win_10_out_load, i8 %src_kernel_win_4_load, i8 %src_kernel_win_8, i8 %src_kernel_win_8_out_load, i16 %p_filter_kernel_0_0_val1_read, i16 %p_filter_kernel_0_1_val2_read, i16 %p_filter_kernel_0_2_val3_read, i16 %p_filter_kernel_1_0_val4_read, i16 %p_filter_kernel_1_1_val5_read, i16 %p_filter_kernel_1_2_val6_read, i16 %p_filter_kernel_2_0_val7_read, i16 %p_filter_kernel_2_1_val8_read, i16 %p_filter_kernel_2_2_val9_read, i8 %shift_read" [/home/kedhar/Vitis_Libraries/vision/L1/examples/customconv/../../../L1/include/imgproc/xf_custom_convolution.hpp:796]   --->   Operation 164 'call' 'temp_1' <Predicate = (icmp_ln709 & and_ln794)> <Delay = 2.66> <CoreType = "Generic">   --->   Core 0 '' <Latency = 0> <II = 1> <Delay = 1.00> <Generic> <Opcode : >

State 13 <SV = 12> <Delay = 2.66>
ST_13 : Operation 165 [16/21] (2.66ns)   --->   "%temp_1 = call i8 @xFApplyFilter2D<0, 0, 3, 3, 1>, i8 %src_kernel_win_1_load, i8 %src_kernel_win_6, i8 %src_kernel_win_7_out_load, i8 %src_kernel_win_2_load, i8 %src_kernel_win_7, i8 %src_kernel_win_10_out_load, i8 %src_kernel_win_4_load, i8 %src_kernel_win_8, i8 %src_kernel_win_8_out_load, i16 %p_filter_kernel_0_0_val1_read, i16 %p_filter_kernel_0_1_val2_read, i16 %p_filter_kernel_0_2_val3_read, i16 %p_filter_kernel_1_0_val4_read, i16 %p_filter_kernel_1_1_val5_read, i16 %p_filter_kernel_1_2_val6_read, i16 %p_filter_kernel_2_0_val7_read, i16 %p_filter_kernel_2_1_val8_read, i16 %p_filter_kernel_2_2_val9_read, i8 %shift_read" [/home/kedhar/Vitis_Libraries/vision/L1/examples/customconv/../../../L1/include/imgproc/xf_custom_convolution.hpp:796]   --->   Operation 165 'call' 'temp_1' <Predicate = (icmp_ln709 & and_ln794)> <Delay = 2.66> <CoreType = "Generic">   --->   Core 0 '' <Latency = 0> <II = 1> <Delay = 1.00> <Generic> <Opcode : >

State 14 <SV = 13> <Delay = 2.66>
ST_14 : Operation 166 [15/21] (2.66ns)   --->   "%temp_1 = call i8 @xFApplyFilter2D<0, 0, 3, 3, 1>, i8 %src_kernel_win_1_load, i8 %src_kernel_win_6, i8 %src_kernel_win_7_out_load, i8 %src_kernel_win_2_load, i8 %src_kernel_win_7, i8 %src_kernel_win_10_out_load, i8 %src_kernel_win_4_load, i8 %src_kernel_win_8, i8 %src_kernel_win_8_out_load, i16 %p_filter_kernel_0_0_val1_read, i16 %p_filter_kernel_0_1_val2_read, i16 %p_filter_kernel_0_2_val3_read, i16 %p_filter_kernel_1_0_val4_read, i16 %p_filter_kernel_1_1_val5_read, i16 %p_filter_kernel_1_2_val6_read, i16 %p_filter_kernel_2_0_val7_read, i16 %p_filter_kernel_2_1_val8_read, i16 %p_filter_kernel_2_2_val9_read, i8 %shift_read" [/home/kedhar/Vitis_Libraries/vision/L1/examples/customconv/../../../L1/include/imgproc/xf_custom_convolution.hpp:796]   --->   Operation 166 'call' 'temp_1' <Predicate = (icmp_ln709 & and_ln794)> <Delay = 2.66> <CoreType = "Generic">   --->   Core 0 '' <Latency = 0> <II = 1> <Delay = 1.00> <Generic> <Opcode : >

State 15 <SV = 14> <Delay = 2.66>
ST_15 : Operation 167 [14/21] (2.66ns)   --->   "%temp_1 = call i8 @xFApplyFilter2D<0, 0, 3, 3, 1>, i8 %src_kernel_win_1_load, i8 %src_kernel_win_6, i8 %src_kernel_win_7_out_load, i8 %src_kernel_win_2_load, i8 %src_kernel_win_7, i8 %src_kernel_win_10_out_load, i8 %src_kernel_win_4_load, i8 %src_kernel_win_8, i8 %src_kernel_win_8_out_load, i16 %p_filter_kernel_0_0_val1_read, i16 %p_filter_kernel_0_1_val2_read, i16 %p_filter_kernel_0_2_val3_read, i16 %p_filter_kernel_1_0_val4_read, i16 %p_filter_kernel_1_1_val5_read, i16 %p_filter_kernel_1_2_val6_read, i16 %p_filter_kernel_2_0_val7_read, i16 %p_filter_kernel_2_1_val8_read, i16 %p_filter_kernel_2_2_val9_read, i8 %shift_read" [/home/kedhar/Vitis_Libraries/vision/L1/examples/customconv/../../../L1/include/imgproc/xf_custom_convolution.hpp:796]   --->   Operation 167 'call' 'temp_1' <Predicate = (icmp_ln709 & and_ln794)> <Delay = 2.66> <CoreType = "Generic">   --->   Core 0 '' <Latency = 0> <II = 1> <Delay = 1.00> <Generic> <Opcode : >

State 16 <SV = 15> <Delay = 2.66>
ST_16 : Operation 168 [13/21] (2.66ns)   --->   "%temp_1 = call i8 @xFApplyFilter2D<0, 0, 3, 3, 1>, i8 %src_kernel_win_1_load, i8 %src_kernel_win_6, i8 %src_kernel_win_7_out_load, i8 %src_kernel_win_2_load, i8 %src_kernel_win_7, i8 %src_kernel_win_10_out_load, i8 %src_kernel_win_4_load, i8 %src_kernel_win_8, i8 %src_kernel_win_8_out_load, i16 %p_filter_kernel_0_0_val1_read, i16 %p_filter_kernel_0_1_val2_read, i16 %p_filter_kernel_0_2_val3_read, i16 %p_filter_kernel_1_0_val4_read, i16 %p_filter_kernel_1_1_val5_read, i16 %p_filter_kernel_1_2_val6_read, i16 %p_filter_kernel_2_0_val7_read, i16 %p_filter_kernel_2_1_val8_read, i16 %p_filter_kernel_2_2_val9_read, i8 %shift_read" [/home/kedhar/Vitis_Libraries/vision/L1/examples/customconv/../../../L1/include/imgproc/xf_custom_convolution.hpp:796]   --->   Operation 168 'call' 'temp_1' <Predicate = (icmp_ln709 & and_ln794)> <Delay = 2.66> <CoreType = "Generic">   --->   Core 0 '' <Latency = 0> <II = 1> <Delay = 1.00> <Generic> <Opcode : >

State 17 <SV = 16> <Delay = 2.66>
ST_17 : Operation 169 [12/21] (2.66ns)   --->   "%temp_1 = call i8 @xFApplyFilter2D<0, 0, 3, 3, 1>, i8 %src_kernel_win_1_load, i8 %src_kernel_win_6, i8 %src_kernel_win_7_out_load, i8 %src_kernel_win_2_load, i8 %src_kernel_win_7, i8 %src_kernel_win_10_out_load, i8 %src_kernel_win_4_load, i8 %src_kernel_win_8, i8 %src_kernel_win_8_out_load, i16 %p_filter_kernel_0_0_val1_read, i16 %p_filter_kernel_0_1_val2_read, i16 %p_filter_kernel_0_2_val3_read, i16 %p_filter_kernel_1_0_val4_read, i16 %p_filter_kernel_1_1_val5_read, i16 %p_filter_kernel_1_2_val6_read, i16 %p_filter_kernel_2_0_val7_read, i16 %p_filter_kernel_2_1_val8_read, i16 %p_filter_kernel_2_2_val9_read, i8 %shift_read" [/home/kedhar/Vitis_Libraries/vision/L1/examples/customconv/../../../L1/include/imgproc/xf_custom_convolution.hpp:796]   --->   Operation 169 'call' 'temp_1' <Predicate = (icmp_ln709 & and_ln794)> <Delay = 2.66> <CoreType = "Generic">   --->   Core 0 '' <Latency = 0> <II = 1> <Delay = 1.00> <Generic> <Opcode : >

State 18 <SV = 17> <Delay = 2.66>
ST_18 : Operation 170 [11/21] (2.66ns)   --->   "%temp_1 = call i8 @xFApplyFilter2D<0, 0, 3, 3, 1>, i8 %src_kernel_win_1_load, i8 %src_kernel_win_6, i8 %src_kernel_win_7_out_load, i8 %src_kernel_win_2_load, i8 %src_kernel_win_7, i8 %src_kernel_win_10_out_load, i8 %src_kernel_win_4_load, i8 %src_kernel_win_8, i8 %src_kernel_win_8_out_load, i16 %p_filter_kernel_0_0_val1_read, i16 %p_filter_kernel_0_1_val2_read, i16 %p_filter_kernel_0_2_val3_read, i16 %p_filter_kernel_1_0_val4_read, i16 %p_filter_kernel_1_1_val5_read, i16 %p_filter_kernel_1_2_val6_read, i16 %p_filter_kernel_2_0_val7_read, i16 %p_filter_kernel_2_1_val8_read, i16 %p_filter_kernel_2_2_val9_read, i8 %shift_read" [/home/kedhar/Vitis_Libraries/vision/L1/examples/customconv/../../../L1/include/imgproc/xf_custom_convolution.hpp:796]   --->   Operation 170 'call' 'temp_1' <Predicate = (icmp_ln709 & and_ln794)> <Delay = 2.66> <CoreType = "Generic">   --->   Core 0 '' <Latency = 0> <II = 1> <Delay = 1.00> <Generic> <Opcode : >

State 19 <SV = 18> <Delay = 2.66>
ST_19 : Operation 171 [10/21] (2.66ns)   --->   "%temp_1 = call i8 @xFApplyFilter2D<0, 0, 3, 3, 1>, i8 %src_kernel_win_1_load, i8 %src_kernel_win_6, i8 %src_kernel_win_7_out_load, i8 %src_kernel_win_2_load, i8 %src_kernel_win_7, i8 %src_kernel_win_10_out_load, i8 %src_kernel_win_4_load, i8 %src_kernel_win_8, i8 %src_kernel_win_8_out_load, i16 %p_filter_kernel_0_0_val1_read, i16 %p_filter_kernel_0_1_val2_read, i16 %p_filter_kernel_0_2_val3_read, i16 %p_filter_kernel_1_0_val4_read, i16 %p_filter_kernel_1_1_val5_read, i16 %p_filter_kernel_1_2_val6_read, i16 %p_filter_kernel_2_0_val7_read, i16 %p_filter_kernel_2_1_val8_read, i16 %p_filter_kernel_2_2_val9_read, i8 %shift_read" [/home/kedhar/Vitis_Libraries/vision/L1/examples/customconv/../../../L1/include/imgproc/xf_custom_convolution.hpp:796]   --->   Operation 171 'call' 'temp_1' <Predicate = (icmp_ln709 & and_ln794)> <Delay = 2.66> <CoreType = "Generic">   --->   Core 0 '' <Latency = 0> <II = 1> <Delay = 1.00> <Generic> <Opcode : >

State 20 <SV = 19> <Delay = 2.66>
ST_20 : Operation 172 [9/21] (2.66ns)   --->   "%temp_1 = call i8 @xFApplyFilter2D<0, 0, 3, 3, 1>, i8 %src_kernel_win_1_load, i8 %src_kernel_win_6, i8 %src_kernel_win_7_out_load, i8 %src_kernel_win_2_load, i8 %src_kernel_win_7, i8 %src_kernel_win_10_out_load, i8 %src_kernel_win_4_load, i8 %src_kernel_win_8, i8 %src_kernel_win_8_out_load, i16 %p_filter_kernel_0_0_val1_read, i16 %p_filter_kernel_0_1_val2_read, i16 %p_filter_kernel_0_2_val3_read, i16 %p_filter_kernel_1_0_val4_read, i16 %p_filter_kernel_1_1_val5_read, i16 %p_filter_kernel_1_2_val6_read, i16 %p_filter_kernel_2_0_val7_read, i16 %p_filter_kernel_2_1_val8_read, i16 %p_filter_kernel_2_2_val9_read, i8 %shift_read" [/home/kedhar/Vitis_Libraries/vision/L1/examples/customconv/../../../L1/include/imgproc/xf_custom_convolution.hpp:796]   --->   Operation 172 'call' 'temp_1' <Predicate = (icmp_ln709 & and_ln794)> <Delay = 2.66> <CoreType = "Generic">   --->   Core 0 '' <Latency = 0> <II = 1> <Delay = 1.00> <Generic> <Opcode : >

State 21 <SV = 20> <Delay = 2.66>
ST_21 : Operation 173 [8/21] (2.66ns)   --->   "%temp_1 = call i8 @xFApplyFilter2D<0, 0, 3, 3, 1>, i8 %src_kernel_win_1_load, i8 %src_kernel_win_6, i8 %src_kernel_win_7_out_load, i8 %src_kernel_win_2_load, i8 %src_kernel_win_7, i8 %src_kernel_win_10_out_load, i8 %src_kernel_win_4_load, i8 %src_kernel_win_8, i8 %src_kernel_win_8_out_load, i16 %p_filter_kernel_0_0_val1_read, i16 %p_filter_kernel_0_1_val2_read, i16 %p_filter_kernel_0_2_val3_read, i16 %p_filter_kernel_1_0_val4_read, i16 %p_filter_kernel_1_1_val5_read, i16 %p_filter_kernel_1_2_val6_read, i16 %p_filter_kernel_2_0_val7_read, i16 %p_filter_kernel_2_1_val8_read, i16 %p_filter_kernel_2_2_val9_read, i8 %shift_read" [/home/kedhar/Vitis_Libraries/vision/L1/examples/customconv/../../../L1/include/imgproc/xf_custom_convolution.hpp:796]   --->   Operation 173 'call' 'temp_1' <Predicate = (icmp_ln709 & and_ln794)> <Delay = 2.66> <CoreType = "Generic">   --->   Core 0 '' <Latency = 0> <II = 1> <Delay = 1.00> <Generic> <Opcode : >

State 22 <SV = 21> <Delay = 2.66>
ST_22 : Operation 174 [7/21] (2.66ns)   --->   "%temp_1 = call i8 @xFApplyFilter2D<0, 0, 3, 3, 1>, i8 %src_kernel_win_1_load, i8 %src_kernel_win_6, i8 %src_kernel_win_7_out_load, i8 %src_kernel_win_2_load, i8 %src_kernel_win_7, i8 %src_kernel_win_10_out_load, i8 %src_kernel_win_4_load, i8 %src_kernel_win_8, i8 %src_kernel_win_8_out_load, i16 %p_filter_kernel_0_0_val1_read, i16 %p_filter_kernel_0_1_val2_read, i16 %p_filter_kernel_0_2_val3_read, i16 %p_filter_kernel_1_0_val4_read, i16 %p_filter_kernel_1_1_val5_read, i16 %p_filter_kernel_1_2_val6_read, i16 %p_filter_kernel_2_0_val7_read, i16 %p_filter_kernel_2_1_val8_read, i16 %p_filter_kernel_2_2_val9_read, i8 %shift_read" [/home/kedhar/Vitis_Libraries/vision/L1/examples/customconv/../../../L1/include/imgproc/xf_custom_convolution.hpp:796]   --->   Operation 174 'call' 'temp_1' <Predicate = (icmp_ln709 & and_ln794)> <Delay = 2.66> <CoreType = "Generic">   --->   Core 0 '' <Latency = 0> <II = 1> <Delay = 1.00> <Generic> <Opcode : >

State 23 <SV = 22> <Delay = 2.66>
ST_23 : Operation 175 [6/21] (2.66ns)   --->   "%temp_1 = call i8 @xFApplyFilter2D<0, 0, 3, 3, 1>, i8 %src_kernel_win_1_load, i8 %src_kernel_win_6, i8 %src_kernel_win_7_out_load, i8 %src_kernel_win_2_load, i8 %src_kernel_win_7, i8 %src_kernel_win_10_out_load, i8 %src_kernel_win_4_load, i8 %src_kernel_win_8, i8 %src_kernel_win_8_out_load, i16 %p_filter_kernel_0_0_val1_read, i16 %p_filter_kernel_0_1_val2_read, i16 %p_filter_kernel_0_2_val3_read, i16 %p_filter_kernel_1_0_val4_read, i16 %p_filter_kernel_1_1_val5_read, i16 %p_filter_kernel_1_2_val6_read, i16 %p_filter_kernel_2_0_val7_read, i16 %p_filter_kernel_2_1_val8_read, i16 %p_filter_kernel_2_2_val9_read, i8 %shift_read" [/home/kedhar/Vitis_Libraries/vision/L1/examples/customconv/../../../L1/include/imgproc/xf_custom_convolution.hpp:796]   --->   Operation 175 'call' 'temp_1' <Predicate = (icmp_ln709 & and_ln794)> <Delay = 2.66> <CoreType = "Generic">   --->   Core 0 '' <Latency = 0> <II = 1> <Delay = 1.00> <Generic> <Opcode : >

State 24 <SV = 23> <Delay = 2.66>
ST_24 : Operation 176 [5/21] (2.66ns)   --->   "%temp_1 = call i8 @xFApplyFilter2D<0, 0, 3, 3, 1>, i8 %src_kernel_win_1_load, i8 %src_kernel_win_6, i8 %src_kernel_win_7_out_load, i8 %src_kernel_win_2_load, i8 %src_kernel_win_7, i8 %src_kernel_win_10_out_load, i8 %src_kernel_win_4_load, i8 %src_kernel_win_8, i8 %src_kernel_win_8_out_load, i16 %p_filter_kernel_0_0_val1_read, i16 %p_filter_kernel_0_1_val2_read, i16 %p_filter_kernel_0_2_val3_read, i16 %p_filter_kernel_1_0_val4_read, i16 %p_filter_kernel_1_1_val5_read, i16 %p_filter_kernel_1_2_val6_read, i16 %p_filter_kernel_2_0_val7_read, i16 %p_filter_kernel_2_1_val8_read, i16 %p_filter_kernel_2_2_val9_read, i8 %shift_read" [/home/kedhar/Vitis_Libraries/vision/L1/examples/customconv/../../../L1/include/imgproc/xf_custom_convolution.hpp:796]   --->   Operation 176 'call' 'temp_1' <Predicate = (icmp_ln709 & and_ln794)> <Delay = 2.66> <CoreType = "Generic">   --->   Core 0 '' <Latency = 0> <II = 1> <Delay = 1.00> <Generic> <Opcode : >

State 25 <SV = 24> <Delay = 2.66>
ST_25 : Operation 177 [4/21] (2.66ns)   --->   "%temp_1 = call i8 @xFApplyFilter2D<0, 0, 3, 3, 1>, i8 %src_kernel_win_1_load, i8 %src_kernel_win_6, i8 %src_kernel_win_7_out_load, i8 %src_kernel_win_2_load, i8 %src_kernel_win_7, i8 %src_kernel_win_10_out_load, i8 %src_kernel_win_4_load, i8 %src_kernel_win_8, i8 %src_kernel_win_8_out_load, i16 %p_filter_kernel_0_0_val1_read, i16 %p_filter_kernel_0_1_val2_read, i16 %p_filter_kernel_0_2_val3_read, i16 %p_filter_kernel_1_0_val4_read, i16 %p_filter_kernel_1_1_val5_read, i16 %p_filter_kernel_1_2_val6_read, i16 %p_filter_kernel_2_0_val7_read, i16 %p_filter_kernel_2_1_val8_read, i16 %p_filter_kernel_2_2_val9_read, i8 %shift_read" [/home/kedhar/Vitis_Libraries/vision/L1/examples/customconv/../../../L1/include/imgproc/xf_custom_convolution.hpp:796]   --->   Operation 177 'call' 'temp_1' <Predicate = (icmp_ln709 & and_ln794)> <Delay = 2.66> <CoreType = "Generic">   --->   Core 0 '' <Latency = 0> <II = 1> <Delay = 1.00> <Generic> <Opcode : >

State 26 <SV = 25> <Delay = 2.66>
ST_26 : Operation 178 [3/21] (2.66ns)   --->   "%temp_1 = call i8 @xFApplyFilter2D<0, 0, 3, 3, 1>, i8 %src_kernel_win_1_load, i8 %src_kernel_win_6, i8 %src_kernel_win_7_out_load, i8 %src_kernel_win_2_load, i8 %src_kernel_win_7, i8 %src_kernel_win_10_out_load, i8 %src_kernel_win_4_load, i8 %src_kernel_win_8, i8 %src_kernel_win_8_out_load, i16 %p_filter_kernel_0_0_val1_read, i16 %p_filter_kernel_0_1_val2_read, i16 %p_filter_kernel_0_2_val3_read, i16 %p_filter_kernel_1_0_val4_read, i16 %p_filter_kernel_1_1_val5_read, i16 %p_filter_kernel_1_2_val6_read, i16 %p_filter_kernel_2_0_val7_read, i16 %p_filter_kernel_2_1_val8_read, i16 %p_filter_kernel_2_2_val9_read, i8 %shift_read" [/home/kedhar/Vitis_Libraries/vision/L1/examples/customconv/../../../L1/include/imgproc/xf_custom_convolution.hpp:796]   --->   Operation 178 'call' 'temp_1' <Predicate = (icmp_ln709 & and_ln794)> <Delay = 2.66> <CoreType = "Generic">   --->   Core 0 '' <Latency = 0> <II = 1> <Delay = 1.00> <Generic> <Opcode : >

State 27 <SV = 26> <Delay = 2.66>
ST_27 : Operation 179 [2/21] (2.66ns)   --->   "%temp_1 = call i8 @xFApplyFilter2D<0, 0, 3, 3, 1>, i8 %src_kernel_win_1_load, i8 %src_kernel_win_6, i8 %src_kernel_win_7_out_load, i8 %src_kernel_win_2_load, i8 %src_kernel_win_7, i8 %src_kernel_win_10_out_load, i8 %src_kernel_win_4_load, i8 %src_kernel_win_8, i8 %src_kernel_win_8_out_load, i16 %p_filter_kernel_0_0_val1_read, i16 %p_filter_kernel_0_1_val2_read, i16 %p_filter_kernel_0_2_val3_read, i16 %p_filter_kernel_1_0_val4_read, i16 %p_filter_kernel_1_1_val5_read, i16 %p_filter_kernel_1_2_val6_read, i16 %p_filter_kernel_2_0_val7_read, i16 %p_filter_kernel_2_1_val8_read, i16 %p_filter_kernel_2_2_val9_read, i8 %shift_read" [/home/kedhar/Vitis_Libraries/vision/L1/examples/customconv/../../../L1/include/imgproc/xf_custom_convolution.hpp:796]   --->   Operation 179 'call' 'temp_1' <Predicate = (icmp_ln709 & and_ln794)> <Delay = 2.66> <CoreType = "Generic">   --->   Core 0 '' <Latency = 0> <II = 1> <Delay = 1.00> <Generic> <Opcode : >

State 28 <SV = 27> <Delay = 2.39>
ST_28 : Operation 180 [1/21] (2.39ns)   --->   "%temp_1 = call i8 @xFApplyFilter2D<0, 0, 3, 3, 1>, i8 %src_kernel_win_1_load, i8 %src_kernel_win_6, i8 %src_kernel_win_7_out_load, i8 %src_kernel_win_2_load, i8 %src_kernel_win_7, i8 %src_kernel_win_10_out_load, i8 %src_kernel_win_4_load, i8 %src_kernel_win_8, i8 %src_kernel_win_8_out_load, i16 %p_filter_kernel_0_0_val1_read, i16 %p_filter_kernel_0_1_val2_read, i16 %p_filter_kernel_0_2_val3_read, i16 %p_filter_kernel_1_0_val4_read, i16 %p_filter_kernel_1_1_val5_read, i16 %p_filter_kernel_1_2_val6_read, i16 %p_filter_kernel_2_0_val7_read, i16 %p_filter_kernel_2_1_val8_read, i16 %p_filter_kernel_2_2_val9_read, i8 %shift_read" [/home/kedhar/Vitis_Libraries/vision/L1/examples/customconv/../../../L1/include/imgproc/xf_custom_convolution.hpp:796]   --->   Operation 180 'call' 'temp_1' <Predicate = (icmp_ln709 & and_ln794)> <Delay = 2.39> <CoreType = "Generic">   --->   Core 0 '' <Latency = 0> <II = 1> <Delay = 1.00> <Generic> <Opcode : >
ST_28 : Operation 183 [1/1] (0.00ns)   --->   "%store_ln0 = store i8 %src_kernel_win_8, i8 %src_kernel_win_11_out"   --->   Operation 183 'store' 'store_ln0' <Predicate = (!icmp_ln709)> <Delay = 0.00>
ST_28 : Operation 184 [1/1] (0.00ns)   --->   "%store_ln0 = store i8 %src_kernel_win_7, i8 %src_kernel_win_9_out"   --->   Operation 184 'store' 'store_ln0' <Predicate = (!icmp_ln709)> <Delay = 0.00>
ST_28 : Operation 185 [1/1] (0.00ns)   --->   "%store_ln0 = store i8 %src_kernel_win_6, i8 %src_kernel_win_6_out"   --->   Operation 185 'store' 'store_ln0' <Predicate = (!icmp_ln709)> <Delay = 0.00>
ST_28 : Operation 186 [1/1] (0.00ns)   --->   "%ret_ln0 = ret"   --->   Operation 186 'ret' 'ret_ln0' <Predicate = (!icmp_ln709)> <Delay = 0.00>

State 29 <SV = 28> <Delay = 1.20>
ST_29 : Operation 181 [1/1] (1.20ns)   --->   "%write_ln553 = write void @_ssdm_op_Write.ap_fifo.volatile.i8P0A, i8 %imgOutput_data, i8 %temp_1" [/home/kedhar/Vitis_Libraries/vision/L1/examples/customconv/../../../L1/include/common/xf_structs.hpp:553->/home/kedhar/Vitis_Libraries/vision/L1/examples/customconv/../../../L1/include/imgproc/xf_custom_convolution.hpp:799]   --->   Operation 181 'write' 'write_ln553' <Predicate = (and_ln794)> <Delay = 1.20> <CoreInst = "FIFO_SRL">   --->   Core 81 'FIFO_SRL' <Latency = 0> <II = 1> <Delay = 3.40> <Storage> <Opcode : 'read' 'write' 'nbread' 'nbwrite'> <Ports = 0> <Width = 8> <Depth = 2> <FIFO>
ST_29 : Operation 182 [1/1] (0.00ns)   --->   "%br_ln801 = br void %for.inc212" [/home/kedhar/Vitis_Libraries/vision/L1/examples/customconv/../../../L1/include/imgproc/xf_custom_convolution.hpp:801]   --->   Operation 182 'br' 'br_ln801' <Predicate = (and_ln794)> <Delay = 0.00>


============================================================
+ Verbose Summary: Timing violations
============================================================
Target clock period: 3.300ns, clock uncertainty: 0.891ns.

 <State 1>: 3.635ns
The critical path consists of the following:
	'store' operation 0 bit ('store_ln701', /home/kedhar/Vitis_Libraries/vision/L1/examples/customconv/../../../L1/include/imgproc/xf_custom_convolution.hpp:701) of constant 0 on local variable 'j', /home/kedhar/Vitis_Libraries/vision/L1/examples/customconv/../../../L1/include/imgproc/xf_custom_convolution.hpp:701 [72]  (1.298 ns)
	'load' operation 16 bit ('j', /home/kedhar/Vitis_Libraries/vision/L1/examples/customconv/../../../L1/include/imgproc/xf_custom_convolution.hpp:721) on local variable 'j', /home/kedhar/Vitis_Libraries/vision/L1/examples/customconv/../../../L1/include/imgproc/xf_custom_convolution.hpp:701 [75]  (0.000 ns)
	'icmp' operation 1 bit ('icmp_ln794', /home/kedhar/Vitis_Libraries/vision/L1/examples/customconv/../../../L1/include/imgproc/xf_custom_convolution.hpp:794) [154]  (1.536 ns)
	'and' operation 1 bit ('and_ln794', /home/kedhar/Vitis_Libraries/vision/L1/examples/customconv/../../../L1/include/imgproc/xf_custom_convolution.hpp:794) [155]  (0.800 ns)

 <State 2>: 2.345ns
The critical path consists of the following:
	'icmp' operation 1 bit ('icmp_ln637', /home/kedhar/Vitis_Libraries/vision/L1/examples/customconv/../../../L1/include/imgproc/xf_custom_convolution.hpp:637->/home/kedhar/Vitis_Libraries/vision/L1/examples/customconv/../../../L1/include/imgproc/xf_custom_convolution.hpp:723) [91]  (1.545 ns)
	'and' operation 1 bit ('and_ln637', /home/kedhar/Vitis_Libraries/vision/L1/examples/customconv/../../../L1/include/imgproc/xf_custom_convolution.hpp:637->/home/kedhar/Vitis_Libraries/vision/L1/examples/customconv/../../../L1/include/imgproc/xf_custom_convolution.hpp:723) [92]  (0.800 ns)

 <State 3>: 2.007ns
The critical path consists of the following:
	'select' operation 16 bit ('x', /home/kedhar/Vitis_Libraries/vision/L1/examples/customconv/../../../L1/include/imgproc/xf_custom_convolution.hpp:723) [93]  (0.627 ns)
	'getelementptr' operation 7 bit ('k_buf_addr', /home/kedhar/Vitis_Libraries/vision/L1/examples/customconv/../../../L1/include/imgproc/xf_custom_convolution.hpp:735) [96]  (0.000 ns)
	'load' operation 8 bit ('k_buf_load', /home/kedhar/Vitis_Libraries/vision/L1/examples/customconv/../../../L1/include/imgproc/xf_custom_convolution.hpp:735) on array 'k_buf', /home/kedhar/Vitis_Libraries/vision/L1/examples/customconv/../../../L1/include/imgproc/xf_custom_convolution.hpp:675 [99]  (1.380 ns)

 <State 4>: 1.380ns
The critical path consists of the following:
	'store' operation 0 bit ('store_ln760', /home/kedhar/Vitis_Libraries/vision/L1/examples/customconv/../../../L1/include/imgproc/xf_custom_convolution.hpp:760) of variable 'temp', /home/kedhar/Vitis_Libraries/vision/L1/examples/customconv/../../../L1/include/common/xf_structs.hpp:542->/home/kedhar/Vitis_Libraries/vision/L1/examples/customconv/../../../L1/include/imgproc/xf_custom_convolution.hpp:757 on array 'k_buf', /home/kedhar/Vitis_Libraries/vision/L1/examples/customconv/../../../L1/include/imgproc/xf_custom_convolution.hpp:675 [147]  (1.380 ns)

 <State 5>: 1.380ns
The critical path consists of the following:
	'load' operation 8 bit ('k_buf_load', /home/kedhar/Vitis_Libraries/vision/L1/examples/customconv/../../../L1/include/imgproc/xf_custom_convolution.hpp:735) on array 'k_buf', /home/kedhar/Vitis_Libraries/vision/L1/examples/customconv/../../../L1/include/imgproc/xf_custom_convolution.hpp:675 [99]  (1.380 ns)

 <State 6>: 1.828ns
The critical path consists of the following:
	'select' operation 8 bit ('col_buf', /home/kedhar/Vitis_Libraries/vision/L1/examples/customconv/../../../L1/include/imgproc/xf_custom_convolution.hpp:723) [102]  (0.448 ns)
	'store' operation 0 bit ('store_ln751', /home/kedhar/Vitis_Libraries/vision/L1/examples/customconv/../../../L1/include/imgproc/xf_custom_convolution.hpp:751) of variable 'col_buf', /home/kedhar/Vitis_Libraries/vision/L1/examples/customconv/../../../L1/include/imgproc/xf_custom_convolution.hpp:723 on array 'k_buf', /home/kedhar/Vitis_Libraries/vision/L1/examples/customconv/../../../L1/include/imgproc/xf_custom_convolution.hpp:675 [145]  (1.380 ns)

 <State 7>: 2.179ns
The critical path consists of the following:
	'or' operation 1 bit ('or_ln783', /home/kedhar/Vitis_Libraries/vision/L1/examples/customconv/../../../L1/include/imgproc/xf_custom_convolution.hpp:783) [111]  (0.000 ns)
	'select' operation 8 bit ('src_kernel_win', /home/kedhar/Vitis_Libraries/vision/L1/examples/customconv/../../../L1/include/imgproc/xf_custom_convolution.hpp:783) [113]  (0.800 ns)
	'store' operation 0 bit ('store_ln673', /home/kedhar/Vitis_Libraries/vision/L1/examples/customconv/../../../L1/include/imgproc/xf_custom_convolution.hpp:673) of variable 'src_kernel_win', /home/kedhar/Vitis_Libraries/vision/L1/examples/customconv/../../../L1/include/imgproc/xf_custom_convolution.hpp:783 on local variable 'src_kernel_win', /home/kedhar/Vitis_Libraries/vision/L1/examples/customconv/../../../L1/include/imgproc/xf_custom_convolution.hpp:673 [114]  (1.379 ns)

 <State 8>: 1.534ns
The critical path consists of the following:
	'load' operation 8 bit ('src_kernel_win_7_out_load', /home/kedhar/Vitis_Libraries/vision/L1/examples/customconv/../../../L1/include/imgproc/xf_custom_convolution.hpp:796) on local variable 'src_kernel_win_7_out' [158]  (0.000 ns)
	'call' operation 8 bit ('temp', /home/kedhar/Vitis_Libraries/vision/L1/examples/customconv/../../../L1/include/imgproc/xf_custom_convolution.hpp:796) to 'xFApplyFilter2D<0, 0, 3, 3, 1>' [164]  (1.534 ns)

 <State 9>: 2.665ns
The critical path consists of the following:
	'call' operation 8 bit ('temp', /home/kedhar/Vitis_Libraries/vision/L1/examples/customconv/../../../L1/include/imgproc/xf_custom_convolution.hpp:796) to 'xFApplyFilter2D<0, 0, 3, 3, 1>' [164]  (2.665 ns)

 <State 10>: 2.665ns
The critical path consists of the following:
	'call' operation 8 bit ('temp', /home/kedhar/Vitis_Libraries/vision/L1/examples/customconv/../../../L1/include/imgproc/xf_custom_convolution.hpp:796) to 'xFApplyFilter2D<0, 0, 3, 3, 1>' [164]  (2.665 ns)

 <State 11>: 2.665ns
The critical path consists of the following:
	'call' operation 8 bit ('temp', /home/kedhar/Vitis_Libraries/vision/L1/examples/customconv/../../../L1/include/imgproc/xf_custom_convolution.hpp:796) to 'xFApplyFilter2D<0, 0, 3, 3, 1>' [164]  (2.665 ns)

 <State 12>: 2.665ns
The critical path consists of the following:
	'call' operation 8 bit ('temp', /home/kedhar/Vitis_Libraries/vision/L1/examples/customconv/../../../L1/include/imgproc/xf_custom_convolution.hpp:796) to 'xFApplyFilter2D<0, 0, 3, 3, 1>' [164]  (2.665 ns)

 <State 13>: 2.665ns
The critical path consists of the following:
	'call' operation 8 bit ('temp', /home/kedhar/Vitis_Libraries/vision/L1/examples/customconv/../../../L1/include/imgproc/xf_custom_convolution.hpp:796) to 'xFApplyFilter2D<0, 0, 3, 3, 1>' [164]  (2.665 ns)

 <State 14>: 2.665ns
The critical path consists of the following:
	'call' operation 8 bit ('temp', /home/kedhar/Vitis_Libraries/vision/L1/examples/customconv/../../../L1/include/imgproc/xf_custom_convolution.hpp:796) to 'xFApplyFilter2D<0, 0, 3, 3, 1>' [164]  (2.665 ns)

 <State 15>: 2.665ns
The critical path consists of the following:
	'call' operation 8 bit ('temp', /home/kedhar/Vitis_Libraries/vision/L1/examples/customconv/../../../L1/include/imgproc/xf_custom_convolution.hpp:796) to 'xFApplyFilter2D<0, 0, 3, 3, 1>' [164]  (2.665 ns)

 <State 16>: 2.665ns
The critical path consists of the following:
	'call' operation 8 bit ('temp', /home/kedhar/Vitis_Libraries/vision/L1/examples/customconv/../../../L1/include/imgproc/xf_custom_convolution.hpp:796) to 'xFApplyFilter2D<0, 0, 3, 3, 1>' [164]  (2.665 ns)

 <State 17>: 2.665ns
The critical path consists of the following:
	'call' operation 8 bit ('temp', /home/kedhar/Vitis_Libraries/vision/L1/examples/customconv/../../../L1/include/imgproc/xf_custom_convolution.hpp:796) to 'xFApplyFilter2D<0, 0, 3, 3, 1>' [164]  (2.665 ns)

 <State 18>: 2.665ns
The critical path consists of the following:
	'call' operation 8 bit ('temp', /home/kedhar/Vitis_Libraries/vision/L1/examples/customconv/../../../L1/include/imgproc/xf_custom_convolution.hpp:796) to 'xFApplyFilter2D<0, 0, 3, 3, 1>' [164]  (2.665 ns)

 <State 19>: 2.665ns
The critical path consists of the following:
	'call' operation 8 bit ('temp', /home/kedhar/Vitis_Libraries/vision/L1/examples/customconv/../../../L1/include/imgproc/xf_custom_convolution.hpp:796) to 'xFApplyFilter2D<0, 0, 3, 3, 1>' [164]  (2.665 ns)

 <State 20>: 2.665ns
The critical path consists of the following:
	'call' operation 8 bit ('temp', /home/kedhar/Vitis_Libraries/vision/L1/examples/customconv/../../../L1/include/imgproc/xf_custom_convolution.hpp:796) to 'xFApplyFilter2D<0, 0, 3, 3, 1>' [164]  (2.665 ns)

 <State 21>: 2.665ns
The critical path consists of the following:
	'call' operation 8 bit ('temp', /home/kedhar/Vitis_Libraries/vision/L1/examples/customconv/../../../L1/include/imgproc/xf_custom_convolution.hpp:796) to 'xFApplyFilter2D<0, 0, 3, 3, 1>' [164]  (2.665 ns)

 <State 22>: 2.665ns
The critical path consists of the following:
	'call' operation 8 bit ('temp', /home/kedhar/Vitis_Libraries/vision/L1/examples/customconv/../../../L1/include/imgproc/xf_custom_convolution.hpp:796) to 'xFApplyFilter2D<0, 0, 3, 3, 1>' [164]  (2.665 ns)

 <State 23>: 2.665ns
The critical path consists of the following:
	'call' operation 8 bit ('temp', /home/kedhar/Vitis_Libraries/vision/L1/examples/customconv/../../../L1/include/imgproc/xf_custom_convolution.hpp:796) to 'xFApplyFilter2D<0, 0, 3, 3, 1>' [164]  (2.665 ns)

 <State 24>: 2.665ns
The critical path consists of the following:
	'call' operation 8 bit ('temp', /home/kedhar/Vitis_Libraries/vision/L1/examples/customconv/../../../L1/include/imgproc/xf_custom_convolution.hpp:796) to 'xFApplyFilter2D<0, 0, 3, 3, 1>' [164]  (2.665 ns)

 <State 25>: 2.665ns
The critical path consists of the following:
	'call' operation 8 bit ('temp', /home/kedhar/Vitis_Libraries/vision/L1/examples/customconv/../../../L1/include/imgproc/xf_custom_convolution.hpp:796) to 'xFApplyFilter2D<0, 0, 3, 3, 1>' [164]  (2.665 ns)

 <State 26>: 2.665ns
The critical path consists of the following:
	'call' operation 8 bit ('temp', /home/kedhar/Vitis_Libraries/vision/L1/examples/customconv/../../../L1/include/imgproc/xf_custom_convolution.hpp:796) to 'xFApplyFilter2D<0, 0, 3, 3, 1>' [164]  (2.665 ns)

 <State 27>: 2.665ns
The critical path consists of the following:
	'call' operation 8 bit ('temp', /home/kedhar/Vitis_Libraries/vision/L1/examples/customconv/../../../L1/include/imgproc/xf_custom_convolution.hpp:796) to 'xFApplyFilter2D<0, 0, 3, 3, 1>' [164]  (2.665 ns)

 <State 28>: 2.395ns
The critical path consists of the following:
	'call' operation 8 bit ('temp', /home/kedhar/Vitis_Libraries/vision/L1/examples/customconv/../../../L1/include/imgproc/xf_custom_convolution.hpp:796) to 'xFApplyFilter2D<0, 0, 3, 3, 1>' [164]  (2.395 ns)

 <State 29>: 1.204ns
The critical path consists of the following:
	fifo write operation ('write_ln553', /home/kedhar/Vitis_Libraries/vision/L1/examples/customconv/../../../L1/include/common/xf_structs.hpp:553->/home/kedhar/Vitis_Libraries/vision/L1/examples/customconv/../../../L1/include/imgproc/xf_custom_convolution.hpp:799) on port 'imgOutput_data' (/home/kedhar/Vitis_Libraries/vision/L1/examples/customconv/../../../L1/include/common/xf_structs.hpp:553->/home/kedhar/Vitis_Libraries/vision/L1/examples/customconv/../../../L1/include/imgproc/xf_custom_convolution.hpp:799) [165]  (1.204 ns)


============================================================
+ Verbose Summary: Binding
============================================================
N/A
* FSMD analyzer results:
  - Output states:
 - Input state : 
  - Chain level:
	State 1
	State 2
	State 3
	State 4
	State 5
	State 6
	State 7
	State 8
	State 9
	State 10
	State 11
	State 12
	State 13
	State 14
	State 15
	State 16
	State 17
	State 18
	State 19
	State 20
	State 21
	State 22
	State 23
	State 24
	State 25
	State 26
	State 27
	State 28
	State 29


============================================================
+ Verbose Summary: Datapath Resource usage 
============================================================
N/A
